2023.05.29 15:24:22 INFO  Started: Metals version 0.11.12 in workspace '/home/canada/DATN_CND/DATN/crawler' for client Visual Studio Code 1.78.0.
May 29, 2023 3:24:23 PM org.flywaydb.core.internal.license.VersionPrinter printVersionOnly
INFO: Flyway Community Edition 9.16.3 by Redgate
May 29, 2023 3:24:23 PM org.flywaydb.core.internal.license.VersionPrinter printVersion
INFO: See release notes here: https://rd.gt/416ObMi
May 29, 2023 3:24:23 PM org.flywaydb.core.internal.license.VersionPrinter printVersion
INFO: 
May 29, 2023 3:24:23 PM org.flywaydb.core.internal.database.base.BaseDatabaseType createDatabase
INFO: Database: jdbc:h2:file:/home/canada/DATN_CND/DATN/crawler/.metals/metals (H2 2.1)
May 29, 2023 3:24:23 PM org.flywaydb.core.internal.schemahistory.JdbcTableSchemaHistory allAppliedMigrations
INFO: Schema history table "PUBLIC"."flyway_schema_history" does not exist yet
May 29, 2023 3:24:23 PM org.flywaydb.core.internal.command.DbValidate validate
INFO: Successfully validated 4 migrations (execution time 00:00.018s)
May 29, 2023 3:24:23 PM org.flywaydb.core.internal.schemahistory.JdbcTableSchemaHistory create
INFO: Creating Schema History table "PUBLIC"."flyway_schema_history" ...
May 29, 2023 3:24:23 PM org.flywaydb.core.internal.command.DbMigrate migrateGroup
INFO: Current version of schema "PUBLIC": << Empty Schema >>
May 29, 2023 3:24:23 PM org.flywaydb.core.internal.command.DbMigrate doMigrateGroup
INFO: Migrating schema "PUBLIC" to version "1 - Create tables"
May 29, 2023 3:24:23 PM org.flywaydb.core.internal.command.DbMigrate doMigrateGroup
INFO: Migrating schema "PUBLIC" to version "2 - Server discovery"
May 29, 2023 3:24:23 PM org.flywaydb.core.internal.command.DbMigrate doMigrateGroup
INFO: Migrating schema "PUBLIC" to version "3 - Jar symbols"
May 29, 2023 3:24:23 PM org.flywaydb.core.internal.command.DbMigrate doMigrateGroup
INFO: Migrating schema "PUBLIC" to version "4 - Fingerprints"
May 29, 2023 3:24:23 PM org.flywaydb.core.internal.command.DbMigrate logSummary
INFO: Successfully applied 4 migrations to schema "PUBLIC", now at version v4 (execution time 00:00.053s)
2023.05.29 15:24:23 INFO  time: initialize in 0.52s
2023.05.29 15:24:24 WARN  Build server is not auto-connectable.
2023.05.29 15:24:24 WARN  no build tool detected in workspace '/home/canada/DATN_CND/DATN/crawler'. The most common cause for this problem is that the editor was opened in the wrong working directory, for example if you use sbt then the workspace directory should contain build.sbt. 
2023.05.29 15:24:24 WARN  no build target for: /home/canada/DATN_CND/DATN/crawler/save_to_es.scala
2023.05.29 15:24:38 INFO  no build target found for /home/canada/DATN_CND/DATN/crawler/save_to_es.scala. Using presentation compiler with project's scala-library version: 3.2.2
2023.05.29 15:24:39 INFO  time: code lens generation in 15s
2023.05.29 15:24:52 WARN  no build target for: /home/canada/DATN_CND/DATN/crawler/save_to_es.scala
2023.05.29 15:25:17 WARN  no build target for: /home/canada/DATN_CND/DATN/crawler/save_to_es.scala
2023.05.29 15:25:23 WARN  no build target for: /home/canada/DATN_CND/DATN/crawler/save_to_es.scala
2023.05.29 15:25:29 WARN  no build target for: /home/canada/DATN_CND/DATN/crawler/save_to_es.scala
2023.05.29 15:25:31 WARN  no build target for: /home/canada/DATN_CND/DATN/crawler/save_to_es.scala
2023.05.29 15:25:32 WARN  no build target for: /home/canada/DATN_CND/DATN/crawler/save_to_es.scala
2023.05.29 15:25:37 WARN  no build target for: /home/canada/DATN_CND/DATN/crawler/save_to_es.scala
2023.05.29 15:26:03 WARN  no build target for: /home/canada/DATN_CND/DATN/crawler/save_to_es.scala
2023.05.29 15:26:13 WARN  no build target for: /home/canada/DATN_CND/DATN/crawler/save_to_es.scala
2023.05.29 15:26:16 WARN  no build target for: /home/canada/DATN_CND/DATN/crawler/save_to_es.scala
2023.05.29 15:26:19 WARN  no build target for: /home/canada/DATN_CND/DATN/crawler/save_to_es.scala
2023.05.29 15:26:24 WARN  no build target for: /home/canada/DATN_CND/DATN/crawler/save_to_es.scala
2023.05.29 15:26:56 WARN  no build target for: /home/canada/DATN_CND/DATN/crawler/save_to_es.scala
2023.05.29 15:27:03 WARN  no build target for: /home/canada/DATN_CND/DATN/crawler/save_to_es.scala
2023.05.29 15:27:43 WARN  no build target for: /home/canada/DATN_CND/DATN/crawler/save_to_es.scala
2023.05.29 21:44:50 INFO  Shutting down server
2023.05.29 21:44:50 INFO  shutting down Metals
