[2023-05-29 15:18:20,223] {processor.py:153} INFO - Started process (PID=73) to work on /home/airflow/.local/lib/python3.7/site-packages/airflow/example_dags/example_subdag_operator.py
[2023-05-29 15:18:20,224] {processor.py:641} INFO - Processing file /home/airflow/.local/lib/python3.7/site-packages/airflow/example_dags/example_subdag_operator.py for tasks to queue
[2023-05-29 15:18:20,225] {logging_mixin.py:115} INFO - [2023-05-29 15:18:20,224] {dagbag.py:508} INFO - Filling up the DagBag from /home/airflow/.local/lib/python3.7/site-packages/airflow/example_dags/example_subdag_operator.py
[2023-05-29 15:18:20,275] {processor.py:651} INFO - DAG(s) dict_keys(['example_subdag_operator.section-1', 'example_subdag_operator.section-2', 'example_subdag_operator']) retrieved from /home/airflow/.local/lib/python3.7/site-packages/airflow/example_dags/example_subdag_operator.py
[2023-05-29 15:18:20,419] {logging_mixin.py:115} INFO - [2023-05-29 15:18:20,419] {manager.py:508} INFO - Created Permission View: can read on DAG:example_subdag_operator
[2023-05-29 15:18:20,435] {logging_mixin.py:115} INFO - [2023-05-29 15:18:20,435] {manager.py:508} INFO - Created Permission View: can delete on DAG:example_subdag_operator
[2023-05-29 15:18:20,450] {logging_mixin.py:115} INFO - [2023-05-29 15:18:20,450] {manager.py:508} INFO - Created Permission View: can edit on DAG:example_subdag_operator
[2023-05-29 15:18:20,450] {logging_mixin.py:115} INFO - [2023-05-29 15:18:20,450] {dag.py:2420} INFO - Sync 3 DAGs
[2023-05-29 15:18:20,461] {logging_mixin.py:115} INFO - [2023-05-29 15:18:20,461] {dag.py:2439} INFO - Creating ORM DAG for example_subdag_operator.section-2
[2023-05-29 15:18:20,462] {logging_mixin.py:115} INFO - [2023-05-29 15:18:20,462] {dag.py:2439} INFO - Creating ORM DAG for example_subdag_operator
[2023-05-29 15:18:20,462] {logging_mixin.py:115} INFO - [2023-05-29 15:18:20,462] {dag.py:2439} INFO - Creating ORM DAG for example_subdag_operator.section-1
[2023-05-29 15:18:20,476] {logging_mixin.py:115} INFO - [2023-05-29 15:18:20,476] {dag.py:2972} INFO - Setting next_dagrun for example_subdag_operator to 2022-01-01T00:00:00+00:00, run_after=2022-01-01T00:00:00+00:00
[2023-05-29 15:18:20,477] {logging_mixin.py:115} INFO - [2023-05-29 15:18:20,477] {dag.py:2972} INFO - Setting next_dagrun for example_subdag_operator.section-1 to None, run_after=None
[2023-05-29 15:18:20,477] {logging_mixin.py:115} INFO - [2023-05-29 15:18:20,477] {dag.py:2972} INFO - Setting next_dagrun for example_subdag_operator.section-2 to None, run_after=None
[2023-05-29 15:18:20,491] {logging_mixin.py:115} INFO - [2023-05-29 15:18:20,491] {dag.py:2420} INFO - Sync 2 DAGs
[2023-05-29 15:18:20,499] {logging_mixin.py:115} INFO - [2023-05-29 15:18:20,499] {dag.py:2972} INFO - Setting next_dagrun for example_subdag_operator.section-1 to None, run_after=None
[2023-05-29 15:18:20,499] {logging_mixin.py:115} INFO - [2023-05-29 15:18:20,499] {dag.py:2972} INFO - Setting next_dagrun for example_subdag_operator.section-2 to None, run_after=None
[2023-05-29 15:18:20,510] {processor.py:161} INFO - Processing /home/airflow/.local/lib/python3.7/site-packages/airflow/example_dags/example_subdag_operator.py took 0.293 seconds
[2023-05-29 15:18:51,620] {processor.py:153} INFO - Started process (PID=125) to work on /home/airflow/.local/lib/python3.7/site-packages/airflow/example_dags/example_subdag_operator.py
[2023-05-29 15:18:51,710] {processor.py:641} INFO - Processing file /home/airflow/.local/lib/python3.7/site-packages/airflow/example_dags/example_subdag_operator.py for tasks to queue
[2023-05-29 15:18:51,710] {logging_mixin.py:115} INFO - [2023-05-29 15:18:51,710] {dagbag.py:508} INFO - Filling up the DagBag from /home/airflow/.local/lib/python3.7/site-packages/airflow/example_dags/example_subdag_operator.py
[2023-05-29 15:18:52,177] {processor.py:651} INFO - DAG(s) dict_keys(['example_subdag_operator.section-1', 'example_subdag_operator.section-2', 'example_subdag_operator']) retrieved from /home/airflow/.local/lib/python3.7/site-packages/airflow/example_dags/example_subdag_operator.py
[2023-05-29 15:18:52,208] {logging_mixin.py:115} INFO - [2023-05-29 15:18:52,208] {dag.py:2420} INFO - Sync 3 DAGs
[2023-05-29 15:18:52,226] {logging_mixin.py:115} INFO - [2023-05-29 15:18:52,226] {dag.py:2972} INFO - Setting next_dagrun for example_subdag_operator to 2022-01-01T00:00:00+00:00, run_after=2022-01-01T00:00:00+00:00
[2023-05-29 15:18:52,226] {logging_mixin.py:115} INFO - [2023-05-29 15:18:52,226] {dag.py:2972} INFO - Setting next_dagrun for example_subdag_operator.section-1 to None, run_after=None
[2023-05-29 15:18:52,226] {logging_mixin.py:115} INFO - [2023-05-29 15:18:52,226] {dag.py:2972} INFO - Setting next_dagrun for example_subdag_operator.section-2 to None, run_after=None
[2023-05-29 15:18:52,232] {logging_mixin.py:115} INFO - [2023-05-29 15:18:52,231] {dag.py:2420} INFO - Sync 2 DAGs
[2023-05-29 15:18:52,237] {logging_mixin.py:115} INFO - [2023-05-29 15:18:52,237] {dag.py:2972} INFO - Setting next_dagrun for example_subdag_operator.section-1 to None, run_after=None
[2023-05-29 15:18:52,237] {logging_mixin.py:115} INFO - [2023-05-29 15:18:52,237] {dag.py:2972} INFO - Setting next_dagrun for example_subdag_operator.section-2 to None, run_after=None
[2023-05-29 15:18:52,530] {processor.py:161} INFO - Processing /home/airflow/.local/lib/python3.7/site-packages/airflow/example_dags/example_subdag_operator.py took 0.913 seconds
[2023-05-29 15:19:22,781] {processor.py:153} INFO - Started process (PID=186) to work on /home/airflow/.local/lib/python3.7/site-packages/airflow/example_dags/example_subdag_operator.py
[2023-05-29 15:19:22,792] {processor.py:641} INFO - Processing file /home/airflow/.local/lib/python3.7/site-packages/airflow/example_dags/example_subdag_operator.py for tasks to queue
[2023-05-29 15:19:22,793] {logging_mixin.py:115} INFO - [2023-05-29 15:19:22,793] {dagbag.py:508} INFO - Filling up the DagBag from /home/airflow/.local/lib/python3.7/site-packages/airflow/example_dags/example_subdag_operator.py
[2023-05-29 15:19:22,816] {processor.py:651} INFO - DAG(s) dict_keys(['example_subdag_operator.section-1', 'example_subdag_operator.section-2', 'example_subdag_operator']) retrieved from /home/airflow/.local/lib/python3.7/site-packages/airflow/example_dags/example_subdag_operator.py
[2023-05-29 15:19:22,836] {logging_mixin.py:115} INFO - [2023-05-29 15:19:22,836] {dag.py:2420} INFO - Sync 3 DAGs
[2023-05-29 15:19:22,853] {logging_mixin.py:115} INFO - [2023-05-29 15:19:22,853] {dag.py:2972} INFO - Setting next_dagrun for example_subdag_operator to 2022-01-01T00:00:00+00:00, run_after=2022-01-01T00:00:00+00:00
[2023-05-29 15:19:22,853] {logging_mixin.py:115} INFO - [2023-05-29 15:19:22,853] {dag.py:2972} INFO - Setting next_dagrun for example_subdag_operator.section-1 to None, run_after=None
[2023-05-29 15:19:22,853] {logging_mixin.py:115} INFO - [2023-05-29 15:19:22,853] {dag.py:2972} INFO - Setting next_dagrun for example_subdag_operator.section-2 to None, run_after=None
[2023-05-29 15:19:22,859] {logging_mixin.py:115} INFO - [2023-05-29 15:19:22,859] {dag.py:2420} INFO - Sync 2 DAGs
[2023-05-29 15:19:22,865] {logging_mixin.py:115} INFO - [2023-05-29 15:19:22,865] {dag.py:2972} INFO - Setting next_dagrun for example_subdag_operator.section-1 to None, run_after=None
[2023-05-29 15:19:22,865] {logging_mixin.py:115} INFO - [2023-05-29 15:19:22,865] {dag.py:2972} INFO - Setting next_dagrun for example_subdag_operator.section-2 to None, run_after=None
[2023-05-29 15:19:22,872] {processor.py:161} INFO - Processing /home/airflow/.local/lib/python3.7/site-packages/airflow/example_dags/example_subdag_operator.py took 0.093 seconds
[2023-05-29 15:19:53,175] {processor.py:153} INFO - Started process (PID=247) to work on /home/airflow/.local/lib/python3.7/site-packages/airflow/example_dags/example_subdag_operator.py
[2023-05-29 15:19:53,186] {processor.py:641} INFO - Processing file /home/airflow/.local/lib/python3.7/site-packages/airflow/example_dags/example_subdag_operator.py for tasks to queue
[2023-05-29 15:19:53,187] {logging_mixin.py:115} INFO - [2023-05-29 15:19:53,187] {dagbag.py:508} INFO - Filling up the DagBag from /home/airflow/.local/lib/python3.7/site-packages/airflow/example_dags/example_subdag_operator.py
[2023-05-29 15:19:53,211] {processor.py:651} INFO - DAG(s) dict_keys(['example_subdag_operator.section-1', 'example_subdag_operator.section-2', 'example_subdag_operator']) retrieved from /home/airflow/.local/lib/python3.7/site-packages/airflow/example_dags/example_subdag_operator.py
[2023-05-29 15:19:53,231] {logging_mixin.py:115} INFO - [2023-05-29 15:19:53,231] {dag.py:2420} INFO - Sync 3 DAGs
[2023-05-29 15:19:53,248] {logging_mixin.py:115} INFO - [2023-05-29 15:19:53,247] {dag.py:2972} INFO - Setting next_dagrun for example_subdag_operator to 2022-01-01T00:00:00+00:00, run_after=2022-01-01T00:00:00+00:00
[2023-05-29 15:19:53,248] {logging_mixin.py:115} INFO - [2023-05-29 15:19:53,248] {dag.py:2972} INFO - Setting next_dagrun for example_subdag_operator.section-1 to None, run_after=None
[2023-05-29 15:19:53,248] {logging_mixin.py:115} INFO - [2023-05-29 15:19:53,248] {dag.py:2972} INFO - Setting next_dagrun for example_subdag_operator.section-2 to None, run_after=None
[2023-05-29 15:19:53,254] {logging_mixin.py:115} INFO - [2023-05-29 15:19:53,254] {dag.py:2420} INFO - Sync 2 DAGs
[2023-05-29 15:19:53,260] {logging_mixin.py:115} INFO - [2023-05-29 15:19:53,260] {dag.py:2972} INFO - Setting next_dagrun for example_subdag_operator.section-1 to None, run_after=None
[2023-05-29 15:19:53,260] {logging_mixin.py:115} INFO - [2023-05-29 15:19:53,260] {dag.py:2972} INFO - Setting next_dagrun for example_subdag_operator.section-2 to None, run_after=None
[2023-05-29 15:19:53,268] {processor.py:161} INFO - Processing /home/airflow/.local/lib/python3.7/site-packages/airflow/example_dags/example_subdag_operator.py took 0.096 seconds
[2023-05-29 15:20:23,573] {processor.py:153} INFO - Started process (PID=308) to work on /home/airflow/.local/lib/python3.7/site-packages/airflow/example_dags/example_subdag_operator.py
[2023-05-29 15:20:23,585] {processor.py:641} INFO - Processing file /home/airflow/.local/lib/python3.7/site-packages/airflow/example_dags/example_subdag_operator.py for tasks to queue
[2023-05-29 15:20:23,585] {logging_mixin.py:115} INFO - [2023-05-29 15:20:23,585] {dagbag.py:508} INFO - Filling up the DagBag from /home/airflow/.local/lib/python3.7/site-packages/airflow/example_dags/example_subdag_operator.py
[2023-05-29 15:20:23,610] {processor.py:651} INFO - DAG(s) dict_keys(['example_subdag_operator.section-1', 'example_subdag_operator.section-2', 'example_subdag_operator']) retrieved from /home/airflow/.local/lib/python3.7/site-packages/airflow/example_dags/example_subdag_operator.py
[2023-05-29 15:20:23,639] {logging_mixin.py:115} INFO - [2023-05-29 15:20:23,639] {dag.py:2420} INFO - Sync 3 DAGs
[2023-05-29 15:20:23,663] {logging_mixin.py:115} INFO - [2023-05-29 15:20:23,663] {dag.py:2972} INFO - Setting next_dagrun for example_subdag_operator to 2022-01-01T00:00:00+00:00, run_after=2022-01-01T00:00:00+00:00
[2023-05-29 15:20:23,663] {logging_mixin.py:115} INFO - [2023-05-29 15:20:23,663] {dag.py:2972} INFO - Setting next_dagrun for example_subdag_operator.section-1 to None, run_after=None
[2023-05-29 15:20:23,663] {logging_mixin.py:115} INFO - [2023-05-29 15:20:23,663] {dag.py:2972} INFO - Setting next_dagrun for example_subdag_operator.section-2 to None, run_after=None
[2023-05-29 15:20:23,671] {logging_mixin.py:115} INFO - [2023-05-29 15:20:23,671] {dag.py:2420} INFO - Sync 2 DAGs
[2023-05-29 15:20:23,678] {logging_mixin.py:115} INFO - [2023-05-29 15:20:23,678] {dag.py:2972} INFO - Setting next_dagrun for example_subdag_operator.section-1 to None, run_after=None
[2023-05-29 15:20:23,678] {logging_mixin.py:115} INFO - [2023-05-29 15:20:23,678] {dag.py:2972} INFO - Setting next_dagrun for example_subdag_operator.section-2 to None, run_after=None
[2023-05-29 15:20:23,687] {processor.py:161} INFO - Processing /home/airflow/.local/lib/python3.7/site-packages/airflow/example_dags/example_subdag_operator.py took 0.117 seconds
[2023-05-29 15:20:53,976] {processor.py:153} INFO - Started process (PID=360) to work on /home/airflow/.local/lib/python3.7/site-packages/airflow/example_dags/example_subdag_operator.py
[2023-05-29 15:20:53,976] {processor.py:641} INFO - Processing file /home/airflow/.local/lib/python3.7/site-packages/airflow/example_dags/example_subdag_operator.py for tasks to queue
[2023-05-29 15:20:53,976] {logging_mixin.py:115} INFO - [2023-05-29 15:20:53,976] {dagbag.py:508} INFO - Filling up the DagBag from /home/airflow/.local/lib/python3.7/site-packages/airflow/example_dags/example_subdag_operator.py
[2023-05-29 15:20:53,998] {processor.py:651} INFO - DAG(s) dict_keys(['example_subdag_operator.section-1', 'example_subdag_operator.section-2', 'example_subdag_operator']) retrieved from /home/airflow/.local/lib/python3.7/site-packages/airflow/example_dags/example_subdag_operator.py
[2023-05-29 15:20:54,019] {logging_mixin.py:115} INFO - [2023-05-29 15:20:54,019] {dag.py:2420} INFO - Sync 3 DAGs
[2023-05-29 15:20:54,037] {logging_mixin.py:115} INFO - [2023-05-29 15:20:54,037] {dag.py:2972} INFO - Setting next_dagrun for example_subdag_operator to 2022-01-01T00:00:00+00:00, run_after=2022-01-01T00:00:00+00:00
[2023-05-29 15:20:54,038] {logging_mixin.py:115} INFO - [2023-05-29 15:20:54,038] {dag.py:2972} INFO - Setting next_dagrun for example_subdag_operator.section-1 to None, run_after=None
[2023-05-29 15:20:54,038] {logging_mixin.py:115} INFO - [2023-05-29 15:20:54,038] {dag.py:2972} INFO - Setting next_dagrun for example_subdag_operator.section-2 to None, run_after=None
[2023-05-29 15:20:54,044] {logging_mixin.py:115} INFO - [2023-05-29 15:20:54,044] {dag.py:2420} INFO - Sync 2 DAGs
[2023-05-29 15:20:54,049] {logging_mixin.py:115} INFO - [2023-05-29 15:20:54,049] {dag.py:2972} INFO - Setting next_dagrun for example_subdag_operator.section-1 to None, run_after=None
[2023-05-29 15:20:54,049] {logging_mixin.py:115} INFO - [2023-05-29 15:20:54,049] {dag.py:2972} INFO - Setting next_dagrun for example_subdag_operator.section-2 to None, run_after=None
[2023-05-29 15:20:54,058] {processor.py:161} INFO - Processing /home/airflow/.local/lib/python3.7/site-packages/airflow/example_dags/example_subdag_operator.py took 0.085 seconds
[2023-05-29 15:21:24,394] {processor.py:153} INFO - Started process (PID=422) to work on /home/airflow/.local/lib/python3.7/site-packages/airflow/example_dags/example_subdag_operator.py
[2023-05-29 15:21:24,395] {processor.py:641} INFO - Processing file /home/airflow/.local/lib/python3.7/site-packages/airflow/example_dags/example_subdag_operator.py for tasks to queue
[2023-05-29 15:21:24,395] {logging_mixin.py:115} INFO - [2023-05-29 15:21:24,395] {dagbag.py:508} INFO - Filling up the DagBag from /home/airflow/.local/lib/python3.7/site-packages/airflow/example_dags/example_subdag_operator.py
[2023-05-29 15:21:24,416] {processor.py:651} INFO - DAG(s) dict_keys(['example_subdag_operator.section-1', 'example_subdag_operator.section-2', 'example_subdag_operator']) retrieved from /home/airflow/.local/lib/python3.7/site-packages/airflow/example_dags/example_subdag_operator.py
[2023-05-29 15:21:24,436] {logging_mixin.py:115} INFO - [2023-05-29 15:21:24,436] {dag.py:2420} INFO - Sync 3 DAGs
[2023-05-29 15:21:24,453] {logging_mixin.py:115} INFO - [2023-05-29 15:21:24,453] {dag.py:2972} INFO - Setting next_dagrun for example_subdag_operator to 2022-01-01T00:00:00+00:00, run_after=2022-01-01T00:00:00+00:00
[2023-05-29 15:21:24,453] {logging_mixin.py:115} INFO - [2023-05-29 15:21:24,453] {dag.py:2972} INFO - Setting next_dagrun for example_subdag_operator.section-1 to None, run_after=None
[2023-05-29 15:21:24,453] {logging_mixin.py:115} INFO - [2023-05-29 15:21:24,453] {dag.py:2972} INFO - Setting next_dagrun for example_subdag_operator.section-2 to None, run_after=None
[2023-05-29 15:21:24,459] {logging_mixin.py:115} INFO - [2023-05-29 15:21:24,459] {dag.py:2420} INFO - Sync 2 DAGs
[2023-05-29 15:21:24,465] {logging_mixin.py:115} INFO - [2023-05-29 15:21:24,465] {dag.py:2972} INFO - Setting next_dagrun for example_subdag_operator.section-1 to None, run_after=None
[2023-05-29 15:21:24,465] {logging_mixin.py:115} INFO - [2023-05-29 15:21:24,465] {dag.py:2972} INFO - Setting next_dagrun for example_subdag_operator.section-2 to None, run_after=None
[2023-05-29 15:21:24,474] {processor.py:161} INFO - Processing /home/airflow/.local/lib/python3.7/site-packages/airflow/example_dags/example_subdag_operator.py took 0.082 seconds
[2023-05-29 15:21:54,905] {processor.py:153} INFO - Started process (PID=483) to work on /home/airflow/.local/lib/python3.7/site-packages/airflow/example_dags/example_subdag_operator.py
[2023-05-29 15:21:54,905] {processor.py:641} INFO - Processing file /home/airflow/.local/lib/python3.7/site-packages/airflow/example_dags/example_subdag_operator.py for tasks to queue
[2023-05-29 15:21:54,906] {logging_mixin.py:115} INFO - [2023-05-29 15:21:54,906] {dagbag.py:508} INFO - Filling up the DagBag from /home/airflow/.local/lib/python3.7/site-packages/airflow/example_dags/example_subdag_operator.py
[2023-05-29 15:21:54,927] {processor.py:651} INFO - DAG(s) dict_keys(['example_subdag_operator.section-1', 'example_subdag_operator.section-2', 'example_subdag_operator']) retrieved from /home/airflow/.local/lib/python3.7/site-packages/airflow/example_dags/example_subdag_operator.py
[2023-05-29 15:21:54,950] {logging_mixin.py:115} INFO - [2023-05-29 15:21:54,950] {dag.py:2420} INFO - Sync 3 DAGs
[2023-05-29 15:21:54,968] {logging_mixin.py:115} INFO - [2023-05-29 15:21:54,968] {dag.py:2972} INFO - Setting next_dagrun for example_subdag_operator to 2022-01-01T00:00:00+00:00, run_after=2022-01-01T00:00:00+00:00
[2023-05-29 15:21:54,968] {logging_mixin.py:115} INFO - [2023-05-29 15:21:54,968] {dag.py:2972} INFO - Setting next_dagrun for example_subdag_operator.section-1 to None, run_after=None
[2023-05-29 15:21:54,968] {logging_mixin.py:115} INFO - [2023-05-29 15:21:54,968] {dag.py:2972} INFO - Setting next_dagrun for example_subdag_operator.section-2 to None, run_after=None
[2023-05-29 15:21:54,973] {logging_mixin.py:115} INFO - [2023-05-29 15:21:54,973] {dag.py:2420} INFO - Sync 2 DAGs
[2023-05-29 15:21:54,978] {logging_mixin.py:115} INFO - [2023-05-29 15:21:54,978] {dag.py:2972} INFO - Setting next_dagrun for example_subdag_operator.section-1 to None, run_after=None
[2023-05-29 15:21:54,978] {logging_mixin.py:115} INFO - [2023-05-29 15:21:54,978] {dag.py:2972} INFO - Setting next_dagrun for example_subdag_operator.section-2 to None, run_after=None
[2023-05-29 15:21:54,987] {processor.py:161} INFO - Processing /home/airflow/.local/lib/python3.7/site-packages/airflow/example_dags/example_subdag_operator.py took 0.084 seconds
[2023-05-29 15:22:25,344] {processor.py:153} INFO - Started process (PID=534) to work on /home/airflow/.local/lib/python3.7/site-packages/airflow/example_dags/example_subdag_operator.py
[2023-05-29 15:22:25,355] {processor.py:641} INFO - Processing file /home/airflow/.local/lib/python3.7/site-packages/airflow/example_dags/example_subdag_operator.py for tasks to queue
[2023-05-29 15:22:25,356] {logging_mixin.py:115} INFO - [2023-05-29 15:22:25,356] {dagbag.py:508} INFO - Filling up the DagBag from /home/airflow/.local/lib/python3.7/site-packages/airflow/example_dags/example_subdag_operator.py
[2023-05-29 15:22:25,377] {processor.py:651} INFO - DAG(s) dict_keys(['example_subdag_operator.section-1', 'example_subdag_operator.section-2', 'example_subdag_operator']) retrieved from /home/airflow/.local/lib/python3.7/site-packages/airflow/example_dags/example_subdag_operator.py
[2023-05-29 15:22:25,398] {logging_mixin.py:115} INFO - [2023-05-29 15:22:25,397] {dag.py:2420} INFO - Sync 3 DAGs
[2023-05-29 15:22:25,415] {logging_mixin.py:115} INFO - [2023-05-29 15:22:25,415] {dag.py:2972} INFO - Setting next_dagrun for example_subdag_operator to 2022-01-01T00:00:00+00:00, run_after=2022-01-01T00:00:00+00:00
[2023-05-29 15:22:25,415] {logging_mixin.py:115} INFO - [2023-05-29 15:22:25,415] {dag.py:2972} INFO - Setting next_dagrun for example_subdag_operator.section-1 to None, run_after=None
[2023-05-29 15:22:25,415] {logging_mixin.py:115} INFO - [2023-05-29 15:22:25,415] {dag.py:2972} INFO - Setting next_dagrun for example_subdag_operator.section-2 to None, run_after=None
[2023-05-29 15:22:25,423] {logging_mixin.py:115} INFO - [2023-05-29 15:22:25,423] {dag.py:2420} INFO - Sync 2 DAGs
[2023-05-29 15:22:25,430] {logging_mixin.py:115} INFO - [2023-05-29 15:22:25,430] {dag.py:2972} INFO - Setting next_dagrun for example_subdag_operator.section-1 to None, run_after=None
[2023-05-29 15:22:25,431] {logging_mixin.py:115} INFO - [2023-05-29 15:22:25,431] {dag.py:2972} INFO - Setting next_dagrun for example_subdag_operator.section-2 to None, run_after=None
[2023-05-29 15:22:25,439] {processor.py:161} INFO - Processing /home/airflow/.local/lib/python3.7/site-packages/airflow/example_dags/example_subdag_operator.py took 0.097 seconds
[2023-05-29 15:23:25,665] {processor.py:153} INFO - Started process (PID=63) to work on /home/airflow/.local/lib/python3.7/site-packages/airflow/example_dags/example_subdag_operator.py
[2023-05-29 15:23:25,666] {processor.py:641} INFO - Processing file /home/airflow/.local/lib/python3.7/site-packages/airflow/example_dags/example_subdag_operator.py for tasks to queue
[2023-05-29 15:23:25,666] {logging_mixin.py:115} INFO - [2023-05-29 15:23:25,666] {dagbag.py:508} INFO - Filling up the DagBag from /home/airflow/.local/lib/python3.7/site-packages/airflow/example_dags/example_subdag_operator.py
[2023-05-29 15:23:25,729] {processor.py:651} INFO - DAG(s) dict_keys(['example_subdag_operator.section-1', 'example_subdag_operator.section-2', 'example_subdag_operator']) retrieved from /home/airflow/.local/lib/python3.7/site-packages/airflow/example_dags/example_subdag_operator.py
[2023-05-29 15:23:25,760] {logging_mixin.py:115} INFO - [2023-05-29 15:23:25,760] {dag.py:2420} INFO - Sync 3 DAGs
[2023-05-29 15:23:25,786] {logging_mixin.py:115} INFO - [2023-05-29 15:23:25,786] {dag.py:2972} INFO - Setting next_dagrun for example_subdag_operator to 2022-01-01T00:00:00+00:00, run_after=2022-01-01T00:00:00+00:00
[2023-05-29 15:23:25,786] {logging_mixin.py:115} INFO - [2023-05-29 15:23:25,786] {dag.py:2972} INFO - Setting next_dagrun for example_subdag_operator.section-1 to None, run_after=None
[2023-05-29 15:23:25,786] {logging_mixin.py:115} INFO - [2023-05-29 15:23:25,786] {dag.py:2972} INFO - Setting next_dagrun for example_subdag_operator.section-2 to None, run_after=None
[2023-05-29 15:23:25,796] {logging_mixin.py:115} INFO - [2023-05-29 15:23:25,796] {dag.py:2420} INFO - Sync 2 DAGs
[2023-05-29 15:23:25,804] {logging_mixin.py:115} INFO - [2023-05-29 15:23:25,804] {dag.py:2972} INFO - Setting next_dagrun for example_subdag_operator.section-1 to None, run_after=None
[2023-05-29 15:23:25,804] {logging_mixin.py:115} INFO - [2023-05-29 15:23:25,804] {dag.py:2972} INFO - Setting next_dagrun for example_subdag_operator.section-2 to None, run_after=None
[2023-05-29 15:23:25,814] {processor.py:161} INFO - Processing /home/airflow/.local/lib/python3.7/site-packages/airflow/example_dags/example_subdag_operator.py took 0.151 seconds
[2023-05-29 15:23:56,570] {processor.py:153} INFO - Started process (PID=124) to work on /home/airflow/.local/lib/python3.7/site-packages/airflow/example_dags/example_subdag_operator.py
[2023-05-29 15:23:56,571] {processor.py:641} INFO - Processing file /home/airflow/.local/lib/python3.7/site-packages/airflow/example_dags/example_subdag_operator.py for tasks to queue
[2023-05-29 15:23:56,571] {logging_mixin.py:115} INFO - [2023-05-29 15:23:56,571] {dagbag.py:508} INFO - Filling up the DagBag from /home/airflow/.local/lib/python3.7/site-packages/airflow/example_dags/example_subdag_operator.py
[2023-05-29 15:23:56,596] {processor.py:651} INFO - DAG(s) dict_keys(['example_subdag_operator.section-1', 'example_subdag_operator.section-2', 'example_subdag_operator']) retrieved from /home/airflow/.local/lib/python3.7/site-packages/airflow/example_dags/example_subdag_operator.py
[2023-05-29 15:23:56,617] {logging_mixin.py:115} INFO - [2023-05-29 15:23:56,617] {dag.py:2420} INFO - Sync 3 DAGs
[2023-05-29 15:23:56,634] {logging_mixin.py:115} INFO - [2023-05-29 15:23:56,634] {dag.py:2972} INFO - Setting next_dagrun for example_subdag_operator to 2022-01-01T00:00:00+00:00, run_after=2022-01-01T00:00:00+00:00
[2023-05-29 15:23:56,634] {logging_mixin.py:115} INFO - [2023-05-29 15:23:56,634] {dag.py:2972} INFO - Setting next_dagrun for example_subdag_operator.section-1 to None, run_after=None
[2023-05-29 15:23:56,635] {logging_mixin.py:115} INFO - [2023-05-29 15:23:56,635] {dag.py:2972} INFO - Setting next_dagrun for example_subdag_operator.section-2 to None, run_after=None
[2023-05-29 15:23:56,640] {logging_mixin.py:115} INFO - [2023-05-29 15:23:56,640] {dag.py:2420} INFO - Sync 2 DAGs
[2023-05-29 15:23:56,645] {logging_mixin.py:115} INFO - [2023-05-29 15:23:56,645] {dag.py:2972} INFO - Setting next_dagrun for example_subdag_operator.section-1 to None, run_after=None
[2023-05-29 15:23:56,645] {logging_mixin.py:115} INFO - [2023-05-29 15:23:56,645] {dag.py:2972} INFO - Setting next_dagrun for example_subdag_operator.section-2 to None, run_after=None
[2023-05-29 15:23:56,652] {processor.py:161} INFO - Processing /home/airflow/.local/lib/python3.7/site-packages/airflow/example_dags/example_subdag_operator.py took 0.084 seconds
[2023-05-29 15:24:27,179] {processor.py:153} INFO - Started process (PID=185) to work on /home/airflow/.local/lib/python3.7/site-packages/airflow/example_dags/example_subdag_operator.py
[2023-05-29 15:24:27,179] {processor.py:641} INFO - Processing file /home/airflow/.local/lib/python3.7/site-packages/airflow/example_dags/example_subdag_operator.py for tasks to queue
[2023-05-29 15:24:27,180] {logging_mixin.py:115} INFO - [2023-05-29 15:24:27,180] {dagbag.py:508} INFO - Filling up the DagBag from /home/airflow/.local/lib/python3.7/site-packages/airflow/example_dags/example_subdag_operator.py
[2023-05-29 15:24:27,207] {processor.py:651} INFO - DAG(s) dict_keys(['example_subdag_operator.section-1', 'example_subdag_operator.section-2', 'example_subdag_operator']) retrieved from /home/airflow/.local/lib/python3.7/site-packages/airflow/example_dags/example_subdag_operator.py
[2023-05-29 15:24:27,242] {logging_mixin.py:115} INFO - [2023-05-29 15:24:27,242] {dag.py:2420} INFO - Sync 3 DAGs
[2023-05-29 15:24:27,271] {logging_mixin.py:115} INFO - [2023-05-29 15:24:27,271] {dag.py:2972} INFO - Setting next_dagrun for example_subdag_operator to 2022-01-01T00:00:00+00:00, run_after=2022-01-01T00:00:00+00:00
[2023-05-29 15:24:27,272] {logging_mixin.py:115} INFO - [2023-05-29 15:24:27,272] {dag.py:2972} INFO - Setting next_dagrun for example_subdag_operator.section-1 to None, run_after=None
[2023-05-29 15:24:27,272] {logging_mixin.py:115} INFO - [2023-05-29 15:24:27,272] {dag.py:2972} INFO - Setting next_dagrun for example_subdag_operator.section-2 to None, run_after=None
[2023-05-29 15:24:27,280] {logging_mixin.py:115} INFO - [2023-05-29 15:24:27,280] {dag.py:2420} INFO - Sync 2 DAGs
[2023-05-29 15:24:27,290] {logging_mixin.py:115} INFO - [2023-05-29 15:24:27,289] {dag.py:2972} INFO - Setting next_dagrun for example_subdag_operator.section-1 to None, run_after=None
[2023-05-29 15:24:27,290] {logging_mixin.py:115} INFO - [2023-05-29 15:24:27,290] {dag.py:2972} INFO - Setting next_dagrun for example_subdag_operator.section-2 to None, run_after=None
[2023-05-29 15:24:27,303] {processor.py:161} INFO - Processing /home/airflow/.local/lib/python3.7/site-packages/airflow/example_dags/example_subdag_operator.py took 0.127 seconds
[2023-05-29 15:24:57,659] {processor.py:153} INFO - Started process (PID=246) to work on /home/airflow/.local/lib/python3.7/site-packages/airflow/example_dags/example_subdag_operator.py
[2023-05-29 15:24:57,659] {processor.py:641} INFO - Processing file /home/airflow/.local/lib/python3.7/site-packages/airflow/example_dags/example_subdag_operator.py for tasks to queue
[2023-05-29 15:24:57,660] {logging_mixin.py:115} INFO - [2023-05-29 15:24:57,660] {dagbag.py:508} INFO - Filling up the DagBag from /home/airflow/.local/lib/python3.7/site-packages/airflow/example_dags/example_subdag_operator.py
[2023-05-29 15:24:57,681] {processor.py:651} INFO - DAG(s) dict_keys(['example_subdag_operator.section-1', 'example_subdag_operator.section-2', 'example_subdag_operator']) retrieved from /home/airflow/.local/lib/python3.7/site-packages/airflow/example_dags/example_subdag_operator.py
[2023-05-29 15:24:57,702] {logging_mixin.py:115} INFO - [2023-05-29 15:24:57,702] {dag.py:2420} INFO - Sync 3 DAGs
[2023-05-29 15:24:57,723] {logging_mixin.py:115} INFO - [2023-05-29 15:24:57,723] {dag.py:2972} INFO - Setting next_dagrun for example_subdag_operator to 2022-01-01T00:00:00+00:00, run_after=2022-01-01T00:00:00+00:00
[2023-05-29 15:24:57,723] {logging_mixin.py:115} INFO - [2023-05-29 15:24:57,723] {dag.py:2972} INFO - Setting next_dagrun for example_subdag_operator.section-1 to None, run_after=None
[2023-05-29 15:24:57,723] {logging_mixin.py:115} INFO - [2023-05-29 15:24:57,723] {dag.py:2972} INFO - Setting next_dagrun for example_subdag_operator.section-2 to None, run_after=None
[2023-05-29 15:24:57,730] {logging_mixin.py:115} INFO - [2023-05-29 15:24:57,729] {dag.py:2420} INFO - Sync 2 DAGs
[2023-05-29 15:24:57,736] {logging_mixin.py:115} INFO - [2023-05-29 15:24:57,736] {dag.py:2972} INFO - Setting next_dagrun for example_subdag_operator.section-1 to None, run_after=None
[2023-05-29 15:24:57,736] {logging_mixin.py:115} INFO - [2023-05-29 15:24:57,736] {dag.py:2972} INFO - Setting next_dagrun for example_subdag_operator.section-2 to None, run_after=None
[2023-05-29 15:24:57,744] {processor.py:161} INFO - Processing /home/airflow/.local/lib/python3.7/site-packages/airflow/example_dags/example_subdag_operator.py took 0.087 seconds
[2023-05-29 15:25:50,842] {processor.py:153} INFO - Started process (PID=64) to work on /home/airflow/.local/lib/python3.7/site-packages/airflow/example_dags/example_subdag_operator.py
[2023-05-29 15:25:50,842] {processor.py:641} INFO - Processing file /home/airflow/.local/lib/python3.7/site-packages/airflow/example_dags/example_subdag_operator.py for tasks to queue
[2023-05-29 15:25:50,842] {logging_mixin.py:115} INFO - [2023-05-29 15:25:50,842] {dagbag.py:508} INFO - Filling up the DagBag from /home/airflow/.local/lib/python3.7/site-packages/airflow/example_dags/example_subdag_operator.py
[2023-05-29 15:25:50,866] {processor.py:651} INFO - DAG(s) dict_keys(['example_subdag_operator.section-1', 'example_subdag_operator.section-2', 'example_subdag_operator']) retrieved from /home/airflow/.local/lib/python3.7/site-packages/airflow/example_dags/example_subdag_operator.py
[2023-05-29 15:25:50,891] {logging_mixin.py:115} INFO - [2023-05-29 15:25:50,891] {dag.py:2420} INFO - Sync 3 DAGs
[2023-05-29 15:25:50,916] {logging_mixin.py:115} INFO - [2023-05-29 15:25:50,916] {dag.py:2972} INFO - Setting next_dagrun for example_subdag_operator to 2022-01-01T00:00:00+00:00, run_after=2022-01-01T00:00:00+00:00
[2023-05-29 15:25:50,916] {logging_mixin.py:115} INFO - [2023-05-29 15:25:50,916] {dag.py:2972} INFO - Setting next_dagrun for example_subdag_operator.section-1 to None, run_after=None
[2023-05-29 15:25:50,916] {logging_mixin.py:115} INFO - [2023-05-29 15:25:50,916] {dag.py:2972} INFO - Setting next_dagrun for example_subdag_operator.section-2 to None, run_after=None
[2023-05-29 15:25:50,924] {logging_mixin.py:115} INFO - [2023-05-29 15:25:50,924] {dag.py:2420} INFO - Sync 2 DAGs
[2023-05-29 15:25:50,931] {logging_mixin.py:115} INFO - [2023-05-29 15:25:50,931] {dag.py:2972} INFO - Setting next_dagrun for example_subdag_operator.section-1 to None, run_after=None
[2023-05-29 15:25:50,931] {logging_mixin.py:115} INFO - [2023-05-29 15:25:50,931] {dag.py:2972} INFO - Setting next_dagrun for example_subdag_operator.section-2 to None, run_after=None
[2023-05-29 15:25:50,941] {processor.py:161} INFO - Processing /home/airflow/.local/lib/python3.7/site-packages/airflow/example_dags/example_subdag_operator.py took 0.102 seconds
[2023-05-29 15:26:21,721] {processor.py:153} INFO - Started process (PID=125) to work on /home/airflow/.local/lib/python3.7/site-packages/airflow/example_dags/example_subdag_operator.py
[2023-05-29 15:26:21,722] {processor.py:641} INFO - Processing file /home/airflow/.local/lib/python3.7/site-packages/airflow/example_dags/example_subdag_operator.py for tasks to queue
[2023-05-29 15:26:21,722] {logging_mixin.py:115} INFO - [2023-05-29 15:26:21,722] {dagbag.py:508} INFO - Filling up the DagBag from /home/airflow/.local/lib/python3.7/site-packages/airflow/example_dags/example_subdag_operator.py
[2023-05-29 15:26:21,743] {processor.py:651} INFO - DAG(s) dict_keys(['example_subdag_operator.section-1', 'example_subdag_operator.section-2', 'example_subdag_operator']) retrieved from /home/airflow/.local/lib/python3.7/site-packages/airflow/example_dags/example_subdag_operator.py
[2023-05-29 15:26:21,765] {logging_mixin.py:115} INFO - [2023-05-29 15:26:21,765] {dag.py:2420} INFO - Sync 3 DAGs
[2023-05-29 15:26:21,782] {logging_mixin.py:115} INFO - [2023-05-29 15:26:21,782] {dag.py:2972} INFO - Setting next_dagrun for example_subdag_operator to 2022-01-01T00:00:00+00:00, run_after=2022-01-01T00:00:00+00:00
[2023-05-29 15:26:21,783] {logging_mixin.py:115} INFO - [2023-05-29 15:26:21,783] {dag.py:2972} INFO - Setting next_dagrun for example_subdag_operator.section-1 to None, run_after=None
[2023-05-29 15:26:21,783] {logging_mixin.py:115} INFO - [2023-05-29 15:26:21,783] {dag.py:2972} INFO - Setting next_dagrun for example_subdag_operator.section-2 to None, run_after=None
[2023-05-29 15:26:21,789] {logging_mixin.py:115} INFO - [2023-05-29 15:26:21,788] {dag.py:2420} INFO - Sync 2 DAGs
[2023-05-29 15:26:21,794] {logging_mixin.py:115} INFO - [2023-05-29 15:26:21,794] {dag.py:2972} INFO - Setting next_dagrun for example_subdag_operator.section-1 to None, run_after=None
[2023-05-29 15:26:21,794] {logging_mixin.py:115} INFO - [2023-05-29 15:26:21,794] {dag.py:2972} INFO - Setting next_dagrun for example_subdag_operator.section-2 to None, run_after=None
[2023-05-29 15:26:21,802] {processor.py:161} INFO - Processing /home/airflow/.local/lib/python3.7/site-packages/airflow/example_dags/example_subdag_operator.py took 0.082 seconds
[2023-05-29 15:26:52,260] {processor.py:153} INFO - Started process (PID=186) to work on /home/airflow/.local/lib/python3.7/site-packages/airflow/example_dags/example_subdag_operator.py
[2023-05-29 15:26:52,260] {processor.py:641} INFO - Processing file /home/airflow/.local/lib/python3.7/site-packages/airflow/example_dags/example_subdag_operator.py for tasks to queue
[2023-05-29 15:26:52,261] {logging_mixin.py:115} INFO - [2023-05-29 15:26:52,261] {dagbag.py:508} INFO - Filling up the DagBag from /home/airflow/.local/lib/python3.7/site-packages/airflow/example_dags/example_subdag_operator.py
[2023-05-29 15:26:52,280] {processor.py:651} INFO - DAG(s) dict_keys(['example_subdag_operator.section-1', 'example_subdag_operator.section-2', 'example_subdag_operator']) retrieved from /home/airflow/.local/lib/python3.7/site-packages/airflow/example_dags/example_subdag_operator.py
[2023-05-29 15:26:52,301] {logging_mixin.py:115} INFO - [2023-05-29 15:26:52,301] {dag.py:2420} INFO - Sync 3 DAGs
[2023-05-29 15:26:52,318] {logging_mixin.py:115} INFO - [2023-05-29 15:26:52,318] {dag.py:2972} INFO - Setting next_dagrun for example_subdag_operator to 2022-01-01T00:00:00+00:00, run_after=2022-01-01T00:00:00+00:00
[2023-05-29 15:26:52,318] {logging_mixin.py:115} INFO - [2023-05-29 15:26:52,318] {dag.py:2972} INFO - Setting next_dagrun for example_subdag_operator.section-1 to None, run_after=None
[2023-05-29 15:26:52,318] {logging_mixin.py:115} INFO - [2023-05-29 15:26:52,318] {dag.py:2972} INFO - Setting next_dagrun for example_subdag_operator.section-2 to None, run_after=None
[2023-05-29 15:26:52,325] {logging_mixin.py:115} INFO - [2023-05-29 15:26:52,325] {dag.py:2420} INFO - Sync 2 DAGs
[2023-05-29 15:26:52,331] {logging_mixin.py:115} INFO - [2023-05-29 15:26:52,331] {dag.py:2972} INFO - Setting next_dagrun for example_subdag_operator.section-1 to None, run_after=None
[2023-05-29 15:26:52,331] {logging_mixin.py:115} INFO - [2023-05-29 15:26:52,331] {dag.py:2972} INFO - Setting next_dagrun for example_subdag_operator.section-2 to None, run_after=None
[2023-05-29 15:26:52,338] {processor.py:161} INFO - Processing /home/airflow/.local/lib/python3.7/site-packages/airflow/example_dags/example_subdag_operator.py took 0.081 seconds
[2023-05-29 15:27:22,798] {processor.py:153} INFO - Started process (PID=247) to work on /home/airflow/.local/lib/python3.7/site-packages/airflow/example_dags/example_subdag_operator.py
[2023-05-29 15:27:22,798] {processor.py:641} INFO - Processing file /home/airflow/.local/lib/python3.7/site-packages/airflow/example_dags/example_subdag_operator.py for tasks to queue
[2023-05-29 15:27:22,799] {logging_mixin.py:115} INFO - [2023-05-29 15:27:22,799] {dagbag.py:508} INFO - Filling up the DagBag from /home/airflow/.local/lib/python3.7/site-packages/airflow/example_dags/example_subdag_operator.py
[2023-05-29 15:27:22,830] {processor.py:651} INFO - DAG(s) dict_keys(['example_subdag_operator.section-1', 'example_subdag_operator.section-2', 'example_subdag_operator']) retrieved from /home/airflow/.local/lib/python3.7/site-packages/airflow/example_dags/example_subdag_operator.py
[2023-05-29 15:27:22,863] {logging_mixin.py:115} INFO - [2023-05-29 15:27:22,862] {dag.py:2420} INFO - Sync 3 DAGs
[2023-05-29 15:27:22,884] {logging_mixin.py:115} INFO - [2023-05-29 15:27:22,884] {dag.py:2972} INFO - Setting next_dagrun for example_subdag_operator to 2022-01-01T00:00:00+00:00, run_after=2022-01-01T00:00:00+00:00
[2023-05-29 15:27:22,884] {logging_mixin.py:115} INFO - [2023-05-29 15:27:22,884] {dag.py:2972} INFO - Setting next_dagrun for example_subdag_operator.section-1 to None, run_after=None
[2023-05-29 15:27:22,884] {logging_mixin.py:115} INFO - [2023-05-29 15:27:22,884] {dag.py:2972} INFO - Setting next_dagrun for example_subdag_operator.section-2 to None, run_after=None
[2023-05-29 15:27:22,890] {logging_mixin.py:115} INFO - [2023-05-29 15:27:22,890] {dag.py:2420} INFO - Sync 2 DAGs
[2023-05-29 15:27:22,896] {logging_mixin.py:115} INFO - [2023-05-29 15:27:22,896] {dag.py:2972} INFO - Setting next_dagrun for example_subdag_operator.section-1 to None, run_after=None
[2023-05-29 15:27:22,896] {logging_mixin.py:115} INFO - [2023-05-29 15:27:22,896] {dag.py:2972} INFO - Setting next_dagrun for example_subdag_operator.section-2 to None, run_after=None
[2023-05-29 15:27:22,906] {processor.py:161} INFO - Processing /home/airflow/.local/lib/python3.7/site-packages/airflow/example_dags/example_subdag_operator.py took 0.112 seconds
[2023-05-29 15:27:53,454] {processor.py:153} INFO - Started process (PID=299) to work on /home/airflow/.local/lib/python3.7/site-packages/airflow/example_dags/example_subdag_operator.py
[2023-05-29 15:27:53,455] {processor.py:641} INFO - Processing file /home/airflow/.local/lib/python3.7/site-packages/airflow/example_dags/example_subdag_operator.py for tasks to queue
[2023-05-29 15:27:53,455] {logging_mixin.py:115} INFO - [2023-05-29 15:27:53,455] {dagbag.py:508} INFO - Filling up the DagBag from /home/airflow/.local/lib/python3.7/site-packages/airflow/example_dags/example_subdag_operator.py
[2023-05-29 15:27:53,479] {processor.py:651} INFO - DAG(s) dict_keys(['example_subdag_operator.section-1', 'example_subdag_operator.section-2', 'example_subdag_operator']) retrieved from /home/airflow/.local/lib/python3.7/site-packages/airflow/example_dags/example_subdag_operator.py
[2023-05-29 15:27:53,501] {logging_mixin.py:115} INFO - [2023-05-29 15:27:53,501] {dag.py:2420} INFO - Sync 3 DAGs
[2023-05-29 15:27:53,519] {logging_mixin.py:115} INFO - [2023-05-29 15:27:53,519] {dag.py:2972} INFO - Setting next_dagrun for example_subdag_operator to 2022-01-01T00:00:00+00:00, run_after=2022-01-01T00:00:00+00:00
[2023-05-29 15:27:53,519] {logging_mixin.py:115} INFO - [2023-05-29 15:27:53,519] {dag.py:2972} INFO - Setting next_dagrun for example_subdag_operator.section-1 to None, run_after=None
[2023-05-29 15:27:53,519] {logging_mixin.py:115} INFO - [2023-05-29 15:27:53,519] {dag.py:2972} INFO - Setting next_dagrun for example_subdag_operator.section-2 to None, run_after=None
[2023-05-29 15:27:53,526] {logging_mixin.py:115} INFO - [2023-05-29 15:27:53,526] {dag.py:2420} INFO - Sync 2 DAGs
[2023-05-29 15:27:53,532] {logging_mixin.py:115} INFO - [2023-05-29 15:27:53,532] {dag.py:2972} INFO - Setting next_dagrun for example_subdag_operator.section-1 to None, run_after=None
[2023-05-29 15:27:53,532] {logging_mixin.py:115} INFO - [2023-05-29 15:27:53,532] {dag.py:2972} INFO - Setting next_dagrun for example_subdag_operator.section-2 to None, run_after=None
[2023-05-29 15:27:53,541] {processor.py:161} INFO - Processing /home/airflow/.local/lib/python3.7/site-packages/airflow/example_dags/example_subdag_operator.py took 0.089 seconds
[2023-05-29 15:28:23,851] {processor.py:153} INFO - Started process (PID=360) to work on /home/airflow/.local/lib/python3.7/site-packages/airflow/example_dags/example_subdag_operator.py
[2023-05-29 15:28:23,852] {processor.py:641} INFO - Processing file /home/airflow/.local/lib/python3.7/site-packages/airflow/example_dags/example_subdag_operator.py for tasks to queue
[2023-05-29 15:28:23,852] {logging_mixin.py:115} INFO - [2023-05-29 15:28:23,852] {dagbag.py:508} INFO - Filling up the DagBag from /home/airflow/.local/lib/python3.7/site-packages/airflow/example_dags/example_subdag_operator.py
[2023-05-29 15:28:23,872] {processor.py:651} INFO - DAG(s) dict_keys(['example_subdag_operator.section-1', 'example_subdag_operator.section-2', 'example_subdag_operator']) retrieved from /home/airflow/.local/lib/python3.7/site-packages/airflow/example_dags/example_subdag_operator.py
[2023-05-29 15:28:23,893] {logging_mixin.py:115} INFO - [2023-05-29 15:28:23,893] {dag.py:2420} INFO - Sync 3 DAGs
[2023-05-29 15:28:23,911] {logging_mixin.py:115} INFO - [2023-05-29 15:28:23,911] {dag.py:2972} INFO - Setting next_dagrun for example_subdag_operator to 2022-01-01T00:00:00+00:00, run_after=2022-01-01T00:00:00+00:00
[2023-05-29 15:28:23,912] {logging_mixin.py:115} INFO - [2023-05-29 15:28:23,912] {dag.py:2972} INFO - Setting next_dagrun for example_subdag_operator.section-1 to None, run_after=None
[2023-05-29 15:28:23,912] {logging_mixin.py:115} INFO - [2023-05-29 15:28:23,912] {dag.py:2972} INFO - Setting next_dagrun for example_subdag_operator.section-2 to None, run_after=None
[2023-05-29 15:28:23,917] {logging_mixin.py:115} INFO - [2023-05-29 15:28:23,917] {dag.py:2420} INFO - Sync 2 DAGs
[2023-05-29 15:28:23,923] {logging_mixin.py:115} INFO - [2023-05-29 15:28:23,923] {dag.py:2972} INFO - Setting next_dagrun for example_subdag_operator.section-1 to None, run_after=None
[2023-05-29 15:28:23,923] {logging_mixin.py:115} INFO - [2023-05-29 15:28:23,923] {dag.py:2972} INFO - Setting next_dagrun for example_subdag_operator.section-2 to None, run_after=None
[2023-05-29 15:28:23,931] {processor.py:161} INFO - Processing /home/airflow/.local/lib/python3.7/site-packages/airflow/example_dags/example_subdag_operator.py took 0.082 seconds
[2023-05-29 15:28:54,435] {processor.py:153} INFO - Started process (PID=421) to work on /home/airflow/.local/lib/python3.7/site-packages/airflow/example_dags/example_subdag_operator.py
[2023-05-29 15:28:54,435] {processor.py:641} INFO - Processing file /home/airflow/.local/lib/python3.7/site-packages/airflow/example_dags/example_subdag_operator.py for tasks to queue
[2023-05-29 15:28:54,435] {logging_mixin.py:115} INFO - [2023-05-29 15:28:54,435] {dagbag.py:508} INFO - Filling up the DagBag from /home/airflow/.local/lib/python3.7/site-packages/airflow/example_dags/example_subdag_operator.py
[2023-05-29 15:28:54,456] {processor.py:651} INFO - DAG(s) dict_keys(['example_subdag_operator.section-1', 'example_subdag_operator.section-2', 'example_subdag_operator']) retrieved from /home/airflow/.local/lib/python3.7/site-packages/airflow/example_dags/example_subdag_operator.py
[2023-05-29 15:28:54,477] {logging_mixin.py:115} INFO - [2023-05-29 15:28:54,477] {dag.py:2420} INFO - Sync 3 DAGs
[2023-05-29 15:28:54,495] {logging_mixin.py:115} INFO - [2023-05-29 15:28:54,494] {dag.py:2972} INFO - Setting next_dagrun for example_subdag_operator to 2022-01-01T00:00:00+00:00, run_after=2022-01-01T00:00:00+00:00
[2023-05-29 15:28:54,495] {logging_mixin.py:115} INFO - [2023-05-29 15:28:54,495] {dag.py:2972} INFO - Setting next_dagrun for example_subdag_operator.section-1 to None, run_after=None
[2023-05-29 15:28:54,495] {logging_mixin.py:115} INFO - [2023-05-29 15:28:54,495] {dag.py:2972} INFO - Setting next_dagrun for example_subdag_operator.section-2 to None, run_after=None
[2023-05-29 15:28:54,500] {logging_mixin.py:115} INFO - [2023-05-29 15:28:54,500] {dag.py:2420} INFO - Sync 2 DAGs
[2023-05-29 15:28:54,505] {logging_mixin.py:115} INFO - [2023-05-29 15:28:54,505] {dag.py:2972} INFO - Setting next_dagrun for example_subdag_operator.section-1 to None, run_after=None
[2023-05-29 15:28:54,505] {logging_mixin.py:115} INFO - [2023-05-29 15:28:54,505] {dag.py:2972} INFO - Setting next_dagrun for example_subdag_operator.section-2 to None, run_after=None
[2023-05-29 15:28:54,513] {processor.py:161} INFO - Processing /home/airflow/.local/lib/python3.7/site-packages/airflow/example_dags/example_subdag_operator.py took 0.081 seconds
[2023-05-29 15:29:24,930] {processor.py:153} INFO - Started process (PID=483) to work on /home/airflow/.local/lib/python3.7/site-packages/airflow/example_dags/example_subdag_operator.py
[2023-05-29 15:29:24,931] {processor.py:641} INFO - Processing file /home/airflow/.local/lib/python3.7/site-packages/airflow/example_dags/example_subdag_operator.py for tasks to queue
[2023-05-29 15:29:24,931] {logging_mixin.py:115} INFO - [2023-05-29 15:29:24,931] {dagbag.py:508} INFO - Filling up the DagBag from /home/airflow/.local/lib/python3.7/site-packages/airflow/example_dags/example_subdag_operator.py
[2023-05-29 15:29:24,950] {processor.py:651} INFO - DAG(s) dict_keys(['example_subdag_operator.section-1', 'example_subdag_operator.section-2', 'example_subdag_operator']) retrieved from /home/airflow/.local/lib/python3.7/site-packages/airflow/example_dags/example_subdag_operator.py
[2023-05-29 15:29:24,971] {logging_mixin.py:115} INFO - [2023-05-29 15:29:24,970] {dag.py:2420} INFO - Sync 3 DAGs
[2023-05-29 15:29:24,988] {logging_mixin.py:115} INFO - [2023-05-29 15:29:24,988] {dag.py:2972} INFO - Setting next_dagrun for example_subdag_operator to 2022-01-01T00:00:00+00:00, run_after=2022-01-01T00:00:00+00:00
[2023-05-29 15:29:24,989] {logging_mixin.py:115} INFO - [2023-05-29 15:29:24,988] {dag.py:2972} INFO - Setting next_dagrun for example_subdag_operator.section-1 to None, run_after=None
[2023-05-29 15:29:24,989] {logging_mixin.py:115} INFO - [2023-05-29 15:29:24,989] {dag.py:2972} INFO - Setting next_dagrun for example_subdag_operator.section-2 to None, run_after=None
[2023-05-29 15:29:24,995] {logging_mixin.py:115} INFO - [2023-05-29 15:29:24,995] {dag.py:2420} INFO - Sync 2 DAGs
[2023-05-29 15:29:25,000] {logging_mixin.py:115} INFO - [2023-05-29 15:29:25,000] {dag.py:2972} INFO - Setting next_dagrun for example_subdag_operator.section-1 to None, run_after=None
[2023-05-29 15:29:25,000] {logging_mixin.py:115} INFO - [2023-05-29 15:29:25,000] {dag.py:2972} INFO - Setting next_dagrun for example_subdag_operator.section-2 to None, run_after=None
[2023-05-29 15:29:25,008] {processor.py:161} INFO - Processing /home/airflow/.local/lib/python3.7/site-packages/airflow/example_dags/example_subdag_operator.py took 0.080 seconds
[2023-05-29 15:29:55,415] {processor.py:153} INFO - Started process (PID=535) to work on /home/airflow/.local/lib/python3.7/site-packages/airflow/example_dags/example_subdag_operator.py
[2023-05-29 15:29:55,416] {processor.py:641} INFO - Processing file /home/airflow/.local/lib/python3.7/site-packages/airflow/example_dags/example_subdag_operator.py for tasks to queue
[2023-05-29 15:29:55,416] {logging_mixin.py:115} INFO - [2023-05-29 15:29:55,416] {dagbag.py:508} INFO - Filling up the DagBag from /home/airflow/.local/lib/python3.7/site-packages/airflow/example_dags/example_subdag_operator.py
[2023-05-29 15:29:55,436] {processor.py:651} INFO - DAG(s) dict_keys(['example_subdag_operator.section-1', 'example_subdag_operator.section-2', 'example_subdag_operator']) retrieved from /home/airflow/.local/lib/python3.7/site-packages/airflow/example_dags/example_subdag_operator.py
[2023-05-29 15:29:55,457] {logging_mixin.py:115} INFO - [2023-05-29 15:29:55,457] {dag.py:2420} INFO - Sync 3 DAGs
[2023-05-29 15:29:55,475] {logging_mixin.py:115} INFO - [2023-05-29 15:29:55,475] {dag.py:2972} INFO - Setting next_dagrun for example_subdag_operator to 2022-01-01T00:00:00+00:00, run_after=2022-01-01T00:00:00+00:00
[2023-05-29 15:29:55,475] {logging_mixin.py:115} INFO - [2023-05-29 15:29:55,475] {dag.py:2972} INFO - Setting next_dagrun for example_subdag_operator.section-1 to None, run_after=None
[2023-05-29 15:29:55,475] {logging_mixin.py:115} INFO - [2023-05-29 15:29:55,475] {dag.py:2972} INFO - Setting next_dagrun for example_subdag_operator.section-2 to None, run_after=None
[2023-05-29 15:29:55,480] {logging_mixin.py:115} INFO - [2023-05-29 15:29:55,480] {dag.py:2420} INFO - Sync 2 DAGs
[2023-05-29 15:29:55,485] {logging_mixin.py:115} INFO - [2023-05-29 15:29:55,485] {dag.py:2972} INFO - Setting next_dagrun for example_subdag_operator.section-1 to None, run_after=None
[2023-05-29 15:29:55,485] {logging_mixin.py:115} INFO - [2023-05-29 15:29:55,485] {dag.py:2972} INFO - Setting next_dagrun for example_subdag_operator.section-2 to None, run_after=None
[2023-05-29 15:29:55,491] {processor.py:161} INFO - Processing /home/airflow/.local/lib/python3.7/site-packages/airflow/example_dags/example_subdag_operator.py took 0.078 seconds
[2023-05-29 15:30:25,986] {processor.py:153} INFO - Started process (PID=596) to work on /home/airflow/.local/lib/python3.7/site-packages/airflow/example_dags/example_subdag_operator.py
[2023-05-29 15:30:25,993] {processor.py:641} INFO - Processing file /home/airflow/.local/lib/python3.7/site-packages/airflow/example_dags/example_subdag_operator.py for tasks to queue
[2023-05-29 15:30:25,994] {logging_mixin.py:115} INFO - [2023-05-29 15:30:25,994] {dagbag.py:508} INFO - Filling up the DagBag from /home/airflow/.local/lib/python3.7/site-packages/airflow/example_dags/example_subdag_operator.py
[2023-05-29 15:30:26,015] {processor.py:651} INFO - DAG(s) dict_keys(['example_subdag_operator.section-1', 'example_subdag_operator.section-2', 'example_subdag_operator']) retrieved from /home/airflow/.local/lib/python3.7/site-packages/airflow/example_dags/example_subdag_operator.py
[2023-05-29 15:30:26,035] {logging_mixin.py:115} INFO - [2023-05-29 15:30:26,035] {dag.py:2420} INFO - Sync 3 DAGs
[2023-05-29 15:30:26,051] {logging_mixin.py:115} INFO - [2023-05-29 15:30:26,051] {dag.py:2972} INFO - Setting next_dagrun for example_subdag_operator to 2022-01-01T00:00:00+00:00, run_after=2022-01-01T00:00:00+00:00
[2023-05-29 15:30:26,052] {logging_mixin.py:115} INFO - [2023-05-29 15:30:26,051] {dag.py:2972} INFO - Setting next_dagrun for example_subdag_operator.section-1 to None, run_after=None
[2023-05-29 15:30:26,052] {logging_mixin.py:115} INFO - [2023-05-29 15:30:26,052] {dag.py:2972} INFO - Setting next_dagrun for example_subdag_operator.section-2 to None, run_after=None
[2023-05-29 15:30:26,058] {logging_mixin.py:115} INFO - [2023-05-29 15:30:26,058] {dag.py:2420} INFO - Sync 2 DAGs
[2023-05-29 15:30:26,063] {logging_mixin.py:115} INFO - [2023-05-29 15:30:26,063] {dag.py:2972} INFO - Setting next_dagrun for example_subdag_operator.section-1 to None, run_after=None
[2023-05-29 15:30:26,064] {logging_mixin.py:115} INFO - [2023-05-29 15:30:26,064] {dag.py:2972} INFO - Setting next_dagrun for example_subdag_operator.section-2 to None, run_after=None
[2023-05-29 15:30:26,078] {processor.py:161} INFO - Processing /home/airflow/.local/lib/python3.7/site-packages/airflow/example_dags/example_subdag_operator.py took 0.094 seconds
[2023-05-29 15:30:56,697] {processor.py:153} INFO - Started process (PID=657) to work on /home/airflow/.local/lib/python3.7/site-packages/airflow/example_dags/example_subdag_operator.py
[2023-05-29 15:30:56,697] {processor.py:641} INFO - Processing file /home/airflow/.local/lib/python3.7/site-packages/airflow/example_dags/example_subdag_operator.py for tasks to queue
[2023-05-29 15:30:56,698] {logging_mixin.py:115} INFO - [2023-05-29 15:30:56,698] {dagbag.py:508} INFO - Filling up the DagBag from /home/airflow/.local/lib/python3.7/site-packages/airflow/example_dags/example_subdag_operator.py
[2023-05-29 15:30:56,718] {processor.py:651} INFO - DAG(s) dict_keys(['example_subdag_operator.section-1', 'example_subdag_operator.section-2', 'example_subdag_operator']) retrieved from /home/airflow/.local/lib/python3.7/site-packages/airflow/example_dags/example_subdag_operator.py
[2023-05-29 15:30:56,740] {logging_mixin.py:115} INFO - [2023-05-29 15:30:56,740] {dag.py:2420} INFO - Sync 3 DAGs
[2023-05-29 15:30:56,757] {logging_mixin.py:115} INFO - [2023-05-29 15:30:56,757] {dag.py:2972} INFO - Setting next_dagrun for example_subdag_operator to 2022-01-01T00:00:00+00:00, run_after=2022-01-01T00:00:00+00:00
[2023-05-29 15:30:56,758] {logging_mixin.py:115} INFO - [2023-05-29 15:30:56,758] {dag.py:2972} INFO - Setting next_dagrun for example_subdag_operator.section-1 to None, run_after=None
[2023-05-29 15:30:56,758] {logging_mixin.py:115} INFO - [2023-05-29 15:30:56,758] {dag.py:2972} INFO - Setting next_dagrun for example_subdag_operator.section-2 to None, run_after=None
[2023-05-29 15:30:56,763] {logging_mixin.py:115} INFO - [2023-05-29 15:30:56,763] {dag.py:2420} INFO - Sync 2 DAGs
[2023-05-29 15:30:56,768] {logging_mixin.py:115} INFO - [2023-05-29 15:30:56,767] {dag.py:2972} INFO - Setting next_dagrun for example_subdag_operator.section-1 to None, run_after=None
[2023-05-29 15:30:56,768] {logging_mixin.py:115} INFO - [2023-05-29 15:30:56,768] {dag.py:2972} INFO - Setting next_dagrun for example_subdag_operator.section-2 to None, run_after=None
[2023-05-29 15:30:56,774] {processor.py:161} INFO - Processing /home/airflow/.local/lib/python3.7/site-packages/airflow/example_dags/example_subdag_operator.py took 0.079 seconds
[2023-05-29 15:31:27,186] {processor.py:153} INFO - Started process (PID=718) to work on /home/airflow/.local/lib/python3.7/site-packages/airflow/example_dags/example_subdag_operator.py
[2023-05-29 15:31:27,186] {processor.py:641} INFO - Processing file /home/airflow/.local/lib/python3.7/site-packages/airflow/example_dags/example_subdag_operator.py for tasks to queue
[2023-05-29 15:31:27,187] {logging_mixin.py:115} INFO - [2023-05-29 15:31:27,186] {dagbag.py:508} INFO - Filling up the DagBag from /home/airflow/.local/lib/python3.7/site-packages/airflow/example_dags/example_subdag_operator.py
[2023-05-29 15:31:27,206] {processor.py:651} INFO - DAG(s) dict_keys(['example_subdag_operator.section-1', 'example_subdag_operator.section-2', 'example_subdag_operator']) retrieved from /home/airflow/.local/lib/python3.7/site-packages/airflow/example_dags/example_subdag_operator.py
[2023-05-29 15:31:27,226] {logging_mixin.py:115} INFO - [2023-05-29 15:31:27,226] {dag.py:2420} INFO - Sync 3 DAGs
[2023-05-29 15:31:27,243] {logging_mixin.py:115} INFO - [2023-05-29 15:31:27,243] {dag.py:2972} INFO - Setting next_dagrun for example_subdag_operator to 2022-01-01T00:00:00+00:00, run_after=2022-01-01T00:00:00+00:00
[2023-05-29 15:31:27,244] {logging_mixin.py:115} INFO - [2023-05-29 15:31:27,243] {dag.py:2972} INFO - Setting next_dagrun for example_subdag_operator.section-1 to None, run_after=None
[2023-05-29 15:31:27,244] {logging_mixin.py:115} INFO - [2023-05-29 15:31:27,244] {dag.py:2972} INFO - Setting next_dagrun for example_subdag_operator.section-2 to None, run_after=None
[2023-05-29 15:31:27,249] {logging_mixin.py:115} INFO - [2023-05-29 15:31:27,249] {dag.py:2420} INFO - Sync 2 DAGs
[2023-05-29 15:31:27,254] {logging_mixin.py:115} INFO - [2023-05-29 15:31:27,254] {dag.py:2972} INFO - Setting next_dagrun for example_subdag_operator.section-1 to None, run_after=None
[2023-05-29 15:31:27,255] {logging_mixin.py:115} INFO - [2023-05-29 15:31:27,255] {dag.py:2972} INFO - Setting next_dagrun for example_subdag_operator.section-2 to None, run_after=None
[2023-05-29 15:31:27,261] {processor.py:161} INFO - Processing /home/airflow/.local/lib/python3.7/site-packages/airflow/example_dags/example_subdag_operator.py took 0.077 seconds
[2023-05-29 15:31:57,636] {processor.py:153} INFO - Started process (PID=769) to work on /home/airflow/.local/lib/python3.7/site-packages/airflow/example_dags/example_subdag_operator.py
[2023-05-29 15:31:57,636] {processor.py:641} INFO - Processing file /home/airflow/.local/lib/python3.7/site-packages/airflow/example_dags/example_subdag_operator.py for tasks to queue
[2023-05-29 15:31:57,636] {logging_mixin.py:115} INFO - [2023-05-29 15:31:57,636] {dagbag.py:508} INFO - Filling up the DagBag from /home/airflow/.local/lib/python3.7/site-packages/airflow/example_dags/example_subdag_operator.py
[2023-05-29 15:31:57,657] {processor.py:651} INFO - DAG(s) dict_keys(['example_subdag_operator.section-1', 'example_subdag_operator.section-2', 'example_subdag_operator']) retrieved from /home/airflow/.local/lib/python3.7/site-packages/airflow/example_dags/example_subdag_operator.py
[2023-05-29 15:31:57,677] {logging_mixin.py:115} INFO - [2023-05-29 15:31:57,677] {dag.py:2420} INFO - Sync 3 DAGs
[2023-05-29 15:31:57,693] {logging_mixin.py:115} INFO - [2023-05-29 15:31:57,693] {dag.py:2972} INFO - Setting next_dagrun for example_subdag_operator to 2022-01-01T00:00:00+00:00, run_after=2022-01-01T00:00:00+00:00
[2023-05-29 15:31:57,694] {logging_mixin.py:115} INFO - [2023-05-29 15:31:57,694] {dag.py:2972} INFO - Setting next_dagrun for example_subdag_operator.section-1 to None, run_after=None
[2023-05-29 15:31:57,694] {logging_mixin.py:115} INFO - [2023-05-29 15:31:57,694] {dag.py:2972} INFO - Setting next_dagrun for example_subdag_operator.section-2 to None, run_after=None
[2023-05-29 15:31:57,699] {logging_mixin.py:115} INFO - [2023-05-29 15:31:57,699] {dag.py:2420} INFO - Sync 2 DAGs
[2023-05-29 15:31:57,704] {logging_mixin.py:115} INFO - [2023-05-29 15:31:57,704] {dag.py:2972} INFO - Setting next_dagrun for example_subdag_operator.section-1 to None, run_after=None
[2023-05-29 15:31:57,704] {logging_mixin.py:115} INFO - [2023-05-29 15:31:57,704] {dag.py:2972} INFO - Setting next_dagrun for example_subdag_operator.section-2 to None, run_after=None
[2023-05-29 15:31:57,710] {processor.py:161} INFO - Processing /home/airflow/.local/lib/python3.7/site-packages/airflow/example_dags/example_subdag_operator.py took 0.076 seconds
[2023-05-29 15:32:28,182] {processor.py:153} INFO - Started process (PID=830) to work on /home/airflow/.local/lib/python3.7/site-packages/airflow/example_dags/example_subdag_operator.py
[2023-05-29 15:32:28,183] {processor.py:641} INFO - Processing file /home/airflow/.local/lib/python3.7/site-packages/airflow/example_dags/example_subdag_operator.py for tasks to queue
[2023-05-29 15:32:28,183] {logging_mixin.py:115} INFO - [2023-05-29 15:32:28,183] {dagbag.py:508} INFO - Filling up the DagBag from /home/airflow/.local/lib/python3.7/site-packages/airflow/example_dags/example_subdag_operator.py
[2023-05-29 15:32:28,206] {processor.py:651} INFO - DAG(s) dict_keys(['example_subdag_operator.section-1', 'example_subdag_operator.section-2', 'example_subdag_operator']) retrieved from /home/airflow/.local/lib/python3.7/site-packages/airflow/example_dags/example_subdag_operator.py
[2023-05-29 15:32:28,231] {logging_mixin.py:115} INFO - [2023-05-29 15:32:28,231] {dag.py:2420} INFO - Sync 3 DAGs
[2023-05-29 15:32:28,252] {logging_mixin.py:115} INFO - [2023-05-29 15:32:28,252] {dag.py:2972} INFO - Setting next_dagrun for example_subdag_operator to 2022-01-01T00:00:00+00:00, run_after=2022-01-01T00:00:00+00:00
[2023-05-29 15:32:28,252] {logging_mixin.py:115} INFO - [2023-05-29 15:32:28,252] {dag.py:2972} INFO - Setting next_dagrun for example_subdag_operator.section-1 to None, run_after=None
[2023-05-29 15:32:28,252] {logging_mixin.py:115} INFO - [2023-05-29 15:32:28,252] {dag.py:2972} INFO - Setting next_dagrun for example_subdag_operator.section-2 to None, run_after=None
[2023-05-29 15:32:28,259] {logging_mixin.py:115} INFO - [2023-05-29 15:32:28,259] {dag.py:2420} INFO - Sync 2 DAGs
[2023-05-29 15:32:28,265] {logging_mixin.py:115} INFO - [2023-05-29 15:32:28,265] {dag.py:2972} INFO - Setting next_dagrun for example_subdag_operator.section-1 to None, run_after=None
[2023-05-29 15:32:28,266] {logging_mixin.py:115} INFO - [2023-05-29 15:32:28,266] {dag.py:2972} INFO - Setting next_dagrun for example_subdag_operator.section-2 to None, run_after=None
[2023-05-29 15:32:28,272] {processor.py:161} INFO - Processing /home/airflow/.local/lib/python3.7/site-packages/airflow/example_dags/example_subdag_operator.py took 0.093 seconds
[2023-05-29 15:32:58,568] {processor.py:153} INFO - Started process (PID=891) to work on /home/airflow/.local/lib/python3.7/site-packages/airflow/example_dags/example_subdag_operator.py
[2023-05-29 15:32:58,568] {processor.py:641} INFO - Processing file /home/airflow/.local/lib/python3.7/site-packages/airflow/example_dags/example_subdag_operator.py for tasks to queue
[2023-05-29 15:32:58,568] {logging_mixin.py:115} INFO - [2023-05-29 15:32:58,568] {dagbag.py:508} INFO - Filling up the DagBag from /home/airflow/.local/lib/python3.7/site-packages/airflow/example_dags/example_subdag_operator.py
[2023-05-29 15:32:58,589] {processor.py:651} INFO - DAG(s) dict_keys(['example_subdag_operator.section-1', 'example_subdag_operator.section-2', 'example_subdag_operator']) retrieved from /home/airflow/.local/lib/python3.7/site-packages/airflow/example_dags/example_subdag_operator.py
[2023-05-29 15:32:58,610] {logging_mixin.py:115} INFO - [2023-05-29 15:32:58,610] {dag.py:2420} INFO - Sync 3 DAGs
[2023-05-29 15:32:58,627] {logging_mixin.py:115} INFO - [2023-05-29 15:32:58,627] {dag.py:2972} INFO - Setting next_dagrun for example_subdag_operator to 2022-01-01T00:00:00+00:00, run_after=2022-01-01T00:00:00+00:00
[2023-05-29 15:32:58,627] {logging_mixin.py:115} INFO - [2023-05-29 15:32:58,627] {dag.py:2972} INFO - Setting next_dagrun for example_subdag_operator.section-1 to None, run_after=None
[2023-05-29 15:32:58,627] {logging_mixin.py:115} INFO - [2023-05-29 15:32:58,627] {dag.py:2972} INFO - Setting next_dagrun for example_subdag_operator.section-2 to None, run_after=None
[2023-05-29 15:32:58,633] {logging_mixin.py:115} INFO - [2023-05-29 15:32:58,633] {dag.py:2420} INFO - Sync 2 DAGs
[2023-05-29 15:32:58,638] {logging_mixin.py:115} INFO - [2023-05-29 15:32:58,638] {dag.py:2972} INFO - Setting next_dagrun for example_subdag_operator.section-1 to None, run_after=None
[2023-05-29 15:32:58,638] {logging_mixin.py:115} INFO - [2023-05-29 15:32:58,638] {dag.py:2972} INFO - Setting next_dagrun for example_subdag_operator.section-2 to None, run_after=None
[2023-05-29 15:32:58,645] {processor.py:161} INFO - Processing /home/airflow/.local/lib/python3.7/site-packages/airflow/example_dags/example_subdag_operator.py took 0.079 seconds
[2023-05-29 15:33:29,098] {processor.py:153} INFO - Started process (PID=952) to work on /home/airflow/.local/lib/python3.7/site-packages/airflow/example_dags/example_subdag_operator.py
[2023-05-29 15:33:29,099] {processor.py:641} INFO - Processing file /home/airflow/.local/lib/python3.7/site-packages/airflow/example_dags/example_subdag_operator.py for tasks to queue
[2023-05-29 15:33:29,099] {logging_mixin.py:115} INFO - [2023-05-29 15:33:29,099] {dagbag.py:508} INFO - Filling up the DagBag from /home/airflow/.local/lib/python3.7/site-packages/airflow/example_dags/example_subdag_operator.py
[2023-05-29 15:33:29,119] {processor.py:651} INFO - DAG(s) dict_keys(['example_subdag_operator.section-1', 'example_subdag_operator.section-2', 'example_subdag_operator']) retrieved from /home/airflow/.local/lib/python3.7/site-packages/airflow/example_dags/example_subdag_operator.py
[2023-05-29 15:33:29,141] {logging_mixin.py:115} INFO - [2023-05-29 15:33:29,140] {dag.py:2420} INFO - Sync 3 DAGs
[2023-05-29 15:33:29,159] {logging_mixin.py:115} INFO - [2023-05-29 15:33:29,158] {dag.py:2972} INFO - Setting next_dagrun for example_subdag_operator to 2022-01-01T00:00:00+00:00, run_after=2022-01-01T00:00:00+00:00
[2023-05-29 15:33:29,159] {logging_mixin.py:115} INFO - [2023-05-29 15:33:29,159] {dag.py:2972} INFO - Setting next_dagrun for example_subdag_operator.section-1 to None, run_after=None
[2023-05-29 15:33:29,159] {logging_mixin.py:115} INFO - [2023-05-29 15:33:29,159] {dag.py:2972} INFO - Setting next_dagrun for example_subdag_operator.section-2 to None, run_after=None
[2023-05-29 15:33:29,165] {logging_mixin.py:115} INFO - [2023-05-29 15:33:29,165] {dag.py:2420} INFO - Sync 2 DAGs
[2023-05-29 15:33:29,170] {logging_mixin.py:115} INFO - [2023-05-29 15:33:29,170] {dag.py:2972} INFO - Setting next_dagrun for example_subdag_operator.section-1 to None, run_after=None
[2023-05-29 15:33:29,170] {logging_mixin.py:115} INFO - [2023-05-29 15:33:29,170] {dag.py:2972} INFO - Setting next_dagrun for example_subdag_operator.section-2 to None, run_after=None
[2023-05-29 15:33:29,177] {processor.py:161} INFO - Processing /home/airflow/.local/lib/python3.7/site-packages/airflow/example_dags/example_subdag_operator.py took 0.081 seconds
[2023-05-29 15:33:59,643] {processor.py:153} INFO - Started process (PID=1004) to work on /home/airflow/.local/lib/python3.7/site-packages/airflow/example_dags/example_subdag_operator.py
[2023-05-29 15:33:59,643] {processor.py:641} INFO - Processing file /home/airflow/.local/lib/python3.7/site-packages/airflow/example_dags/example_subdag_operator.py for tasks to queue
[2023-05-29 15:33:59,643] {logging_mixin.py:115} INFO - [2023-05-29 15:33:59,643] {dagbag.py:508} INFO - Filling up the DagBag from /home/airflow/.local/lib/python3.7/site-packages/airflow/example_dags/example_subdag_operator.py
[2023-05-29 15:33:59,663] {processor.py:651} INFO - DAG(s) dict_keys(['example_subdag_operator.section-1', 'example_subdag_operator.section-2', 'example_subdag_operator']) retrieved from /home/airflow/.local/lib/python3.7/site-packages/airflow/example_dags/example_subdag_operator.py
[2023-05-29 15:33:59,684] {logging_mixin.py:115} INFO - [2023-05-29 15:33:59,684] {dag.py:2420} INFO - Sync 3 DAGs
[2023-05-29 15:33:59,702] {logging_mixin.py:115} INFO - [2023-05-29 15:33:59,702] {dag.py:2972} INFO - Setting next_dagrun for example_subdag_operator to 2022-01-01T00:00:00+00:00, run_after=2022-01-01T00:00:00+00:00
[2023-05-29 15:33:59,702] {logging_mixin.py:115} INFO - [2023-05-29 15:33:59,702] {dag.py:2972} INFO - Setting next_dagrun for example_subdag_operator.section-1 to None, run_after=None
[2023-05-29 15:33:59,702] {logging_mixin.py:115} INFO - [2023-05-29 15:33:59,702] {dag.py:2972} INFO - Setting next_dagrun for example_subdag_operator.section-2 to None, run_after=None
[2023-05-29 15:33:59,707] {logging_mixin.py:115} INFO - [2023-05-29 15:33:59,707] {dag.py:2420} INFO - Sync 2 DAGs
[2023-05-29 15:33:59,712] {logging_mixin.py:115} INFO - [2023-05-29 15:33:59,712] {dag.py:2972} INFO - Setting next_dagrun for example_subdag_operator.section-1 to None, run_after=None
[2023-05-29 15:33:59,712] {logging_mixin.py:115} INFO - [2023-05-29 15:33:59,712] {dag.py:2972} INFO - Setting next_dagrun for example_subdag_operator.section-2 to None, run_after=None
[2023-05-29 15:33:59,719] {processor.py:161} INFO - Processing /home/airflow/.local/lib/python3.7/site-packages/airflow/example_dags/example_subdag_operator.py took 0.078 seconds
[2023-05-29 15:34:30,098] {processor.py:153} INFO - Started process (PID=1065) to work on /home/airflow/.local/lib/python3.7/site-packages/airflow/example_dags/example_subdag_operator.py
[2023-05-29 15:34:30,099] {processor.py:641} INFO - Processing file /home/airflow/.local/lib/python3.7/site-packages/airflow/example_dags/example_subdag_operator.py for tasks to queue
[2023-05-29 15:34:30,099] {logging_mixin.py:115} INFO - [2023-05-29 15:34:30,099] {dagbag.py:508} INFO - Filling up the DagBag from /home/airflow/.local/lib/python3.7/site-packages/airflow/example_dags/example_subdag_operator.py
[2023-05-29 15:34:30,119] {processor.py:651} INFO - DAG(s) dict_keys(['example_subdag_operator.section-1', 'example_subdag_operator.section-2', 'example_subdag_operator']) retrieved from /home/airflow/.local/lib/python3.7/site-packages/airflow/example_dags/example_subdag_operator.py
[2023-05-29 15:34:30,138] {logging_mixin.py:115} INFO - [2023-05-29 15:34:30,138] {dag.py:2420} INFO - Sync 3 DAGs
[2023-05-29 15:34:30,155] {logging_mixin.py:115} INFO - [2023-05-29 15:34:30,155] {dag.py:2972} INFO - Setting next_dagrun for example_subdag_operator to 2022-01-01T00:00:00+00:00, run_after=2022-01-01T00:00:00+00:00
[2023-05-29 15:34:30,156] {logging_mixin.py:115} INFO - [2023-05-29 15:34:30,156] {dag.py:2972} INFO - Setting next_dagrun for example_subdag_operator.section-1 to None, run_after=None
[2023-05-29 15:34:30,156] {logging_mixin.py:115} INFO - [2023-05-29 15:34:30,156] {dag.py:2972} INFO - Setting next_dagrun for example_subdag_operator.section-2 to None, run_after=None
[2023-05-29 15:34:30,161] {logging_mixin.py:115} INFO - [2023-05-29 15:34:30,161] {dag.py:2420} INFO - Sync 2 DAGs
[2023-05-29 15:34:30,166] {logging_mixin.py:115} INFO - [2023-05-29 15:34:30,166] {dag.py:2972} INFO - Setting next_dagrun for example_subdag_operator.section-1 to None, run_after=None
[2023-05-29 15:34:30,166] {logging_mixin.py:115} INFO - [2023-05-29 15:34:30,166] {dag.py:2972} INFO - Setting next_dagrun for example_subdag_operator.section-2 to None, run_after=None
[2023-05-29 15:34:30,173] {processor.py:161} INFO - Processing /home/airflow/.local/lib/python3.7/site-packages/airflow/example_dags/example_subdag_operator.py took 0.077 seconds
[2023-05-29 15:35:00,564] {processor.py:153} INFO - Started process (PID=1126) to work on /home/airflow/.local/lib/python3.7/site-packages/airflow/example_dags/example_subdag_operator.py
[2023-05-29 15:35:00,564] {processor.py:641} INFO - Processing file /home/airflow/.local/lib/python3.7/site-packages/airflow/example_dags/example_subdag_operator.py for tasks to queue
[2023-05-29 15:35:00,565] {logging_mixin.py:115} INFO - [2023-05-29 15:35:00,565] {dagbag.py:508} INFO - Filling up the DagBag from /home/airflow/.local/lib/python3.7/site-packages/airflow/example_dags/example_subdag_operator.py
[2023-05-29 15:35:00,585] {processor.py:651} INFO - DAG(s) dict_keys(['example_subdag_operator.section-1', 'example_subdag_operator.section-2', 'example_subdag_operator']) retrieved from /home/airflow/.local/lib/python3.7/site-packages/airflow/example_dags/example_subdag_operator.py
[2023-05-29 15:35:00,606] {logging_mixin.py:115} INFO - [2023-05-29 15:35:00,605] {dag.py:2420} INFO - Sync 3 DAGs
[2023-05-29 15:35:00,623] {logging_mixin.py:115} INFO - [2023-05-29 15:35:00,623] {dag.py:2972} INFO - Setting next_dagrun for example_subdag_operator to 2022-01-01T00:00:00+00:00, run_after=2022-01-01T00:00:00+00:00
[2023-05-29 15:35:00,623] {logging_mixin.py:115} INFO - [2023-05-29 15:35:00,623] {dag.py:2972} INFO - Setting next_dagrun for example_subdag_operator.section-1 to None, run_after=None
[2023-05-29 15:35:00,623] {logging_mixin.py:115} INFO - [2023-05-29 15:35:00,623] {dag.py:2972} INFO - Setting next_dagrun for example_subdag_operator.section-2 to None, run_after=None
[2023-05-29 15:35:00,628] {logging_mixin.py:115} INFO - [2023-05-29 15:35:00,628] {dag.py:2420} INFO - Sync 2 DAGs
[2023-05-29 15:35:00,633] {logging_mixin.py:115} INFO - [2023-05-29 15:35:00,633] {dag.py:2972} INFO - Setting next_dagrun for example_subdag_operator.section-1 to None, run_after=None
[2023-05-29 15:35:00,633] {logging_mixin.py:115} INFO - [2023-05-29 15:35:00,633] {dag.py:2972} INFO - Setting next_dagrun for example_subdag_operator.section-2 to None, run_after=None
[2023-05-29 15:35:00,640] {processor.py:161} INFO - Processing /home/airflow/.local/lib/python3.7/site-packages/airflow/example_dags/example_subdag_operator.py took 0.078 seconds
[2023-05-29 15:35:31,203] {processor.py:153} INFO - Started process (PID=1187) to work on /home/airflow/.local/lib/python3.7/site-packages/airflow/example_dags/example_subdag_operator.py
[2023-05-29 15:35:31,204] {processor.py:641} INFO - Processing file /home/airflow/.local/lib/python3.7/site-packages/airflow/example_dags/example_subdag_operator.py for tasks to queue
[2023-05-29 15:35:31,204] {logging_mixin.py:115} INFO - [2023-05-29 15:35:31,204] {dagbag.py:508} INFO - Filling up the DagBag from /home/airflow/.local/lib/python3.7/site-packages/airflow/example_dags/example_subdag_operator.py
[2023-05-29 15:35:31,229] {processor.py:651} INFO - DAG(s) dict_keys(['example_subdag_operator.section-1', 'example_subdag_operator.section-2', 'example_subdag_operator']) retrieved from /home/airflow/.local/lib/python3.7/site-packages/airflow/example_dags/example_subdag_operator.py
[2023-05-29 15:35:31,251] {logging_mixin.py:115} INFO - [2023-05-29 15:35:31,251] {dag.py:2420} INFO - Sync 3 DAGs
[2023-05-29 15:35:31,268] {logging_mixin.py:115} INFO - [2023-05-29 15:35:31,268] {dag.py:2972} INFO - Setting next_dagrun for example_subdag_operator to 2022-01-01T00:00:00+00:00, run_after=2022-01-01T00:00:00+00:00
[2023-05-29 15:35:31,269] {logging_mixin.py:115} INFO - [2023-05-29 15:35:31,269] {dag.py:2972} INFO - Setting next_dagrun for example_subdag_operator.section-1 to None, run_after=None
[2023-05-29 15:35:31,269] {logging_mixin.py:115} INFO - [2023-05-29 15:35:31,269] {dag.py:2972} INFO - Setting next_dagrun for example_subdag_operator.section-2 to None, run_after=None
[2023-05-29 15:35:31,274] {logging_mixin.py:115} INFO - [2023-05-29 15:35:31,274] {dag.py:2420} INFO - Sync 2 DAGs
[2023-05-29 15:35:31,280] {logging_mixin.py:115} INFO - [2023-05-29 15:35:31,280] {dag.py:2972} INFO - Setting next_dagrun for example_subdag_operator.section-1 to None, run_after=None
[2023-05-29 15:35:31,280] {logging_mixin.py:115} INFO - [2023-05-29 15:35:31,280] {dag.py:2972} INFO - Setting next_dagrun for example_subdag_operator.section-2 to None, run_after=None
[2023-05-29 15:35:31,288] {processor.py:161} INFO - Processing /home/airflow/.local/lib/python3.7/site-packages/airflow/example_dags/example_subdag_operator.py took 0.087 seconds
[2023-05-29 15:36:01,854] {processor.py:153} INFO - Started process (PID=1240) to work on /home/airflow/.local/lib/python3.7/site-packages/airflow/example_dags/example_subdag_operator.py
[2023-05-29 15:36:01,854] {processor.py:641} INFO - Processing file /home/airflow/.local/lib/python3.7/site-packages/airflow/example_dags/example_subdag_operator.py for tasks to queue
[2023-05-29 15:36:01,855] {logging_mixin.py:115} INFO - [2023-05-29 15:36:01,855] {dagbag.py:508} INFO - Filling up the DagBag from /home/airflow/.local/lib/python3.7/site-packages/airflow/example_dags/example_subdag_operator.py
[2023-05-29 15:36:01,879] {processor.py:651} INFO - DAG(s) dict_keys(['example_subdag_operator.section-1', 'example_subdag_operator.section-2', 'example_subdag_operator']) retrieved from /home/airflow/.local/lib/python3.7/site-packages/airflow/example_dags/example_subdag_operator.py
[2023-05-29 15:36:01,902] {logging_mixin.py:115} INFO - [2023-05-29 15:36:01,902] {dag.py:2420} INFO - Sync 3 DAGs
[2023-05-29 15:36:01,921] {logging_mixin.py:115} INFO - [2023-05-29 15:36:01,921] {dag.py:2972} INFO - Setting next_dagrun for example_subdag_operator to 2022-01-01T00:00:00+00:00, run_after=2022-01-01T00:00:00+00:00
[2023-05-29 15:36:01,921] {logging_mixin.py:115} INFO - [2023-05-29 15:36:01,921] {dag.py:2972} INFO - Setting next_dagrun for example_subdag_operator.section-1 to None, run_after=None
[2023-05-29 15:36:01,921] {logging_mixin.py:115} INFO - [2023-05-29 15:36:01,921] {dag.py:2972} INFO - Setting next_dagrun for example_subdag_operator.section-2 to None, run_after=None
[2023-05-29 15:36:01,927] {logging_mixin.py:115} INFO - [2023-05-29 15:36:01,927] {dag.py:2420} INFO - Sync 2 DAGs
[2023-05-29 15:36:01,932] {logging_mixin.py:115} INFO - [2023-05-29 15:36:01,932] {dag.py:2972} INFO - Setting next_dagrun for example_subdag_operator.section-1 to None, run_after=None
[2023-05-29 15:36:01,932] {logging_mixin.py:115} INFO - [2023-05-29 15:36:01,932] {dag.py:2972} INFO - Setting next_dagrun for example_subdag_operator.section-2 to None, run_after=None
[2023-05-29 15:36:01,941] {processor.py:161} INFO - Processing /home/airflow/.local/lib/python3.7/site-packages/airflow/example_dags/example_subdag_operator.py took 0.089 seconds
[2023-05-29 15:36:32,352] {processor.py:153} INFO - Started process (PID=1302) to work on /home/airflow/.local/lib/python3.7/site-packages/airflow/example_dags/example_subdag_operator.py
[2023-05-29 15:36:32,353] {processor.py:641} INFO - Processing file /home/airflow/.local/lib/python3.7/site-packages/airflow/example_dags/example_subdag_operator.py for tasks to queue
[2023-05-29 15:36:32,353] {logging_mixin.py:115} INFO - [2023-05-29 15:36:32,353] {dagbag.py:508} INFO - Filling up the DagBag from /home/airflow/.local/lib/python3.7/site-packages/airflow/example_dags/example_subdag_operator.py
[2023-05-29 15:36:32,374] {processor.py:651} INFO - DAG(s) dict_keys(['example_subdag_operator.section-1', 'example_subdag_operator.section-2', 'example_subdag_operator']) retrieved from /home/airflow/.local/lib/python3.7/site-packages/airflow/example_dags/example_subdag_operator.py
[2023-05-29 15:36:32,396] {logging_mixin.py:115} INFO - [2023-05-29 15:36:32,396] {dag.py:2420} INFO - Sync 3 DAGs
[2023-05-29 15:36:32,413] {logging_mixin.py:115} INFO - [2023-05-29 15:36:32,413] {dag.py:2972} INFO - Setting next_dagrun for example_subdag_operator to 2022-01-01T00:00:00+00:00, run_after=2022-01-01T00:00:00+00:00
[2023-05-29 15:36:32,413] {logging_mixin.py:115} INFO - [2023-05-29 15:36:32,413] {dag.py:2972} INFO - Setting next_dagrun for example_subdag_operator.section-1 to None, run_after=None
[2023-05-29 15:36:32,413] {logging_mixin.py:115} INFO - [2023-05-29 15:36:32,413] {dag.py:2972} INFO - Setting next_dagrun for example_subdag_operator.section-2 to None, run_after=None
[2023-05-29 15:36:32,419] {logging_mixin.py:115} INFO - [2023-05-29 15:36:32,419] {dag.py:2420} INFO - Sync 2 DAGs
[2023-05-29 15:36:32,424] {logging_mixin.py:115} INFO - [2023-05-29 15:36:32,424] {dag.py:2972} INFO - Setting next_dagrun for example_subdag_operator.section-1 to None, run_after=None
[2023-05-29 15:36:32,424] {logging_mixin.py:115} INFO - [2023-05-29 15:36:32,424] {dag.py:2972} INFO - Setting next_dagrun for example_subdag_operator.section-2 to None, run_after=None
[2023-05-29 15:36:32,430] {processor.py:161} INFO - Processing /home/airflow/.local/lib/python3.7/site-packages/airflow/example_dags/example_subdag_operator.py took 0.080 seconds
[2023-05-29 15:37:02,919] {processor.py:153} INFO - Started process (PID=1364) to work on /home/airflow/.local/lib/python3.7/site-packages/airflow/example_dags/example_subdag_operator.py
[2023-05-29 15:37:02,919] {processor.py:641} INFO - Processing file /home/airflow/.local/lib/python3.7/site-packages/airflow/example_dags/example_subdag_operator.py for tasks to queue
[2023-05-29 15:37:02,920] {logging_mixin.py:115} INFO - [2023-05-29 15:37:02,920] {dagbag.py:508} INFO - Filling up the DagBag from /home/airflow/.local/lib/python3.7/site-packages/airflow/example_dags/example_subdag_operator.py
[2023-05-29 15:37:02,939] {processor.py:651} INFO - DAG(s) dict_keys(['example_subdag_operator.section-1', 'example_subdag_operator.section-2', 'example_subdag_operator']) retrieved from /home/airflow/.local/lib/python3.7/site-packages/airflow/example_dags/example_subdag_operator.py
[2023-05-29 15:37:02,960] {logging_mixin.py:115} INFO - [2023-05-29 15:37:02,960] {dag.py:2420} INFO - Sync 3 DAGs
[2023-05-29 15:37:02,979] {logging_mixin.py:115} INFO - [2023-05-29 15:37:02,979] {dag.py:2972} INFO - Setting next_dagrun for example_subdag_operator to 2022-01-01T00:00:00+00:00, run_after=2022-01-01T00:00:00+00:00
[2023-05-29 15:37:02,979] {logging_mixin.py:115} INFO - [2023-05-29 15:37:02,979] {dag.py:2972} INFO - Setting next_dagrun for example_subdag_operator.section-1 to None, run_after=None
[2023-05-29 15:37:02,979] {logging_mixin.py:115} INFO - [2023-05-29 15:37:02,979] {dag.py:2972} INFO - Setting next_dagrun for example_subdag_operator.section-2 to None, run_after=None
[2023-05-29 15:37:02,984] {logging_mixin.py:115} INFO - [2023-05-29 15:37:02,984] {dag.py:2420} INFO - Sync 2 DAGs
[2023-05-29 15:37:02,989] {logging_mixin.py:115} INFO - [2023-05-29 15:37:02,989] {dag.py:2972} INFO - Setting next_dagrun for example_subdag_operator.section-1 to None, run_after=None
[2023-05-29 15:37:02,989] {logging_mixin.py:115} INFO - [2023-05-29 15:37:02,989] {dag.py:2972} INFO - Setting next_dagrun for example_subdag_operator.section-2 to None, run_after=None
[2023-05-29 15:37:02,996] {processor.py:161} INFO - Processing /home/airflow/.local/lib/python3.7/site-packages/airflow/example_dags/example_subdag_operator.py took 0.079 seconds
[2023-05-29 15:37:33,402] {processor.py:153} INFO - Started process (PID=1417) to work on /home/airflow/.local/lib/python3.7/site-packages/airflow/example_dags/example_subdag_operator.py
[2023-05-29 15:37:33,403] {processor.py:641} INFO - Processing file /home/airflow/.local/lib/python3.7/site-packages/airflow/example_dags/example_subdag_operator.py for tasks to queue
[2023-05-29 15:37:33,403] {logging_mixin.py:115} INFO - [2023-05-29 15:37:33,403] {dagbag.py:508} INFO - Filling up the DagBag from /home/airflow/.local/lib/python3.7/site-packages/airflow/example_dags/example_subdag_operator.py
[2023-05-29 15:37:33,425] {processor.py:651} INFO - DAG(s) dict_keys(['example_subdag_operator.section-1', 'example_subdag_operator.section-2', 'example_subdag_operator']) retrieved from /home/airflow/.local/lib/python3.7/site-packages/airflow/example_dags/example_subdag_operator.py
[2023-05-29 15:37:33,449] {logging_mixin.py:115} INFO - [2023-05-29 15:37:33,449] {dag.py:2420} INFO - Sync 3 DAGs
[2023-05-29 15:37:33,465] {logging_mixin.py:115} INFO - [2023-05-29 15:37:33,465] {dag.py:2972} INFO - Setting next_dagrun for example_subdag_operator to 2022-01-01T00:00:00+00:00, run_after=2022-01-01T00:00:00+00:00
[2023-05-29 15:37:33,465] {logging_mixin.py:115} INFO - [2023-05-29 15:37:33,465] {dag.py:2972} INFO - Setting next_dagrun for example_subdag_operator.section-1 to None, run_after=None
[2023-05-29 15:37:33,465] {logging_mixin.py:115} INFO - [2023-05-29 15:37:33,465] {dag.py:2972} INFO - Setting next_dagrun for example_subdag_operator.section-2 to None, run_after=None
[2023-05-29 15:37:33,473] {logging_mixin.py:115} INFO - [2023-05-29 15:37:33,473] {dag.py:2420} INFO - Sync 2 DAGs
[2023-05-29 15:37:33,479] {logging_mixin.py:115} INFO - [2023-05-29 15:37:33,479] {dag.py:2972} INFO - Setting next_dagrun for example_subdag_operator.section-1 to None, run_after=None
[2023-05-29 15:37:33,479] {logging_mixin.py:115} INFO - [2023-05-29 15:37:33,479] {dag.py:2972} INFO - Setting next_dagrun for example_subdag_operator.section-2 to None, run_after=None
[2023-05-29 15:37:33,492] {processor.py:161} INFO - Processing /home/airflow/.local/lib/python3.7/site-packages/airflow/example_dags/example_subdag_operator.py took 0.092 seconds
[2023-05-29 15:38:03,964] {processor.py:153} INFO - Started process (PID=1479) to work on /home/airflow/.local/lib/python3.7/site-packages/airflow/example_dags/example_subdag_operator.py
[2023-05-29 15:38:03,964] {processor.py:641} INFO - Processing file /home/airflow/.local/lib/python3.7/site-packages/airflow/example_dags/example_subdag_operator.py for tasks to queue
[2023-05-29 15:38:03,965] {logging_mixin.py:115} INFO - [2023-05-29 15:38:03,965] {dagbag.py:508} INFO - Filling up the DagBag from /home/airflow/.local/lib/python3.7/site-packages/airflow/example_dags/example_subdag_operator.py
[2023-05-29 15:38:03,986] {processor.py:651} INFO - DAG(s) dict_keys(['example_subdag_operator.section-1', 'example_subdag_operator.section-2', 'example_subdag_operator']) retrieved from /home/airflow/.local/lib/python3.7/site-packages/airflow/example_dags/example_subdag_operator.py
[2023-05-29 15:38:04,008] {logging_mixin.py:115} INFO - [2023-05-29 15:38:04,007] {dag.py:2420} INFO - Sync 3 DAGs
[2023-05-29 15:38:04,026] {logging_mixin.py:115} INFO - [2023-05-29 15:38:04,026] {dag.py:2972} INFO - Setting next_dagrun for example_subdag_operator to 2022-01-01T00:00:00+00:00, run_after=2022-01-01T00:00:00+00:00
[2023-05-29 15:38:04,026] {logging_mixin.py:115} INFO - [2023-05-29 15:38:04,026] {dag.py:2972} INFO - Setting next_dagrun for example_subdag_operator.section-1 to None, run_after=None
[2023-05-29 15:38:04,026] {logging_mixin.py:115} INFO - [2023-05-29 15:38:04,026] {dag.py:2972} INFO - Setting next_dagrun for example_subdag_operator.section-2 to None, run_after=None
[2023-05-29 15:38:04,032] {logging_mixin.py:115} INFO - [2023-05-29 15:38:04,032] {dag.py:2420} INFO - Sync 2 DAGs
[2023-05-29 15:38:04,037] {logging_mixin.py:115} INFO - [2023-05-29 15:38:04,037] {dag.py:2972} INFO - Setting next_dagrun for example_subdag_operator.section-1 to None, run_after=None
[2023-05-29 15:38:04,037] {logging_mixin.py:115} INFO - [2023-05-29 15:38:04,037] {dag.py:2972} INFO - Setting next_dagrun for example_subdag_operator.section-2 to None, run_after=None
[2023-05-29 15:38:04,044] {processor.py:161} INFO - Processing /home/airflow/.local/lib/python3.7/site-packages/airflow/example_dags/example_subdag_operator.py took 0.083 seconds
[2023-05-29 15:38:34,477] {processor.py:153} INFO - Started process (PID=1550) to work on /home/airflow/.local/lib/python3.7/site-packages/airflow/example_dags/example_subdag_operator.py
[2023-05-29 15:38:34,478] {processor.py:641} INFO - Processing file /home/airflow/.local/lib/python3.7/site-packages/airflow/example_dags/example_subdag_operator.py for tasks to queue
[2023-05-29 15:38:34,478] {logging_mixin.py:115} INFO - [2023-05-29 15:38:34,478] {dagbag.py:508} INFO - Filling up the DagBag from /home/airflow/.local/lib/python3.7/site-packages/airflow/example_dags/example_subdag_operator.py
[2023-05-29 15:38:34,498] {processor.py:651} INFO - DAG(s) dict_keys(['example_subdag_operator.section-1', 'example_subdag_operator.section-2', 'example_subdag_operator']) retrieved from /home/airflow/.local/lib/python3.7/site-packages/airflow/example_dags/example_subdag_operator.py
[2023-05-29 15:38:34,520] {logging_mixin.py:115} INFO - [2023-05-29 15:38:34,520] {dag.py:2420} INFO - Sync 3 DAGs
[2023-05-29 15:38:34,536] {logging_mixin.py:115} INFO - [2023-05-29 15:38:34,536] {dag.py:2972} INFO - Setting next_dagrun for example_subdag_operator to 2022-01-01T00:00:00+00:00, run_after=2022-01-01T00:00:00+00:00
[2023-05-29 15:38:34,536] {logging_mixin.py:115} INFO - [2023-05-29 15:38:34,536] {dag.py:2972} INFO - Setting next_dagrun for example_subdag_operator.section-1 to None, run_after=None
[2023-05-29 15:38:34,536] {logging_mixin.py:115} INFO - [2023-05-29 15:38:34,536] {dag.py:2972} INFO - Setting next_dagrun for example_subdag_operator.section-2 to None, run_after=None
[2023-05-29 15:38:34,542] {logging_mixin.py:115} INFO - [2023-05-29 15:38:34,542] {dag.py:2420} INFO - Sync 2 DAGs
[2023-05-29 15:38:34,547] {logging_mixin.py:115} INFO - [2023-05-29 15:38:34,547] {dag.py:2972} INFO - Setting next_dagrun for example_subdag_operator.section-1 to None, run_after=None
[2023-05-29 15:38:34,547] {logging_mixin.py:115} INFO - [2023-05-29 15:38:34,547] {dag.py:2972} INFO - Setting next_dagrun for example_subdag_operator.section-2 to None, run_after=None
[2023-05-29 15:38:34,555] {processor.py:161} INFO - Processing /home/airflow/.local/lib/python3.7/site-packages/airflow/example_dags/example_subdag_operator.py took 0.080 seconds
[2023-05-29 15:39:05,267] {processor.py:153} INFO - Started process (PID=1616) to work on /home/airflow/.local/lib/python3.7/site-packages/airflow/example_dags/example_subdag_operator.py
[2023-05-29 15:39:05,267] {processor.py:641} INFO - Processing file /home/airflow/.local/lib/python3.7/site-packages/airflow/example_dags/example_subdag_operator.py for tasks to queue
[2023-05-29 15:39:05,268] {logging_mixin.py:115} INFO - [2023-05-29 15:39:05,268] {dagbag.py:508} INFO - Filling up the DagBag from /home/airflow/.local/lib/python3.7/site-packages/airflow/example_dags/example_subdag_operator.py
[2023-05-29 15:39:05,294] {processor.py:651} INFO - DAG(s) dict_keys(['example_subdag_operator.section-1', 'example_subdag_operator.section-2', 'example_subdag_operator']) retrieved from /home/airflow/.local/lib/python3.7/site-packages/airflow/example_dags/example_subdag_operator.py
[2023-05-29 15:39:05,317] {logging_mixin.py:115} INFO - [2023-05-29 15:39:05,317] {dag.py:2420} INFO - Sync 3 DAGs
[2023-05-29 15:39:05,335] {logging_mixin.py:115} INFO - [2023-05-29 15:39:05,335] {dag.py:2972} INFO - Setting next_dagrun for example_subdag_operator to 2022-01-01T00:00:00+00:00, run_after=2022-01-01T00:00:00+00:00
[2023-05-29 15:39:05,335] {logging_mixin.py:115} INFO - [2023-05-29 15:39:05,335] {dag.py:2972} INFO - Setting next_dagrun for example_subdag_operator.section-1 to None, run_after=None
[2023-05-29 15:39:05,336] {logging_mixin.py:115} INFO - [2023-05-29 15:39:05,336] {dag.py:2972} INFO - Setting next_dagrun for example_subdag_operator.section-2 to None, run_after=None
[2023-05-29 15:39:05,342] {logging_mixin.py:115} INFO - [2023-05-29 15:39:05,341] {dag.py:2420} INFO - Sync 2 DAGs
[2023-05-29 15:39:05,346] {logging_mixin.py:115} INFO - [2023-05-29 15:39:05,346] {dag.py:2972} INFO - Setting next_dagrun for example_subdag_operator.section-1 to None, run_after=None
[2023-05-29 15:39:05,346] {logging_mixin.py:115} INFO - [2023-05-29 15:39:05,346] {dag.py:2972} INFO - Setting next_dagrun for example_subdag_operator.section-2 to None, run_after=None
[2023-05-29 15:39:05,353] {processor.py:161} INFO - Processing /home/airflow/.local/lib/python3.7/site-packages/airflow/example_dags/example_subdag_operator.py took 0.089 seconds
[2023-05-29 15:39:35,818] {processor.py:153} INFO - Started process (PID=1669) to work on /home/airflow/.local/lib/python3.7/site-packages/airflow/example_dags/example_subdag_operator.py
[2023-05-29 15:39:35,819] {processor.py:641} INFO - Processing file /home/airflow/.local/lib/python3.7/site-packages/airflow/example_dags/example_subdag_operator.py for tasks to queue
[2023-05-29 15:39:35,819] {logging_mixin.py:115} INFO - [2023-05-29 15:39:35,819] {dagbag.py:508} INFO - Filling up the DagBag from /home/airflow/.local/lib/python3.7/site-packages/airflow/example_dags/example_subdag_operator.py
[2023-05-29 15:39:35,845] {processor.py:651} INFO - DAG(s) dict_keys(['example_subdag_operator.section-1', 'example_subdag_operator.section-2', 'example_subdag_operator']) retrieved from /home/airflow/.local/lib/python3.7/site-packages/airflow/example_dags/example_subdag_operator.py
[2023-05-29 15:39:35,868] {logging_mixin.py:115} INFO - [2023-05-29 15:39:35,867] {dag.py:2420} INFO - Sync 3 DAGs
[2023-05-29 15:39:35,887] {logging_mixin.py:115} INFO - [2023-05-29 15:39:35,887] {dag.py:2972} INFO - Setting next_dagrun for example_subdag_operator to 2022-01-01T00:00:00+00:00, run_after=2022-01-01T00:00:00+00:00
[2023-05-29 15:39:35,887] {logging_mixin.py:115} INFO - [2023-05-29 15:39:35,887] {dag.py:2972} INFO - Setting next_dagrun for example_subdag_operator.section-1 to None, run_after=None
[2023-05-29 15:39:35,887] {logging_mixin.py:115} INFO - [2023-05-29 15:39:35,887] {dag.py:2972} INFO - Setting next_dagrun for example_subdag_operator.section-2 to None, run_after=None
[2023-05-29 15:39:35,894] {logging_mixin.py:115} INFO - [2023-05-29 15:39:35,894] {dag.py:2420} INFO - Sync 2 DAGs
[2023-05-29 15:39:35,900] {logging_mixin.py:115} INFO - [2023-05-29 15:39:35,900] {dag.py:2972} INFO - Setting next_dagrun for example_subdag_operator.section-1 to None, run_after=None
[2023-05-29 15:39:35,901] {logging_mixin.py:115} INFO - [2023-05-29 15:39:35,901] {dag.py:2972} INFO - Setting next_dagrun for example_subdag_operator.section-2 to None, run_after=None
[2023-05-29 15:39:35,909] {processor.py:161} INFO - Processing /home/airflow/.local/lib/python3.7/site-packages/airflow/example_dags/example_subdag_operator.py took 0.093 seconds
[2023-05-29 15:40:06,210] {processor.py:153} INFO - Started process (PID=1731) to work on /home/airflow/.local/lib/python3.7/site-packages/airflow/example_dags/example_subdag_operator.py
[2023-05-29 15:40:06,211] {processor.py:641} INFO - Processing file /home/airflow/.local/lib/python3.7/site-packages/airflow/example_dags/example_subdag_operator.py for tasks to queue
[2023-05-29 15:40:06,211] {logging_mixin.py:115} INFO - [2023-05-29 15:40:06,211] {dagbag.py:508} INFO - Filling up the DagBag from /home/airflow/.local/lib/python3.7/site-packages/airflow/example_dags/example_subdag_operator.py
[2023-05-29 15:40:06,230] {processor.py:651} INFO - DAG(s) dict_keys(['example_subdag_operator.section-1', 'example_subdag_operator.section-2', 'example_subdag_operator']) retrieved from /home/airflow/.local/lib/python3.7/site-packages/airflow/example_dags/example_subdag_operator.py
[2023-05-29 15:40:06,251] {logging_mixin.py:115} INFO - [2023-05-29 15:40:06,251] {dag.py:2420} INFO - Sync 3 DAGs
[2023-05-29 15:40:06,268] {logging_mixin.py:115} INFO - [2023-05-29 15:40:06,268] {dag.py:2972} INFO - Setting next_dagrun for example_subdag_operator to 2022-01-01T00:00:00+00:00, run_after=2022-01-01T00:00:00+00:00
[2023-05-29 15:40:06,268] {logging_mixin.py:115} INFO - [2023-05-29 15:40:06,268] {dag.py:2972} INFO - Setting next_dagrun for example_subdag_operator.section-1 to None, run_after=None
[2023-05-29 15:40:06,268] {logging_mixin.py:115} INFO - [2023-05-29 15:40:06,268] {dag.py:2972} INFO - Setting next_dagrun for example_subdag_operator.section-2 to None, run_after=None
[2023-05-29 15:40:06,274] {logging_mixin.py:115} INFO - [2023-05-29 15:40:06,273] {dag.py:2420} INFO - Sync 2 DAGs
[2023-05-29 15:40:06,278] {logging_mixin.py:115} INFO - [2023-05-29 15:40:06,278] {dag.py:2972} INFO - Setting next_dagrun for example_subdag_operator.section-1 to None, run_after=None
[2023-05-29 15:40:06,278] {logging_mixin.py:115} INFO - [2023-05-29 15:40:06,278] {dag.py:2972} INFO - Setting next_dagrun for example_subdag_operator.section-2 to None, run_after=None
[2023-05-29 15:40:06,284] {processor.py:161} INFO - Processing /home/airflow/.local/lib/python3.7/site-packages/airflow/example_dags/example_subdag_operator.py took 0.076 seconds
[2023-05-29 15:40:36,604] {processor.py:153} INFO - Started process (PID=1793) to work on /home/airflow/.local/lib/python3.7/site-packages/airflow/example_dags/example_subdag_operator.py
[2023-05-29 15:40:36,605] {processor.py:641} INFO - Processing file /home/airflow/.local/lib/python3.7/site-packages/airflow/example_dags/example_subdag_operator.py for tasks to queue
[2023-05-29 15:40:36,605] {logging_mixin.py:115} INFO - [2023-05-29 15:40:36,605] {dagbag.py:508} INFO - Filling up the DagBag from /home/airflow/.local/lib/python3.7/site-packages/airflow/example_dags/example_subdag_operator.py
[2023-05-29 15:40:36,625] {processor.py:651} INFO - DAG(s) dict_keys(['example_subdag_operator.section-1', 'example_subdag_operator.section-2', 'example_subdag_operator']) retrieved from /home/airflow/.local/lib/python3.7/site-packages/airflow/example_dags/example_subdag_operator.py
[2023-05-29 15:40:36,645] {logging_mixin.py:115} INFO - [2023-05-29 15:40:36,645] {dag.py:2420} INFO - Sync 3 DAGs
[2023-05-29 15:40:36,665] {logging_mixin.py:115} INFO - [2023-05-29 15:40:36,665] {dag.py:2972} INFO - Setting next_dagrun for example_subdag_operator to 2022-01-01T00:00:00+00:00, run_after=2022-01-01T00:00:00+00:00
[2023-05-29 15:40:36,665] {logging_mixin.py:115} INFO - [2023-05-29 15:40:36,665] {dag.py:2972} INFO - Setting next_dagrun for example_subdag_operator.section-1 to None, run_after=None
[2023-05-29 15:40:36,665] {logging_mixin.py:115} INFO - [2023-05-29 15:40:36,665] {dag.py:2972} INFO - Setting next_dagrun for example_subdag_operator.section-2 to None, run_after=None
[2023-05-29 15:40:36,671] {logging_mixin.py:115} INFO - [2023-05-29 15:40:36,670] {dag.py:2420} INFO - Sync 2 DAGs
[2023-05-29 15:40:36,676] {logging_mixin.py:115} INFO - [2023-05-29 15:40:36,676] {dag.py:2972} INFO - Setting next_dagrun for example_subdag_operator.section-1 to None, run_after=None
[2023-05-29 15:40:36,676] {logging_mixin.py:115} INFO - [2023-05-29 15:40:36,676] {dag.py:2972} INFO - Setting next_dagrun for example_subdag_operator.section-2 to None, run_after=None
[2023-05-29 15:40:36,685] {processor.py:161} INFO - Processing /home/airflow/.local/lib/python3.7/site-packages/airflow/example_dags/example_subdag_operator.py took 0.082 seconds
[2023-05-29 15:41:07,225] {processor.py:153} INFO - Started process (PID=1855) to work on /home/airflow/.local/lib/python3.7/site-packages/airflow/example_dags/example_subdag_operator.py
[2023-05-29 15:41:07,226] {processor.py:641} INFO - Processing file /home/airflow/.local/lib/python3.7/site-packages/airflow/example_dags/example_subdag_operator.py for tasks to queue
[2023-05-29 15:41:07,226] {logging_mixin.py:115} INFO - [2023-05-29 15:41:07,226] {dagbag.py:508} INFO - Filling up the DagBag from /home/airflow/.local/lib/python3.7/site-packages/airflow/example_dags/example_subdag_operator.py
[2023-05-29 15:41:07,248] {processor.py:651} INFO - DAG(s) dict_keys(['example_subdag_operator.section-1', 'example_subdag_operator.section-2', 'example_subdag_operator']) retrieved from /home/airflow/.local/lib/python3.7/site-packages/airflow/example_dags/example_subdag_operator.py
[2023-05-29 15:41:07,275] {logging_mixin.py:115} INFO - [2023-05-29 15:41:07,274] {dag.py:2420} INFO - Sync 3 DAGs
[2023-05-29 15:41:07,292] {logging_mixin.py:115} INFO - [2023-05-29 15:41:07,292] {dag.py:2972} INFO - Setting next_dagrun for example_subdag_operator to 2022-01-01T00:00:00+00:00, run_after=2022-01-01T00:00:00+00:00
[2023-05-29 15:41:07,293] {logging_mixin.py:115} INFO - [2023-05-29 15:41:07,293] {dag.py:2972} INFO - Setting next_dagrun for example_subdag_operator.section-1 to None, run_after=None
[2023-05-29 15:41:07,293] {logging_mixin.py:115} INFO - [2023-05-29 15:41:07,293] {dag.py:2972} INFO - Setting next_dagrun for example_subdag_operator.section-2 to None, run_after=None
[2023-05-29 15:41:07,299] {logging_mixin.py:115} INFO - [2023-05-29 15:41:07,299] {dag.py:2420} INFO - Sync 2 DAGs
[2023-05-29 15:41:07,306] {logging_mixin.py:115} INFO - [2023-05-29 15:41:07,306] {dag.py:2972} INFO - Setting next_dagrun for example_subdag_operator.section-1 to None, run_after=None
[2023-05-29 15:41:07,306] {logging_mixin.py:115} INFO - [2023-05-29 15:41:07,306] {dag.py:2972} INFO - Setting next_dagrun for example_subdag_operator.section-2 to None, run_after=None
[2023-05-29 15:41:07,316] {processor.py:161} INFO - Processing /home/airflow/.local/lib/python3.7/site-packages/airflow/example_dags/example_subdag_operator.py took 0.093 seconds
