[2023-05-29 15:18:20,804] {processor.py:153} INFO - Started process (PID=76) to work on /home/airflow/.local/lib/python3.7/site-packages/airflow/example_dags/example_dag_decorator.py
[2023-05-29 15:18:20,805] {processor.py:641} INFO - Processing file /home/airflow/.local/lib/python3.7/site-packages/airflow/example_dags/example_dag_decorator.py for tasks to queue
[2023-05-29 15:18:20,806] {logging_mixin.py:115} INFO - [2023-05-29 15:18:20,805] {dagbag.py:508} INFO - Filling up the DagBag from /home/airflow/.local/lib/python3.7/site-packages/airflow/example_dags/example_dag_decorator.py
[2023-05-29 15:18:20,836] {processor.py:651} INFO - DAG(s) dict_keys(['example_dag_decorator']) retrieved from /home/airflow/.local/lib/python3.7/site-packages/airflow/example_dags/example_dag_decorator.py
[2023-05-29 15:18:20,959] {logging_mixin.py:115} INFO - [2023-05-29 15:18:20,959] {manager.py:508} INFO - Created Permission View: can read on DAG:example_dag_decorator
[2023-05-29 15:18:21,008] {logging_mixin.py:115} INFO - [2023-05-29 15:18:21,008] {manager.py:508} INFO - Created Permission View: can delete on DAG:example_dag_decorator
[2023-05-29 15:18:21,039] {logging_mixin.py:115} INFO - [2023-05-29 15:18:21,039] {manager.py:508} INFO - Created Permission View: can edit on DAG:example_dag_decorator
[2023-05-29 15:18:21,040] {logging_mixin.py:115} INFO - [2023-05-29 15:18:21,040] {dag.py:2420} INFO - Sync 1 DAGs
[2023-05-29 15:18:21,050] {logging_mixin.py:115} INFO - [2023-05-29 15:18:21,050] {dag.py:2439} INFO - Creating ORM DAG for example_dag_decorator
[2023-05-29 15:18:21,064] {logging_mixin.py:115} INFO - [2023-05-29 15:18:21,064] {dag.py:2972} INFO - Setting next_dagrun for example_dag_decorator to None, run_after=None
[2023-05-29 15:18:21,092] {processor.py:161} INFO - Processing /home/airflow/.local/lib/python3.7/site-packages/airflow/example_dags/example_dag_decorator.py took 0.290 seconds
[2023-05-29 15:18:52,547] {processor.py:153} INFO - Started process (PID=128) to work on /home/airflow/.local/lib/python3.7/site-packages/airflow/example_dags/example_dag_decorator.py
[2023-05-29 15:18:52,630] {processor.py:641} INFO - Processing file /home/airflow/.local/lib/python3.7/site-packages/airflow/example_dags/example_dag_decorator.py for tasks to queue
[2023-05-29 15:18:52,630] {logging_mixin.py:115} INFO - [2023-05-29 15:18:52,630] {dagbag.py:508} INFO - Filling up the DagBag from /home/airflow/.local/lib/python3.7/site-packages/airflow/example_dags/example_dag_decorator.py
[2023-05-29 15:18:52,891] {processor.py:651} INFO - DAG(s) dict_keys(['example_dag_decorator']) retrieved from /home/airflow/.local/lib/python3.7/site-packages/airflow/example_dags/example_dag_decorator.py
[2023-05-29 15:18:52,944] {logging_mixin.py:115} INFO - [2023-05-29 15:18:52,944] {dag.py:2420} INFO - Sync 1 DAGs
[2023-05-29 15:18:52,960] {logging_mixin.py:115} INFO - [2023-05-29 15:18:52,960] {dag.py:2972} INFO - Setting next_dagrun for example_dag_decorator to None, run_after=None
[2023-05-29 15:18:53,196] {processor.py:161} INFO - Processing /home/airflow/.local/lib/python3.7/site-packages/airflow/example_dags/example_dag_decorator.py took 0.651 seconds
[2023-05-29 15:19:23,893] {processor.py:153} INFO - Started process (PID=189) to work on /home/airflow/.local/lib/python3.7/site-packages/airflow/example_dags/example_dag_decorator.py
[2023-05-29 15:19:23,905] {processor.py:641} INFO - Processing file /home/airflow/.local/lib/python3.7/site-packages/airflow/example_dags/example_dag_decorator.py for tasks to queue
[2023-05-29 15:19:23,906] {logging_mixin.py:115} INFO - [2023-05-29 15:19:23,906] {dagbag.py:508} INFO - Filling up the DagBag from /home/airflow/.local/lib/python3.7/site-packages/airflow/example_dags/example_dag_decorator.py
[2023-05-29 15:19:23,922] {processor.py:651} INFO - DAG(s) dict_keys(['example_dag_decorator']) retrieved from /home/airflow/.local/lib/python3.7/site-packages/airflow/example_dags/example_dag_decorator.py
[2023-05-29 15:19:23,978] {logging_mixin.py:115} INFO - [2023-05-29 15:19:23,978] {dag.py:2420} INFO - Sync 1 DAGs
[2023-05-29 15:19:23,995] {logging_mixin.py:115} INFO - [2023-05-29 15:19:23,995] {dag.py:2972} INFO - Setting next_dagrun for example_dag_decorator to None, run_after=None
[2023-05-29 15:19:24,011] {processor.py:161} INFO - Processing /home/airflow/.local/lib/python3.7/site-packages/airflow/example_dags/example_dag_decorator.py took 0.119 seconds
[2023-05-29 15:19:54,290] {processor.py:153} INFO - Started process (PID=250) to work on /home/airflow/.local/lib/python3.7/site-packages/airflow/example_dags/example_dag_decorator.py
[2023-05-29 15:19:54,301] {processor.py:641} INFO - Processing file /home/airflow/.local/lib/python3.7/site-packages/airflow/example_dags/example_dag_decorator.py for tasks to queue
[2023-05-29 15:19:54,301] {logging_mixin.py:115} INFO - [2023-05-29 15:19:54,301] {dagbag.py:508} INFO - Filling up the DagBag from /home/airflow/.local/lib/python3.7/site-packages/airflow/example_dags/example_dag_decorator.py
[2023-05-29 15:19:54,317] {processor.py:651} INFO - DAG(s) dict_keys(['example_dag_decorator']) retrieved from /home/airflow/.local/lib/python3.7/site-packages/airflow/example_dags/example_dag_decorator.py
[2023-05-29 15:19:54,375] {logging_mixin.py:115} INFO - [2023-05-29 15:19:54,375] {dag.py:2420} INFO - Sync 1 DAGs
[2023-05-29 15:19:54,393] {logging_mixin.py:115} INFO - [2023-05-29 15:19:54,392] {dag.py:2972} INFO - Setting next_dagrun for example_dag_decorator to None, run_after=None
[2023-05-29 15:19:54,406] {processor.py:161} INFO - Processing /home/airflow/.local/lib/python3.7/site-packages/airflow/example_dags/example_dag_decorator.py took 0.119 seconds
[2023-05-29 15:20:24,708] {processor.py:153} INFO - Started process (PID=311) to work on /home/airflow/.local/lib/python3.7/site-packages/airflow/example_dags/example_dag_decorator.py
[2023-05-29 15:20:24,708] {processor.py:641} INFO - Processing file /home/airflow/.local/lib/python3.7/site-packages/airflow/example_dags/example_dag_decorator.py for tasks to queue
[2023-05-29 15:20:24,708] {logging_mixin.py:115} INFO - [2023-05-29 15:20:24,708] {dagbag.py:508} INFO - Filling up the DagBag from /home/airflow/.local/lib/python3.7/site-packages/airflow/example_dags/example_dag_decorator.py
[2023-05-29 15:20:24,725] {processor.py:651} INFO - DAG(s) dict_keys(['example_dag_decorator']) retrieved from /home/airflow/.local/lib/python3.7/site-packages/airflow/example_dags/example_dag_decorator.py
[2023-05-29 15:20:24,787] {logging_mixin.py:115} INFO - [2023-05-29 15:20:24,787] {dag.py:2420} INFO - Sync 1 DAGs
[2023-05-29 15:20:24,806] {logging_mixin.py:115} INFO - [2023-05-29 15:20:24,806] {dag.py:2972} INFO - Setting next_dagrun for example_dag_decorator to None, run_after=None
[2023-05-29 15:20:24,823] {processor.py:161} INFO - Processing /home/airflow/.local/lib/python3.7/site-packages/airflow/example_dags/example_dag_decorator.py took 0.118 seconds
[2023-05-29 15:20:55,081] {processor.py:153} INFO - Started process (PID=363) to work on /home/airflow/.local/lib/python3.7/site-packages/airflow/example_dags/example_dag_decorator.py
[2023-05-29 15:20:55,081] {processor.py:641} INFO - Processing file /home/airflow/.local/lib/python3.7/site-packages/airflow/example_dags/example_dag_decorator.py for tasks to queue
[2023-05-29 15:20:55,082] {logging_mixin.py:115} INFO - [2023-05-29 15:20:55,082] {dagbag.py:508} INFO - Filling up the DagBag from /home/airflow/.local/lib/python3.7/site-packages/airflow/example_dags/example_dag_decorator.py
[2023-05-29 15:20:55,098] {processor.py:651} INFO - DAG(s) dict_keys(['example_dag_decorator']) retrieved from /home/airflow/.local/lib/python3.7/site-packages/airflow/example_dags/example_dag_decorator.py
[2023-05-29 15:20:55,153] {logging_mixin.py:115} INFO - [2023-05-29 15:20:55,153] {dag.py:2420} INFO - Sync 1 DAGs
[2023-05-29 15:20:55,169] {logging_mixin.py:115} INFO - [2023-05-29 15:20:55,169] {dag.py:2972} INFO - Setting next_dagrun for example_dag_decorator to None, run_after=None
[2023-05-29 15:20:55,181] {processor.py:161} INFO - Processing /home/airflow/.local/lib/python3.7/site-packages/airflow/example_dags/example_dag_decorator.py took 0.102 seconds
[2023-05-29 15:21:25,497] {processor.py:153} INFO - Started process (PID=425) to work on /home/airflow/.local/lib/python3.7/site-packages/airflow/example_dags/example_dag_decorator.py
[2023-05-29 15:21:25,508] {processor.py:641} INFO - Processing file /home/airflow/.local/lib/python3.7/site-packages/airflow/example_dags/example_dag_decorator.py for tasks to queue
[2023-05-29 15:21:25,509] {logging_mixin.py:115} INFO - [2023-05-29 15:21:25,509] {dagbag.py:508} INFO - Filling up the DagBag from /home/airflow/.local/lib/python3.7/site-packages/airflow/example_dags/example_dag_decorator.py
[2023-05-29 15:21:25,528] {processor.py:651} INFO - DAG(s) dict_keys(['example_dag_decorator']) retrieved from /home/airflow/.local/lib/python3.7/site-packages/airflow/example_dags/example_dag_decorator.py
[2023-05-29 15:21:25,546] {logging_mixin.py:115} INFO - [2023-05-29 15:21:25,546] {dag.py:2420} INFO - Sync 1 DAGs
[2023-05-29 15:21:25,563] {logging_mixin.py:115} INFO - [2023-05-29 15:21:25,563] {dag.py:2972} INFO - Setting next_dagrun for example_dag_decorator to None, run_after=None
[2023-05-29 15:21:25,573] {processor.py:161} INFO - Processing /home/airflow/.local/lib/python3.7/site-packages/airflow/example_dags/example_dag_decorator.py took 0.078 seconds
[2023-05-29 15:21:56,011] {processor.py:153} INFO - Started process (PID=486) to work on /home/airflow/.local/lib/python3.7/site-packages/airflow/example_dags/example_dag_decorator.py
[2023-05-29 15:21:56,012] {processor.py:641} INFO - Processing file /home/airflow/.local/lib/python3.7/site-packages/airflow/example_dags/example_dag_decorator.py for tasks to queue
[2023-05-29 15:21:56,012] {logging_mixin.py:115} INFO - [2023-05-29 15:21:56,012] {dagbag.py:508} INFO - Filling up the DagBag from /home/airflow/.local/lib/python3.7/site-packages/airflow/example_dags/example_dag_decorator.py
[2023-05-29 15:21:56,028] {processor.py:651} INFO - DAG(s) dict_keys(['example_dag_decorator']) retrieved from /home/airflow/.local/lib/python3.7/site-packages/airflow/example_dags/example_dag_decorator.py
[2023-05-29 15:21:56,092] {logging_mixin.py:115} INFO - [2023-05-29 15:21:56,092] {dag.py:2420} INFO - Sync 1 DAGs
[2023-05-29 15:21:56,110] {logging_mixin.py:115} INFO - [2023-05-29 15:21:56,110] {dag.py:2972} INFO - Setting next_dagrun for example_dag_decorator to None, run_after=None
[2023-05-29 15:21:56,122] {processor.py:161} INFO - Processing /home/airflow/.local/lib/python3.7/site-packages/airflow/example_dags/example_dag_decorator.py took 0.114 seconds
[2023-05-29 15:22:26,481] {processor.py:153} INFO - Started process (PID=546) to work on /home/airflow/.local/lib/python3.7/site-packages/airflow/example_dags/example_dag_decorator.py
[2023-05-29 15:22:26,486] {processor.py:641} INFO - Processing file /home/airflow/.local/lib/python3.7/site-packages/airflow/example_dags/example_dag_decorator.py for tasks to queue
[2023-05-29 15:22:26,486] {logging_mixin.py:115} INFO - [2023-05-29 15:22:26,486] {dagbag.py:508} INFO - Filling up the DagBag from /home/airflow/.local/lib/python3.7/site-packages/airflow/example_dags/example_dag_decorator.py
[2023-05-29 15:22:26,505] {processor.py:651} INFO - DAG(s) dict_keys(['example_dag_decorator']) retrieved from /home/airflow/.local/lib/python3.7/site-packages/airflow/example_dags/example_dag_decorator.py
[2023-05-29 15:22:26,528] {logging_mixin.py:115} INFO - [2023-05-29 15:22:26,528] {dag.py:2420} INFO - Sync 1 DAGs
[2023-05-29 15:22:26,550] {logging_mixin.py:115} INFO - [2023-05-29 15:22:26,550] {dag.py:2972} INFO - Setting next_dagrun for example_dag_decorator to None, run_after=None
[2023-05-29 15:22:26,564] {processor.py:161} INFO - Processing /home/airflow/.local/lib/python3.7/site-packages/airflow/example_dags/example_dag_decorator.py took 0.085 seconds
[2023-05-29 15:23:25,953] {processor.py:153} INFO - Started process (PID=66) to work on /home/airflow/.local/lib/python3.7/site-packages/airflow/example_dags/example_dag_decorator.py
[2023-05-29 15:23:25,954] {processor.py:641} INFO - Processing file /home/airflow/.local/lib/python3.7/site-packages/airflow/example_dags/example_dag_decorator.py for tasks to queue
[2023-05-29 15:23:25,955] {logging_mixin.py:115} INFO - [2023-05-29 15:23:25,954] {dagbag.py:508} INFO - Filling up the DagBag from /home/airflow/.local/lib/python3.7/site-packages/airflow/example_dags/example_dag_decorator.py
[2023-05-29 15:23:25,982] {processor.py:651} INFO - DAG(s) dict_keys(['example_dag_decorator']) retrieved from /home/airflow/.local/lib/python3.7/site-packages/airflow/example_dags/example_dag_decorator.py
[2023-05-29 15:23:26,048] {logging_mixin.py:115} INFO - [2023-05-29 15:23:26,048] {dag.py:2420} INFO - Sync 1 DAGs
[2023-05-29 15:23:26,078] {logging_mixin.py:115} INFO - [2023-05-29 15:23:26,078] {dag.py:2972} INFO - Setting next_dagrun for example_dag_decorator to None, run_after=None
[2023-05-29 15:23:26,101] {processor.py:161} INFO - Processing /home/airflow/.local/lib/python3.7/site-packages/airflow/example_dags/example_dag_decorator.py took 0.150 seconds
[2023-05-29 15:23:56,730] {processor.py:153} INFO - Started process (PID=127) to work on /home/airflow/.local/lib/python3.7/site-packages/airflow/example_dags/example_dag_decorator.py
[2023-05-29 15:23:56,730] {processor.py:641} INFO - Processing file /home/airflow/.local/lib/python3.7/site-packages/airflow/example_dags/example_dag_decorator.py for tasks to queue
[2023-05-29 15:23:56,731] {logging_mixin.py:115} INFO - [2023-05-29 15:23:56,731] {dagbag.py:508} INFO - Filling up the DagBag from /home/airflow/.local/lib/python3.7/site-packages/airflow/example_dags/example_dag_decorator.py
[2023-05-29 15:23:56,745] {processor.py:651} INFO - DAG(s) dict_keys(['example_dag_decorator']) retrieved from /home/airflow/.local/lib/python3.7/site-packages/airflow/example_dags/example_dag_decorator.py
[2023-05-29 15:23:56,795] {logging_mixin.py:115} INFO - [2023-05-29 15:23:56,795] {dag.py:2420} INFO - Sync 1 DAGs
[2023-05-29 15:23:56,811] {logging_mixin.py:115} INFO - [2023-05-29 15:23:56,811] {dag.py:2972} INFO - Setting next_dagrun for example_dag_decorator to None, run_after=None
[2023-05-29 15:23:56,824] {processor.py:161} INFO - Processing /home/airflow/.local/lib/python3.7/site-packages/airflow/example_dags/example_dag_decorator.py took 0.096 seconds
[2023-05-29 15:24:27,319] {processor.py:153} INFO - Started process (PID=188) to work on /home/airflow/.local/lib/python3.7/site-packages/airflow/example_dags/example_dag_decorator.py
[2023-05-29 15:24:27,320] {processor.py:641} INFO - Processing file /home/airflow/.local/lib/python3.7/site-packages/airflow/example_dags/example_dag_decorator.py for tasks to queue
[2023-05-29 15:24:27,320] {logging_mixin.py:115} INFO - [2023-05-29 15:24:27,320] {dagbag.py:508} INFO - Filling up the DagBag from /home/airflow/.local/lib/python3.7/site-packages/airflow/example_dags/example_dag_decorator.py
[2023-05-29 15:24:27,335] {processor.py:651} INFO - DAG(s) dict_keys(['example_dag_decorator']) retrieved from /home/airflow/.local/lib/python3.7/site-packages/airflow/example_dags/example_dag_decorator.py
[2023-05-29 15:24:27,389] {logging_mixin.py:115} INFO - [2023-05-29 15:24:27,389] {dag.py:2420} INFO - Sync 1 DAGs
[2023-05-29 15:24:27,406] {logging_mixin.py:115} INFO - [2023-05-29 15:24:27,406] {dag.py:2972} INFO - Setting next_dagrun for example_dag_decorator to None, run_after=None
[2023-05-29 15:24:27,418] {processor.py:161} INFO - Processing /home/airflow/.local/lib/python3.7/site-packages/airflow/example_dags/example_dag_decorator.py took 0.101 seconds
[2023-05-29 15:24:57,784] {processor.py:153} INFO - Started process (PID=249) to work on /home/airflow/.local/lib/python3.7/site-packages/airflow/example_dags/example_dag_decorator.py
[2023-05-29 15:24:57,785] {processor.py:641} INFO - Processing file /home/airflow/.local/lib/python3.7/site-packages/airflow/example_dags/example_dag_decorator.py for tasks to queue
[2023-05-29 15:24:57,785] {logging_mixin.py:115} INFO - [2023-05-29 15:24:57,785] {dagbag.py:508} INFO - Filling up the DagBag from /home/airflow/.local/lib/python3.7/site-packages/airflow/example_dags/example_dag_decorator.py
[2023-05-29 15:24:57,800] {processor.py:651} INFO - DAG(s) dict_keys(['example_dag_decorator']) retrieved from /home/airflow/.local/lib/python3.7/site-packages/airflow/example_dags/example_dag_decorator.py
[2023-05-29 15:24:57,853] {logging_mixin.py:115} INFO - [2023-05-29 15:24:57,853] {dag.py:2420} INFO - Sync 1 DAGs
[2023-05-29 15:24:57,869] {logging_mixin.py:115} INFO - [2023-05-29 15:24:57,869] {dag.py:2972} INFO - Setting next_dagrun for example_dag_decorator to None, run_after=None
[2023-05-29 15:24:57,880] {processor.py:161} INFO - Processing /home/airflow/.local/lib/python3.7/site-packages/airflow/example_dags/example_dag_decorator.py took 0.098 seconds
[2023-05-29 15:25:50,970] {processor.py:153} INFO - Started process (PID=67) to work on /home/airflow/.local/lib/python3.7/site-packages/airflow/example_dags/example_dag_decorator.py
[2023-05-29 15:25:50,971] {processor.py:641} INFO - Processing file /home/airflow/.local/lib/python3.7/site-packages/airflow/example_dags/example_dag_decorator.py for tasks to queue
[2023-05-29 15:25:50,971] {logging_mixin.py:115} INFO - [2023-05-29 15:25:50,971] {dagbag.py:508} INFO - Filling up the DagBag from /home/airflow/.local/lib/python3.7/site-packages/airflow/example_dags/example_dag_decorator.py
[2023-05-29 15:25:50,998] {processor.py:651} INFO - DAG(s) dict_keys(['example_dag_decorator']) retrieved from /home/airflow/.local/lib/python3.7/site-packages/airflow/example_dags/example_dag_decorator.py
[2023-05-29 15:25:51,107] {logging_mixin.py:115} INFO - [2023-05-29 15:25:51,107] {dag.py:2420} INFO - Sync 1 DAGs
[2023-05-29 15:25:51,137] {logging_mixin.py:115} INFO - [2023-05-29 15:25:51,136] {dag.py:2972} INFO - Setting next_dagrun for example_dag_decorator to None, run_after=None
[2023-05-29 15:25:51,154] {processor.py:161} INFO - Processing /home/airflow/.local/lib/python3.7/site-packages/airflow/example_dags/example_dag_decorator.py took 0.186 seconds
[2023-05-29 15:26:21,816] {processor.py:153} INFO - Started process (PID=128) to work on /home/airflow/.local/lib/python3.7/site-packages/airflow/example_dags/example_dag_decorator.py
[2023-05-29 15:26:21,817] {processor.py:641} INFO - Processing file /home/airflow/.local/lib/python3.7/site-packages/airflow/example_dags/example_dag_decorator.py for tasks to queue
[2023-05-29 15:26:21,817] {logging_mixin.py:115} INFO - [2023-05-29 15:26:21,817] {dagbag.py:508} INFO - Filling up the DagBag from /home/airflow/.local/lib/python3.7/site-packages/airflow/example_dags/example_dag_decorator.py
[2023-05-29 15:26:21,833] {processor.py:651} INFO - DAG(s) dict_keys(['example_dag_decorator']) retrieved from /home/airflow/.local/lib/python3.7/site-packages/airflow/example_dags/example_dag_decorator.py
[2023-05-29 15:26:21,882] {logging_mixin.py:115} INFO - [2023-05-29 15:26:21,882] {dag.py:2420} INFO - Sync 1 DAGs
[2023-05-29 15:26:21,897] {logging_mixin.py:115} INFO - [2023-05-29 15:26:21,897] {dag.py:2972} INFO - Setting next_dagrun for example_dag_decorator to None, run_after=None
[2023-05-29 15:26:21,912] {processor.py:161} INFO - Processing /home/airflow/.local/lib/python3.7/site-packages/airflow/example_dags/example_dag_decorator.py took 0.098 seconds
[2023-05-29 15:26:52,381] {processor.py:153} INFO - Started process (PID=189) to work on /home/airflow/.local/lib/python3.7/site-packages/airflow/example_dags/example_dag_decorator.py
[2023-05-29 15:26:52,381] {processor.py:641} INFO - Processing file /home/airflow/.local/lib/python3.7/site-packages/airflow/example_dags/example_dag_decorator.py for tasks to queue
[2023-05-29 15:26:52,382] {logging_mixin.py:115} INFO - [2023-05-29 15:26:52,382] {dagbag.py:508} INFO - Filling up the DagBag from /home/airflow/.local/lib/python3.7/site-packages/airflow/example_dags/example_dag_decorator.py
[2023-05-29 15:26:52,399] {processor.py:651} INFO - DAG(s) dict_keys(['example_dag_decorator']) retrieved from /home/airflow/.local/lib/python3.7/site-packages/airflow/example_dags/example_dag_decorator.py
[2023-05-29 15:26:52,453] {logging_mixin.py:115} INFO - [2023-05-29 15:26:52,453] {dag.py:2420} INFO - Sync 1 DAGs
[2023-05-29 15:26:52,472] {logging_mixin.py:115} INFO - [2023-05-29 15:26:52,472] {dag.py:2972} INFO - Setting next_dagrun for example_dag_decorator to None, run_after=None
[2023-05-29 15:26:52,485] {processor.py:161} INFO - Processing /home/airflow/.local/lib/python3.7/site-packages/airflow/example_dags/example_dag_decorator.py took 0.107 seconds
[2023-05-29 15:27:22,925] {processor.py:153} INFO - Started process (PID=250) to work on /home/airflow/.local/lib/python3.7/site-packages/airflow/example_dags/example_dag_decorator.py
[2023-05-29 15:27:22,926] {processor.py:641} INFO - Processing file /home/airflow/.local/lib/python3.7/site-packages/airflow/example_dags/example_dag_decorator.py for tasks to queue
[2023-05-29 15:27:22,927] {logging_mixin.py:115} INFO - [2023-05-29 15:27:22,927] {dagbag.py:508} INFO - Filling up the DagBag from /home/airflow/.local/lib/python3.7/site-packages/airflow/example_dags/example_dag_decorator.py
[2023-05-29 15:27:22,951] {processor.py:651} INFO - DAG(s) dict_keys(['example_dag_decorator']) retrieved from /home/airflow/.local/lib/python3.7/site-packages/airflow/example_dags/example_dag_decorator.py
[2023-05-29 15:27:23,027] {logging_mixin.py:115} INFO - [2023-05-29 15:27:23,026] {dag.py:2420} INFO - Sync 1 DAGs
[2023-05-29 15:27:23,056] {logging_mixin.py:115} INFO - [2023-05-29 15:27:23,055] {dag.py:2972} INFO - Setting next_dagrun for example_dag_decorator to None, run_after=None
[2023-05-29 15:27:23,081] {processor.py:161} INFO - Processing /home/airflow/.local/lib/python3.7/site-packages/airflow/example_dags/example_dag_decorator.py took 0.159 seconds
[2023-05-29 15:27:53,557] {processor.py:153} INFO - Started process (PID=302) to work on /home/airflow/.local/lib/python3.7/site-packages/airflow/example_dags/example_dag_decorator.py
[2023-05-29 15:27:53,557] {processor.py:641} INFO - Processing file /home/airflow/.local/lib/python3.7/site-packages/airflow/example_dags/example_dag_decorator.py for tasks to queue
[2023-05-29 15:27:53,557] {logging_mixin.py:115} INFO - [2023-05-29 15:27:53,557] {dagbag.py:508} INFO - Filling up the DagBag from /home/airflow/.local/lib/python3.7/site-packages/airflow/example_dags/example_dag_decorator.py
[2023-05-29 15:27:53,572] {processor.py:651} INFO - DAG(s) dict_keys(['example_dag_decorator']) retrieved from /home/airflow/.local/lib/python3.7/site-packages/airflow/example_dags/example_dag_decorator.py
[2023-05-29 15:27:53,590] {logging_mixin.py:115} INFO - [2023-05-29 15:27:53,590] {dag.py:2420} INFO - Sync 1 DAGs
[2023-05-29 15:27:53,606] {logging_mixin.py:115} INFO - [2023-05-29 15:27:53,606] {dag.py:2972} INFO - Setting next_dagrun for example_dag_decorator to None, run_after=None
[2023-05-29 15:27:53,617] {processor.py:161} INFO - Processing /home/airflow/.local/lib/python3.7/site-packages/airflow/example_dags/example_dag_decorator.py took 0.063 seconds
[2023-05-29 15:28:23,962] {processor.py:153} INFO - Started process (PID=363) to work on /home/airflow/.local/lib/python3.7/site-packages/airflow/example_dags/example_dag_decorator.py
[2023-05-29 15:28:23,962] {processor.py:641} INFO - Processing file /home/airflow/.local/lib/python3.7/site-packages/airflow/example_dags/example_dag_decorator.py for tasks to queue
[2023-05-29 15:28:23,963] {logging_mixin.py:115} INFO - [2023-05-29 15:28:23,962] {dagbag.py:508} INFO - Filling up the DagBag from /home/airflow/.local/lib/python3.7/site-packages/airflow/example_dags/example_dag_decorator.py
[2023-05-29 15:28:23,977] {processor.py:651} INFO - DAG(s) dict_keys(['example_dag_decorator']) retrieved from /home/airflow/.local/lib/python3.7/site-packages/airflow/example_dags/example_dag_decorator.py
[2023-05-29 15:28:24,029] {logging_mixin.py:115} INFO - [2023-05-29 15:28:24,028] {dag.py:2420} INFO - Sync 1 DAGs
[2023-05-29 15:28:24,044] {logging_mixin.py:115} INFO - [2023-05-29 15:28:24,044] {dag.py:2972} INFO - Setting next_dagrun for example_dag_decorator to None, run_after=None
[2023-05-29 15:28:24,056] {processor.py:161} INFO - Processing /home/airflow/.local/lib/python3.7/site-packages/airflow/example_dags/example_dag_decorator.py took 0.096 seconds
[2023-05-29 15:28:54,529] {processor.py:153} INFO - Started process (PID=424) to work on /home/airflow/.local/lib/python3.7/site-packages/airflow/example_dags/example_dag_decorator.py
[2023-05-29 15:28:54,529] {processor.py:641} INFO - Processing file /home/airflow/.local/lib/python3.7/site-packages/airflow/example_dags/example_dag_decorator.py for tasks to queue
[2023-05-29 15:28:54,530] {logging_mixin.py:115} INFO - [2023-05-29 15:28:54,530] {dagbag.py:508} INFO - Filling up the DagBag from /home/airflow/.local/lib/python3.7/site-packages/airflow/example_dags/example_dag_decorator.py
[2023-05-29 15:28:54,545] {processor.py:651} INFO - DAG(s) dict_keys(['example_dag_decorator']) retrieved from /home/airflow/.local/lib/python3.7/site-packages/airflow/example_dags/example_dag_decorator.py
[2023-05-29 15:28:54,564] {logging_mixin.py:115} INFO - [2023-05-29 15:28:54,564] {dag.py:2420} INFO - Sync 1 DAGs
[2023-05-29 15:28:54,581] {logging_mixin.py:115} INFO - [2023-05-29 15:28:54,581] {dag.py:2972} INFO - Setting next_dagrun for example_dag_decorator to None, run_after=None
[2023-05-29 15:28:54,594] {processor.py:161} INFO - Processing /home/airflow/.local/lib/python3.7/site-packages/airflow/example_dags/example_dag_decorator.py took 0.067 seconds
[2023-05-29 15:29:25,042] {processor.py:153} INFO - Started process (PID=486) to work on /home/airflow/.local/lib/python3.7/site-packages/airflow/example_dags/example_dag_decorator.py
[2023-05-29 15:29:25,042] {processor.py:641} INFO - Processing file /home/airflow/.local/lib/python3.7/site-packages/airflow/example_dags/example_dag_decorator.py for tasks to queue
[2023-05-29 15:29:25,043] {logging_mixin.py:115} INFO - [2023-05-29 15:29:25,042] {dagbag.py:508} INFO - Filling up the DagBag from /home/airflow/.local/lib/python3.7/site-packages/airflow/example_dags/example_dag_decorator.py
[2023-05-29 15:29:25,057] {processor.py:651} INFO - DAG(s) dict_keys(['example_dag_decorator']) retrieved from /home/airflow/.local/lib/python3.7/site-packages/airflow/example_dags/example_dag_decorator.py
[2023-05-29 15:29:25,108] {logging_mixin.py:115} INFO - [2023-05-29 15:29:25,108] {dag.py:2420} INFO - Sync 1 DAGs
[2023-05-29 15:29:25,124] {logging_mixin.py:115} INFO - [2023-05-29 15:29:25,124] {dag.py:2972} INFO - Setting next_dagrun for example_dag_decorator to None, run_after=None
[2023-05-29 15:29:25,135] {processor.py:161} INFO - Processing /home/airflow/.local/lib/python3.7/site-packages/airflow/example_dags/example_dag_decorator.py took 0.096 seconds
[2023-05-29 15:29:55,576] {processor.py:153} INFO - Started process (PID=538) to work on /home/airflow/.local/lib/python3.7/site-packages/airflow/example_dags/example_dag_decorator.py
[2023-05-29 15:29:55,576] {processor.py:641} INFO - Processing file /home/airflow/.local/lib/python3.7/site-packages/airflow/example_dags/example_dag_decorator.py for tasks to queue
[2023-05-29 15:29:55,577] {logging_mixin.py:115} INFO - [2023-05-29 15:29:55,577] {dagbag.py:508} INFO - Filling up the DagBag from /home/airflow/.local/lib/python3.7/site-packages/airflow/example_dags/example_dag_decorator.py
[2023-05-29 15:29:55,591] {processor.py:651} INFO - DAG(s) dict_keys(['example_dag_decorator']) retrieved from /home/airflow/.local/lib/python3.7/site-packages/airflow/example_dags/example_dag_decorator.py
[2023-05-29 15:29:55,638] {logging_mixin.py:115} INFO - [2023-05-29 15:29:55,638] {dag.py:2420} INFO - Sync 1 DAGs
[2023-05-29 15:29:55,655] {logging_mixin.py:115} INFO - [2023-05-29 15:29:55,654] {dag.py:2972} INFO - Setting next_dagrun for example_dag_decorator to None, run_after=None
[2023-05-29 15:29:55,666] {processor.py:161} INFO - Processing /home/airflow/.local/lib/python3.7/site-packages/airflow/example_dags/example_dag_decorator.py took 0.092 seconds
[2023-05-29 15:30:26,180] {processor.py:153} INFO - Started process (PID=599) to work on /home/airflow/.local/lib/python3.7/site-packages/airflow/example_dags/example_dag_decorator.py
[2023-05-29 15:30:26,193] {processor.py:641} INFO - Processing file /home/airflow/.local/lib/python3.7/site-packages/airflow/example_dags/example_dag_decorator.py for tasks to queue
[2023-05-29 15:30:26,194] {logging_mixin.py:115} INFO - [2023-05-29 15:30:26,193] {dagbag.py:508} INFO - Filling up the DagBag from /home/airflow/.local/lib/python3.7/site-packages/airflow/example_dags/example_dag_decorator.py
[2023-05-29 15:30:26,207] {processor.py:651} INFO - DAG(s) dict_keys(['example_dag_decorator']) retrieved from /home/airflow/.local/lib/python3.7/site-packages/airflow/example_dags/example_dag_decorator.py
[2023-05-29 15:30:26,255] {logging_mixin.py:115} INFO - [2023-05-29 15:30:26,255] {dag.py:2420} INFO - Sync 1 DAGs
[2023-05-29 15:30:26,270] {logging_mixin.py:115} INFO - [2023-05-29 15:30:26,269] {dag.py:2972} INFO - Setting next_dagrun for example_dag_decorator to None, run_after=None
[2023-05-29 15:30:26,281] {processor.py:161} INFO - Processing /home/airflow/.local/lib/python3.7/site-packages/airflow/example_dags/example_dag_decorator.py took 0.103 seconds
[2023-05-29 15:30:56,809] {processor.py:153} INFO - Started process (PID=660) to work on /home/airflow/.local/lib/python3.7/site-packages/airflow/example_dags/example_dag_decorator.py
[2023-05-29 15:30:56,809] {processor.py:641} INFO - Processing file /home/airflow/.local/lib/python3.7/site-packages/airflow/example_dags/example_dag_decorator.py for tasks to queue
[2023-05-29 15:30:56,810] {logging_mixin.py:115} INFO - [2023-05-29 15:30:56,810] {dagbag.py:508} INFO - Filling up the DagBag from /home/airflow/.local/lib/python3.7/site-packages/airflow/example_dags/example_dag_decorator.py
[2023-05-29 15:30:56,825] {processor.py:651} INFO - DAG(s) dict_keys(['example_dag_decorator']) retrieved from /home/airflow/.local/lib/python3.7/site-packages/airflow/example_dags/example_dag_decorator.py
[2023-05-29 15:30:56,876] {logging_mixin.py:115} INFO - [2023-05-29 15:30:56,875] {dag.py:2420} INFO - Sync 1 DAGs
[2023-05-29 15:30:56,891] {logging_mixin.py:115} INFO - [2023-05-29 15:30:56,891] {dag.py:2972} INFO - Setting next_dagrun for example_dag_decorator to None, run_after=None
[2023-05-29 15:30:56,903] {processor.py:161} INFO - Processing /home/airflow/.local/lib/python3.7/site-packages/airflow/example_dags/example_dag_decorator.py took 0.096 seconds
[2023-05-29 15:31:27,327] {processor.py:153} INFO - Started process (PID=721) to work on /home/airflow/.local/lib/python3.7/site-packages/airflow/example_dags/example_dag_decorator.py
[2023-05-29 15:31:27,328] {processor.py:641} INFO - Processing file /home/airflow/.local/lib/python3.7/site-packages/airflow/example_dags/example_dag_decorator.py for tasks to queue
[2023-05-29 15:31:27,328] {logging_mixin.py:115} INFO - [2023-05-29 15:31:27,328] {dagbag.py:508} INFO - Filling up the DagBag from /home/airflow/.local/lib/python3.7/site-packages/airflow/example_dags/example_dag_decorator.py
[2023-05-29 15:31:27,342] {processor.py:651} INFO - DAG(s) dict_keys(['example_dag_decorator']) retrieved from /home/airflow/.local/lib/python3.7/site-packages/airflow/example_dags/example_dag_decorator.py
[2023-05-29 15:31:27,391] {logging_mixin.py:115} INFO - [2023-05-29 15:31:27,391] {dag.py:2420} INFO - Sync 1 DAGs
[2023-05-29 15:31:27,406] {logging_mixin.py:115} INFO - [2023-05-29 15:31:27,406] {dag.py:2972} INFO - Setting next_dagrun for example_dag_decorator to None, run_after=None
[2023-05-29 15:31:27,418] {processor.py:161} INFO - Processing /home/airflow/.local/lib/python3.7/site-packages/airflow/example_dags/example_dag_decorator.py took 0.092 seconds
[2023-05-29 15:31:57,789] {processor.py:153} INFO - Started process (PID=772) to work on /home/airflow/.local/lib/python3.7/site-packages/airflow/example_dags/example_dag_decorator.py
[2023-05-29 15:31:57,789] {processor.py:641} INFO - Processing file /home/airflow/.local/lib/python3.7/site-packages/airflow/example_dags/example_dag_decorator.py for tasks to queue
[2023-05-29 15:31:57,790] {logging_mixin.py:115} INFO - [2023-05-29 15:31:57,790] {dagbag.py:508} INFO - Filling up the DagBag from /home/airflow/.local/lib/python3.7/site-packages/airflow/example_dags/example_dag_decorator.py
[2023-05-29 15:31:57,804] {processor.py:651} INFO - DAG(s) dict_keys(['example_dag_decorator']) retrieved from /home/airflow/.local/lib/python3.7/site-packages/airflow/example_dags/example_dag_decorator.py
[2023-05-29 15:31:57,851] {logging_mixin.py:115} INFO - [2023-05-29 15:31:57,851] {dag.py:2420} INFO - Sync 1 DAGs
[2023-05-29 15:31:57,867] {logging_mixin.py:115} INFO - [2023-05-29 15:31:57,866] {dag.py:2972} INFO - Setting next_dagrun for example_dag_decorator to None, run_after=None
[2023-05-29 15:31:57,879] {processor.py:161} INFO - Processing /home/airflow/.local/lib/python3.7/site-packages/airflow/example_dags/example_dag_decorator.py took 0.092 seconds
[2023-05-29 15:32:28,359] {processor.py:153} INFO - Started process (PID=834) to work on /home/airflow/.local/lib/python3.7/site-packages/airflow/example_dags/example_dag_decorator.py
[2023-05-29 15:32:28,359] {processor.py:641} INFO - Processing file /home/airflow/.local/lib/python3.7/site-packages/airflow/example_dags/example_dag_decorator.py for tasks to queue
[2023-05-29 15:32:28,359] {logging_mixin.py:115} INFO - [2023-05-29 15:32:28,359] {dagbag.py:508} INFO - Filling up the DagBag from /home/airflow/.local/lib/python3.7/site-packages/airflow/example_dags/example_dag_decorator.py
[2023-05-29 15:32:28,375] {processor.py:651} INFO - DAG(s) dict_keys(['example_dag_decorator']) retrieved from /home/airflow/.local/lib/python3.7/site-packages/airflow/example_dags/example_dag_decorator.py
[2023-05-29 15:32:28,423] {logging_mixin.py:115} INFO - [2023-05-29 15:32:28,423] {dag.py:2420} INFO - Sync 1 DAGs
[2023-05-29 15:32:28,438] {logging_mixin.py:115} INFO - [2023-05-29 15:32:28,438] {dag.py:2972} INFO - Setting next_dagrun for example_dag_decorator to None, run_after=None
[2023-05-29 15:32:28,450] {processor.py:161} INFO - Processing /home/airflow/.local/lib/python3.7/site-packages/airflow/example_dags/example_dag_decorator.py took 0.093 seconds
[2023-05-29 15:32:58,680] {processor.py:153} INFO - Started process (PID=894) to work on /home/airflow/.local/lib/python3.7/site-packages/airflow/example_dags/example_dag_decorator.py
[2023-05-29 15:32:58,681] {processor.py:641} INFO - Processing file /home/airflow/.local/lib/python3.7/site-packages/airflow/example_dags/example_dag_decorator.py for tasks to queue
[2023-05-29 15:32:58,681] {logging_mixin.py:115} INFO - [2023-05-29 15:32:58,681] {dagbag.py:508} INFO - Filling up the DagBag from /home/airflow/.local/lib/python3.7/site-packages/airflow/example_dags/example_dag_decorator.py
[2023-05-29 15:32:58,696] {processor.py:651} INFO - DAG(s) dict_keys(['example_dag_decorator']) retrieved from /home/airflow/.local/lib/python3.7/site-packages/airflow/example_dags/example_dag_decorator.py
[2023-05-29 15:32:58,745] {logging_mixin.py:115} INFO - [2023-05-29 15:32:58,744] {dag.py:2420} INFO - Sync 1 DAGs
[2023-05-29 15:32:58,760] {logging_mixin.py:115} INFO - [2023-05-29 15:32:58,760] {dag.py:2972} INFO - Setting next_dagrun for example_dag_decorator to None, run_after=None
[2023-05-29 15:32:58,771] {processor.py:161} INFO - Processing /home/airflow/.local/lib/python3.7/site-packages/airflow/example_dags/example_dag_decorator.py took 0.093 seconds
[2023-05-29 15:33:29,274] {processor.py:153} INFO - Started process (PID=955) to work on /home/airflow/.local/lib/python3.7/site-packages/airflow/example_dags/example_dag_decorator.py
[2023-05-29 15:33:29,275] {processor.py:641} INFO - Processing file /home/airflow/.local/lib/python3.7/site-packages/airflow/example_dags/example_dag_decorator.py for tasks to queue
[2023-05-29 15:33:29,275] {logging_mixin.py:115} INFO - [2023-05-29 15:33:29,275] {dagbag.py:508} INFO - Filling up the DagBag from /home/airflow/.local/lib/python3.7/site-packages/airflow/example_dags/example_dag_decorator.py
[2023-05-29 15:33:29,292] {processor.py:651} INFO - DAG(s) dict_keys(['example_dag_decorator']) retrieved from /home/airflow/.local/lib/python3.7/site-packages/airflow/example_dags/example_dag_decorator.py
[2023-05-29 15:33:29,355] {logging_mixin.py:115} INFO - [2023-05-29 15:33:29,354] {dag.py:2420} INFO - Sync 1 DAGs
[2023-05-29 15:33:29,374] {logging_mixin.py:115} INFO - [2023-05-29 15:33:29,374] {dag.py:2972} INFO - Setting next_dagrun for example_dag_decorator to None, run_after=None
[2023-05-29 15:33:29,390] {processor.py:161} INFO - Processing /home/airflow/.local/lib/python3.7/site-packages/airflow/example_dags/example_dag_decorator.py took 0.119 seconds
[2023-05-29 15:33:59,749] {processor.py:153} INFO - Started process (PID=1007) to work on /home/airflow/.local/lib/python3.7/site-packages/airflow/example_dags/example_dag_decorator.py
[2023-05-29 15:33:59,750] {processor.py:641} INFO - Processing file /home/airflow/.local/lib/python3.7/site-packages/airflow/example_dags/example_dag_decorator.py for tasks to queue
[2023-05-29 15:33:59,750] {logging_mixin.py:115} INFO - [2023-05-29 15:33:59,750] {dagbag.py:508} INFO - Filling up the DagBag from /home/airflow/.local/lib/python3.7/site-packages/airflow/example_dags/example_dag_decorator.py
[2023-05-29 15:33:59,766] {processor.py:651} INFO - DAG(s) dict_keys(['example_dag_decorator']) retrieved from /home/airflow/.local/lib/python3.7/site-packages/airflow/example_dags/example_dag_decorator.py
[2023-05-29 15:33:59,817] {logging_mixin.py:115} INFO - [2023-05-29 15:33:59,817] {dag.py:2420} INFO - Sync 1 DAGs
[2023-05-29 15:33:59,835] {logging_mixin.py:115} INFO - [2023-05-29 15:33:59,834] {dag.py:2972} INFO - Setting next_dagrun for example_dag_decorator to None, run_after=None
[2023-05-29 15:33:59,847] {processor.py:161} INFO - Processing /home/airflow/.local/lib/python3.7/site-packages/airflow/example_dags/example_dag_decorator.py took 0.100 seconds
[2023-05-29 15:34:30,217] {processor.py:153} INFO - Started process (PID=1068) to work on /home/airflow/.local/lib/python3.7/site-packages/airflow/example_dags/example_dag_decorator.py
[2023-05-29 15:34:30,217] {processor.py:641} INFO - Processing file /home/airflow/.local/lib/python3.7/site-packages/airflow/example_dags/example_dag_decorator.py for tasks to queue
[2023-05-29 15:34:30,217] {logging_mixin.py:115} INFO - [2023-05-29 15:34:30,217] {dagbag.py:508} INFO - Filling up the DagBag from /home/airflow/.local/lib/python3.7/site-packages/airflow/example_dags/example_dag_decorator.py
[2023-05-29 15:34:30,232] {processor.py:651} INFO - DAG(s) dict_keys(['example_dag_decorator']) retrieved from /home/airflow/.local/lib/python3.7/site-packages/airflow/example_dags/example_dag_decorator.py
[2023-05-29 15:34:30,283] {logging_mixin.py:115} INFO - [2023-05-29 15:34:30,282] {dag.py:2420} INFO - Sync 1 DAGs
[2023-05-29 15:34:30,299] {logging_mixin.py:115} INFO - [2023-05-29 15:34:30,299] {dag.py:2972} INFO - Setting next_dagrun for example_dag_decorator to None, run_after=None
[2023-05-29 15:34:30,313] {processor.py:161} INFO - Processing /home/airflow/.local/lib/python3.7/site-packages/airflow/example_dags/example_dag_decorator.py took 0.099 seconds
[2023-05-29 15:35:00,672] {processor.py:153} INFO - Started process (PID=1129) to work on /home/airflow/.local/lib/python3.7/site-packages/airflow/example_dags/example_dag_decorator.py
[2023-05-29 15:35:00,672] {processor.py:641} INFO - Processing file /home/airflow/.local/lib/python3.7/site-packages/airflow/example_dags/example_dag_decorator.py for tasks to queue
[2023-05-29 15:35:00,673] {logging_mixin.py:115} INFO - [2023-05-29 15:35:00,673] {dagbag.py:508} INFO - Filling up the DagBag from /home/airflow/.local/lib/python3.7/site-packages/airflow/example_dags/example_dag_decorator.py
[2023-05-29 15:35:00,687] {processor.py:651} INFO - DAG(s) dict_keys(['example_dag_decorator']) retrieved from /home/airflow/.local/lib/python3.7/site-packages/airflow/example_dags/example_dag_decorator.py
[2023-05-29 15:35:00,706] {logging_mixin.py:115} INFO - [2023-05-29 15:35:00,706] {dag.py:2420} INFO - Sync 1 DAGs
[2023-05-29 15:35:00,722] {logging_mixin.py:115} INFO - [2023-05-29 15:35:00,722] {dag.py:2972} INFO - Setting next_dagrun for example_dag_decorator to None, run_after=None
[2023-05-29 15:35:00,732] {processor.py:161} INFO - Processing /home/airflow/.local/lib/python3.7/site-packages/airflow/example_dags/example_dag_decorator.py took 0.062 seconds
[2023-05-29 15:35:31,384] {processor.py:153} INFO - Started process (PID=1190) to work on /home/airflow/.local/lib/python3.7/site-packages/airflow/example_dags/example_dag_decorator.py
[2023-05-29 15:35:31,385] {processor.py:641} INFO - Processing file /home/airflow/.local/lib/python3.7/site-packages/airflow/example_dags/example_dag_decorator.py for tasks to queue
[2023-05-29 15:35:31,385] {logging_mixin.py:115} INFO - [2023-05-29 15:35:31,385] {dagbag.py:508} INFO - Filling up the DagBag from /home/airflow/.local/lib/python3.7/site-packages/airflow/example_dags/example_dag_decorator.py
[2023-05-29 15:35:31,402] {processor.py:651} INFO - DAG(s) dict_keys(['example_dag_decorator']) retrieved from /home/airflow/.local/lib/python3.7/site-packages/airflow/example_dags/example_dag_decorator.py
[2023-05-29 15:35:31,457] {logging_mixin.py:115} INFO - [2023-05-29 15:35:31,457] {dag.py:2420} INFO - Sync 1 DAGs
[2023-05-29 15:35:31,475] {logging_mixin.py:115} INFO - [2023-05-29 15:35:31,475] {dag.py:2972} INFO - Setting next_dagrun for example_dag_decorator to None, run_after=None
[2023-05-29 15:35:31,490] {processor.py:161} INFO - Processing /home/airflow/.local/lib/python3.7/site-packages/airflow/example_dags/example_dag_decorator.py took 0.109 seconds
[2023-05-29 15:36:01,957] {processor.py:153} INFO - Started process (PID=1243) to work on /home/airflow/.local/lib/python3.7/site-packages/airflow/example_dags/example_dag_decorator.py
[2023-05-29 15:36:01,958] {processor.py:641} INFO - Processing file /home/airflow/.local/lib/python3.7/site-packages/airflow/example_dags/example_dag_decorator.py for tasks to queue
[2023-05-29 15:36:01,958] {logging_mixin.py:115} INFO - [2023-05-29 15:36:01,958] {dagbag.py:508} INFO - Filling up the DagBag from /home/airflow/.local/lib/python3.7/site-packages/airflow/example_dags/example_dag_decorator.py
[2023-05-29 15:36:01,974] {processor.py:651} INFO - DAG(s) dict_keys(['example_dag_decorator']) retrieved from /home/airflow/.local/lib/python3.7/site-packages/airflow/example_dags/example_dag_decorator.py
[2023-05-29 15:36:02,031] {logging_mixin.py:115} INFO - [2023-05-29 15:36:02,030] {dag.py:2420} INFO - Sync 1 DAGs
[2023-05-29 15:36:02,049] {logging_mixin.py:115} INFO - [2023-05-29 15:36:02,049] {dag.py:2972} INFO - Setting next_dagrun for example_dag_decorator to None, run_after=None
[2023-05-29 15:36:02,063] {processor.py:161} INFO - Processing /home/airflow/.local/lib/python3.7/site-packages/airflow/example_dags/example_dag_decorator.py took 0.108 seconds
[2023-05-29 15:36:32,516] {processor.py:153} INFO - Started process (PID=1305) to work on /home/airflow/.local/lib/python3.7/site-packages/airflow/example_dags/example_dag_decorator.py
[2023-05-29 15:36:32,517] {processor.py:641} INFO - Processing file /home/airflow/.local/lib/python3.7/site-packages/airflow/example_dags/example_dag_decorator.py for tasks to queue
[2023-05-29 15:36:32,517] {logging_mixin.py:115} INFO - [2023-05-29 15:36:32,517] {dagbag.py:508} INFO - Filling up the DagBag from /home/airflow/.local/lib/python3.7/site-packages/airflow/example_dags/example_dag_decorator.py
[2023-05-29 15:36:32,532] {processor.py:651} INFO - DAG(s) dict_keys(['example_dag_decorator']) retrieved from /home/airflow/.local/lib/python3.7/site-packages/airflow/example_dags/example_dag_decorator.py
[2023-05-29 15:36:32,582] {logging_mixin.py:115} INFO - [2023-05-29 15:36:32,582] {dag.py:2420} INFO - Sync 1 DAGs
[2023-05-29 15:36:32,599] {logging_mixin.py:115} INFO - [2023-05-29 15:36:32,599] {dag.py:2972} INFO - Setting next_dagrun for example_dag_decorator to None, run_after=None
[2023-05-29 15:36:32,611] {processor.py:161} INFO - Processing /home/airflow/.local/lib/python3.7/site-packages/airflow/example_dags/example_dag_decorator.py took 0.096 seconds
[2023-05-29 15:37:03,030] {processor.py:153} INFO - Started process (PID=1367) to work on /home/airflow/.local/lib/python3.7/site-packages/airflow/example_dags/example_dag_decorator.py
[2023-05-29 15:37:03,030] {processor.py:641} INFO - Processing file /home/airflow/.local/lib/python3.7/site-packages/airflow/example_dags/example_dag_decorator.py for tasks to queue
[2023-05-29 15:37:03,031] {logging_mixin.py:115} INFO - [2023-05-29 15:37:03,031] {dagbag.py:508} INFO - Filling up the DagBag from /home/airflow/.local/lib/python3.7/site-packages/airflow/example_dags/example_dag_decorator.py
[2023-05-29 15:37:03,045] {processor.py:651} INFO - DAG(s) dict_keys(['example_dag_decorator']) retrieved from /home/airflow/.local/lib/python3.7/site-packages/airflow/example_dags/example_dag_decorator.py
[2023-05-29 15:37:03,095] {logging_mixin.py:115} INFO - [2023-05-29 15:37:03,095] {dag.py:2420} INFO - Sync 1 DAGs
[2023-05-29 15:37:03,110] {logging_mixin.py:115} INFO - [2023-05-29 15:37:03,110] {dag.py:2972} INFO - Setting next_dagrun for example_dag_decorator to None, run_after=None
[2023-05-29 15:37:03,123] {processor.py:161} INFO - Processing /home/airflow/.local/lib/python3.7/site-packages/airflow/example_dags/example_dag_decorator.py took 0.095 seconds
[2023-05-29 15:37:33,580] {processor.py:153} INFO - Started process (PID=1427) to work on /home/airflow/.local/lib/python3.7/site-packages/airflow/example_dags/example_dag_decorator.py
[2023-05-29 15:37:33,581] {processor.py:641} INFO - Processing file /home/airflow/.local/lib/python3.7/site-packages/airflow/example_dags/example_dag_decorator.py for tasks to queue
[2023-05-29 15:37:33,581] {logging_mixin.py:115} INFO - [2023-05-29 15:37:33,581] {dagbag.py:508} INFO - Filling up the DagBag from /home/airflow/.local/lib/python3.7/site-packages/airflow/example_dags/example_dag_decorator.py
[2023-05-29 15:37:33,598] {processor.py:651} INFO - DAG(s) dict_keys(['example_dag_decorator']) retrieved from /home/airflow/.local/lib/python3.7/site-packages/airflow/example_dags/example_dag_decorator.py
[2023-05-29 15:37:33,620] {logging_mixin.py:115} INFO - [2023-05-29 15:37:33,620] {dag.py:2420} INFO - Sync 1 DAGs
[2023-05-29 15:37:33,641] {logging_mixin.py:115} INFO - [2023-05-29 15:37:33,641] {dag.py:2972} INFO - Setting next_dagrun for example_dag_decorator to None, run_after=None
[2023-05-29 15:37:33,654] {processor.py:161} INFO - Processing /home/airflow/.local/lib/python3.7/site-packages/airflow/example_dags/example_dag_decorator.py took 0.076 seconds
[2023-05-29 15:38:04,089] {processor.py:153} INFO - Started process (PID=1482) to work on /home/airflow/.local/lib/python3.7/site-packages/airflow/example_dags/example_dag_decorator.py
[2023-05-29 15:38:04,090] {processor.py:641} INFO - Processing file /home/airflow/.local/lib/python3.7/site-packages/airflow/example_dags/example_dag_decorator.py for tasks to queue
[2023-05-29 15:38:04,090] {logging_mixin.py:115} INFO - [2023-05-29 15:38:04,090] {dagbag.py:508} INFO - Filling up the DagBag from /home/airflow/.local/lib/python3.7/site-packages/airflow/example_dags/example_dag_decorator.py
[2023-05-29 15:38:04,105] {processor.py:651} INFO - DAG(s) dict_keys(['example_dag_decorator']) retrieved from /home/airflow/.local/lib/python3.7/site-packages/airflow/example_dags/example_dag_decorator.py
[2023-05-29 15:38:04,123] {logging_mixin.py:115} INFO - [2023-05-29 15:38:04,123] {dag.py:2420} INFO - Sync 1 DAGs
[2023-05-29 15:38:04,141] {logging_mixin.py:115} INFO - [2023-05-29 15:38:04,141] {dag.py:2972} INFO - Setting next_dagrun for example_dag_decorator to None, run_after=None
[2023-05-29 15:38:04,151] {processor.py:161} INFO - Processing /home/airflow/.local/lib/python3.7/site-packages/airflow/example_dags/example_dag_decorator.py took 0.064 seconds
[2023-05-29 15:38:34,627] {processor.py:153} INFO - Started process (PID=1553) to work on /home/airflow/.local/lib/python3.7/site-packages/airflow/example_dags/example_dag_decorator.py
[2023-05-29 15:38:34,627] {processor.py:641} INFO - Processing file /home/airflow/.local/lib/python3.7/site-packages/airflow/example_dags/example_dag_decorator.py for tasks to queue
[2023-05-29 15:38:34,627] {logging_mixin.py:115} INFO - [2023-05-29 15:38:34,627] {dagbag.py:508} INFO - Filling up the DagBag from /home/airflow/.local/lib/python3.7/site-packages/airflow/example_dags/example_dag_decorator.py
[2023-05-29 15:38:34,644] {processor.py:651} INFO - DAG(s) dict_keys(['example_dag_decorator']) retrieved from /home/airflow/.local/lib/python3.7/site-packages/airflow/example_dags/example_dag_decorator.py
[2023-05-29 15:38:34,698] {logging_mixin.py:115} INFO - [2023-05-29 15:38:34,697] {dag.py:2420} INFO - Sync 1 DAGs
[2023-05-29 15:38:34,713] {logging_mixin.py:115} INFO - [2023-05-29 15:38:34,713] {dag.py:2972} INFO - Setting next_dagrun for example_dag_decorator to None, run_after=None
[2023-05-29 15:38:34,729] {processor.py:161} INFO - Processing /home/airflow/.local/lib/python3.7/site-packages/airflow/example_dags/example_dag_decorator.py took 0.104 seconds
[2023-05-29 15:39:05,382] {processor.py:153} INFO - Started process (PID=1619) to work on /home/airflow/.local/lib/python3.7/site-packages/airflow/example_dags/example_dag_decorator.py
[2023-05-29 15:39:05,383] {processor.py:641} INFO - Processing file /home/airflow/.local/lib/python3.7/site-packages/airflow/example_dags/example_dag_decorator.py for tasks to queue
[2023-05-29 15:39:05,383] {logging_mixin.py:115} INFO - [2023-05-29 15:39:05,383] {dagbag.py:508} INFO - Filling up the DagBag from /home/airflow/.local/lib/python3.7/site-packages/airflow/example_dags/example_dag_decorator.py
[2023-05-29 15:39:05,399] {processor.py:651} INFO - DAG(s) dict_keys(['example_dag_decorator']) retrieved from /home/airflow/.local/lib/python3.7/site-packages/airflow/example_dags/example_dag_decorator.py
[2023-05-29 15:39:05,457] {logging_mixin.py:115} INFO - [2023-05-29 15:39:05,457] {dag.py:2420} INFO - Sync 1 DAGs
[2023-05-29 15:39:05,474] {logging_mixin.py:115} INFO - [2023-05-29 15:39:05,473] {dag.py:2972} INFO - Setting next_dagrun for example_dag_decorator to None, run_after=None
[2023-05-29 15:39:05,488] {processor.py:161} INFO - Processing /home/airflow/.local/lib/python3.7/site-packages/airflow/example_dags/example_dag_decorator.py took 0.108 seconds
[2023-05-29 15:39:35,968] {processor.py:153} INFO - Started process (PID=1672) to work on /home/airflow/.local/lib/python3.7/site-packages/airflow/example_dags/example_dag_decorator.py
[2023-05-29 15:39:35,968] {processor.py:641} INFO - Processing file /home/airflow/.local/lib/python3.7/site-packages/airflow/example_dags/example_dag_decorator.py for tasks to queue
[2023-05-29 15:39:35,969] {logging_mixin.py:115} INFO - [2023-05-29 15:39:35,969] {dagbag.py:508} INFO - Filling up the DagBag from /home/airflow/.local/lib/python3.7/site-packages/airflow/example_dags/example_dag_decorator.py
[2023-05-29 15:39:35,984] {processor.py:651} INFO - DAG(s) dict_keys(['example_dag_decorator']) retrieved from /home/airflow/.local/lib/python3.7/site-packages/airflow/example_dags/example_dag_decorator.py
[2023-05-29 15:39:36,005] {logging_mixin.py:115} INFO - [2023-05-29 15:39:36,004] {dag.py:2420} INFO - Sync 1 DAGs
[2023-05-29 15:39:36,024] {logging_mixin.py:115} INFO - [2023-05-29 15:39:36,024] {dag.py:2972} INFO - Setting next_dagrun for example_dag_decorator to None, run_after=None
[2023-05-29 15:39:36,035] {processor.py:161} INFO - Processing /home/airflow/.local/lib/python3.7/site-packages/airflow/example_dags/example_dag_decorator.py took 0.069 seconds
[2023-05-29 15:40:06,316] {processor.py:153} INFO - Started process (PID=1734) to work on /home/airflow/.local/lib/python3.7/site-packages/airflow/example_dags/example_dag_decorator.py
[2023-05-29 15:40:06,316] {processor.py:641} INFO - Processing file /home/airflow/.local/lib/python3.7/site-packages/airflow/example_dags/example_dag_decorator.py for tasks to queue
[2023-05-29 15:40:06,316] {logging_mixin.py:115} INFO - [2023-05-29 15:40:06,316] {dagbag.py:508} INFO - Filling up the DagBag from /home/airflow/.local/lib/python3.7/site-packages/airflow/example_dags/example_dag_decorator.py
[2023-05-29 15:40:06,331] {processor.py:651} INFO - DAG(s) dict_keys(['example_dag_decorator']) retrieved from /home/airflow/.local/lib/python3.7/site-packages/airflow/example_dags/example_dag_decorator.py
[2023-05-29 15:40:06,381] {logging_mixin.py:115} INFO - [2023-05-29 15:40:06,381] {dag.py:2420} INFO - Sync 1 DAGs
[2023-05-29 15:40:06,397] {logging_mixin.py:115} INFO - [2023-05-29 15:40:06,397] {dag.py:2972} INFO - Setting next_dagrun for example_dag_decorator to None, run_after=None
[2023-05-29 15:40:06,408] {processor.py:161} INFO - Processing /home/airflow/.local/lib/python3.7/site-packages/airflow/example_dags/example_dag_decorator.py took 0.094 seconds
[2023-05-29 15:40:36,721] {processor.py:153} INFO - Started process (PID=1796) to work on /home/airflow/.local/lib/python3.7/site-packages/airflow/example_dags/example_dag_decorator.py
[2023-05-29 15:40:36,721] {processor.py:641} INFO - Processing file /home/airflow/.local/lib/python3.7/site-packages/airflow/example_dags/example_dag_decorator.py for tasks to queue
[2023-05-29 15:40:36,722] {logging_mixin.py:115} INFO - [2023-05-29 15:40:36,722] {dagbag.py:508} INFO - Filling up the DagBag from /home/airflow/.local/lib/python3.7/site-packages/airflow/example_dags/example_dag_decorator.py
[2023-05-29 15:40:36,738] {processor.py:651} INFO - DAG(s) dict_keys(['example_dag_decorator']) retrieved from /home/airflow/.local/lib/python3.7/site-packages/airflow/example_dags/example_dag_decorator.py
[2023-05-29 15:40:36,755] {logging_mixin.py:115} INFO - [2023-05-29 15:40:36,755] {dag.py:2420} INFO - Sync 1 DAGs
[2023-05-29 15:40:36,771] {logging_mixin.py:115} INFO - [2023-05-29 15:40:36,771] {dag.py:2972} INFO - Setting next_dagrun for example_dag_decorator to None, run_after=None
[2023-05-29 15:40:36,781] {processor.py:161} INFO - Processing /home/airflow/.local/lib/python3.7/site-packages/airflow/example_dags/example_dag_decorator.py took 0.062 seconds
[2023-05-29 15:41:07,363] {processor.py:153} INFO - Started process (PID=1858) to work on /home/airflow/.local/lib/python3.7/site-packages/airflow/example_dags/example_dag_decorator.py
[2023-05-29 15:41:07,364] {processor.py:641} INFO - Processing file /home/airflow/.local/lib/python3.7/site-packages/airflow/example_dags/example_dag_decorator.py for tasks to queue
[2023-05-29 15:41:07,364] {logging_mixin.py:115} INFO - [2023-05-29 15:41:07,364] {dagbag.py:508} INFO - Filling up the DagBag from /home/airflow/.local/lib/python3.7/site-packages/airflow/example_dags/example_dag_decorator.py
[2023-05-29 15:41:07,382] {processor.py:651} INFO - DAG(s) dict_keys(['example_dag_decorator']) retrieved from /home/airflow/.local/lib/python3.7/site-packages/airflow/example_dags/example_dag_decorator.py
[2023-05-29 15:41:07,444] {logging_mixin.py:115} INFO - [2023-05-29 15:41:07,444] {dag.py:2420} INFO - Sync 1 DAGs
[2023-05-29 15:41:07,463] {logging_mixin.py:115} INFO - [2023-05-29 15:41:07,463] {dag.py:2972} INFO - Setting next_dagrun for example_dag_decorator to None, run_after=None
[2023-05-29 15:41:07,482] {processor.py:161} INFO - Processing /home/airflow/.local/lib/python3.7/site-packages/airflow/example_dags/example_dag_decorator.py took 0.122 seconds
