[2023-05-29 15:18:19,114] {processor.py:153} INFO - Started process (PID=55) to work on /home/airflow/.local/lib/python3.7/site-packages/airflow/example_dags/example_branch_python_dop_operator_3.py
[2023-05-29 15:18:19,114] {processor.py:641} INFO - Processing file /home/airflow/.local/lib/python3.7/site-packages/airflow/example_dags/example_branch_python_dop_operator_3.py for tasks to queue
[2023-05-29 15:18:19,115] {logging_mixin.py:115} INFO - [2023-05-29 15:18:19,115] {dagbag.py:508} INFO - Filling up the DagBag from /home/airflow/.local/lib/python3.7/site-packages/airflow/example_dags/example_branch_python_dop_operator_3.py
[2023-05-29 15:18:19,124] {processor.py:651} INFO - DAG(s) dict_keys(['example_branch_dop_operator_v3']) retrieved from /home/airflow/.local/lib/python3.7/site-packages/airflow/example_dags/example_branch_python_dop_operator_3.py
[2023-05-29 15:18:19,210] {logging_mixin.py:115} INFO - [2023-05-29 15:18:19,210] {manager.py:508} INFO - Created Permission View: can read on DAG:example_branch_dop_operator_v3
[2023-05-29 15:18:19,220] {logging_mixin.py:115} INFO - [2023-05-29 15:18:19,220] {manager.py:508} INFO - Created Permission View: can delete on DAG:example_branch_dop_operator_v3
[2023-05-29 15:18:19,232] {logging_mixin.py:115} INFO - [2023-05-29 15:18:19,232] {manager.py:508} INFO - Created Permission View: can edit on DAG:example_branch_dop_operator_v3
[2023-05-29 15:18:19,232] {logging_mixin.py:115} INFO - [2023-05-29 15:18:19,232] {dag.py:2420} INFO - Sync 1 DAGs
[2023-05-29 15:18:19,243] {logging_mixin.py:115} INFO - [2023-05-29 15:18:19,243] {dag.py:2439} INFO - Creating ORM DAG for example_branch_dop_operator_v3
[2023-05-29 15:18:19,265] {logging_mixin.py:115} INFO - [2023-05-29 15:18:19,265] {dag.py:2972} INFO - Setting next_dagrun for example_branch_dop_operator_v3 to 2023-05-29T15:17:00+00:00, run_after=2023-05-29T15:18:00+00:00
[2023-05-29 15:18:19,294] {processor.py:161} INFO - Processing /home/airflow/.local/lib/python3.7/site-packages/airflow/example_dags/example_branch_python_dop_operator_3.py took 0.184 seconds
[2023-05-29 15:18:49,668] {processor.py:153} INFO - Started process (PID=116) to work on /home/airflow/.local/lib/python3.7/site-packages/airflow/example_dags/example_branch_python_dop_operator_3.py
[2023-05-29 15:18:49,675] {processor.py:641} INFO - Processing file /home/airflow/.local/lib/python3.7/site-packages/airflow/example_dags/example_branch_python_dop_operator_3.py for tasks to queue
[2023-05-29 15:18:49,675] {logging_mixin.py:115} INFO - [2023-05-29 15:18:49,675] {dagbag.py:508} INFO - Filling up the DagBag from /home/airflow/.local/lib/python3.7/site-packages/airflow/example_dags/example_branch_python_dop_operator_3.py
[2023-05-29 15:18:49,683] {processor.py:651} INFO - DAG(s) dict_keys(['example_branch_dop_operator_v3']) retrieved from /home/airflow/.local/lib/python3.7/site-packages/airflow/example_dags/example_branch_python_dop_operator_3.py
[2023-05-29 15:18:49,703] {logging_mixin.py:115} INFO - [2023-05-29 15:18:49,703] {dag.py:2420} INFO - Sync 1 DAGs
[2023-05-29 15:18:49,725] {logging_mixin.py:115} INFO - [2023-05-29 15:18:49,725] {dag.py:2972} INFO - Setting next_dagrun for example_branch_dop_operator_v3 to 2023-05-29T15:17:00+00:00, run_after=2023-05-29T15:18:00+00:00
[2023-05-29 15:18:49,742] {processor.py:161} INFO - Processing /home/airflow/.local/lib/python3.7/site-packages/airflow/example_dags/example_branch_python_dop_operator_3.py took 0.075 seconds
[2023-05-29 15:19:20,429] {processor.py:153} INFO - Started process (PID=177) to work on /home/airflow/.local/lib/python3.7/site-packages/airflow/example_dags/example_branch_python_dop_operator_3.py
[2023-05-29 15:19:20,429] {processor.py:641} INFO - Processing file /home/airflow/.local/lib/python3.7/site-packages/airflow/example_dags/example_branch_python_dop_operator_3.py for tasks to queue
[2023-05-29 15:19:20,430] {logging_mixin.py:115} INFO - [2023-05-29 15:19:20,430] {dagbag.py:508} INFO - Filling up the DagBag from /home/airflow/.local/lib/python3.7/site-packages/airflow/example_dags/example_branch_python_dop_operator_3.py
[2023-05-29 15:19:20,436] {processor.py:651} INFO - DAG(s) dict_keys(['example_branch_dop_operator_v3']) retrieved from /home/airflow/.local/lib/python3.7/site-packages/airflow/example_dags/example_branch_python_dop_operator_3.py
[2023-05-29 15:19:20,454] {logging_mixin.py:115} INFO - [2023-05-29 15:19:20,454] {dag.py:2420} INFO - Sync 1 DAGs
[2023-05-29 15:19:20,476] {logging_mixin.py:115} INFO - [2023-05-29 15:19:20,476] {dag.py:2972} INFO - Setting next_dagrun for example_branch_dop_operator_v3 to 2023-05-29T15:18:00+00:00, run_after=2023-05-29T15:19:00+00:00
[2023-05-29 15:19:20,486] {processor.py:161} INFO - Processing /home/airflow/.local/lib/python3.7/site-packages/airflow/example_dags/example_branch_python_dop_operator_3.py took 0.059 seconds
[2023-05-29 15:19:50,815] {processor.py:153} INFO - Started process (PID=238) to work on /home/airflow/.local/lib/python3.7/site-packages/airflow/example_dags/example_branch_python_dop_operator_3.py
[2023-05-29 15:19:50,815] {processor.py:641} INFO - Processing file /home/airflow/.local/lib/python3.7/site-packages/airflow/example_dags/example_branch_python_dop_operator_3.py for tasks to queue
[2023-05-29 15:19:50,815] {logging_mixin.py:115} INFO - [2023-05-29 15:19:50,815] {dagbag.py:508} INFO - Filling up the DagBag from /home/airflow/.local/lib/python3.7/site-packages/airflow/example_dags/example_branch_python_dop_operator_3.py
[2023-05-29 15:19:50,822] {processor.py:651} INFO - DAG(s) dict_keys(['example_branch_dop_operator_v3']) retrieved from /home/airflow/.local/lib/python3.7/site-packages/airflow/example_dags/example_branch_python_dop_operator_3.py
[2023-05-29 15:19:50,840] {logging_mixin.py:115} INFO - [2023-05-29 15:19:50,840] {dag.py:2420} INFO - Sync 1 DAGs
[2023-05-29 15:19:50,862] {logging_mixin.py:115} INFO - [2023-05-29 15:19:50,862] {dag.py:2972} INFO - Setting next_dagrun for example_branch_dop_operator_v3 to 2023-05-29T15:18:00+00:00, run_after=2023-05-29T15:19:00+00:00
[2023-05-29 15:19:50,872] {processor.py:161} INFO - Processing /home/airflow/.local/lib/python3.7/site-packages/airflow/example_dags/example_branch_python_dop_operator_3.py took 0.060 seconds
[2023-05-29 15:20:21,209] {processor.py:153} INFO - Started process (PID=290) to work on /home/airflow/.local/lib/python3.7/site-packages/airflow/example_dags/example_branch_python_dop_operator_3.py
[2023-05-29 15:20:21,209] {processor.py:641} INFO - Processing file /home/airflow/.local/lib/python3.7/site-packages/airflow/example_dags/example_branch_python_dop_operator_3.py for tasks to queue
[2023-05-29 15:20:21,210] {logging_mixin.py:115} INFO - [2023-05-29 15:20:21,210] {dagbag.py:508} INFO - Filling up the DagBag from /home/airflow/.local/lib/python3.7/site-packages/airflow/example_dags/example_branch_python_dop_operator_3.py
[2023-05-29 15:20:21,216] {processor.py:651} INFO - DAG(s) dict_keys(['example_branch_dop_operator_v3']) retrieved from /home/airflow/.local/lib/python3.7/site-packages/airflow/example_dags/example_branch_python_dop_operator_3.py
[2023-05-29 15:20:21,235] {logging_mixin.py:115} INFO - [2023-05-29 15:20:21,235] {dag.py:2420} INFO - Sync 1 DAGs
[2023-05-29 15:20:21,257] {logging_mixin.py:115} INFO - [2023-05-29 15:20:21,257] {dag.py:2972} INFO - Setting next_dagrun for example_branch_dop_operator_v3 to 2023-05-29T15:19:00+00:00, run_after=2023-05-29T15:20:00+00:00
[2023-05-29 15:20:21,268] {processor.py:161} INFO - Processing /home/airflow/.local/lib/python3.7/site-packages/airflow/example_dags/example_branch_python_dop_operator_3.py took 0.061 seconds
[2023-05-29 15:20:51,619] {processor.py:153} INFO - Started process (PID=351) to work on /home/airflow/.local/lib/python3.7/site-packages/airflow/example_dags/example_branch_python_dop_operator_3.py
[2023-05-29 15:20:51,619] {processor.py:641} INFO - Processing file /home/airflow/.local/lib/python3.7/site-packages/airflow/example_dags/example_branch_python_dop_operator_3.py for tasks to queue
[2023-05-29 15:20:51,619] {logging_mixin.py:115} INFO - [2023-05-29 15:20:51,619] {dagbag.py:508} INFO - Filling up the DagBag from /home/airflow/.local/lib/python3.7/site-packages/airflow/example_dags/example_branch_python_dop_operator_3.py
[2023-05-29 15:20:51,626] {processor.py:651} INFO - DAG(s) dict_keys(['example_branch_dop_operator_v3']) retrieved from /home/airflow/.local/lib/python3.7/site-packages/airflow/example_dags/example_branch_python_dop_operator_3.py
[2023-05-29 15:20:51,647] {logging_mixin.py:115} INFO - [2023-05-29 15:20:51,647] {dag.py:2420} INFO - Sync 1 DAGs
[2023-05-29 15:20:51,670] {logging_mixin.py:115} INFO - [2023-05-29 15:20:51,670] {dag.py:2972} INFO - Setting next_dagrun for example_branch_dop_operator_v3 to 2023-05-29T15:19:00+00:00, run_after=2023-05-29T15:20:00+00:00
[2023-05-29 15:20:51,680] {processor.py:161} INFO - Processing /home/airflow/.local/lib/python3.7/site-packages/airflow/example_dags/example_branch_python_dop_operator_3.py took 0.063 seconds
[2023-05-29 15:21:22,022] {processor.py:153} INFO - Started process (PID=413) to work on /home/airflow/.local/lib/python3.7/site-packages/airflow/example_dags/example_branch_python_dop_operator_3.py
[2023-05-29 15:21:22,022] {processor.py:641} INFO - Processing file /home/airflow/.local/lib/python3.7/site-packages/airflow/example_dags/example_branch_python_dop_operator_3.py for tasks to queue
[2023-05-29 15:21:22,022] {logging_mixin.py:115} INFO - [2023-05-29 15:21:22,022] {dagbag.py:508} INFO - Filling up the DagBag from /home/airflow/.local/lib/python3.7/site-packages/airflow/example_dags/example_branch_python_dop_operator_3.py
[2023-05-29 15:21:22,029] {processor.py:651} INFO - DAG(s) dict_keys(['example_branch_dop_operator_v3']) retrieved from /home/airflow/.local/lib/python3.7/site-packages/airflow/example_dags/example_branch_python_dop_operator_3.py
[2023-05-29 15:21:22,048] {logging_mixin.py:115} INFO - [2023-05-29 15:21:22,047] {dag.py:2420} INFO - Sync 1 DAGs
[2023-05-29 15:21:22,072] {logging_mixin.py:115} INFO - [2023-05-29 15:21:22,072] {dag.py:2972} INFO - Setting next_dagrun for example_branch_dop_operator_v3 to 2023-05-29T15:20:00+00:00, run_after=2023-05-29T15:21:00+00:00
[2023-05-29 15:21:22,083] {processor.py:161} INFO - Processing /home/airflow/.local/lib/python3.7/site-packages/airflow/example_dags/example_branch_python_dop_operator_3.py took 0.064 seconds
[2023-05-29 15:21:52,494] {processor.py:153} INFO - Started process (PID=474) to work on /home/airflow/.local/lib/python3.7/site-packages/airflow/example_dags/example_branch_python_dop_operator_3.py
[2023-05-29 15:21:52,495] {processor.py:641} INFO - Processing file /home/airflow/.local/lib/python3.7/site-packages/airflow/example_dags/example_branch_python_dop_operator_3.py for tasks to queue
[2023-05-29 15:21:52,495] {logging_mixin.py:115} INFO - [2023-05-29 15:21:52,495] {dagbag.py:508} INFO - Filling up the DagBag from /home/airflow/.local/lib/python3.7/site-packages/airflow/example_dags/example_branch_python_dop_operator_3.py
[2023-05-29 15:21:52,502] {processor.py:651} INFO - DAG(s) dict_keys(['example_branch_dop_operator_v3']) retrieved from /home/airflow/.local/lib/python3.7/site-packages/airflow/example_dags/example_branch_python_dop_operator_3.py
[2023-05-29 15:21:52,523] {logging_mixin.py:115} INFO - [2023-05-29 15:21:52,523] {dag.py:2420} INFO - Sync 1 DAGs
[2023-05-29 15:21:52,557] {logging_mixin.py:115} INFO - [2023-05-29 15:21:52,557] {dag.py:2972} INFO - Setting next_dagrun for example_branch_dop_operator_v3 to 2023-05-29T15:20:00+00:00, run_after=2023-05-29T15:21:00+00:00
[2023-05-29 15:21:52,570] {processor.py:161} INFO - Processing /home/airflow/.local/lib/python3.7/site-packages/airflow/example_dags/example_branch_python_dop_operator_3.py took 0.078 seconds
[2023-05-29 15:22:22,970] {processor.py:153} INFO - Started process (PID=525) to work on /home/airflow/.local/lib/python3.7/site-packages/airflow/example_dags/example_branch_python_dop_operator_3.py
[2023-05-29 15:22:22,970] {processor.py:641} INFO - Processing file /home/airflow/.local/lib/python3.7/site-packages/airflow/example_dags/example_branch_python_dop_operator_3.py for tasks to queue
[2023-05-29 15:22:22,971] {logging_mixin.py:115} INFO - [2023-05-29 15:22:22,971] {dagbag.py:508} INFO - Filling up the DagBag from /home/airflow/.local/lib/python3.7/site-packages/airflow/example_dags/example_branch_python_dop_operator_3.py
[2023-05-29 15:22:22,977] {processor.py:651} INFO - DAG(s) dict_keys(['example_branch_dop_operator_v3']) retrieved from /home/airflow/.local/lib/python3.7/site-packages/airflow/example_dags/example_branch_python_dop_operator_3.py
[2023-05-29 15:22:22,997] {logging_mixin.py:115} INFO - [2023-05-29 15:22:22,997] {dag.py:2420} INFO - Sync 1 DAGs
[2023-05-29 15:22:23,022] {logging_mixin.py:115} INFO - [2023-05-29 15:22:23,021] {dag.py:2972} INFO - Setting next_dagrun for example_branch_dop_operator_v3 to 2023-05-29T15:21:00+00:00, run_after=2023-05-29T15:22:00+00:00
[2023-05-29 15:22:23,032] {processor.py:161} INFO - Processing /home/airflow/.local/lib/python3.7/site-packages/airflow/example_dags/example_branch_python_dop_operator_3.py took 0.066 seconds
[2023-05-29 15:23:25,182] {processor.py:153} INFO - Started process (PID=54) to work on /home/airflow/.local/lib/python3.7/site-packages/airflow/example_dags/example_branch_python_dop_operator_3.py
[2023-05-29 15:23:25,183] {processor.py:641} INFO - Processing file /home/airflow/.local/lib/python3.7/site-packages/airflow/example_dags/example_branch_python_dop_operator_3.py for tasks to queue
[2023-05-29 15:23:25,183] {logging_mixin.py:115} INFO - [2023-05-29 15:23:25,183] {dagbag.py:508} INFO - Filling up the DagBag from /home/airflow/.local/lib/python3.7/site-packages/airflow/example_dags/example_branch_python_dop_operator_3.py
[2023-05-29 15:23:25,192] {processor.py:651} INFO - DAG(s) dict_keys(['example_branch_dop_operator_v3']) retrieved from /home/airflow/.local/lib/python3.7/site-packages/airflow/example_dags/example_branch_python_dop_operator_3.py
[2023-05-29 15:23:25,214] {logging_mixin.py:115} INFO - [2023-05-29 15:23:25,214] {dag.py:2420} INFO - Sync 1 DAGs
[2023-05-29 15:23:25,240] {logging_mixin.py:115} INFO - [2023-05-29 15:23:25,240] {dag.py:2972} INFO - Setting next_dagrun for example_branch_dop_operator_v3 to 2023-05-29T15:22:00+00:00, run_after=2023-05-29T15:23:00+00:00
[2023-05-29 15:23:25,253] {processor.py:161} INFO - Processing /home/airflow/.local/lib/python3.7/site-packages/airflow/example_dags/example_branch_python_dop_operator_3.py took 0.073 seconds
[2023-05-29 15:23:56,147] {processor.py:153} INFO - Started process (PID=115) to work on /home/airflow/.local/lib/python3.7/site-packages/airflow/example_dags/example_branch_python_dop_operator_3.py
[2023-05-29 15:23:56,148] {processor.py:641} INFO - Processing file /home/airflow/.local/lib/python3.7/site-packages/airflow/example_dags/example_branch_python_dop_operator_3.py for tasks to queue
[2023-05-29 15:23:56,149] {logging_mixin.py:115} INFO - [2023-05-29 15:23:56,149] {dagbag.py:508} INFO - Filling up the DagBag from /home/airflow/.local/lib/python3.7/site-packages/airflow/example_dags/example_branch_python_dop_operator_3.py
[2023-05-29 15:23:56,156] {processor.py:651} INFO - DAG(s) dict_keys(['example_branch_dop_operator_v3']) retrieved from /home/airflow/.local/lib/python3.7/site-packages/airflow/example_dags/example_branch_python_dop_operator_3.py
[2023-05-29 15:23:56,178] {logging_mixin.py:115} INFO - [2023-05-29 15:23:56,178] {dag.py:2420} INFO - Sync 1 DAGs
[2023-05-29 15:23:56,201] {logging_mixin.py:115} INFO - [2023-05-29 15:23:56,201] {dag.py:2972} INFO - Setting next_dagrun for example_branch_dop_operator_v3 to 2023-05-29T15:22:00+00:00, run_after=2023-05-29T15:23:00+00:00
[2023-05-29 15:23:56,212] {processor.py:161} INFO - Processing /home/airflow/.local/lib/python3.7/site-packages/airflow/example_dags/example_branch_python_dop_operator_3.py took 0.067 seconds
[2023-05-29 15:24:26,775] {processor.py:153} INFO - Started process (PID=176) to work on /home/airflow/.local/lib/python3.7/site-packages/airflow/example_dags/example_branch_python_dop_operator_3.py
[2023-05-29 15:24:26,775] {processor.py:641} INFO - Processing file /home/airflow/.local/lib/python3.7/site-packages/airflow/example_dags/example_branch_python_dop_operator_3.py for tasks to queue
[2023-05-29 15:24:26,775] {logging_mixin.py:115} INFO - [2023-05-29 15:24:26,775] {dagbag.py:508} INFO - Filling up the DagBag from /home/airflow/.local/lib/python3.7/site-packages/airflow/example_dags/example_branch_python_dop_operator_3.py
[2023-05-29 15:24:26,781] {processor.py:651} INFO - DAG(s) dict_keys(['example_branch_dop_operator_v3']) retrieved from /home/airflow/.local/lib/python3.7/site-packages/airflow/example_dags/example_branch_python_dop_operator_3.py
[2023-05-29 15:24:26,801] {logging_mixin.py:115} INFO - [2023-05-29 15:24:26,801] {dag.py:2420} INFO - Sync 1 DAGs
[2023-05-29 15:24:26,823] {logging_mixin.py:115} INFO - [2023-05-29 15:24:26,823] {dag.py:2972} INFO - Setting next_dagrun for example_branch_dop_operator_v3 to 2023-05-29T15:23:00+00:00, run_after=2023-05-29T15:24:00+00:00
[2023-05-29 15:24:26,833] {processor.py:161} INFO - Processing /home/airflow/.local/lib/python3.7/site-packages/airflow/example_dags/example_branch_python_dop_operator_3.py took 0.061 seconds
[2023-05-29 15:24:57,282] {processor.py:153} INFO - Started process (PID=237) to work on /home/airflow/.local/lib/python3.7/site-packages/airflow/example_dags/example_branch_python_dop_operator_3.py
[2023-05-29 15:24:57,283] {processor.py:641} INFO - Processing file /home/airflow/.local/lib/python3.7/site-packages/airflow/example_dags/example_branch_python_dop_operator_3.py for tasks to queue
[2023-05-29 15:24:57,283] {logging_mixin.py:115} INFO - [2023-05-29 15:24:57,283] {dagbag.py:508} INFO - Filling up the DagBag from /home/airflow/.local/lib/python3.7/site-packages/airflow/example_dags/example_branch_python_dop_operator_3.py
[2023-05-29 15:24:57,289] {processor.py:651} INFO - DAG(s) dict_keys(['example_branch_dop_operator_v3']) retrieved from /home/airflow/.local/lib/python3.7/site-packages/airflow/example_dags/example_branch_python_dop_operator_3.py
[2023-05-29 15:24:57,307] {logging_mixin.py:115} INFO - [2023-05-29 15:24:57,307] {dag.py:2420} INFO - Sync 1 DAGs
[2023-05-29 15:24:57,329] {logging_mixin.py:115} INFO - [2023-05-29 15:24:57,329] {dag.py:2972} INFO - Setting next_dagrun for example_branch_dop_operator_v3 to 2023-05-29T15:23:00+00:00, run_after=2023-05-29T15:24:00+00:00
[2023-05-29 15:24:57,340] {processor.py:161} INFO - Processing /home/airflow/.local/lib/python3.7/site-packages/airflow/example_dags/example_branch_python_dop_operator_3.py took 0.060 seconds
[2023-05-29 15:25:50,333] {processor.py:153} INFO - Started process (PID=55) to work on /home/airflow/.local/lib/python3.7/site-packages/airflow/example_dags/example_branch_python_dop_operator_3.py
[2023-05-29 15:25:50,334] {processor.py:641} INFO - Processing file /home/airflow/.local/lib/python3.7/site-packages/airflow/example_dags/example_branch_python_dop_operator_3.py for tasks to queue
[2023-05-29 15:25:50,334] {logging_mixin.py:115} INFO - [2023-05-29 15:25:50,334] {dagbag.py:508} INFO - Filling up the DagBag from /home/airflow/.local/lib/python3.7/site-packages/airflow/example_dags/example_branch_python_dop_operator_3.py
[2023-05-29 15:25:50,342] {processor.py:651} INFO - DAG(s) dict_keys(['example_branch_dop_operator_v3']) retrieved from /home/airflow/.local/lib/python3.7/site-packages/airflow/example_dags/example_branch_python_dop_operator_3.py
[2023-05-29 15:25:50,363] {logging_mixin.py:115} INFO - [2023-05-29 15:25:50,363] {dag.py:2420} INFO - Sync 1 DAGs
[2023-05-29 15:25:50,393] {logging_mixin.py:115} INFO - [2023-05-29 15:25:50,393] {dag.py:2972} INFO - Setting next_dagrun for example_branch_dop_operator_v3 to 2023-05-29T15:24:00+00:00, run_after=2023-05-29T15:25:00+00:00
[2023-05-29 15:25:50,408] {processor.py:161} INFO - Processing /home/airflow/.local/lib/python3.7/site-packages/airflow/example_dags/example_branch_python_dop_operator_3.py took 0.077 seconds
[2023-05-29 15:26:21,301] {processor.py:153} INFO - Started process (PID=116) to work on /home/airflow/.local/lib/python3.7/site-packages/airflow/example_dags/example_branch_python_dop_operator_3.py
[2023-05-29 15:26:21,302] {processor.py:641} INFO - Processing file /home/airflow/.local/lib/python3.7/site-packages/airflow/example_dags/example_branch_python_dop_operator_3.py for tasks to queue
[2023-05-29 15:26:21,302] {logging_mixin.py:115} INFO - [2023-05-29 15:26:21,302] {dagbag.py:508} INFO - Filling up the DagBag from /home/airflow/.local/lib/python3.7/site-packages/airflow/example_dags/example_branch_python_dop_operator_3.py
[2023-05-29 15:26:21,308] {processor.py:651} INFO - DAG(s) dict_keys(['example_branch_dop_operator_v3']) retrieved from /home/airflow/.local/lib/python3.7/site-packages/airflow/example_dags/example_branch_python_dop_operator_3.py
[2023-05-29 15:26:21,327] {logging_mixin.py:115} INFO - [2023-05-29 15:26:21,327] {dag.py:2420} INFO - Sync 1 DAGs
[2023-05-29 15:26:21,349] {logging_mixin.py:115} INFO - [2023-05-29 15:26:21,349] {dag.py:2972} INFO - Setting next_dagrun for example_branch_dop_operator_v3 to 2023-05-29T15:25:00+00:00, run_after=2023-05-29T15:26:00+00:00
[2023-05-29 15:26:21,360] {processor.py:161} INFO - Processing /home/airflow/.local/lib/python3.7/site-packages/airflow/example_dags/example_branch_python_dop_operator_3.py took 0.061 seconds
[2023-05-29 15:26:51,801] {processor.py:153} INFO - Started process (PID=177) to work on /home/airflow/.local/lib/python3.7/site-packages/airflow/example_dags/example_branch_python_dop_operator_3.py
[2023-05-29 15:26:51,802] {processor.py:641} INFO - Processing file /home/airflow/.local/lib/python3.7/site-packages/airflow/example_dags/example_branch_python_dop_operator_3.py for tasks to queue
[2023-05-29 15:26:51,802] {logging_mixin.py:115} INFO - [2023-05-29 15:26:51,802] {dagbag.py:508} INFO - Filling up the DagBag from /home/airflow/.local/lib/python3.7/site-packages/airflow/example_dags/example_branch_python_dop_operator_3.py
[2023-05-29 15:26:51,808] {processor.py:651} INFO - DAG(s) dict_keys(['example_branch_dop_operator_v3']) retrieved from /home/airflow/.local/lib/python3.7/site-packages/airflow/example_dags/example_branch_python_dop_operator_3.py
[2023-05-29 15:26:51,830] {logging_mixin.py:115} INFO - [2023-05-29 15:26:51,830] {dag.py:2420} INFO - Sync 1 DAGs
[2023-05-29 15:26:51,851] {logging_mixin.py:115} INFO - [2023-05-29 15:26:51,850] {dag.py:2972} INFO - Setting next_dagrun for example_branch_dop_operator_v3 to 2023-05-29T15:25:00+00:00, run_after=2023-05-29T15:26:00+00:00
[2023-05-29 15:26:51,861] {processor.py:161} INFO - Processing /home/airflow/.local/lib/python3.7/site-packages/airflow/example_dags/example_branch_python_dop_operator_3.py took 0.062 seconds
[2023-05-29 15:27:22,383] {processor.py:153} INFO - Started process (PID=238) to work on /home/airflow/.local/lib/python3.7/site-packages/airflow/example_dags/example_branch_python_dop_operator_3.py
[2023-05-29 15:27:22,384] {processor.py:641} INFO - Processing file /home/airflow/.local/lib/python3.7/site-packages/airflow/example_dags/example_branch_python_dop_operator_3.py for tasks to queue
[2023-05-29 15:27:22,384] {logging_mixin.py:115} INFO - [2023-05-29 15:27:22,384] {dagbag.py:508} INFO - Filling up the DagBag from /home/airflow/.local/lib/python3.7/site-packages/airflow/example_dags/example_branch_python_dop_operator_3.py
[2023-05-29 15:27:22,390] {processor.py:651} INFO - DAG(s) dict_keys(['example_branch_dop_operator_v3']) retrieved from /home/airflow/.local/lib/python3.7/site-packages/airflow/example_dags/example_branch_python_dop_operator_3.py
[2023-05-29 15:27:22,409] {logging_mixin.py:115} INFO - [2023-05-29 15:27:22,409] {dag.py:2420} INFO - Sync 1 DAGs
[2023-05-29 15:27:22,430] {logging_mixin.py:115} INFO - [2023-05-29 15:27:22,430] {dag.py:2972} INFO - Setting next_dagrun for example_branch_dop_operator_v3 to 2023-05-29T15:26:00+00:00, run_after=2023-05-29T15:27:00+00:00
[2023-05-29 15:27:22,442] {processor.py:161} INFO - Processing /home/airflow/.local/lib/python3.7/site-packages/airflow/example_dags/example_branch_python_dop_operator_3.py took 0.061 seconds
[2023-05-29 15:27:52,995] {processor.py:153} INFO - Started process (PID=290) to work on /home/airflow/.local/lib/python3.7/site-packages/airflow/example_dags/example_branch_python_dop_operator_3.py
[2023-05-29 15:27:52,995] {processor.py:641} INFO - Processing file /home/airflow/.local/lib/python3.7/site-packages/airflow/example_dags/example_branch_python_dop_operator_3.py for tasks to queue
[2023-05-29 15:27:52,995] {logging_mixin.py:115} INFO - [2023-05-29 15:27:52,995] {dagbag.py:508} INFO - Filling up the DagBag from /home/airflow/.local/lib/python3.7/site-packages/airflow/example_dags/example_branch_python_dop_operator_3.py
[2023-05-29 15:27:53,002] {processor.py:651} INFO - DAG(s) dict_keys(['example_branch_dop_operator_v3']) retrieved from /home/airflow/.local/lib/python3.7/site-packages/airflow/example_dags/example_branch_python_dop_operator_3.py
[2023-05-29 15:27:53,021] {logging_mixin.py:115} INFO - [2023-05-29 15:27:53,021] {dag.py:2420} INFO - Sync 1 DAGs
[2023-05-29 15:27:53,044] {logging_mixin.py:115} INFO - [2023-05-29 15:27:53,043] {dag.py:2972} INFO - Setting next_dagrun for example_branch_dop_operator_v3 to 2023-05-29T15:26:00+00:00, run_after=2023-05-29T15:27:00+00:00
[2023-05-29 15:27:53,055] {processor.py:161} INFO - Processing /home/airflow/.local/lib/python3.7/site-packages/airflow/example_dags/example_branch_python_dop_operator_3.py took 0.062 seconds
[2023-05-29 15:28:23,464] {processor.py:153} INFO - Started process (PID=351) to work on /home/airflow/.local/lib/python3.7/site-packages/airflow/example_dags/example_branch_python_dop_operator_3.py
[2023-05-29 15:28:23,465] {processor.py:641} INFO - Processing file /home/airflow/.local/lib/python3.7/site-packages/airflow/example_dags/example_branch_python_dop_operator_3.py for tasks to queue
[2023-05-29 15:28:23,465] {logging_mixin.py:115} INFO - [2023-05-29 15:28:23,465] {dagbag.py:508} INFO - Filling up the DagBag from /home/airflow/.local/lib/python3.7/site-packages/airflow/example_dags/example_branch_python_dop_operator_3.py
[2023-05-29 15:28:23,471] {processor.py:651} INFO - DAG(s) dict_keys(['example_branch_dop_operator_v3']) retrieved from /home/airflow/.local/lib/python3.7/site-packages/airflow/example_dags/example_branch_python_dop_operator_3.py
[2023-05-29 15:28:23,490] {logging_mixin.py:115} INFO - [2023-05-29 15:28:23,490] {dag.py:2420} INFO - Sync 1 DAGs
[2023-05-29 15:28:23,511] {logging_mixin.py:115} INFO - [2023-05-29 15:28:23,511] {dag.py:2972} INFO - Setting next_dagrun for example_branch_dop_operator_v3 to 2023-05-29T15:27:00+00:00, run_after=2023-05-29T15:28:00+00:00
[2023-05-29 15:28:23,522] {processor.py:161} INFO - Processing /home/airflow/.local/lib/python3.7/site-packages/airflow/example_dags/example_branch_python_dop_operator_3.py took 0.060 seconds
[2023-05-29 15:28:53,950] {processor.py:153} INFO - Started process (PID=412) to work on /home/airflow/.local/lib/python3.7/site-packages/airflow/example_dags/example_branch_python_dop_operator_3.py
[2023-05-29 15:28:53,951] {processor.py:641} INFO - Processing file /home/airflow/.local/lib/python3.7/site-packages/airflow/example_dags/example_branch_python_dop_operator_3.py for tasks to queue
[2023-05-29 15:28:53,951] {logging_mixin.py:115} INFO - [2023-05-29 15:28:53,951] {dagbag.py:508} INFO - Filling up the DagBag from /home/airflow/.local/lib/python3.7/site-packages/airflow/example_dags/example_branch_python_dop_operator_3.py
[2023-05-29 15:28:53,958] {processor.py:651} INFO - DAG(s) dict_keys(['example_branch_dop_operator_v3']) retrieved from /home/airflow/.local/lib/python3.7/site-packages/airflow/example_dags/example_branch_python_dop_operator_3.py
[2023-05-29 15:28:53,980] {logging_mixin.py:115} INFO - [2023-05-29 15:28:53,979] {dag.py:2420} INFO - Sync 1 DAGs
[2023-05-29 15:28:54,003] {logging_mixin.py:115} INFO - [2023-05-29 15:28:54,003] {dag.py:2972} INFO - Setting next_dagrun for example_branch_dop_operator_v3 to 2023-05-29T15:27:00+00:00, run_after=2023-05-29T15:28:00+00:00
[2023-05-29 15:28:54,016] {processor.py:161} INFO - Processing /home/airflow/.local/lib/python3.7/site-packages/airflow/example_dags/example_branch_python_dop_operator_3.py took 0.069 seconds
[2023-05-29 15:29:24,565] {processor.py:153} INFO - Started process (PID=474) to work on /home/airflow/.local/lib/python3.7/site-packages/airflow/example_dags/example_branch_python_dop_operator_3.py
[2023-05-29 15:29:24,567] {processor.py:641} INFO - Processing file /home/airflow/.local/lib/python3.7/site-packages/airflow/example_dags/example_branch_python_dop_operator_3.py for tasks to queue
[2023-05-29 15:29:24,568] {logging_mixin.py:115} INFO - [2023-05-29 15:29:24,567] {dagbag.py:508} INFO - Filling up the DagBag from /home/airflow/.local/lib/python3.7/site-packages/airflow/example_dags/example_branch_python_dop_operator_3.py
[2023-05-29 15:29:24,575] {processor.py:651} INFO - DAG(s) dict_keys(['example_branch_dop_operator_v3']) retrieved from /home/airflow/.local/lib/python3.7/site-packages/airflow/example_dags/example_branch_python_dop_operator_3.py
[2023-05-29 15:29:24,597] {logging_mixin.py:115} INFO - [2023-05-29 15:29:24,597] {dag.py:2420} INFO - Sync 1 DAGs
[2023-05-29 15:29:24,619] {logging_mixin.py:115} INFO - [2023-05-29 15:29:24,619] {dag.py:2972} INFO - Setting next_dagrun for example_branch_dop_operator_v3 to 2023-05-29T15:28:00+00:00, run_after=2023-05-29T15:29:00+00:00
[2023-05-29 15:29:24,629] {processor.py:161} INFO - Processing /home/airflow/.local/lib/python3.7/site-packages/airflow/example_dags/example_branch_python_dop_operator_3.py took 0.067 seconds
[2023-05-29 15:29:55,028] {processor.py:153} INFO - Started process (PID=526) to work on /home/airflow/.local/lib/python3.7/site-packages/airflow/example_dags/example_branch_python_dop_operator_3.py
[2023-05-29 15:29:55,029] {processor.py:641} INFO - Processing file /home/airflow/.local/lib/python3.7/site-packages/airflow/example_dags/example_branch_python_dop_operator_3.py for tasks to queue
[2023-05-29 15:29:55,029] {logging_mixin.py:115} INFO - [2023-05-29 15:29:55,029] {dagbag.py:508} INFO - Filling up the DagBag from /home/airflow/.local/lib/python3.7/site-packages/airflow/example_dags/example_branch_python_dop_operator_3.py
[2023-05-29 15:29:55,035] {processor.py:651} INFO - DAG(s) dict_keys(['example_branch_dop_operator_v3']) retrieved from /home/airflow/.local/lib/python3.7/site-packages/airflow/example_dags/example_branch_python_dop_operator_3.py
[2023-05-29 15:29:55,055] {logging_mixin.py:115} INFO - [2023-05-29 15:29:55,055] {dag.py:2420} INFO - Sync 1 DAGs
[2023-05-29 15:29:55,077] {logging_mixin.py:115} INFO - [2023-05-29 15:29:55,077] {dag.py:2972} INFO - Setting next_dagrun for example_branch_dop_operator_v3 to 2023-05-29T15:28:00+00:00, run_after=2023-05-29T15:29:00+00:00
[2023-05-29 15:29:55,087] {processor.py:161} INFO - Processing /home/airflow/.local/lib/python3.7/site-packages/airflow/example_dags/example_branch_python_dop_operator_3.py took 0.060 seconds
[2023-05-29 15:30:25,537] {processor.py:153} INFO - Started process (PID=587) to work on /home/airflow/.local/lib/python3.7/site-packages/airflow/example_dags/example_branch_python_dop_operator_3.py
[2023-05-29 15:30:25,542] {processor.py:641} INFO - Processing file /home/airflow/.local/lib/python3.7/site-packages/airflow/example_dags/example_branch_python_dop_operator_3.py for tasks to queue
[2023-05-29 15:30:25,542] {logging_mixin.py:115} INFO - [2023-05-29 15:30:25,542] {dagbag.py:508} INFO - Filling up the DagBag from /home/airflow/.local/lib/python3.7/site-packages/airflow/example_dags/example_branch_python_dop_operator_3.py
[2023-05-29 15:30:25,549] {processor.py:651} INFO - DAG(s) dict_keys(['example_branch_dop_operator_v3']) retrieved from /home/airflow/.local/lib/python3.7/site-packages/airflow/example_dags/example_branch_python_dop_operator_3.py
[2023-05-29 15:30:25,567] {logging_mixin.py:115} INFO - [2023-05-29 15:30:25,567] {dag.py:2420} INFO - Sync 1 DAGs
[2023-05-29 15:30:25,588] {logging_mixin.py:115} INFO - [2023-05-29 15:30:25,588] {dag.py:2972} INFO - Setting next_dagrun for example_branch_dop_operator_v3 to 2023-05-29T15:29:00+00:00, run_after=2023-05-29T15:30:00+00:00
[2023-05-29 15:30:25,635] {processor.py:161} INFO - Processing /home/airflow/.local/lib/python3.7/site-packages/airflow/example_dags/example_branch_python_dop_operator_3.py took 0.101 seconds
[2023-05-29 15:30:56,335] {processor.py:153} INFO - Started process (PID=648) to work on /home/airflow/.local/lib/python3.7/site-packages/airflow/example_dags/example_branch_python_dop_operator_3.py
[2023-05-29 15:30:56,335] {processor.py:641} INFO - Processing file /home/airflow/.local/lib/python3.7/site-packages/airflow/example_dags/example_branch_python_dop_operator_3.py for tasks to queue
[2023-05-29 15:30:56,335] {logging_mixin.py:115} INFO - [2023-05-29 15:30:56,335] {dagbag.py:508} INFO - Filling up the DagBag from /home/airflow/.local/lib/python3.7/site-packages/airflow/example_dags/example_branch_python_dop_operator_3.py
[2023-05-29 15:30:56,342] {processor.py:651} INFO - DAG(s) dict_keys(['example_branch_dop_operator_v3']) retrieved from /home/airflow/.local/lib/python3.7/site-packages/airflow/example_dags/example_branch_python_dop_operator_3.py
[2023-05-29 15:30:56,360] {logging_mixin.py:115} INFO - [2023-05-29 15:30:56,360] {dag.py:2420} INFO - Sync 1 DAGs
[2023-05-29 15:30:56,381] {logging_mixin.py:115} INFO - [2023-05-29 15:30:56,380] {dag.py:2972} INFO - Setting next_dagrun for example_branch_dop_operator_v3 to 2023-05-29T15:29:00+00:00, run_after=2023-05-29T15:30:00+00:00
[2023-05-29 15:30:56,391] {processor.py:161} INFO - Processing /home/airflow/.local/lib/python3.7/site-packages/airflow/example_dags/example_branch_python_dop_operator_3.py took 0.058 seconds
[2023-05-29 15:31:26,826] {processor.py:153} INFO - Started process (PID=709) to work on /home/airflow/.local/lib/python3.7/site-packages/airflow/example_dags/example_branch_python_dop_operator_3.py
[2023-05-29 15:31:26,827] {processor.py:641} INFO - Processing file /home/airflow/.local/lib/python3.7/site-packages/airflow/example_dags/example_branch_python_dop_operator_3.py for tasks to queue
[2023-05-29 15:31:26,827] {logging_mixin.py:115} INFO - [2023-05-29 15:31:26,827] {dagbag.py:508} INFO - Filling up the DagBag from /home/airflow/.local/lib/python3.7/site-packages/airflow/example_dags/example_branch_python_dop_operator_3.py
[2023-05-29 15:31:26,835] {processor.py:651} INFO - DAG(s) dict_keys(['example_branch_dop_operator_v3']) retrieved from /home/airflow/.local/lib/python3.7/site-packages/airflow/example_dags/example_branch_python_dop_operator_3.py
[2023-05-29 15:31:26,856] {logging_mixin.py:115} INFO - [2023-05-29 15:31:26,856] {dag.py:2420} INFO - Sync 1 DAGs
[2023-05-29 15:31:26,883] {logging_mixin.py:115} INFO - [2023-05-29 15:31:26,883] {dag.py:2972} INFO - Setting next_dagrun for example_branch_dop_operator_v3 to 2023-05-29T15:30:00+00:00, run_after=2023-05-29T15:31:00+00:00
[2023-05-29 15:31:26,897] {processor.py:161} INFO - Processing /home/airflow/.local/lib/python3.7/site-packages/airflow/example_dags/example_branch_python_dop_operator_3.py took 0.074 seconds
[2023-05-29 15:31:57,256] {processor.py:153} INFO - Started process (PID=760) to work on /home/airflow/.local/lib/python3.7/site-packages/airflow/example_dags/example_branch_python_dop_operator_3.py
[2023-05-29 15:31:57,256] {processor.py:641} INFO - Processing file /home/airflow/.local/lib/python3.7/site-packages/airflow/example_dags/example_branch_python_dop_operator_3.py for tasks to queue
[2023-05-29 15:31:57,257] {logging_mixin.py:115} INFO - [2023-05-29 15:31:57,257] {dagbag.py:508} INFO - Filling up the DagBag from /home/airflow/.local/lib/python3.7/site-packages/airflow/example_dags/example_branch_python_dop_operator_3.py
[2023-05-29 15:31:57,263] {processor.py:651} INFO - DAG(s) dict_keys(['example_branch_dop_operator_v3']) retrieved from /home/airflow/.local/lib/python3.7/site-packages/airflow/example_dags/example_branch_python_dop_operator_3.py
[2023-05-29 15:31:57,285] {logging_mixin.py:115} INFO - [2023-05-29 15:31:57,285] {dag.py:2420} INFO - Sync 1 DAGs
[2023-05-29 15:31:57,305] {logging_mixin.py:115} INFO - [2023-05-29 15:31:57,305] {dag.py:2972} INFO - Setting next_dagrun for example_branch_dop_operator_v3 to 2023-05-29T15:30:00+00:00, run_after=2023-05-29T15:31:00+00:00
[2023-05-29 15:31:57,315] {processor.py:161} INFO - Processing /home/airflow/.local/lib/python3.7/site-packages/airflow/example_dags/example_branch_python_dop_operator_3.py took 0.061 seconds
[2023-05-29 15:32:27,798] {processor.py:153} INFO - Started process (PID=821) to work on /home/airflow/.local/lib/python3.7/site-packages/airflow/example_dags/example_branch_python_dop_operator_3.py
[2023-05-29 15:32:27,798] {processor.py:641} INFO - Processing file /home/airflow/.local/lib/python3.7/site-packages/airflow/example_dags/example_branch_python_dop_operator_3.py for tasks to queue
[2023-05-29 15:32:27,799] {logging_mixin.py:115} INFO - [2023-05-29 15:32:27,799] {dagbag.py:508} INFO - Filling up the DagBag from /home/airflow/.local/lib/python3.7/site-packages/airflow/example_dags/example_branch_python_dop_operator_3.py
[2023-05-29 15:32:27,807] {processor.py:651} INFO - DAG(s) dict_keys(['example_branch_dop_operator_v3']) retrieved from /home/airflow/.local/lib/python3.7/site-packages/airflow/example_dags/example_branch_python_dop_operator_3.py
[2023-05-29 15:32:27,827] {logging_mixin.py:115} INFO - [2023-05-29 15:32:27,827] {dag.py:2420} INFO - Sync 1 DAGs
[2023-05-29 15:32:27,849] {logging_mixin.py:115} INFO - [2023-05-29 15:32:27,849] {dag.py:2972} INFO - Setting next_dagrun for example_branch_dop_operator_v3 to 2023-05-29T15:31:00+00:00, run_after=2023-05-29T15:32:00+00:00
[2023-05-29 15:32:27,861] {processor.py:161} INFO - Processing /home/airflow/.local/lib/python3.7/site-packages/airflow/example_dags/example_branch_python_dop_operator_3.py took 0.066 seconds
[2023-05-29 15:32:58,211] {processor.py:153} INFO - Started process (PID=882) to work on /home/airflow/.local/lib/python3.7/site-packages/airflow/example_dags/example_branch_python_dop_operator_3.py
[2023-05-29 15:32:58,211] {processor.py:641} INFO - Processing file /home/airflow/.local/lib/python3.7/site-packages/airflow/example_dags/example_branch_python_dop_operator_3.py for tasks to queue
[2023-05-29 15:32:58,212] {logging_mixin.py:115} INFO - [2023-05-29 15:32:58,212] {dagbag.py:508} INFO - Filling up the DagBag from /home/airflow/.local/lib/python3.7/site-packages/airflow/example_dags/example_branch_python_dop_operator_3.py
[2023-05-29 15:32:58,218] {processor.py:651} INFO - DAG(s) dict_keys(['example_branch_dop_operator_v3']) retrieved from /home/airflow/.local/lib/python3.7/site-packages/airflow/example_dags/example_branch_python_dop_operator_3.py
[2023-05-29 15:32:58,238] {logging_mixin.py:115} INFO - [2023-05-29 15:32:58,238] {dag.py:2420} INFO - Sync 1 DAGs
[2023-05-29 15:32:58,258] {logging_mixin.py:115} INFO - [2023-05-29 15:32:58,258] {dag.py:2972} INFO - Setting next_dagrun for example_branch_dop_operator_v3 to 2023-05-29T15:31:00+00:00, run_after=2023-05-29T15:32:00+00:00
[2023-05-29 15:32:58,268] {processor.py:161} INFO - Processing /home/airflow/.local/lib/python3.7/site-packages/airflow/example_dags/example_branch_python_dop_operator_3.py took 0.060 seconds
[2023-05-29 15:33:28,684] {processor.py:153} INFO - Started process (PID=943) to work on /home/airflow/.local/lib/python3.7/site-packages/airflow/example_dags/example_branch_python_dop_operator_3.py
[2023-05-29 15:33:28,684] {processor.py:641} INFO - Processing file /home/airflow/.local/lib/python3.7/site-packages/airflow/example_dags/example_branch_python_dop_operator_3.py for tasks to queue
[2023-05-29 15:33:28,684] {logging_mixin.py:115} INFO - [2023-05-29 15:33:28,684] {dagbag.py:508} INFO - Filling up the DagBag from /home/airflow/.local/lib/python3.7/site-packages/airflow/example_dags/example_branch_python_dop_operator_3.py
[2023-05-29 15:33:28,692] {processor.py:651} INFO - DAG(s) dict_keys(['example_branch_dop_operator_v3']) retrieved from /home/airflow/.local/lib/python3.7/site-packages/airflow/example_dags/example_branch_python_dop_operator_3.py
[2023-05-29 15:33:28,713] {logging_mixin.py:115} INFO - [2023-05-29 15:33:28,713] {dag.py:2420} INFO - Sync 1 DAGs
[2023-05-29 15:33:28,738] {logging_mixin.py:115} INFO - [2023-05-29 15:33:28,737] {dag.py:2972} INFO - Setting next_dagrun for example_branch_dop_operator_v3 to 2023-05-29T15:32:00+00:00, run_after=2023-05-29T15:33:00+00:00
[2023-05-29 15:33:28,750] {processor.py:161} INFO - Processing /home/airflow/.local/lib/python3.7/site-packages/airflow/example_dags/example_branch_python_dop_operator_3.py took 0.068 seconds
[2023-05-29 15:33:59,281] {processor.py:153} INFO - Started process (PID=995) to work on /home/airflow/.local/lib/python3.7/site-packages/airflow/example_dags/example_branch_python_dop_operator_3.py
[2023-05-29 15:33:59,281] {processor.py:641} INFO - Processing file /home/airflow/.local/lib/python3.7/site-packages/airflow/example_dags/example_branch_python_dop_operator_3.py for tasks to queue
[2023-05-29 15:33:59,282] {logging_mixin.py:115} INFO - [2023-05-29 15:33:59,281] {dagbag.py:508} INFO - Filling up the DagBag from /home/airflow/.local/lib/python3.7/site-packages/airflow/example_dags/example_branch_python_dop_operator_3.py
[2023-05-29 15:33:59,288] {processor.py:651} INFO - DAG(s) dict_keys(['example_branch_dop_operator_v3']) retrieved from /home/airflow/.local/lib/python3.7/site-packages/airflow/example_dags/example_branch_python_dop_operator_3.py
[2023-05-29 15:33:59,306] {logging_mixin.py:115} INFO - [2023-05-29 15:33:59,306] {dag.py:2420} INFO - Sync 1 DAGs
[2023-05-29 15:33:59,327] {logging_mixin.py:115} INFO - [2023-05-29 15:33:59,326] {dag.py:2972} INFO - Setting next_dagrun for example_branch_dop_operator_v3 to 2023-05-29T15:32:00+00:00, run_after=2023-05-29T15:33:00+00:00
[2023-05-29 15:33:59,339] {processor.py:161} INFO - Processing /home/airflow/.local/lib/python3.7/site-packages/airflow/example_dags/example_branch_python_dop_operator_3.py took 0.060 seconds
[2023-05-29 15:34:29,742] {processor.py:153} INFO - Started process (PID=1056) to work on /home/airflow/.local/lib/python3.7/site-packages/airflow/example_dags/example_branch_python_dop_operator_3.py
[2023-05-29 15:34:29,742] {processor.py:641} INFO - Processing file /home/airflow/.local/lib/python3.7/site-packages/airflow/example_dags/example_branch_python_dop_operator_3.py for tasks to queue
[2023-05-29 15:34:29,743] {logging_mixin.py:115} INFO - [2023-05-29 15:34:29,743] {dagbag.py:508} INFO - Filling up the DagBag from /home/airflow/.local/lib/python3.7/site-packages/airflow/example_dags/example_branch_python_dop_operator_3.py
[2023-05-29 15:34:29,749] {processor.py:651} INFO - DAG(s) dict_keys(['example_branch_dop_operator_v3']) retrieved from /home/airflow/.local/lib/python3.7/site-packages/airflow/example_dags/example_branch_python_dop_operator_3.py
[2023-05-29 15:34:29,769] {logging_mixin.py:115} INFO - [2023-05-29 15:34:29,768] {dag.py:2420} INFO - Sync 1 DAGs
[2023-05-29 15:34:29,789] {logging_mixin.py:115} INFO - [2023-05-29 15:34:29,789] {dag.py:2972} INFO - Setting next_dagrun for example_branch_dop_operator_v3 to 2023-05-29T15:33:00+00:00, run_after=2023-05-29T15:34:00+00:00
[2023-05-29 15:34:29,800] {processor.py:161} INFO - Processing /home/airflow/.local/lib/python3.7/site-packages/airflow/example_dags/example_branch_python_dop_operator_3.py took 0.060 seconds
[2023-05-29 15:35:00,207] {processor.py:153} INFO - Started process (PID=1117) to work on /home/airflow/.local/lib/python3.7/site-packages/airflow/example_dags/example_branch_python_dop_operator_3.py
[2023-05-29 15:35:00,207] {processor.py:641} INFO - Processing file /home/airflow/.local/lib/python3.7/site-packages/airflow/example_dags/example_branch_python_dop_operator_3.py for tasks to queue
[2023-05-29 15:35:00,208] {logging_mixin.py:115} INFO - [2023-05-29 15:35:00,208] {dagbag.py:508} INFO - Filling up the DagBag from /home/airflow/.local/lib/python3.7/site-packages/airflow/example_dags/example_branch_python_dop_operator_3.py
[2023-05-29 15:35:00,214] {processor.py:651} INFO - DAG(s) dict_keys(['example_branch_dop_operator_v3']) retrieved from /home/airflow/.local/lib/python3.7/site-packages/airflow/example_dags/example_branch_python_dop_operator_3.py
[2023-05-29 15:35:00,232] {logging_mixin.py:115} INFO - [2023-05-29 15:35:00,232] {dag.py:2420} INFO - Sync 1 DAGs
[2023-05-29 15:35:00,254] {logging_mixin.py:115} INFO - [2023-05-29 15:35:00,254] {dag.py:2972} INFO - Setting next_dagrun for example_branch_dop_operator_v3 to 2023-05-29T15:34:00+00:00, run_after=2023-05-29T15:35:00+00:00
[2023-05-29 15:35:00,264] {processor.py:161} INFO - Processing /home/airflow/.local/lib/python3.7/site-packages/airflow/example_dags/example_branch_python_dop_operator_3.py took 0.060 seconds
[2023-05-29 15:35:30,701] {processor.py:153} INFO - Started process (PID=1169) to work on /home/airflow/.local/lib/python3.7/site-packages/airflow/example_dags/example_branch_python_dop_operator_3.py
[2023-05-29 15:35:30,701] {processor.py:641} INFO - Processing file /home/airflow/.local/lib/python3.7/site-packages/airflow/example_dags/example_branch_python_dop_operator_3.py for tasks to queue
[2023-05-29 15:35:30,702] {logging_mixin.py:115} INFO - [2023-05-29 15:35:30,702] {dagbag.py:508} INFO - Filling up the DagBag from /home/airflow/.local/lib/python3.7/site-packages/airflow/example_dags/example_branch_python_dop_operator_3.py
[2023-05-29 15:35:30,708] {processor.py:651} INFO - DAG(s) dict_keys(['example_branch_dop_operator_v3']) retrieved from /home/airflow/.local/lib/python3.7/site-packages/airflow/example_dags/example_branch_python_dop_operator_3.py
[2023-05-29 15:35:30,727] {logging_mixin.py:115} INFO - [2023-05-29 15:35:30,727] {dag.py:2420} INFO - Sync 1 DAGs
[2023-05-29 15:35:30,747] {logging_mixin.py:115} INFO - [2023-05-29 15:35:30,747] {dag.py:2972} INFO - Setting next_dagrun for example_branch_dop_operator_v3 to 2023-05-29T15:34:00+00:00, run_after=2023-05-29T15:35:00+00:00
[2023-05-29 15:35:30,757] {processor.py:161} INFO - Processing /home/airflow/.local/lib/python3.7/site-packages/airflow/example_dags/example_branch_python_dop_operator_3.py took 0.058 seconds
[2023-05-29 15:36:01,432] {processor.py:153} INFO - Started process (PID=1231) to work on /home/airflow/.local/lib/python3.7/site-packages/airflow/example_dags/example_branch_python_dop_operator_3.py
[2023-05-29 15:36:01,432] {processor.py:641} INFO - Processing file /home/airflow/.local/lib/python3.7/site-packages/airflow/example_dags/example_branch_python_dop_operator_3.py for tasks to queue
[2023-05-29 15:36:01,433] {logging_mixin.py:115} INFO - [2023-05-29 15:36:01,433] {dagbag.py:508} INFO - Filling up the DagBag from /home/airflow/.local/lib/python3.7/site-packages/airflow/example_dags/example_branch_python_dop_operator_3.py
[2023-05-29 15:36:01,441] {processor.py:651} INFO - DAG(s) dict_keys(['example_branch_dop_operator_v3']) retrieved from /home/airflow/.local/lib/python3.7/site-packages/airflow/example_dags/example_branch_python_dop_operator_3.py
[2023-05-29 15:36:01,462] {logging_mixin.py:115} INFO - [2023-05-29 15:36:01,462] {dag.py:2420} INFO - Sync 1 DAGs
[2023-05-29 15:36:01,484] {logging_mixin.py:115} INFO - [2023-05-29 15:36:01,484] {dag.py:2972} INFO - Setting next_dagrun for example_branch_dop_operator_v3 to 2023-05-29T15:35:00+00:00, run_after=2023-05-29T15:36:00+00:00
[2023-05-29 15:36:01,497] {processor.py:161} INFO - Processing /home/airflow/.local/lib/python3.7/site-packages/airflow/example_dags/example_branch_python_dop_operator_3.py took 0.068 seconds
[2023-05-29 15:36:31,937] {processor.py:153} INFO - Started process (PID=1293) to work on /home/airflow/.local/lib/python3.7/site-packages/airflow/example_dags/example_branch_python_dop_operator_3.py
[2023-05-29 15:36:31,938] {processor.py:641} INFO - Processing file /home/airflow/.local/lib/python3.7/site-packages/airflow/example_dags/example_branch_python_dop_operator_3.py for tasks to queue
[2023-05-29 15:36:31,938] {logging_mixin.py:115} INFO - [2023-05-29 15:36:31,938] {dagbag.py:508} INFO - Filling up the DagBag from /home/airflow/.local/lib/python3.7/site-packages/airflow/example_dags/example_branch_python_dop_operator_3.py
[2023-05-29 15:36:31,944] {processor.py:651} INFO - DAG(s) dict_keys(['example_branch_dop_operator_v3']) retrieved from /home/airflow/.local/lib/python3.7/site-packages/airflow/example_dags/example_branch_python_dop_operator_3.py
[2023-05-29 15:36:31,964] {logging_mixin.py:115} INFO - [2023-05-29 15:36:31,964] {dag.py:2420} INFO - Sync 1 DAGs
[2023-05-29 15:36:31,985] {logging_mixin.py:115} INFO - [2023-05-29 15:36:31,985] {dag.py:2972} INFO - Setting next_dagrun for example_branch_dop_operator_v3 to 2023-05-29T15:35:00+00:00, run_after=2023-05-29T15:36:00+00:00
[2023-05-29 15:36:31,999] {processor.py:161} INFO - Processing /home/airflow/.local/lib/python3.7/site-packages/airflow/example_dags/example_branch_python_dop_operator_3.py took 0.064 seconds
[2023-05-29 15:37:02,581] {processor.py:153} INFO - Started process (PID=1355) to work on /home/airflow/.local/lib/python3.7/site-packages/airflow/example_dags/example_branch_python_dop_operator_3.py
[2023-05-29 15:37:02,582] {processor.py:641} INFO - Processing file /home/airflow/.local/lib/python3.7/site-packages/airflow/example_dags/example_branch_python_dop_operator_3.py for tasks to queue
[2023-05-29 15:37:02,582] {logging_mixin.py:115} INFO - [2023-05-29 15:37:02,582] {dagbag.py:508} INFO - Filling up the DagBag from /home/airflow/.local/lib/python3.7/site-packages/airflow/example_dags/example_branch_python_dop_operator_3.py
[2023-05-29 15:37:02,589] {processor.py:651} INFO - DAG(s) dict_keys(['example_branch_dop_operator_v3']) retrieved from /home/airflow/.local/lib/python3.7/site-packages/airflow/example_dags/example_branch_python_dop_operator_3.py
[2023-05-29 15:37:02,609] {logging_mixin.py:115} INFO - [2023-05-29 15:37:02,609] {dag.py:2420} INFO - Sync 1 DAGs
[2023-05-29 15:37:02,631] {logging_mixin.py:115} INFO - [2023-05-29 15:37:02,631] {dag.py:2972} INFO - Setting next_dagrun for example_branch_dop_operator_v3 to 2023-05-29T15:36:00+00:00, run_after=2023-05-29T15:37:00+00:00
[2023-05-29 15:37:02,642] {processor.py:161} INFO - Processing /home/airflow/.local/lib/python3.7/site-packages/airflow/example_dags/example_branch_python_dop_operator_3.py took 0.062 seconds
[2023-05-29 15:37:33,053] {processor.py:153} INFO - Started process (PID=1408) to work on /home/airflow/.local/lib/python3.7/site-packages/airflow/example_dags/example_branch_python_dop_operator_3.py
[2023-05-29 15:37:33,053] {processor.py:641} INFO - Processing file /home/airflow/.local/lib/python3.7/site-packages/airflow/example_dags/example_branch_python_dop_operator_3.py for tasks to queue
[2023-05-29 15:37:33,053] {logging_mixin.py:115} INFO - [2023-05-29 15:37:33,053] {dagbag.py:508} INFO - Filling up the DagBag from /home/airflow/.local/lib/python3.7/site-packages/airflow/example_dags/example_branch_python_dop_operator_3.py
[2023-05-29 15:37:33,060] {processor.py:651} INFO - DAG(s) dict_keys(['example_branch_dop_operator_v3']) retrieved from /home/airflow/.local/lib/python3.7/site-packages/airflow/example_dags/example_branch_python_dop_operator_3.py
[2023-05-29 15:37:33,080] {logging_mixin.py:115} INFO - [2023-05-29 15:37:33,079] {dag.py:2420} INFO - Sync 1 DAGs
[2023-05-29 15:37:33,102] {logging_mixin.py:115} INFO - [2023-05-29 15:37:33,101] {dag.py:2972} INFO - Setting next_dagrun for example_branch_dop_operator_v3 to 2023-05-29T15:36:00+00:00, run_after=2023-05-29T15:37:00+00:00
[2023-05-29 15:37:33,112] {processor.py:161} INFO - Processing /home/airflow/.local/lib/python3.7/site-packages/airflow/example_dags/example_branch_python_dop_operator_3.py took 0.062 seconds
[2023-05-29 15:38:03,605] {processor.py:153} INFO - Started process (PID=1470) to work on /home/airflow/.local/lib/python3.7/site-packages/airflow/example_dags/example_branch_python_dop_operator_3.py
[2023-05-29 15:38:03,606] {processor.py:641} INFO - Processing file /home/airflow/.local/lib/python3.7/site-packages/airflow/example_dags/example_branch_python_dop_operator_3.py for tasks to queue
[2023-05-29 15:38:03,606] {logging_mixin.py:115} INFO - [2023-05-29 15:38:03,606] {dagbag.py:508} INFO - Filling up the DagBag from /home/airflow/.local/lib/python3.7/site-packages/airflow/example_dags/example_branch_python_dop_operator_3.py
[2023-05-29 15:38:03,614] {processor.py:651} INFO - DAG(s) dict_keys(['example_branch_dop_operator_v3']) retrieved from /home/airflow/.local/lib/python3.7/site-packages/airflow/example_dags/example_branch_python_dop_operator_3.py
[2023-05-29 15:38:03,634] {logging_mixin.py:115} INFO - [2023-05-29 15:38:03,634] {dag.py:2420} INFO - Sync 1 DAGs
[2023-05-29 15:38:03,655] {logging_mixin.py:115} INFO - [2023-05-29 15:38:03,655] {dag.py:2972} INFO - Setting next_dagrun for example_branch_dop_operator_v3 to 2023-05-29T15:37:00+00:00, run_after=2023-05-29T15:38:00+00:00
[2023-05-29 15:38:03,668] {processor.py:161} INFO - Processing /home/airflow/.local/lib/python3.7/site-packages/airflow/example_dags/example_branch_python_dop_operator_3.py took 0.065 seconds
[2023-05-29 15:38:34,059] {processor.py:153} INFO - Started process (PID=1541) to work on /home/airflow/.local/lib/python3.7/site-packages/airflow/example_dags/example_branch_python_dop_operator_3.py
[2023-05-29 15:38:34,060] {processor.py:641} INFO - Processing file /home/airflow/.local/lib/python3.7/site-packages/airflow/example_dags/example_branch_python_dop_operator_3.py for tasks to queue
[2023-05-29 15:38:34,060] {logging_mixin.py:115} INFO - [2023-05-29 15:38:34,060] {dagbag.py:508} INFO - Filling up the DagBag from /home/airflow/.local/lib/python3.7/site-packages/airflow/example_dags/example_branch_python_dop_operator_3.py
[2023-05-29 15:38:34,067] {processor.py:651} INFO - DAG(s) dict_keys(['example_branch_dop_operator_v3']) retrieved from /home/airflow/.local/lib/python3.7/site-packages/airflow/example_dags/example_branch_python_dop_operator_3.py
[2023-05-29 15:38:34,089] {logging_mixin.py:115} INFO - [2023-05-29 15:38:34,089] {dag.py:2420} INFO - Sync 1 DAGs
[2023-05-29 15:38:34,110] {logging_mixin.py:115} INFO - [2023-05-29 15:38:34,110] {dag.py:2972} INFO - Setting next_dagrun for example_branch_dop_operator_v3 to 2023-05-29T15:37:00+00:00, run_after=2023-05-29T15:38:00+00:00
[2023-05-29 15:38:34,123] {processor.py:161} INFO - Processing /home/airflow/.local/lib/python3.7/site-packages/airflow/example_dags/example_branch_python_dop_operator_3.py took 0.066 seconds
[2023-05-29 15:39:04,815] {processor.py:153} INFO - Started process (PID=1607) to work on /home/airflow/.local/lib/python3.7/site-packages/airflow/example_dags/example_branch_python_dop_operator_3.py
[2023-05-29 15:39:04,816] {processor.py:641} INFO - Processing file /home/airflow/.local/lib/python3.7/site-packages/airflow/example_dags/example_branch_python_dop_operator_3.py for tasks to queue
[2023-05-29 15:39:04,816] {logging_mixin.py:115} INFO - [2023-05-29 15:39:04,816] {dagbag.py:508} INFO - Filling up the DagBag from /home/airflow/.local/lib/python3.7/site-packages/airflow/example_dags/example_branch_python_dop_operator_3.py
[2023-05-29 15:39:04,827] {processor.py:651} INFO - DAG(s) dict_keys(['example_branch_dop_operator_v3']) retrieved from /home/airflow/.local/lib/python3.7/site-packages/airflow/example_dags/example_branch_python_dop_operator_3.py
[2023-05-29 15:39:04,852] {logging_mixin.py:115} INFO - [2023-05-29 15:39:04,852] {dag.py:2420} INFO - Sync 1 DAGs
[2023-05-29 15:39:04,879] {logging_mixin.py:115} INFO - [2023-05-29 15:39:04,878] {dag.py:2972} INFO - Setting next_dagrun for example_branch_dop_operator_v3 to 2023-05-29T15:38:00+00:00, run_after=2023-05-29T15:39:00+00:00
[2023-05-29 15:39:04,893] {processor.py:161} INFO - Processing /home/airflow/.local/lib/python3.7/site-packages/airflow/example_dags/example_branch_python_dop_operator_3.py took 0.082 seconds
[2023-05-29 15:39:35,477] {processor.py:153} INFO - Started process (PID=1660) to work on /home/airflow/.local/lib/python3.7/site-packages/airflow/example_dags/example_branch_python_dop_operator_3.py
[2023-05-29 15:39:35,477] {processor.py:641} INFO - Processing file /home/airflow/.local/lib/python3.7/site-packages/airflow/example_dags/example_branch_python_dop_operator_3.py for tasks to queue
[2023-05-29 15:39:35,478] {logging_mixin.py:115} INFO - [2023-05-29 15:39:35,477] {dagbag.py:508} INFO - Filling up the DagBag from /home/airflow/.local/lib/python3.7/site-packages/airflow/example_dags/example_branch_python_dop_operator_3.py
[2023-05-29 15:39:35,485] {processor.py:651} INFO - DAG(s) dict_keys(['example_branch_dop_operator_v3']) retrieved from /home/airflow/.local/lib/python3.7/site-packages/airflow/example_dags/example_branch_python_dop_operator_3.py
[2023-05-29 15:39:35,506] {logging_mixin.py:115} INFO - [2023-05-29 15:39:35,506] {dag.py:2420} INFO - Sync 1 DAGs
[2023-05-29 15:39:35,529] {logging_mixin.py:115} INFO - [2023-05-29 15:39:35,529] {dag.py:2972} INFO - Setting next_dagrun for example_branch_dop_operator_v3 to 2023-05-29T15:38:00+00:00, run_after=2023-05-29T15:39:00+00:00
[2023-05-29 15:39:35,541] {processor.py:161} INFO - Processing /home/airflow/.local/lib/python3.7/site-packages/airflow/example_dags/example_branch_python_dop_operator_3.py took 0.067 seconds
[2023-05-29 15:40:05,858] {processor.py:153} INFO - Started process (PID=1722) to work on /home/airflow/.local/lib/python3.7/site-packages/airflow/example_dags/example_branch_python_dop_operator_3.py
[2023-05-29 15:40:05,858] {processor.py:641} INFO - Processing file /home/airflow/.local/lib/python3.7/site-packages/airflow/example_dags/example_branch_python_dop_operator_3.py for tasks to queue
[2023-05-29 15:40:05,859] {logging_mixin.py:115} INFO - [2023-05-29 15:40:05,859] {dagbag.py:508} INFO - Filling up the DagBag from /home/airflow/.local/lib/python3.7/site-packages/airflow/example_dags/example_branch_python_dop_operator_3.py
[2023-05-29 15:40:05,865] {processor.py:651} INFO - DAG(s) dict_keys(['example_branch_dop_operator_v3']) retrieved from /home/airflow/.local/lib/python3.7/site-packages/airflow/example_dags/example_branch_python_dop_operator_3.py
[2023-05-29 15:40:05,883] {logging_mixin.py:115} INFO - [2023-05-29 15:40:05,883] {dag.py:2420} INFO - Sync 1 DAGs
[2023-05-29 15:40:05,904] {logging_mixin.py:115} INFO - [2023-05-29 15:40:05,903] {dag.py:2972} INFO - Setting next_dagrun for example_branch_dop_operator_v3 to 2023-05-29T15:39:00+00:00, run_after=2023-05-29T15:40:00+00:00
[2023-05-29 15:40:05,915] {processor.py:161} INFO - Processing /home/airflow/.local/lib/python3.7/site-packages/airflow/example_dags/example_branch_python_dop_operator_3.py took 0.059 seconds
[2023-05-29 15:40:36,276] {processor.py:153} INFO - Started process (PID=1784) to work on /home/airflow/.local/lib/python3.7/site-packages/airflow/example_dags/example_branch_python_dop_operator_3.py
[2023-05-29 15:40:36,276] {processor.py:641} INFO - Processing file /home/airflow/.local/lib/python3.7/site-packages/airflow/example_dags/example_branch_python_dop_operator_3.py for tasks to queue
[2023-05-29 15:40:36,277] {logging_mixin.py:115} INFO - [2023-05-29 15:40:36,277] {dagbag.py:508} INFO - Filling up the DagBag from /home/airflow/.local/lib/python3.7/site-packages/airflow/example_dags/example_branch_python_dop_operator_3.py
[2023-05-29 15:40:36,283] {processor.py:651} INFO - DAG(s) dict_keys(['example_branch_dop_operator_v3']) retrieved from /home/airflow/.local/lib/python3.7/site-packages/airflow/example_dags/example_branch_python_dop_operator_3.py
[2023-05-29 15:40:36,301] {logging_mixin.py:115} INFO - [2023-05-29 15:40:36,301] {dag.py:2420} INFO - Sync 1 DAGs
[2023-05-29 15:40:36,322] {logging_mixin.py:115} INFO - [2023-05-29 15:40:36,322] {dag.py:2972} INFO - Setting next_dagrun for example_branch_dop_operator_v3 to 2023-05-29T15:39:00+00:00, run_after=2023-05-29T15:40:00+00:00
[2023-05-29 15:40:36,332] {processor.py:161} INFO - Processing /home/airflow/.local/lib/python3.7/site-packages/airflow/example_dags/example_branch_python_dop_operator_3.py took 0.058 seconds
[2023-05-29 15:41:06,771] {processor.py:153} INFO - Started process (PID=1846) to work on /home/airflow/.local/lib/python3.7/site-packages/airflow/example_dags/example_branch_python_dop_operator_3.py
[2023-05-29 15:41:06,772] {processor.py:641} INFO - Processing file /home/airflow/.local/lib/python3.7/site-packages/airflow/example_dags/example_branch_python_dop_operator_3.py for tasks to queue
[2023-05-29 15:41:06,772] {logging_mixin.py:115} INFO - [2023-05-29 15:41:06,772] {dagbag.py:508} INFO - Filling up the DagBag from /home/airflow/.local/lib/python3.7/site-packages/airflow/example_dags/example_branch_python_dop_operator_3.py
[2023-05-29 15:41:06,780] {processor.py:651} INFO - DAG(s) dict_keys(['example_branch_dop_operator_v3']) retrieved from /home/airflow/.local/lib/python3.7/site-packages/airflow/example_dags/example_branch_python_dop_operator_3.py
[2023-05-29 15:41:06,804] {logging_mixin.py:115} INFO - [2023-05-29 15:41:06,804] {dag.py:2420} INFO - Sync 1 DAGs
[2023-05-29 15:41:06,830] {logging_mixin.py:115} INFO - [2023-05-29 15:41:06,830] {dag.py:2972} INFO - Setting next_dagrun for example_branch_dop_operator_v3 to 2023-05-29T15:40:00+00:00, run_after=2023-05-29T15:41:00+00:00
[2023-05-29 15:41:06,844] {processor.py:161} INFO - Processing /home/airflow/.local/lib/python3.7/site-packages/airflow/example_dags/example_branch_python_dop_operator_3.py took 0.076 seconds
