[2023-05-29 15:18:20,254] {processor.py:153} INFO - Started process (PID=74) to work on /home/airflow/.local/lib/python3.7/site-packages/airflow/example_dags/example_branch_operator.py
[2023-05-29 15:18:20,256] {processor.py:641} INFO - Processing file /home/airflow/.local/lib/python3.7/site-packages/airflow/example_dags/example_branch_operator.py for tasks to queue
[2023-05-29 15:18:20,257] {logging_mixin.py:115} INFO - [2023-05-29 15:18:20,256] {dagbag.py:508} INFO - Filling up the DagBag from /home/airflow/.local/lib/python3.7/site-packages/airflow/example_dags/example_branch_operator.py
[2023-05-29 15:18:20,272] {processor.py:651} INFO - DAG(s) dict_keys(['example_branch_operator']) retrieved from /home/airflow/.local/lib/python3.7/site-packages/airflow/example_dags/example_branch_operator.py
[2023-05-29 15:18:20,418] {logging_mixin.py:115} INFO - [2023-05-29 15:18:20,418] {manager.py:508} INFO - Created Permission View: can read on DAG:example_branch_operator
[2023-05-29 15:18:20,432] {logging_mixin.py:115} INFO - [2023-05-29 15:18:20,432] {manager.py:508} INFO - Created Permission View: can delete on DAG:example_branch_operator
[2023-05-29 15:18:20,447] {logging_mixin.py:115} INFO - [2023-05-29 15:18:20,447] {manager.py:508} INFO - Created Permission View: can edit on DAG:example_branch_operator
[2023-05-29 15:18:20,447] {logging_mixin.py:115} INFO - [2023-05-29 15:18:20,447] {dag.py:2420} INFO - Sync 1 DAGs
[2023-05-29 15:18:20,460] {logging_mixin.py:115} INFO - [2023-05-29 15:18:20,459] {dag.py:2439} INFO - Creating ORM DAG for example_branch_operator
[2023-05-29 15:18:20,480] {logging_mixin.py:115} INFO - [2023-05-29 15:18:20,480] {dag.py:2972} INFO - Setting next_dagrun for example_branch_operator to 2023-05-28T00:00:00+00:00, run_after=2023-05-29T00:00:00+00:00
[2023-05-29 15:18:20,505] {processor.py:161} INFO - Processing /home/airflow/.local/lib/python3.7/site-packages/airflow/example_dags/example_branch_operator.py took 0.256 seconds
[2023-05-29 15:18:51,717] {processor.py:153} INFO - Started process (PID=126) to work on /home/airflow/.local/lib/python3.7/site-packages/airflow/example_dags/example_branch_operator.py
[2023-05-29 15:18:51,732] {processor.py:641} INFO - Processing file /home/airflow/.local/lib/python3.7/site-packages/airflow/example_dags/example_branch_operator.py for tasks to queue
[2023-05-29 15:18:51,732] {logging_mixin.py:115} INFO - [2023-05-29 15:18:51,732] {dagbag.py:508} INFO - Filling up the DagBag from /home/airflow/.local/lib/python3.7/site-packages/airflow/example_dags/example_branch_operator.py
[2023-05-29 15:18:51,909] {processor.py:651} INFO - DAG(s) dict_keys(['example_branch_operator']) retrieved from /home/airflow/.local/lib/python3.7/site-packages/airflow/example_dags/example_branch_operator.py
[2023-05-29 15:18:51,940] {logging_mixin.py:115} INFO - [2023-05-29 15:18:51,939] {dag.py:2420} INFO - Sync 1 DAGs
[2023-05-29 15:18:51,959] {logging_mixin.py:115} INFO - [2023-05-29 15:18:51,959] {dag.py:2972} INFO - Setting next_dagrun for example_branch_operator to 2023-05-28T00:00:00+00:00, run_after=2023-05-29T00:00:00+00:00
[2023-05-29 15:18:52,147] {processor.py:161} INFO - Processing /home/airflow/.local/lib/python3.7/site-packages/airflow/example_dags/example_branch_operator.py took 0.432 seconds
[2023-05-29 15:19:22,786] {processor.py:153} INFO - Started process (PID=187) to work on /home/airflow/.local/lib/python3.7/site-packages/airflow/example_dags/example_branch_operator.py
[2023-05-29 15:19:22,792] {processor.py:641} INFO - Processing file /home/airflow/.local/lib/python3.7/site-packages/airflow/example_dags/example_branch_operator.py for tasks to queue
[2023-05-29 15:19:22,793] {logging_mixin.py:115} INFO - [2023-05-29 15:19:22,793] {dagbag.py:508} INFO - Filling up the DagBag from /home/airflow/.local/lib/python3.7/site-packages/airflow/example_dags/example_branch_operator.py
[2023-05-29 15:19:22,803] {processor.py:651} INFO - DAG(s) dict_keys(['example_branch_operator']) retrieved from /home/airflow/.local/lib/python3.7/site-packages/airflow/example_dags/example_branch_operator.py
[2023-05-29 15:19:22,823] {logging_mixin.py:115} INFO - [2023-05-29 15:19:22,823] {dag.py:2420} INFO - Sync 1 DAGs
[2023-05-29 15:19:22,841] {logging_mixin.py:115} INFO - [2023-05-29 15:19:22,841] {dag.py:2972} INFO - Setting next_dagrun for example_branch_operator to 2023-05-28T00:00:00+00:00, run_after=2023-05-29T00:00:00+00:00
[2023-05-29 15:19:22,852] {processor.py:161} INFO - Processing /home/airflow/.local/lib/python3.7/site-packages/airflow/example_dags/example_branch_operator.py took 0.068 seconds
[2023-05-29 15:19:53,180] {processor.py:153} INFO - Started process (PID=248) to work on /home/airflow/.local/lib/python3.7/site-packages/airflow/example_dags/example_branch_operator.py
[2023-05-29 15:19:53,186] {processor.py:641} INFO - Processing file /home/airflow/.local/lib/python3.7/site-packages/airflow/example_dags/example_branch_operator.py for tasks to queue
[2023-05-29 15:19:53,187] {logging_mixin.py:115} INFO - [2023-05-29 15:19:53,187] {dagbag.py:508} INFO - Filling up the DagBag from /home/airflow/.local/lib/python3.7/site-packages/airflow/example_dags/example_branch_operator.py
[2023-05-29 15:19:53,198] {processor.py:651} INFO - DAG(s) dict_keys(['example_branch_operator']) retrieved from /home/airflow/.local/lib/python3.7/site-packages/airflow/example_dags/example_branch_operator.py
[2023-05-29 15:19:53,218] {logging_mixin.py:115} INFO - [2023-05-29 15:19:53,218] {dag.py:2420} INFO - Sync 1 DAGs
[2023-05-29 15:19:53,237] {logging_mixin.py:115} INFO - [2023-05-29 15:19:53,237] {dag.py:2972} INFO - Setting next_dagrun for example_branch_operator to 2023-05-28T00:00:00+00:00, run_after=2023-05-29T00:00:00+00:00
[2023-05-29 15:19:53,248] {processor.py:161} INFO - Processing /home/airflow/.local/lib/python3.7/site-packages/airflow/example_dags/example_branch_operator.py took 0.070 seconds
[2023-05-29 15:20:23,579] {processor.py:153} INFO - Started process (PID=309) to work on /home/airflow/.local/lib/python3.7/site-packages/airflow/example_dags/example_branch_operator.py
[2023-05-29 15:20:23,585] {processor.py:641} INFO - Processing file /home/airflow/.local/lib/python3.7/site-packages/airflow/example_dags/example_branch_operator.py for tasks to queue
[2023-05-29 15:20:23,585] {logging_mixin.py:115} INFO - [2023-05-29 15:20:23,585] {dagbag.py:508} INFO - Filling up the DagBag from /home/airflow/.local/lib/python3.7/site-packages/airflow/example_dags/example_branch_operator.py
[2023-05-29 15:20:23,595] {processor.py:651} INFO - DAG(s) dict_keys(['example_branch_operator']) retrieved from /home/airflow/.local/lib/python3.7/site-packages/airflow/example_dags/example_branch_operator.py
[2023-05-29 15:20:23,617] {logging_mixin.py:115} INFO - [2023-05-29 15:20:23,617] {dag.py:2420} INFO - Sync 1 DAGs
[2023-05-29 15:20:23,643] {logging_mixin.py:115} INFO - [2023-05-29 15:20:23,643] {dag.py:2972} INFO - Setting next_dagrun for example_branch_operator to 2023-05-28T00:00:00+00:00, run_after=2023-05-29T00:00:00+00:00
[2023-05-29 15:20:23,658] {processor.py:161} INFO - Processing /home/airflow/.local/lib/python3.7/site-packages/airflow/example_dags/example_branch_operator.py took 0.082 seconds
[2023-05-29 15:20:53,983] {processor.py:153} INFO - Started process (PID=361) to work on /home/airflow/.local/lib/python3.7/site-packages/airflow/example_dags/example_branch_operator.py
[2023-05-29 15:20:53,983] {processor.py:641} INFO - Processing file /home/airflow/.local/lib/python3.7/site-packages/airflow/example_dags/example_branch_operator.py for tasks to queue
[2023-05-29 15:20:53,983] {logging_mixin.py:115} INFO - [2023-05-29 15:20:53,983] {dagbag.py:508} INFO - Filling up the DagBag from /home/airflow/.local/lib/python3.7/site-packages/airflow/example_dags/example_branch_operator.py
[2023-05-29 15:20:53,992] {processor.py:651} INFO - DAG(s) dict_keys(['example_branch_operator']) retrieved from /home/airflow/.local/lib/python3.7/site-packages/airflow/example_dags/example_branch_operator.py
[2023-05-29 15:20:54,012] {logging_mixin.py:115} INFO - [2023-05-29 15:20:54,012] {dag.py:2420} INFO - Sync 1 DAGs
[2023-05-29 15:20:54,031] {logging_mixin.py:115} INFO - [2023-05-29 15:20:54,031] {dag.py:2972} INFO - Setting next_dagrun for example_branch_operator to 2023-05-28T00:00:00+00:00, run_after=2023-05-29T00:00:00+00:00
[2023-05-29 15:20:54,041] {processor.py:161} INFO - Processing /home/airflow/.local/lib/python3.7/site-packages/airflow/example_dags/example_branch_operator.py took 0.061 seconds
[2023-05-29 15:21:24,401] {processor.py:153} INFO - Started process (PID=423) to work on /home/airflow/.local/lib/python3.7/site-packages/airflow/example_dags/example_branch_operator.py
[2023-05-29 15:21:24,402] {processor.py:641} INFO - Processing file /home/airflow/.local/lib/python3.7/site-packages/airflow/example_dags/example_branch_operator.py for tasks to queue
[2023-05-29 15:21:24,402] {logging_mixin.py:115} INFO - [2023-05-29 15:21:24,402] {dagbag.py:508} INFO - Filling up the DagBag from /home/airflow/.local/lib/python3.7/site-packages/airflow/example_dags/example_branch_operator.py
[2023-05-29 15:21:24,410] {processor.py:651} INFO - DAG(s) dict_keys(['example_branch_operator']) retrieved from /home/airflow/.local/lib/python3.7/site-packages/airflow/example_dags/example_branch_operator.py
[2023-05-29 15:21:24,429] {logging_mixin.py:115} INFO - [2023-05-29 15:21:24,429] {dag.py:2420} INFO - Sync 1 DAGs
[2023-05-29 15:21:24,447] {logging_mixin.py:115} INFO - [2023-05-29 15:21:24,447] {dag.py:2972} INFO - Setting next_dagrun for example_branch_operator to 2023-05-28T00:00:00+00:00, run_after=2023-05-29T00:00:00+00:00
[2023-05-29 15:21:24,458] {processor.py:161} INFO - Processing /home/airflow/.local/lib/python3.7/site-packages/airflow/example_dags/example_branch_operator.py took 0.059 seconds
[2023-05-29 15:21:54,912] {processor.py:153} INFO - Started process (PID=484) to work on /home/airflow/.local/lib/python3.7/site-packages/airflow/example_dags/example_branch_operator.py
[2023-05-29 15:21:54,913] {processor.py:641} INFO - Processing file /home/airflow/.local/lib/python3.7/site-packages/airflow/example_dags/example_branch_operator.py for tasks to queue
[2023-05-29 15:21:54,913] {logging_mixin.py:115} INFO - [2023-05-29 15:21:54,913] {dagbag.py:508} INFO - Filling up the DagBag from /home/airflow/.local/lib/python3.7/site-packages/airflow/example_dags/example_branch_operator.py
[2023-05-29 15:21:54,921] {processor.py:651} INFO - DAG(s) dict_keys(['example_branch_operator']) retrieved from /home/airflow/.local/lib/python3.7/site-packages/airflow/example_dags/example_branch_operator.py
[2023-05-29 15:21:54,941] {logging_mixin.py:115} INFO - [2023-05-29 15:21:54,940] {dag.py:2420} INFO - Sync 1 DAGs
[2023-05-29 15:21:54,960] {logging_mixin.py:115} INFO - [2023-05-29 15:21:54,960] {dag.py:2972} INFO - Setting next_dagrun for example_branch_operator to 2023-05-28T00:00:00+00:00, run_after=2023-05-29T00:00:00+00:00
[2023-05-29 15:21:54,971] {processor.py:161} INFO - Processing /home/airflow/.local/lib/python3.7/site-packages/airflow/example_dags/example_branch_operator.py took 0.061 seconds
[2023-05-29 15:22:25,348] {processor.py:153} INFO - Started process (PID=535) to work on /home/airflow/.local/lib/python3.7/site-packages/airflow/example_dags/example_branch_operator.py
[2023-05-29 15:22:25,356] {processor.py:641} INFO - Processing file /home/airflow/.local/lib/python3.7/site-packages/airflow/example_dags/example_branch_operator.py for tasks to queue
[2023-05-29 15:22:25,357] {logging_mixin.py:115} INFO - [2023-05-29 15:22:25,357] {dagbag.py:508} INFO - Filling up the DagBag from /home/airflow/.local/lib/python3.7/site-packages/airflow/example_dags/example_branch_operator.py
[2023-05-29 15:22:25,365] {processor.py:651} INFO - DAG(s) dict_keys(['example_branch_operator']) retrieved from /home/airflow/.local/lib/python3.7/site-packages/airflow/example_dags/example_branch_operator.py
[2023-05-29 15:22:25,385] {logging_mixin.py:115} INFO - [2023-05-29 15:22:25,385] {dag.py:2420} INFO - Sync 1 DAGs
[2023-05-29 15:22:25,405] {logging_mixin.py:115} INFO - [2023-05-29 15:22:25,405] {dag.py:2972} INFO - Setting next_dagrun for example_branch_operator to 2023-05-28T00:00:00+00:00, run_after=2023-05-29T00:00:00+00:00
[2023-05-29 15:22:25,416] {processor.py:161} INFO - Processing /home/airflow/.local/lib/python3.7/site-packages/airflow/example_dags/example_branch_operator.py took 0.070 seconds
[2023-05-29 15:23:25,731] {processor.py:153} INFO - Started process (PID=64) to work on /home/airflow/.local/lib/python3.7/site-packages/airflow/example_dags/example_branch_operator.py
[2023-05-29 15:23:25,733] {processor.py:641} INFO - Processing file /home/airflow/.local/lib/python3.7/site-packages/airflow/example_dags/example_branch_operator.py for tasks to queue
[2023-05-29 15:23:25,734] {logging_mixin.py:115} INFO - [2023-05-29 15:23:25,734] {dagbag.py:508} INFO - Filling up the DagBag from /home/airflow/.local/lib/python3.7/site-packages/airflow/example_dags/example_branch_operator.py
[2023-05-29 15:23:25,745] {processor.py:651} INFO - DAG(s) dict_keys(['example_branch_operator']) retrieved from /home/airflow/.local/lib/python3.7/site-packages/airflow/example_dags/example_branch_operator.py
[2023-05-29 15:23:25,772] {logging_mixin.py:115} INFO - [2023-05-29 15:23:25,772] {dag.py:2420} INFO - Sync 1 DAGs
[2023-05-29 15:23:25,796] {logging_mixin.py:115} INFO - [2023-05-29 15:23:25,796] {dag.py:2972} INFO - Setting next_dagrun for example_branch_operator to 2023-05-28T00:00:00+00:00, run_after=2023-05-29T00:00:00+00:00
[2023-05-29 15:23:25,811] {processor.py:161} INFO - Processing /home/airflow/.local/lib/python3.7/site-packages/airflow/example_dags/example_branch_operator.py took 0.084 seconds
[2023-05-29 15:23:56,592] {processor.py:153} INFO - Started process (PID=125) to work on /home/airflow/.local/lib/python3.7/site-packages/airflow/example_dags/example_branch_operator.py
[2023-05-29 15:23:56,593] {processor.py:641} INFO - Processing file /home/airflow/.local/lib/python3.7/site-packages/airflow/example_dags/example_branch_operator.py for tasks to queue
[2023-05-29 15:23:56,593] {logging_mixin.py:115} INFO - [2023-05-29 15:23:56,593] {dagbag.py:508} INFO - Filling up the DagBag from /home/airflow/.local/lib/python3.7/site-packages/airflow/example_dags/example_branch_operator.py
[2023-05-29 15:23:56,601] {processor.py:651} INFO - DAG(s) dict_keys(['example_branch_operator']) retrieved from /home/airflow/.local/lib/python3.7/site-packages/airflow/example_dags/example_branch_operator.py
[2023-05-29 15:23:56,620] {logging_mixin.py:115} INFO - [2023-05-29 15:23:56,620] {dag.py:2420} INFO - Sync 1 DAGs
[2023-05-29 15:23:56,639] {logging_mixin.py:115} INFO - [2023-05-29 15:23:56,639] {dag.py:2972} INFO - Setting next_dagrun for example_branch_operator to 2023-05-28T00:00:00+00:00, run_after=2023-05-29T00:00:00+00:00
[2023-05-29 15:23:56,649] {processor.py:161} INFO - Processing /home/airflow/.local/lib/python3.7/site-packages/airflow/example_dags/example_branch_operator.py took 0.059 seconds
[2023-05-29 15:24:27,193] {processor.py:153} INFO - Started process (PID=186) to work on /home/airflow/.local/lib/python3.7/site-packages/airflow/example_dags/example_branch_operator.py
[2023-05-29 15:24:27,193] {processor.py:641} INFO - Processing file /home/airflow/.local/lib/python3.7/site-packages/airflow/example_dags/example_branch_operator.py for tasks to queue
[2023-05-29 15:24:27,194] {logging_mixin.py:115} INFO - [2023-05-29 15:24:27,194] {dagbag.py:508} INFO - Filling up the DagBag from /home/airflow/.local/lib/python3.7/site-packages/airflow/example_dags/example_branch_operator.py
[2023-05-29 15:24:27,203] {processor.py:651} INFO - DAG(s) dict_keys(['example_branch_operator']) retrieved from /home/airflow/.local/lib/python3.7/site-packages/airflow/example_dags/example_branch_operator.py
[2023-05-29 15:24:27,231] {logging_mixin.py:115} INFO - [2023-05-29 15:24:27,231] {dag.py:2420} INFO - Sync 1 DAGs
[2023-05-29 15:24:27,258] {logging_mixin.py:115} INFO - [2023-05-29 15:24:27,258] {dag.py:2972} INFO - Setting next_dagrun for example_branch_operator to 2023-05-28T00:00:00+00:00, run_after=2023-05-29T00:00:00+00:00
[2023-05-29 15:24:27,274] {processor.py:161} INFO - Processing /home/airflow/.local/lib/python3.7/site-packages/airflow/example_dags/example_branch_operator.py took 0.083 seconds
[2023-05-29 15:24:57,709] {processor.py:153} INFO - Started process (PID=247) to work on /home/airflow/.local/lib/python3.7/site-packages/airflow/example_dags/example_branch_operator.py
[2023-05-29 15:24:57,709] {processor.py:641} INFO - Processing file /home/airflow/.local/lib/python3.7/site-packages/airflow/example_dags/example_branch_operator.py for tasks to queue
[2023-05-29 15:24:57,709] {logging_mixin.py:115} INFO - [2023-05-29 15:24:57,709] {dagbag.py:508} INFO - Filling up the DagBag from /home/airflow/.local/lib/python3.7/site-packages/airflow/example_dags/example_branch_operator.py
[2023-05-29 15:24:57,717] {processor.py:651} INFO - DAG(s) dict_keys(['example_branch_operator']) retrieved from /home/airflow/.local/lib/python3.7/site-packages/airflow/example_dags/example_branch_operator.py
[2023-05-29 15:24:57,736] {logging_mixin.py:115} INFO - [2023-05-29 15:24:57,736] {dag.py:2420} INFO - Sync 1 DAGs
[2023-05-29 15:24:57,756] {logging_mixin.py:115} INFO - [2023-05-29 15:24:57,756] {dag.py:2972} INFO - Setting next_dagrun for example_branch_operator to 2023-05-28T00:00:00+00:00, run_after=2023-05-29T00:00:00+00:00
[2023-05-29 15:24:57,769] {processor.py:161} INFO - Processing /home/airflow/.local/lib/python3.7/site-packages/airflow/example_dags/example_branch_operator.py took 0.062 seconds
[2023-05-29 15:25:50,872] {processor.py:153} INFO - Started process (PID=65) to work on /home/airflow/.local/lib/python3.7/site-packages/airflow/example_dags/example_branch_operator.py
[2023-05-29 15:25:50,872] {processor.py:641} INFO - Processing file /home/airflow/.local/lib/python3.7/site-packages/airflow/example_dags/example_branch_operator.py for tasks to queue
[2023-05-29 15:25:50,872] {logging_mixin.py:115} INFO - [2023-05-29 15:25:50,872] {dagbag.py:508} INFO - Filling up the DagBag from /home/airflow/.local/lib/python3.7/site-packages/airflow/example_dags/example_branch_operator.py
[2023-05-29 15:25:50,882] {processor.py:651} INFO - DAG(s) dict_keys(['example_branch_operator']) retrieved from /home/airflow/.local/lib/python3.7/site-packages/airflow/example_dags/example_branch_operator.py
[2023-05-29 15:25:50,912] {logging_mixin.py:115} INFO - [2023-05-29 15:25:50,911] {dag.py:2420} INFO - Sync 1 DAGs
[2023-05-29 15:25:50,937] {logging_mixin.py:115} INFO - [2023-05-29 15:25:50,937] {dag.py:2972} INFO - Setting next_dagrun for example_branch_operator to 2023-05-28T00:00:00+00:00, run_after=2023-05-29T00:00:00+00:00
[2023-05-29 15:25:50,951] {processor.py:161} INFO - Processing /home/airflow/.local/lib/python3.7/site-packages/airflow/example_dags/example_branch_operator.py took 0.082 seconds
[2023-05-29 15:26:21,735] {processor.py:153} INFO - Started process (PID=126) to work on /home/airflow/.local/lib/python3.7/site-packages/airflow/example_dags/example_branch_operator.py
[2023-05-29 15:26:21,736] {processor.py:641} INFO - Processing file /home/airflow/.local/lib/python3.7/site-packages/airflow/example_dags/example_branch_operator.py for tasks to queue
[2023-05-29 15:26:21,736] {logging_mixin.py:115} INFO - [2023-05-29 15:26:21,736] {dagbag.py:508} INFO - Filling up the DagBag from /home/airflow/.local/lib/python3.7/site-packages/airflow/example_dags/example_branch_operator.py
[2023-05-29 15:26:21,745] {processor.py:651} INFO - DAG(s) dict_keys(['example_branch_operator']) retrieved from /home/airflow/.local/lib/python3.7/site-packages/airflow/example_dags/example_branch_operator.py
[2023-05-29 15:26:21,765] {logging_mixin.py:115} INFO - [2023-05-29 15:26:21,765] {dag.py:2420} INFO - Sync 1 DAGs
[2023-05-29 15:26:21,783] {logging_mixin.py:115} INFO - [2023-05-29 15:26:21,783] {dag.py:2972} INFO - Setting next_dagrun for example_branch_operator to 2023-05-28T00:00:00+00:00, run_after=2023-05-29T00:00:00+00:00
[2023-05-29 15:26:21,794] {processor.py:161} INFO - Processing /home/airflow/.local/lib/python3.7/site-packages/airflow/example_dags/example_branch_operator.py took 0.061 seconds
[2023-05-29 15:26:52,281] {processor.py:153} INFO - Started process (PID=187) to work on /home/airflow/.local/lib/python3.7/site-packages/airflow/example_dags/example_branch_operator.py
[2023-05-29 15:26:52,281] {processor.py:641} INFO - Processing file /home/airflow/.local/lib/python3.7/site-packages/airflow/example_dags/example_branch_operator.py for tasks to queue
[2023-05-29 15:26:52,282] {logging_mixin.py:115} INFO - [2023-05-29 15:26:52,282] {dagbag.py:508} INFO - Filling up the DagBag from /home/airflow/.local/lib/python3.7/site-packages/airflow/example_dags/example_branch_operator.py
[2023-05-29 15:26:52,289] {processor.py:651} INFO - DAG(s) dict_keys(['example_branch_operator']) retrieved from /home/airflow/.local/lib/python3.7/site-packages/airflow/example_dags/example_branch_operator.py
[2023-05-29 15:26:52,308] {logging_mixin.py:115} INFO - [2023-05-29 15:26:52,308] {dag.py:2420} INFO - Sync 1 DAGs
[2023-05-29 15:26:52,328] {logging_mixin.py:115} INFO - [2023-05-29 15:26:52,328] {dag.py:2972} INFO - Setting next_dagrun for example_branch_operator to 2023-05-28T00:00:00+00:00, run_after=2023-05-29T00:00:00+00:00
[2023-05-29 15:26:52,340] {processor.py:161} INFO - Processing /home/airflow/.local/lib/python3.7/site-packages/airflow/example_dags/example_branch_operator.py took 0.061 seconds
[2023-05-29 15:27:22,804] {processor.py:153} INFO - Started process (PID=248) to work on /home/airflow/.local/lib/python3.7/site-packages/airflow/example_dags/example_branch_operator.py
[2023-05-29 15:27:22,805] {processor.py:641} INFO - Processing file /home/airflow/.local/lib/python3.7/site-packages/airflow/example_dags/example_branch_operator.py for tasks to queue
[2023-05-29 15:27:22,806] {logging_mixin.py:115} INFO - [2023-05-29 15:27:22,806] {dagbag.py:508} INFO - Filling up the DagBag from /home/airflow/.local/lib/python3.7/site-packages/airflow/example_dags/example_branch_operator.py
[2023-05-29 15:27:22,815] {processor.py:651} INFO - DAG(s) dict_keys(['example_branch_operator']) retrieved from /home/airflow/.local/lib/python3.7/site-packages/airflow/example_dags/example_branch_operator.py
[2023-05-29 15:27:22,849] {logging_mixin.py:115} INFO - [2023-05-29 15:27:22,849] {dag.py:2420} INFO - Sync 1 DAGs
[2023-05-29 15:27:22,879] {logging_mixin.py:115} INFO - [2023-05-29 15:27:22,879] {dag.py:2972} INFO - Setting next_dagrun for example_branch_operator to 2023-05-28T00:00:00+00:00, run_after=2023-05-29T00:00:00+00:00
[2023-05-29 15:27:22,894] {processor.py:161} INFO - Processing /home/airflow/.local/lib/python3.7/site-packages/airflow/example_dags/example_branch_operator.py took 0.093 seconds
[2023-05-29 15:27:53,458] {processor.py:153} INFO - Started process (PID=300) to work on /home/airflow/.local/lib/python3.7/site-packages/airflow/example_dags/example_branch_operator.py
[2023-05-29 15:27:53,459] {processor.py:641} INFO - Processing file /home/airflow/.local/lib/python3.7/site-packages/airflow/example_dags/example_branch_operator.py for tasks to queue
[2023-05-29 15:27:53,459] {logging_mixin.py:115} INFO - [2023-05-29 15:27:53,459] {dagbag.py:508} INFO - Filling up the DagBag from /home/airflow/.local/lib/python3.7/site-packages/airflow/example_dags/example_branch_operator.py
[2023-05-29 15:27:53,468] {processor.py:651} INFO - DAG(s) dict_keys(['example_branch_operator']) retrieved from /home/airflow/.local/lib/python3.7/site-packages/airflow/example_dags/example_branch_operator.py
[2023-05-29 15:27:53,489] {logging_mixin.py:115} INFO - [2023-05-29 15:27:53,489] {dag.py:2420} INFO - Sync 1 DAGs
[2023-05-29 15:27:53,509] {logging_mixin.py:115} INFO - [2023-05-29 15:27:53,509] {dag.py:2972} INFO - Setting next_dagrun for example_branch_operator to 2023-05-28T00:00:00+00:00, run_after=2023-05-29T00:00:00+00:00
[2023-05-29 15:27:53,520] {processor.py:161} INFO - Processing /home/airflow/.local/lib/python3.7/site-packages/airflow/example_dags/example_branch_operator.py took 0.064 seconds
[2023-05-29 15:28:23,888] {processor.py:153} INFO - Started process (PID=361) to work on /home/airflow/.local/lib/python3.7/site-packages/airflow/example_dags/example_branch_operator.py
[2023-05-29 15:28:23,889] {processor.py:641} INFO - Processing file /home/airflow/.local/lib/python3.7/site-packages/airflow/example_dags/example_branch_operator.py for tasks to queue
[2023-05-29 15:28:23,889] {logging_mixin.py:115} INFO - [2023-05-29 15:28:23,889] {dagbag.py:508} INFO - Filling up the DagBag from /home/airflow/.local/lib/python3.7/site-packages/airflow/example_dags/example_branch_operator.py
[2023-05-29 15:28:23,896] {processor.py:651} INFO - DAG(s) dict_keys(['example_branch_operator']) retrieved from /home/airflow/.local/lib/python3.7/site-packages/airflow/example_dags/example_branch_operator.py
[2023-05-29 15:28:23,917] {logging_mixin.py:115} INFO - [2023-05-29 15:28:23,917] {dag.py:2420} INFO - Sync 1 DAGs
[2023-05-29 15:28:23,935] {logging_mixin.py:115} INFO - [2023-05-29 15:28:23,935] {dag.py:2972} INFO - Setting next_dagrun for example_branch_operator to 2023-05-28T00:00:00+00:00, run_after=2023-05-29T00:00:00+00:00
[2023-05-29 15:28:23,947] {processor.py:161} INFO - Processing /home/airflow/.local/lib/python3.7/site-packages/airflow/example_dags/example_branch_operator.py took 0.060 seconds
[2023-05-29 15:28:54,447] {processor.py:153} INFO - Started process (PID=422) to work on /home/airflow/.local/lib/python3.7/site-packages/airflow/example_dags/example_branch_operator.py
[2023-05-29 15:28:54,447] {processor.py:641} INFO - Processing file /home/airflow/.local/lib/python3.7/site-packages/airflow/example_dags/example_branch_operator.py for tasks to queue
[2023-05-29 15:28:54,447] {logging_mixin.py:115} INFO - [2023-05-29 15:28:54,447] {dagbag.py:508} INFO - Filling up the DagBag from /home/airflow/.local/lib/python3.7/site-packages/airflow/example_dags/example_branch_operator.py
[2023-05-29 15:28:54,455] {processor.py:651} INFO - DAG(s) dict_keys(['example_branch_operator']) retrieved from /home/airflow/.local/lib/python3.7/site-packages/airflow/example_dags/example_branch_operator.py
[2023-05-29 15:28:54,474] {logging_mixin.py:115} INFO - [2023-05-29 15:28:54,474] {dag.py:2420} INFO - Sync 1 DAGs
[2023-05-29 15:28:54,491] {logging_mixin.py:115} INFO - [2023-05-29 15:28:54,491] {dag.py:2972} INFO - Setting next_dagrun for example_branch_operator to 2023-05-28T00:00:00+00:00, run_after=2023-05-29T00:00:00+00:00
[2023-05-29 15:28:54,501] {processor.py:161} INFO - Processing /home/airflow/.local/lib/python3.7/site-packages/airflow/example_dags/example_branch_operator.py took 0.057 seconds
[2023-05-29 15:29:24,969] {processor.py:153} INFO - Started process (PID=484) to work on /home/airflow/.local/lib/python3.7/site-packages/airflow/example_dags/example_branch_operator.py
[2023-05-29 15:29:24,970] {processor.py:641} INFO - Processing file /home/airflow/.local/lib/python3.7/site-packages/airflow/example_dags/example_branch_operator.py for tasks to queue
[2023-05-29 15:29:24,970] {logging_mixin.py:115} INFO - [2023-05-29 15:29:24,970] {dagbag.py:508} INFO - Filling up the DagBag from /home/airflow/.local/lib/python3.7/site-packages/airflow/example_dags/example_branch_operator.py
[2023-05-29 15:29:24,977] {processor.py:651} INFO - DAG(s) dict_keys(['example_branch_operator']) retrieved from /home/airflow/.local/lib/python3.7/site-packages/airflow/example_dags/example_branch_operator.py
[2023-05-29 15:29:24,997] {logging_mixin.py:115} INFO - [2023-05-29 15:29:24,997] {dag.py:2420} INFO - Sync 1 DAGs
[2023-05-29 15:29:25,017] {logging_mixin.py:115} INFO - [2023-05-29 15:29:25,017] {dag.py:2972} INFO - Setting next_dagrun for example_branch_operator to 2023-05-28T00:00:00+00:00, run_after=2023-05-29T00:00:00+00:00
[2023-05-29 15:29:25,028] {processor.py:161} INFO - Processing /home/airflow/.local/lib/python3.7/site-packages/airflow/example_dags/example_branch_operator.py took 0.061 seconds
[2023-05-29 15:29:55,440] {processor.py:153} INFO - Started process (PID=536) to work on /home/airflow/.local/lib/python3.7/site-packages/airflow/example_dags/example_branch_operator.py
[2023-05-29 15:29:55,440] {processor.py:641} INFO - Processing file /home/airflow/.local/lib/python3.7/site-packages/airflow/example_dags/example_branch_operator.py for tasks to queue
[2023-05-29 15:29:55,440] {logging_mixin.py:115} INFO - [2023-05-29 15:29:55,440] {dagbag.py:508} INFO - Filling up the DagBag from /home/airflow/.local/lib/python3.7/site-packages/airflow/example_dags/example_branch_operator.py
[2023-05-29 15:29:55,448] {processor.py:651} INFO - DAG(s) dict_keys(['example_branch_operator']) retrieved from /home/airflow/.local/lib/python3.7/site-packages/airflow/example_dags/example_branch_operator.py
[2023-05-29 15:29:55,466] {logging_mixin.py:115} INFO - [2023-05-29 15:29:55,466] {dag.py:2420} INFO - Sync 1 DAGs
[2023-05-29 15:29:55,484] {logging_mixin.py:115} INFO - [2023-05-29 15:29:55,484] {dag.py:2972} INFO - Setting next_dagrun for example_branch_operator to 2023-05-28T00:00:00+00:00, run_after=2023-05-29T00:00:00+00:00
[2023-05-29 15:29:55,494] {processor.py:161} INFO - Processing /home/airflow/.local/lib/python3.7/site-packages/airflow/example_dags/example_branch_operator.py took 0.056 seconds
[2023-05-29 15:30:26,066] {processor.py:153} INFO - Started process (PID=597) to work on /home/airflow/.local/lib/python3.7/site-packages/airflow/example_dags/example_branch_operator.py
[2023-05-29 15:30:26,073] {processor.py:641} INFO - Processing file /home/airflow/.local/lib/python3.7/site-packages/airflow/example_dags/example_branch_operator.py for tasks to queue
[2023-05-29 15:30:26,074] {logging_mixin.py:115} INFO - [2023-05-29 15:30:26,074] {dagbag.py:508} INFO - Filling up the DagBag from /home/airflow/.local/lib/python3.7/site-packages/airflow/example_dags/example_branch_operator.py
[2023-05-29 15:30:26,081] {processor.py:651} INFO - DAG(s) dict_keys(['example_branch_operator']) retrieved from /home/airflow/.local/lib/python3.7/site-packages/airflow/example_dags/example_branch_operator.py
[2023-05-29 15:30:26,102] {logging_mixin.py:115} INFO - [2023-05-29 15:30:26,102] {dag.py:2420} INFO - Sync 1 DAGs
[2023-05-29 15:30:26,121] {logging_mixin.py:115} INFO - [2023-05-29 15:30:26,121] {dag.py:2972} INFO - Setting next_dagrun for example_branch_operator to 2023-05-28T00:00:00+00:00, run_after=2023-05-29T00:00:00+00:00
[2023-05-29 15:30:26,164] {processor.py:161} INFO - Processing /home/airflow/.local/lib/python3.7/site-packages/airflow/example_dags/example_branch_operator.py took 0.101 seconds
[2023-05-29 15:30:56,740] {processor.py:153} INFO - Started process (PID=658) to work on /home/airflow/.local/lib/python3.7/site-packages/airflow/example_dags/example_branch_operator.py
[2023-05-29 15:30:56,740] {processor.py:641} INFO - Processing file /home/airflow/.local/lib/python3.7/site-packages/airflow/example_dags/example_branch_operator.py for tasks to queue
[2023-05-29 15:30:56,740] {logging_mixin.py:115} INFO - [2023-05-29 15:30:56,740] {dagbag.py:508} INFO - Filling up the DagBag from /home/airflow/.local/lib/python3.7/site-packages/airflow/example_dags/example_branch_operator.py
[2023-05-29 15:30:56,748] {processor.py:651} INFO - DAG(s) dict_keys(['example_branch_operator']) retrieved from /home/airflow/.local/lib/python3.7/site-packages/airflow/example_dags/example_branch_operator.py
[2023-05-29 15:30:56,766] {logging_mixin.py:115} INFO - [2023-05-29 15:30:56,766] {dag.py:2420} INFO - Sync 1 DAGs
[2023-05-29 15:30:56,784] {logging_mixin.py:115} INFO - [2023-05-29 15:30:56,784] {dag.py:2972} INFO - Setting next_dagrun for example_branch_operator to 2023-05-28T00:00:00+00:00, run_after=2023-05-29T00:00:00+00:00
[2023-05-29 15:30:56,795] {processor.py:161} INFO - Processing /home/airflow/.local/lib/python3.7/site-packages/airflow/example_dags/example_branch_operator.py took 0.057 seconds
[2023-05-29 15:31:27,256] {processor.py:153} INFO - Started process (PID=719) to work on /home/airflow/.local/lib/python3.7/site-packages/airflow/example_dags/example_branch_operator.py
[2023-05-29 15:31:27,256] {processor.py:641} INFO - Processing file /home/airflow/.local/lib/python3.7/site-packages/airflow/example_dags/example_branch_operator.py for tasks to queue
[2023-05-29 15:31:27,256] {logging_mixin.py:115} INFO - [2023-05-29 15:31:27,256] {dagbag.py:508} INFO - Filling up the DagBag from /home/airflow/.local/lib/python3.7/site-packages/airflow/example_dags/example_branch_operator.py
[2023-05-29 15:31:27,264] {processor.py:651} INFO - DAG(s) dict_keys(['example_branch_operator']) retrieved from /home/airflow/.local/lib/python3.7/site-packages/airflow/example_dags/example_branch_operator.py
[2023-05-29 15:31:27,284] {logging_mixin.py:115} INFO - [2023-05-29 15:31:27,284] {dag.py:2420} INFO - Sync 1 DAGs
[2023-05-29 15:31:27,302] {logging_mixin.py:115} INFO - [2023-05-29 15:31:27,302] {dag.py:2972} INFO - Setting next_dagrun for example_branch_operator to 2023-05-28T00:00:00+00:00, run_after=2023-05-29T00:00:00+00:00
[2023-05-29 15:31:27,312] {processor.py:161} INFO - Processing /home/airflow/.local/lib/python3.7/site-packages/airflow/example_dags/example_branch_operator.py took 0.059 seconds
[2023-05-29 15:31:57,652] {processor.py:153} INFO - Started process (PID=770) to work on /home/airflow/.local/lib/python3.7/site-packages/airflow/example_dags/example_branch_operator.py
[2023-05-29 15:31:57,652] {processor.py:641} INFO - Processing file /home/airflow/.local/lib/python3.7/site-packages/airflow/example_dags/example_branch_operator.py for tasks to queue
[2023-05-29 15:31:57,652] {logging_mixin.py:115} INFO - [2023-05-29 15:31:57,652] {dagbag.py:508} INFO - Filling up the DagBag from /home/airflow/.local/lib/python3.7/site-packages/airflow/example_dags/example_branch_operator.py
[2023-05-29 15:31:57,660] {processor.py:651} INFO - DAG(s) dict_keys(['example_branch_operator']) retrieved from /home/airflow/.local/lib/python3.7/site-packages/airflow/example_dags/example_branch_operator.py
[2023-05-29 15:31:57,679] {logging_mixin.py:115} INFO - [2023-05-29 15:31:57,679] {dag.py:2420} INFO - Sync 1 DAGs
[2023-05-29 15:31:57,697] {logging_mixin.py:115} INFO - [2023-05-29 15:31:57,697] {dag.py:2972} INFO - Setting next_dagrun for example_branch_operator to 2023-05-28T00:00:00+00:00, run_after=2023-05-29T00:00:00+00:00
[2023-05-29 15:31:57,707] {processor.py:161} INFO - Processing /home/airflow/.local/lib/python3.7/site-packages/airflow/example_dags/example_branch_operator.py took 0.057 seconds
[2023-05-29 15:32:28,224] {processor.py:153} INFO - Started process (PID=831) to work on /home/airflow/.local/lib/python3.7/site-packages/airflow/example_dags/example_branch_operator.py
[2023-05-29 15:32:28,225] {processor.py:641} INFO - Processing file /home/airflow/.local/lib/python3.7/site-packages/airflow/example_dags/example_branch_operator.py for tasks to queue
[2023-05-29 15:32:28,225] {logging_mixin.py:115} INFO - [2023-05-29 15:32:28,225] {dagbag.py:508} INFO - Filling up the DagBag from /home/airflow/.local/lib/python3.7/site-packages/airflow/example_dags/example_branch_operator.py
[2023-05-29 15:32:28,233] {processor.py:651} INFO - DAG(s) dict_keys(['example_branch_operator']) retrieved from /home/airflow/.local/lib/python3.7/site-packages/airflow/example_dags/example_branch_operator.py
[2023-05-29 15:32:28,255] {logging_mixin.py:115} INFO - [2023-05-29 15:32:28,255] {dag.py:2420} INFO - Sync 1 DAGs
[2023-05-29 15:32:28,274] {logging_mixin.py:115} INFO - [2023-05-29 15:32:28,274] {dag.py:2972} INFO - Setting next_dagrun for example_branch_operator to 2023-05-28T00:00:00+00:00, run_after=2023-05-29T00:00:00+00:00
[2023-05-29 15:32:28,284] {processor.py:161} INFO - Processing /home/airflow/.local/lib/python3.7/site-packages/airflow/example_dags/example_branch_operator.py took 0.062 seconds
[2023-05-29 15:32:58,606] {processor.py:153} INFO - Started process (PID=892) to work on /home/airflow/.local/lib/python3.7/site-packages/airflow/example_dags/example_branch_operator.py
[2023-05-29 15:32:58,607] {processor.py:641} INFO - Processing file /home/airflow/.local/lib/python3.7/site-packages/airflow/example_dags/example_branch_operator.py for tasks to queue
[2023-05-29 15:32:58,607] {logging_mixin.py:115} INFO - [2023-05-29 15:32:58,607] {dagbag.py:508} INFO - Filling up the DagBag from /home/airflow/.local/lib/python3.7/site-packages/airflow/example_dags/example_branch_operator.py
[2023-05-29 15:32:58,615] {processor.py:651} INFO - DAG(s) dict_keys(['example_branch_operator']) retrieved from /home/airflow/.local/lib/python3.7/site-packages/airflow/example_dags/example_branch_operator.py
[2023-05-29 15:32:58,634] {logging_mixin.py:115} INFO - [2023-05-29 15:32:58,634] {dag.py:2420} INFO - Sync 1 DAGs
[2023-05-29 15:32:58,654] {logging_mixin.py:115} INFO - [2023-05-29 15:32:58,654] {dag.py:2972} INFO - Setting next_dagrun for example_branch_operator to 2023-05-28T00:00:00+00:00, run_after=2023-05-29T00:00:00+00:00
[2023-05-29 15:32:58,665] {processor.py:161} INFO - Processing /home/airflow/.local/lib/python3.7/site-packages/airflow/example_dags/example_branch_operator.py took 0.061 seconds
[2023-05-29 15:33:29,193] {processor.py:153} INFO - Started process (PID=953) to work on /home/airflow/.local/lib/python3.7/site-packages/airflow/example_dags/example_branch_operator.py
[2023-05-29 15:33:29,194] {processor.py:641} INFO - Processing file /home/airflow/.local/lib/python3.7/site-packages/airflow/example_dags/example_branch_operator.py for tasks to queue
[2023-05-29 15:33:29,194] {logging_mixin.py:115} INFO - [2023-05-29 15:33:29,194] {dagbag.py:508} INFO - Filling up the DagBag from /home/airflow/.local/lib/python3.7/site-packages/airflow/example_dags/example_branch_operator.py
[2023-05-29 15:33:29,201] {processor.py:651} INFO - DAG(s) dict_keys(['example_branch_operator']) retrieved from /home/airflow/.local/lib/python3.7/site-packages/airflow/example_dags/example_branch_operator.py
[2023-05-29 15:33:29,219] {logging_mixin.py:115} INFO - [2023-05-29 15:33:29,219] {dag.py:2420} INFO - Sync 1 DAGs
[2023-05-29 15:33:29,237] {logging_mixin.py:115} INFO - [2023-05-29 15:33:29,237] {dag.py:2972} INFO - Setting next_dagrun for example_branch_operator to 2023-05-28T00:00:00+00:00, run_after=2023-05-29T00:00:00+00:00
[2023-05-29 15:33:29,249] {processor.py:161} INFO - Processing /home/airflow/.local/lib/python3.7/site-packages/airflow/example_dags/example_branch_operator.py took 0.058 seconds
[2023-05-29 15:33:59,678] {processor.py:153} INFO - Started process (PID=1005) to work on /home/airflow/.local/lib/python3.7/site-packages/airflow/example_dags/example_branch_operator.py
[2023-05-29 15:33:59,679] {processor.py:641} INFO - Processing file /home/airflow/.local/lib/python3.7/site-packages/airflow/example_dags/example_branch_operator.py for tasks to queue
[2023-05-29 15:33:59,679] {logging_mixin.py:115} INFO - [2023-05-29 15:33:59,679] {dagbag.py:508} INFO - Filling up the DagBag from /home/airflow/.local/lib/python3.7/site-packages/airflow/example_dags/example_branch_operator.py
[2023-05-29 15:33:59,687] {processor.py:651} INFO - DAG(s) dict_keys(['example_branch_operator']) retrieved from /home/airflow/.local/lib/python3.7/site-packages/airflow/example_dags/example_branch_operator.py
[2023-05-29 15:33:59,706] {logging_mixin.py:115} INFO - [2023-05-29 15:33:59,706] {dag.py:2420} INFO - Sync 1 DAGs
[2023-05-29 15:33:59,724] {logging_mixin.py:115} INFO - [2023-05-29 15:33:59,724] {dag.py:2972} INFO - Setting next_dagrun for example_branch_operator to 2023-05-28T00:00:00+00:00, run_after=2023-05-29T00:00:00+00:00
[2023-05-29 15:33:59,735] {processor.py:161} INFO - Processing /home/airflow/.local/lib/python3.7/site-packages/airflow/example_dags/example_branch_operator.py took 0.059 seconds
[2023-05-29 15:34:30,146] {processor.py:153} INFO - Started process (PID=1066) to work on /home/airflow/.local/lib/python3.7/site-packages/airflow/example_dags/example_branch_operator.py
[2023-05-29 15:34:30,146] {processor.py:641} INFO - Processing file /home/airflow/.local/lib/python3.7/site-packages/airflow/example_dags/example_branch_operator.py for tasks to queue
[2023-05-29 15:34:30,147] {logging_mixin.py:115} INFO - [2023-05-29 15:34:30,147] {dagbag.py:508} INFO - Filling up the DagBag from /home/airflow/.local/lib/python3.7/site-packages/airflow/example_dags/example_branch_operator.py
[2023-05-29 15:34:30,154] {processor.py:651} INFO - DAG(s) dict_keys(['example_branch_operator']) retrieved from /home/airflow/.local/lib/python3.7/site-packages/airflow/example_dags/example_branch_operator.py
[2023-05-29 15:34:30,173] {logging_mixin.py:115} INFO - [2023-05-29 15:34:30,173] {dag.py:2420} INFO - Sync 1 DAGs
[2023-05-29 15:34:30,191] {logging_mixin.py:115} INFO - [2023-05-29 15:34:30,191] {dag.py:2972} INFO - Setting next_dagrun for example_branch_operator to 2023-05-28T00:00:00+00:00, run_after=2023-05-29T00:00:00+00:00
[2023-05-29 15:34:30,201] {processor.py:161} INFO - Processing /home/airflow/.local/lib/python3.7/site-packages/airflow/example_dags/example_branch_operator.py took 0.058 seconds
[2023-05-29 15:35:00,599] {processor.py:153} INFO - Started process (PID=1127) to work on /home/airflow/.local/lib/python3.7/site-packages/airflow/example_dags/example_branch_operator.py
[2023-05-29 15:35:00,600] {processor.py:641} INFO - Processing file /home/airflow/.local/lib/python3.7/site-packages/airflow/example_dags/example_branch_operator.py for tasks to queue
[2023-05-29 15:35:00,600] {logging_mixin.py:115} INFO - [2023-05-29 15:35:00,600] {dagbag.py:508} INFO - Filling up the DagBag from /home/airflow/.local/lib/python3.7/site-packages/airflow/example_dags/example_branch_operator.py
[2023-05-29 15:35:00,607] {processor.py:651} INFO - DAG(s) dict_keys(['example_branch_operator']) retrieved from /home/airflow/.local/lib/python3.7/site-packages/airflow/example_dags/example_branch_operator.py
[2023-05-29 15:35:00,627] {logging_mixin.py:115} INFO - [2023-05-29 15:35:00,627] {dag.py:2420} INFO - Sync 1 DAGs
[2023-05-29 15:35:00,646] {logging_mixin.py:115} INFO - [2023-05-29 15:35:00,646] {dag.py:2972} INFO - Setting next_dagrun for example_branch_operator to 2023-05-28T00:00:00+00:00, run_after=2023-05-29T00:00:00+00:00
[2023-05-29 15:35:00,657] {processor.py:161} INFO - Processing /home/airflow/.local/lib/python3.7/site-packages/airflow/example_dags/example_branch_operator.py took 0.059 seconds
[2023-05-29 15:35:31,225] {processor.py:153} INFO - Started process (PID=1188) to work on /home/airflow/.local/lib/python3.7/site-packages/airflow/example_dags/example_branch_operator.py
[2023-05-29 15:35:31,225] {processor.py:641} INFO - Processing file /home/airflow/.local/lib/python3.7/site-packages/airflow/example_dags/example_branch_operator.py for tasks to queue
[2023-05-29 15:35:31,226] {logging_mixin.py:115} INFO - [2023-05-29 15:35:31,226] {dagbag.py:508} INFO - Filling up the DagBag from /home/airflow/.local/lib/python3.7/site-packages/airflow/example_dags/example_branch_operator.py
[2023-05-29 15:35:31,235] {processor.py:651} INFO - DAG(s) dict_keys(['example_branch_operator']) retrieved from /home/airflow/.local/lib/python3.7/site-packages/airflow/example_dags/example_branch_operator.py
[2023-05-29 15:35:31,257] {logging_mixin.py:115} INFO - [2023-05-29 15:35:31,257] {dag.py:2420} INFO - Sync 1 DAGs
[2023-05-29 15:35:31,276] {logging_mixin.py:115} INFO - [2023-05-29 15:35:31,276] {dag.py:2972} INFO - Setting next_dagrun for example_branch_operator to 2023-05-28T00:00:00+00:00, run_after=2023-05-29T00:00:00+00:00
[2023-05-29 15:35:31,287] {processor.py:161} INFO - Processing /home/airflow/.local/lib/python3.7/site-packages/airflow/example_dags/example_branch_operator.py took 0.065 seconds
[2023-05-29 15:36:01,880] {processor.py:153} INFO - Started process (PID=1241) to work on /home/airflow/.local/lib/python3.7/site-packages/airflow/example_dags/example_branch_operator.py
[2023-05-29 15:36:01,880] {processor.py:641} INFO - Processing file /home/airflow/.local/lib/python3.7/site-packages/airflow/example_dags/example_branch_operator.py for tasks to queue
[2023-05-29 15:36:01,881] {logging_mixin.py:115} INFO - [2023-05-29 15:36:01,880] {dagbag.py:508} INFO - Filling up the DagBag from /home/airflow/.local/lib/python3.7/site-packages/airflow/example_dags/example_branch_operator.py
[2023-05-29 15:36:01,888] {processor.py:651} INFO - DAG(s) dict_keys(['example_branch_operator']) retrieved from /home/airflow/.local/lib/python3.7/site-packages/airflow/example_dags/example_branch_operator.py
[2023-05-29 15:36:01,907] {logging_mixin.py:115} INFO - [2023-05-29 15:36:01,907] {dag.py:2420} INFO - Sync 1 DAGs
[2023-05-29 15:36:01,926] {logging_mixin.py:115} INFO - [2023-05-29 15:36:01,926] {dag.py:2972} INFO - Setting next_dagrun for example_branch_operator to 2023-05-28T00:00:00+00:00, run_after=2023-05-29T00:00:00+00:00
[2023-05-29 15:36:01,936] {processor.py:161} INFO - Processing /home/airflow/.local/lib/python3.7/site-packages/airflow/example_dags/example_branch_operator.py took 0.058 seconds
[2023-05-29 15:36:32,377] {processor.py:153} INFO - Started process (PID=1303) to work on /home/airflow/.local/lib/python3.7/site-packages/airflow/example_dags/example_branch_operator.py
[2023-05-29 15:36:32,377] {processor.py:641} INFO - Processing file /home/airflow/.local/lib/python3.7/site-packages/airflow/example_dags/example_branch_operator.py for tasks to queue
[2023-05-29 15:36:32,377] {logging_mixin.py:115} INFO - [2023-05-29 15:36:32,377] {dagbag.py:508} INFO - Filling up the DagBag from /home/airflow/.local/lib/python3.7/site-packages/airflow/example_dags/example_branch_operator.py
[2023-05-29 15:36:32,385] {processor.py:651} INFO - DAG(s) dict_keys(['example_branch_operator']) retrieved from /home/airflow/.local/lib/python3.7/site-packages/airflow/example_dags/example_branch_operator.py
[2023-05-29 15:36:32,405] {logging_mixin.py:115} INFO - [2023-05-29 15:36:32,405] {dag.py:2420} INFO - Sync 1 DAGs
[2023-05-29 15:36:32,423] {logging_mixin.py:115} INFO - [2023-05-29 15:36:32,423] {dag.py:2972} INFO - Setting next_dagrun for example_branch_operator to 2023-05-28T00:00:00+00:00, run_after=2023-05-29T00:00:00+00:00
[2023-05-29 15:36:32,433] {processor.py:161} INFO - Processing /home/airflow/.local/lib/python3.7/site-packages/airflow/example_dags/example_branch_operator.py took 0.058 seconds
[2023-05-29 15:37:02,957] {processor.py:153} INFO - Started process (PID=1365) to work on /home/airflow/.local/lib/python3.7/site-packages/airflow/example_dags/example_branch_operator.py
[2023-05-29 15:37:02,957] {processor.py:641} INFO - Processing file /home/airflow/.local/lib/python3.7/site-packages/airflow/example_dags/example_branch_operator.py for tasks to queue
[2023-05-29 15:37:02,958] {logging_mixin.py:115} INFO - [2023-05-29 15:37:02,958] {dagbag.py:508} INFO - Filling up the DagBag from /home/airflow/.local/lib/python3.7/site-packages/airflow/example_dags/example_branch_operator.py
[2023-05-29 15:37:02,965] {processor.py:651} INFO - DAG(s) dict_keys(['example_branch_operator']) retrieved from /home/airflow/.local/lib/python3.7/site-packages/airflow/example_dags/example_branch_operator.py
[2023-05-29 15:37:02,984] {logging_mixin.py:115} INFO - [2023-05-29 15:37:02,984] {dag.py:2420} INFO - Sync 1 DAGs
[2023-05-29 15:37:03,002] {logging_mixin.py:115} INFO - [2023-05-29 15:37:03,002] {dag.py:2972} INFO - Setting next_dagrun for example_branch_operator to 2023-05-28T00:00:00+00:00, run_after=2023-05-29T00:00:00+00:00
[2023-05-29 15:37:03,014] {processor.py:161} INFO - Processing /home/airflow/.local/lib/python3.7/site-packages/airflow/example_dags/example_branch_operator.py took 0.059 seconds
[2023-05-29 15:37:33,491] {processor.py:153} INFO - Started process (PID=1424) to work on /home/airflow/.local/lib/python3.7/site-packages/airflow/example_dags/example_branch_operator.py
[2023-05-29 15:37:33,492] {processor.py:641} INFO - Processing file /home/airflow/.local/lib/python3.7/site-packages/airflow/example_dags/example_branch_operator.py for tasks to queue
[2023-05-29 15:37:33,493] {logging_mixin.py:115} INFO - [2023-05-29 15:37:33,492] {dagbag.py:508} INFO - Filling up the DagBag from /home/airflow/.local/lib/python3.7/site-packages/airflow/example_dags/example_branch_operator.py
[2023-05-29 15:37:33,504] {processor.py:651} INFO - DAG(s) dict_keys(['example_branch_operator']) retrieved from /home/airflow/.local/lib/python3.7/site-packages/airflow/example_dags/example_branch_operator.py
[2023-05-29 15:37:33,530] {logging_mixin.py:115} INFO - [2023-05-29 15:37:33,530] {dag.py:2420} INFO - Sync 1 DAGs
[2023-05-29 15:37:33,551] {logging_mixin.py:115} INFO - [2023-05-29 15:37:33,551] {dag.py:2972} INFO - Setting next_dagrun for example_branch_operator to 2023-05-28T00:00:00+00:00, run_after=2023-05-29T00:00:00+00:00
[2023-05-29 15:37:33,562] {processor.py:161} INFO - Processing /home/airflow/.local/lib/python3.7/site-packages/airflow/example_dags/example_branch_operator.py took 0.075 seconds
[2023-05-29 15:38:04,018] {processor.py:153} INFO - Started process (PID=1480) to work on /home/airflow/.local/lib/python3.7/site-packages/airflow/example_dags/example_branch_operator.py
[2023-05-29 15:38:04,018] {processor.py:641} INFO - Processing file /home/airflow/.local/lib/python3.7/site-packages/airflow/example_dags/example_branch_operator.py for tasks to queue
[2023-05-29 15:38:04,018] {logging_mixin.py:115} INFO - [2023-05-29 15:38:04,018] {dagbag.py:508} INFO - Filling up the DagBag from /home/airflow/.local/lib/python3.7/site-packages/airflow/example_dags/example_branch_operator.py
[2023-05-29 15:38:04,026] {processor.py:651} INFO - DAG(s) dict_keys(['example_branch_operator']) retrieved from /home/airflow/.local/lib/python3.7/site-packages/airflow/example_dags/example_branch_operator.py
[2023-05-29 15:38:04,045] {logging_mixin.py:115} INFO - [2023-05-29 15:38:04,045] {dag.py:2420} INFO - Sync 1 DAGs
[2023-05-29 15:38:04,064] {logging_mixin.py:115} INFO - [2023-05-29 15:38:04,064] {dag.py:2972} INFO - Setting next_dagrun for example_branch_operator to 2023-05-28T00:00:00+00:00, run_after=2023-05-29T00:00:00+00:00
[2023-05-29 15:38:04,075] {processor.py:161} INFO - Processing /home/airflow/.local/lib/python3.7/site-packages/airflow/example_dags/example_branch_operator.py took 0.059 seconds
[2023-05-29 15:38:34,557] {processor.py:153} INFO - Started process (PID=1551) to work on /home/airflow/.local/lib/python3.7/site-packages/airflow/example_dags/example_branch_operator.py
[2023-05-29 15:38:34,557] {processor.py:641} INFO - Processing file /home/airflow/.local/lib/python3.7/site-packages/airflow/example_dags/example_branch_operator.py for tasks to queue
[2023-05-29 15:38:34,558] {logging_mixin.py:115} INFO - [2023-05-29 15:38:34,558] {dagbag.py:508} INFO - Filling up the DagBag from /home/airflow/.local/lib/python3.7/site-packages/airflow/example_dags/example_branch_operator.py
[2023-05-29 15:38:34,565] {processor.py:651} INFO - DAG(s) dict_keys(['example_branch_operator']) retrieved from /home/airflow/.local/lib/python3.7/site-packages/airflow/example_dags/example_branch_operator.py
[2023-05-29 15:38:34,585] {logging_mixin.py:115} INFO - [2023-05-29 15:38:34,585] {dag.py:2420} INFO - Sync 1 DAGs
[2023-05-29 15:38:34,603] {logging_mixin.py:115} INFO - [2023-05-29 15:38:34,602] {dag.py:2972} INFO - Setting next_dagrun for example_branch_operator to 2023-05-28T00:00:00+00:00, run_after=2023-05-29T00:00:00+00:00
[2023-05-29 15:38:34,613] {processor.py:161} INFO - Processing /home/airflow/.local/lib/python3.7/site-packages/airflow/example_dags/example_branch_operator.py took 0.058 seconds
[2023-05-29 15:39:05,308] {processor.py:153} INFO - Started process (PID=1617) to work on /home/airflow/.local/lib/python3.7/site-packages/airflow/example_dags/example_branch_operator.py
[2023-05-29 15:39:05,308] {processor.py:641} INFO - Processing file /home/airflow/.local/lib/python3.7/site-packages/airflow/example_dags/example_branch_operator.py for tasks to queue
[2023-05-29 15:39:05,309] {logging_mixin.py:115} INFO - [2023-05-29 15:39:05,309] {dagbag.py:508} INFO - Filling up the DagBag from /home/airflow/.local/lib/python3.7/site-packages/airflow/example_dags/example_branch_operator.py
[2023-05-29 15:39:05,316] {processor.py:651} INFO - DAG(s) dict_keys(['example_branch_operator']) retrieved from /home/airflow/.local/lib/python3.7/site-packages/airflow/example_dags/example_branch_operator.py
[2023-05-29 15:39:05,336] {logging_mixin.py:115} INFO - [2023-05-29 15:39:05,336] {dag.py:2420} INFO - Sync 1 DAGs
[2023-05-29 15:39:05,355] {logging_mixin.py:115} INFO - [2023-05-29 15:39:05,354] {dag.py:2972} INFO - Setting next_dagrun for example_branch_operator to 2023-05-28T00:00:00+00:00, run_after=2023-05-29T00:00:00+00:00
[2023-05-29 15:39:05,367] {processor.py:161} INFO - Processing /home/airflow/.local/lib/python3.7/site-packages/airflow/example_dags/example_branch_operator.py took 0.061 seconds
[2023-05-29 15:39:35,893] {processor.py:153} INFO - Started process (PID=1670) to work on /home/airflow/.local/lib/python3.7/site-packages/airflow/example_dags/example_branch_operator.py
[2023-05-29 15:39:35,894] {processor.py:641} INFO - Processing file /home/airflow/.local/lib/python3.7/site-packages/airflow/example_dags/example_branch_operator.py for tasks to queue
[2023-05-29 15:39:35,894] {logging_mixin.py:115} INFO - [2023-05-29 15:39:35,894] {dagbag.py:508} INFO - Filling up the DagBag from /home/airflow/.local/lib/python3.7/site-packages/airflow/example_dags/example_branch_operator.py
[2023-05-29 15:39:35,903] {processor.py:651} INFO - DAG(s) dict_keys(['example_branch_operator']) retrieved from /home/airflow/.local/lib/python3.7/site-packages/airflow/example_dags/example_branch_operator.py
[2023-05-29 15:39:35,923] {logging_mixin.py:115} INFO - [2023-05-29 15:39:35,923] {dag.py:2420} INFO - Sync 1 DAGs
[2023-05-29 15:39:35,942] {logging_mixin.py:115} INFO - [2023-05-29 15:39:35,942] {dag.py:2972} INFO - Setting next_dagrun for example_branch_operator to 2023-05-28T00:00:00+00:00, run_after=2023-05-29T00:00:00+00:00
[2023-05-29 15:39:35,952] {processor.py:161} INFO - Processing /home/airflow/.local/lib/python3.7/site-packages/airflow/example_dags/example_branch_operator.py took 0.061 seconds
[2023-05-29 15:40:06,245] {processor.py:153} INFO - Started process (PID=1732) to work on /home/airflow/.local/lib/python3.7/site-packages/airflow/example_dags/example_branch_operator.py
[2023-05-29 15:40:06,246] {processor.py:641} INFO - Processing file /home/airflow/.local/lib/python3.7/site-packages/airflow/example_dags/example_branch_operator.py for tasks to queue
[2023-05-29 15:40:06,246] {logging_mixin.py:115} INFO - [2023-05-29 15:40:06,246] {dagbag.py:508} INFO - Filling up the DagBag from /home/airflow/.local/lib/python3.7/site-packages/airflow/example_dags/example_branch_operator.py
[2023-05-29 15:40:06,253] {processor.py:651} INFO - DAG(s) dict_keys(['example_branch_operator']) retrieved from /home/airflow/.local/lib/python3.7/site-packages/airflow/example_dags/example_branch_operator.py
[2023-05-29 15:40:06,273] {logging_mixin.py:115} INFO - [2023-05-29 15:40:06,273] {dag.py:2420} INFO - Sync 1 DAGs
[2023-05-29 15:40:06,291] {logging_mixin.py:115} INFO - [2023-05-29 15:40:06,291] {dag.py:2972} INFO - Setting next_dagrun for example_branch_operator to 2023-05-28T00:00:00+00:00, run_after=2023-05-29T00:00:00+00:00
[2023-05-29 15:40:06,302] {processor.py:161} INFO - Processing /home/airflow/.local/lib/python3.7/site-packages/airflow/example_dags/example_branch_operator.py took 0.058 seconds
[2023-05-29 15:40:36,648] {processor.py:153} INFO - Started process (PID=1794) to work on /home/airflow/.local/lib/python3.7/site-packages/airflow/example_dags/example_branch_operator.py
[2023-05-29 15:40:36,649] {processor.py:641} INFO - Processing file /home/airflow/.local/lib/python3.7/site-packages/airflow/example_dags/example_branch_operator.py for tasks to queue
[2023-05-29 15:40:36,649] {logging_mixin.py:115} INFO - [2023-05-29 15:40:36,649] {dagbag.py:508} INFO - Filling up the DagBag from /home/airflow/.local/lib/python3.7/site-packages/airflow/example_dags/example_branch_operator.py
[2023-05-29 15:40:36,657] {processor.py:651} INFO - DAG(s) dict_keys(['example_branch_operator']) retrieved from /home/airflow/.local/lib/python3.7/site-packages/airflow/example_dags/example_branch_operator.py
[2023-05-29 15:40:36,676] {logging_mixin.py:115} INFO - [2023-05-29 15:40:36,676] {dag.py:2420} INFO - Sync 1 DAGs
[2023-05-29 15:40:36,695] {logging_mixin.py:115} INFO - [2023-05-29 15:40:36,694] {dag.py:2972} INFO - Setting next_dagrun for example_branch_operator to 2023-05-28T00:00:00+00:00, run_after=2023-05-29T00:00:00+00:00
[2023-05-29 15:40:36,706] {processor.py:161} INFO - Processing /home/airflow/.local/lib/python3.7/site-packages/airflow/example_dags/example_branch_operator.py took 0.060 seconds
[2023-05-29 15:41:07,274] {processor.py:153} INFO - Started process (PID=1856) to work on /home/airflow/.local/lib/python3.7/site-packages/airflow/example_dags/example_branch_operator.py
[2023-05-29 15:41:07,274] {processor.py:641} INFO - Processing file /home/airflow/.local/lib/python3.7/site-packages/airflow/example_dags/example_branch_operator.py for tasks to queue
[2023-05-29 15:41:07,275] {logging_mixin.py:115} INFO - [2023-05-29 15:41:07,275] {dagbag.py:508} INFO - Filling up the DagBag from /home/airflow/.local/lib/python3.7/site-packages/airflow/example_dags/example_branch_operator.py
[2023-05-29 15:41:07,283] {processor.py:651} INFO - DAG(s) dict_keys(['example_branch_operator']) retrieved from /home/airflow/.local/lib/python3.7/site-packages/airflow/example_dags/example_branch_operator.py
[2023-05-29 15:41:07,305] {logging_mixin.py:115} INFO - [2023-05-29 15:41:07,305] {dag.py:2420} INFO - Sync 1 DAGs
[2023-05-29 15:41:07,328] {logging_mixin.py:115} INFO - [2023-05-29 15:41:07,327] {dag.py:2972} INFO - Setting next_dagrun for example_branch_operator to 2023-05-28T00:00:00+00:00, run_after=2023-05-29T00:00:00+00:00
[2023-05-29 15:41:07,343] {processor.py:161} INFO - Processing /home/airflow/.local/lib/python3.7/site-packages/airflow/example_dags/example_branch_operator.py took 0.073 seconds
