[2023-05-29 15:18:20,527] {processor.py:153} INFO - Started process (PID=75) to work on /home/airflow/.local/lib/python3.7/site-packages/airflow/example_dags/example_branch_datetime_operator.py
[2023-05-29 15:18:20,527] {processor.py:641} INFO - Processing file /home/airflow/.local/lib/python3.7/site-packages/airflow/example_dags/example_branch_datetime_operator.py for tasks to queue
[2023-05-29 15:18:20,528] {logging_mixin.py:115} INFO - [2023-05-29 15:18:20,528] {dagbag.py:508} INFO - Filling up the DagBag from /home/airflow/.local/lib/python3.7/site-packages/airflow/example_dags/example_branch_datetime_operator.py
[2023-05-29 15:18:20,536] {processor.py:651} INFO - DAG(s) dict_keys(['example_branch_datetime_operator', 'example_branch_datetime_operator_2']) retrieved from /home/airflow/.local/lib/python3.7/site-packages/airflow/example_dags/example_branch_datetime_operator.py
[2023-05-29 15:18:20,619] {logging_mixin.py:115} INFO - [2023-05-29 15:18:20,619] {manager.py:508} INFO - Created Permission View: can read on DAG:example_branch_datetime_operator
[2023-05-29 15:18:20,631] {logging_mixin.py:115} INFO - [2023-05-29 15:18:20,630] {manager.py:508} INFO - Created Permission View: can delete on DAG:example_branch_datetime_operator
[2023-05-29 15:18:20,641] {logging_mixin.py:115} INFO - [2023-05-29 15:18:20,640] {manager.py:508} INFO - Created Permission View: can edit on DAG:example_branch_datetime_operator
[2023-05-29 15:18:20,669] {logging_mixin.py:115} INFO - [2023-05-29 15:18:20,669] {manager.py:508} INFO - Created Permission View: can read on DAG:example_branch_datetime_operator_2
[2023-05-29 15:18:20,685] {logging_mixin.py:115} INFO - [2023-05-29 15:18:20,685] {manager.py:508} INFO - Created Permission View: can delete on DAG:example_branch_datetime_operator_2
[2023-05-29 15:18:20,715] {logging_mixin.py:115} INFO - [2023-05-29 15:18:20,702] {manager.py:508} INFO - Created Permission View: can edit on DAG:example_branch_datetime_operator_2
[2023-05-29 15:18:20,716] {logging_mixin.py:115} INFO - [2023-05-29 15:18:20,715] {dag.py:2420} INFO - Sync 2 DAGs
[2023-05-29 15:18:20,733] {logging_mixin.py:115} INFO - [2023-05-29 15:18:20,733] {dag.py:2439} INFO - Creating ORM DAG for example_branch_datetime_operator
[2023-05-29 15:18:20,734] {logging_mixin.py:115} INFO - [2023-05-29 15:18:20,734] {dag.py:2439} INFO - Creating ORM DAG for example_branch_datetime_operator_2
[2023-05-29 15:18:20,752] {logging_mixin.py:115} INFO - [2023-05-29 15:18:20,752] {dag.py:2972} INFO - Setting next_dagrun for example_branch_datetime_operator to 2023-05-28T00:00:00+00:00, run_after=2023-05-29T00:00:00+00:00
[2023-05-29 15:18:20,754] {logging_mixin.py:115} INFO - [2023-05-29 15:18:20,754] {dag.py:2972} INFO - Setting next_dagrun for example_branch_datetime_operator_2 to 2023-05-28T00:00:00+00:00, run_after=2023-05-29T00:00:00+00:00
[2023-05-29 15:18:20,783] {processor.py:161} INFO - Processing /home/airflow/.local/lib/python3.7/site-packages/airflow/example_dags/example_branch_datetime_operator.py took 0.259 seconds
[2023-05-29 15:18:52,169] {processor.py:153} INFO - Started process (PID=127) to work on /home/airflow/.local/lib/python3.7/site-packages/airflow/example_dags/example_branch_datetime_operator.py
[2023-05-29 15:18:52,221] {processor.py:641} INFO - Processing file /home/airflow/.local/lib/python3.7/site-packages/airflow/example_dags/example_branch_datetime_operator.py for tasks to queue
[2023-05-29 15:18:52,222] {logging_mixin.py:115} INFO - [2023-05-29 15:18:52,222] {dagbag.py:508} INFO - Filling up the DagBag from /home/airflow/.local/lib/python3.7/site-packages/airflow/example_dags/example_branch_datetime_operator.py
[2023-05-29 15:18:52,438] {processor.py:651} INFO - DAG(s) dict_keys(['example_branch_datetime_operator', 'example_branch_datetime_operator_2']) retrieved from /home/airflow/.local/lib/python3.7/site-packages/airflow/example_dags/example_branch_datetime_operator.py
[2023-05-29 15:18:52,470] {logging_mixin.py:115} INFO - [2023-05-29 15:18:52,470] {dag.py:2420} INFO - Sync 2 DAGs
[2023-05-29 15:18:52,488] {logging_mixin.py:115} INFO - [2023-05-29 15:18:52,488] {dag.py:2972} INFO - Setting next_dagrun for example_branch_datetime_operator to 2023-05-28T00:00:00+00:00, run_after=2023-05-29T00:00:00+00:00
[2023-05-29 15:18:52,489] {logging_mixin.py:115} INFO - [2023-05-29 15:18:52,489] {dag.py:2972} INFO - Setting next_dagrun for example_branch_datetime_operator_2 to 2023-05-28T00:00:00+00:00, run_after=2023-05-29T00:00:00+00:00
[2023-05-29 15:18:52,616] {processor.py:161} INFO - Processing /home/airflow/.local/lib/python3.7/site-packages/airflow/example_dags/example_branch_datetime_operator.py took 0.449 seconds
[2023-05-29 15:19:22,869] {processor.py:153} INFO - Started process (PID=188) to work on /home/airflow/.local/lib/python3.7/site-packages/airflow/example_dags/example_branch_datetime_operator.py
[2023-05-29 15:19:22,869] {processor.py:641} INFO - Processing file /home/airflow/.local/lib/python3.7/site-packages/airflow/example_dags/example_branch_datetime_operator.py for tasks to queue
[2023-05-29 15:19:22,870] {logging_mixin.py:115} INFO - [2023-05-29 15:19:22,870] {dagbag.py:508} INFO - Filling up the DagBag from /home/airflow/.local/lib/python3.7/site-packages/airflow/example_dags/example_branch_datetime_operator.py
[2023-05-29 15:19:22,876] {processor.py:651} INFO - DAG(s) dict_keys(['example_branch_datetime_operator', 'example_branch_datetime_operator_2']) retrieved from /home/airflow/.local/lib/python3.7/site-packages/airflow/example_dags/example_branch_datetime_operator.py
[2023-05-29 15:19:22,898] {logging_mixin.py:115} INFO - [2023-05-29 15:19:22,898] {dag.py:2420} INFO - Sync 2 DAGs
[2023-05-29 15:19:22,916] {logging_mixin.py:115} INFO - [2023-05-29 15:19:22,916] {dag.py:2972} INFO - Setting next_dagrun for example_branch_datetime_operator to 2023-05-28T00:00:00+00:00, run_after=2023-05-29T00:00:00+00:00
[2023-05-29 15:19:22,917] {logging_mixin.py:115} INFO - [2023-05-29 15:19:22,917] {dag.py:2972} INFO - Setting next_dagrun for example_branch_datetime_operator_2 to 2023-05-28T00:00:00+00:00, run_after=2023-05-29T00:00:00+00:00
[2023-05-29 15:19:22,927] {processor.py:161} INFO - Processing /home/airflow/.local/lib/python3.7/site-packages/airflow/example_dags/example_branch_datetime_operator.py took 0.061 seconds
[2023-05-29 15:19:53,262] {processor.py:153} INFO - Started process (PID=249) to work on /home/airflow/.local/lib/python3.7/site-packages/airflow/example_dags/example_branch_datetime_operator.py
[2023-05-29 15:19:53,263] {processor.py:641} INFO - Processing file /home/airflow/.local/lib/python3.7/site-packages/airflow/example_dags/example_branch_datetime_operator.py for tasks to queue
[2023-05-29 15:19:53,263] {logging_mixin.py:115} INFO - [2023-05-29 15:19:53,263] {dagbag.py:508} INFO - Filling up the DagBag from /home/airflow/.local/lib/python3.7/site-packages/airflow/example_dags/example_branch_datetime_operator.py
[2023-05-29 15:19:53,269] {processor.py:651} INFO - DAG(s) dict_keys(['example_branch_datetime_operator', 'example_branch_datetime_operator_2']) retrieved from /home/airflow/.local/lib/python3.7/site-packages/airflow/example_dags/example_branch_datetime_operator.py
[2023-05-29 15:19:53,291] {logging_mixin.py:115} INFO - [2023-05-29 15:19:53,291] {dag.py:2420} INFO - Sync 2 DAGs
[2023-05-29 15:19:53,310] {logging_mixin.py:115} INFO - [2023-05-29 15:19:53,309] {dag.py:2972} INFO - Setting next_dagrun for example_branch_datetime_operator to 2023-05-28T00:00:00+00:00, run_after=2023-05-29T00:00:00+00:00
[2023-05-29 15:19:53,311] {logging_mixin.py:115} INFO - [2023-05-29 15:19:53,311] {dag.py:2972} INFO - Setting next_dagrun for example_branch_datetime_operator_2 to 2023-05-28T00:00:00+00:00, run_after=2023-05-29T00:00:00+00:00
[2023-05-29 15:19:53,321] {processor.py:161} INFO - Processing /home/airflow/.local/lib/python3.7/site-packages/airflow/example_dags/example_branch_datetime_operator.py took 0.061 seconds
[2023-05-29 15:20:23,675] {processor.py:153} INFO - Started process (PID=310) to work on /home/airflow/.local/lib/python3.7/site-packages/airflow/example_dags/example_branch_datetime_operator.py
[2023-05-29 15:20:23,675] {processor.py:641} INFO - Processing file /home/airflow/.local/lib/python3.7/site-packages/airflow/example_dags/example_branch_datetime_operator.py for tasks to queue
[2023-05-29 15:20:23,676] {logging_mixin.py:115} INFO - [2023-05-29 15:20:23,676] {dagbag.py:508} INFO - Filling up the DagBag from /home/airflow/.local/lib/python3.7/site-packages/airflow/example_dags/example_branch_datetime_operator.py
[2023-05-29 15:20:23,684] {processor.py:651} INFO - DAG(s) dict_keys(['example_branch_datetime_operator', 'example_branch_datetime_operator_2']) retrieved from /home/airflow/.local/lib/python3.7/site-packages/airflow/example_dags/example_branch_datetime_operator.py
[2023-05-29 15:20:23,711] {logging_mixin.py:115} INFO - [2023-05-29 15:20:23,711] {dag.py:2420} INFO - Sync 2 DAGs
[2023-05-29 15:20:23,732] {logging_mixin.py:115} INFO - [2023-05-29 15:20:23,732] {dag.py:2972} INFO - Setting next_dagrun for example_branch_datetime_operator to 2023-05-28T00:00:00+00:00, run_after=2023-05-29T00:00:00+00:00
[2023-05-29 15:20:23,733] {logging_mixin.py:115} INFO - [2023-05-29 15:20:23,733] {dag.py:2972} INFO - Setting next_dagrun for example_branch_datetime_operator_2 to 2023-05-28T00:00:00+00:00, run_after=2023-05-29T00:00:00+00:00
[2023-05-29 15:20:23,744] {processor.py:161} INFO - Processing /home/airflow/.local/lib/python3.7/site-packages/airflow/example_dags/example_branch_datetime_operator.py took 0.071 seconds
[2023-05-29 15:20:54,056] {processor.py:153} INFO - Started process (PID=362) to work on /home/airflow/.local/lib/python3.7/site-packages/airflow/example_dags/example_branch_datetime_operator.py
[2023-05-29 15:20:54,056] {processor.py:641} INFO - Processing file /home/airflow/.local/lib/python3.7/site-packages/airflow/example_dags/example_branch_datetime_operator.py for tasks to queue
[2023-05-29 15:20:54,056] {logging_mixin.py:115} INFO - [2023-05-29 15:20:54,056] {dagbag.py:508} INFO - Filling up the DagBag from /home/airflow/.local/lib/python3.7/site-packages/airflow/example_dags/example_branch_datetime_operator.py
[2023-05-29 15:20:54,063] {processor.py:651} INFO - DAG(s) dict_keys(['example_branch_datetime_operator', 'example_branch_datetime_operator_2']) retrieved from /home/airflow/.local/lib/python3.7/site-packages/airflow/example_dags/example_branch_datetime_operator.py
[2023-05-29 15:20:54,085] {logging_mixin.py:115} INFO - [2023-05-29 15:20:54,084] {dag.py:2420} INFO - Sync 2 DAGs
[2023-05-29 15:20:54,102] {logging_mixin.py:115} INFO - [2023-05-29 15:20:54,102] {dag.py:2972} INFO - Setting next_dagrun for example_branch_datetime_operator to 2023-05-28T00:00:00+00:00, run_after=2023-05-29T00:00:00+00:00
[2023-05-29 15:20:54,104] {logging_mixin.py:115} INFO - [2023-05-29 15:20:54,104] {dag.py:2972} INFO - Setting next_dagrun for example_branch_datetime_operator_2 to 2023-05-28T00:00:00+00:00, run_after=2023-05-29T00:00:00+00:00
[2023-05-29 15:20:54,114] {processor.py:161} INFO - Processing /home/airflow/.local/lib/python3.7/site-packages/airflow/example_dags/example_branch_datetime_operator.py took 0.061 seconds
[2023-05-29 15:21:24,474] {processor.py:153} INFO - Started process (PID=424) to work on /home/airflow/.local/lib/python3.7/site-packages/airflow/example_dags/example_branch_datetime_operator.py
[2023-05-29 15:21:24,475] {processor.py:641} INFO - Processing file /home/airflow/.local/lib/python3.7/site-packages/airflow/example_dags/example_branch_datetime_operator.py for tasks to queue
[2023-05-29 15:21:24,475] {logging_mixin.py:115} INFO - [2023-05-29 15:21:24,475] {dagbag.py:508} INFO - Filling up the DagBag from /home/airflow/.local/lib/python3.7/site-packages/airflow/example_dags/example_branch_datetime_operator.py
[2023-05-29 15:21:24,482] {processor.py:651} INFO - DAG(s) dict_keys(['example_branch_datetime_operator', 'example_branch_datetime_operator_2']) retrieved from /home/airflow/.local/lib/python3.7/site-packages/airflow/example_dags/example_branch_datetime_operator.py
[2023-05-29 15:21:24,503] {logging_mixin.py:115} INFO - [2023-05-29 15:21:24,503] {dag.py:2420} INFO - Sync 2 DAGs
[2023-05-29 15:21:24,522] {logging_mixin.py:115} INFO - [2023-05-29 15:21:24,522] {dag.py:2972} INFO - Setting next_dagrun for example_branch_datetime_operator to 2023-05-28T00:00:00+00:00, run_after=2023-05-29T00:00:00+00:00
[2023-05-29 15:21:24,523] {logging_mixin.py:115} INFO - [2023-05-29 15:21:24,523] {dag.py:2972} INFO - Setting next_dagrun for example_branch_datetime_operator_2 to 2023-05-28T00:00:00+00:00, run_after=2023-05-29T00:00:00+00:00
[2023-05-29 15:21:24,533] {processor.py:161} INFO - Processing /home/airflow/.local/lib/python3.7/site-packages/airflow/example_dags/example_branch_datetime_operator.py took 0.061 seconds
[2023-05-29 15:21:54,993] {processor.py:153} INFO - Started process (PID=485) to work on /home/airflow/.local/lib/python3.7/site-packages/airflow/example_dags/example_branch_datetime_operator.py
[2023-05-29 15:21:54,994] {processor.py:641} INFO - Processing file /home/airflow/.local/lib/python3.7/site-packages/airflow/example_dags/example_branch_datetime_operator.py for tasks to queue
[2023-05-29 15:21:54,994] {logging_mixin.py:115} INFO - [2023-05-29 15:21:54,994] {dagbag.py:508} INFO - Filling up the DagBag from /home/airflow/.local/lib/python3.7/site-packages/airflow/example_dags/example_branch_datetime_operator.py
[2023-05-29 15:21:55,000] {processor.py:651} INFO - DAG(s) dict_keys(['example_branch_datetime_operator', 'example_branch_datetime_operator_2']) retrieved from /home/airflow/.local/lib/python3.7/site-packages/airflow/example_dags/example_branch_datetime_operator.py
[2023-05-29 15:21:55,022] {logging_mixin.py:115} INFO - [2023-05-29 15:21:55,022] {dag.py:2420} INFO - Sync 2 DAGs
[2023-05-29 15:21:55,040] {logging_mixin.py:115} INFO - [2023-05-29 15:21:55,040] {dag.py:2972} INFO - Setting next_dagrun for example_branch_datetime_operator to 2023-05-28T00:00:00+00:00, run_after=2023-05-29T00:00:00+00:00
[2023-05-29 15:21:55,041] {logging_mixin.py:115} INFO - [2023-05-29 15:21:55,041] {dag.py:2972} INFO - Setting next_dagrun for example_branch_datetime_operator_2 to 2023-05-28T00:00:00+00:00, run_after=2023-05-29T00:00:00+00:00
[2023-05-29 15:21:55,052] {processor.py:161} INFO - Processing /home/airflow/.local/lib/python3.7/site-packages/airflow/example_dags/example_branch_datetime_operator.py took 0.061 seconds
[2023-05-29 15:22:25,464] {processor.py:153} INFO - Started process (PID=536) to work on /home/airflow/.local/lib/python3.7/site-packages/airflow/example_dags/example_branch_datetime_operator.py
[2023-05-29 15:22:25,464] {processor.py:641} INFO - Processing file /home/airflow/.local/lib/python3.7/site-packages/airflow/example_dags/example_branch_datetime_operator.py for tasks to queue
[2023-05-29 15:22:25,464] {logging_mixin.py:115} INFO - [2023-05-29 15:22:25,464] {dagbag.py:508} INFO - Filling up the DagBag from /home/airflow/.local/lib/python3.7/site-packages/airflow/example_dags/example_branch_datetime_operator.py
[2023-05-29 15:22:25,474] {processor.py:651} INFO - DAG(s) dict_keys(['example_branch_datetime_operator', 'example_branch_datetime_operator_2']) retrieved from /home/airflow/.local/lib/python3.7/site-packages/airflow/example_dags/example_branch_datetime_operator.py
[2023-05-29 15:22:25,504] {logging_mixin.py:115} INFO - [2023-05-29 15:22:25,504] {dag.py:2420} INFO - Sync 2 DAGs
[2023-05-29 15:22:25,527] {logging_mixin.py:115} INFO - [2023-05-29 15:22:25,527] {dag.py:2972} INFO - Setting next_dagrun for example_branch_datetime_operator to 2023-05-28T00:00:00+00:00, run_after=2023-05-29T00:00:00+00:00
[2023-05-29 15:22:25,528] {logging_mixin.py:115} INFO - [2023-05-29 15:22:25,528] {dag.py:2972} INFO - Setting next_dagrun for example_branch_datetime_operator_2 to 2023-05-28T00:00:00+00:00, run_after=2023-05-29T00:00:00+00:00
[2023-05-29 15:22:25,542] {processor.py:161} INFO - Processing /home/airflow/.local/lib/python3.7/site-packages/airflow/example_dags/example_branch_datetime_operator.py took 0.080 seconds
[2023-05-29 15:23:25,856] {processor.py:153} INFO - Started process (PID=65) to work on /home/airflow/.local/lib/python3.7/site-packages/airflow/example_dags/example_branch_datetime_operator.py
[2023-05-29 15:23:25,857] {processor.py:641} INFO - Processing file /home/airflow/.local/lib/python3.7/site-packages/airflow/example_dags/example_branch_datetime_operator.py for tasks to queue
[2023-05-29 15:23:25,857] {logging_mixin.py:115} INFO - [2023-05-29 15:23:25,857] {dagbag.py:508} INFO - Filling up the DagBag from /home/airflow/.local/lib/python3.7/site-packages/airflow/example_dags/example_branch_datetime_operator.py
[2023-05-29 15:23:25,865] {processor.py:651} INFO - DAG(s) dict_keys(['example_branch_datetime_operator', 'example_branch_datetime_operator_2']) retrieved from /home/airflow/.local/lib/python3.7/site-packages/airflow/example_dags/example_branch_datetime_operator.py
[2023-05-29 15:23:25,896] {logging_mixin.py:115} INFO - [2023-05-29 15:23:25,896] {dag.py:2420} INFO - Sync 2 DAGs
[2023-05-29 15:23:25,920] {logging_mixin.py:115} INFO - [2023-05-29 15:23:25,920] {dag.py:2972} INFO - Setting next_dagrun for example_branch_datetime_operator to 2023-05-28T00:00:00+00:00, run_after=2023-05-29T00:00:00+00:00
[2023-05-29 15:23:25,922] {logging_mixin.py:115} INFO - [2023-05-29 15:23:25,922] {dag.py:2972} INFO - Setting next_dagrun for example_branch_datetime_operator_2 to 2023-05-28T00:00:00+00:00, run_after=2023-05-29T00:00:00+00:00
[2023-05-29 15:23:25,934] {processor.py:161} INFO - Processing /home/airflow/.local/lib/python3.7/site-packages/airflow/example_dags/example_branch_datetime_operator.py took 0.081 seconds
[2023-05-29 15:23:56,661] {processor.py:153} INFO - Started process (PID=126) to work on /home/airflow/.local/lib/python3.7/site-packages/airflow/example_dags/example_branch_datetime_operator.py
[2023-05-29 15:23:56,662] {processor.py:641} INFO - Processing file /home/airflow/.local/lib/python3.7/site-packages/airflow/example_dags/example_branch_datetime_operator.py for tasks to queue
[2023-05-29 15:23:56,662] {logging_mixin.py:115} INFO - [2023-05-29 15:23:56,662] {dagbag.py:508} INFO - Filling up the DagBag from /home/airflow/.local/lib/python3.7/site-packages/airflow/example_dags/example_branch_datetime_operator.py
[2023-05-29 15:23:56,668] {processor.py:651} INFO - DAG(s) dict_keys(['example_branch_datetime_operator', 'example_branch_datetime_operator_2']) retrieved from /home/airflow/.local/lib/python3.7/site-packages/airflow/example_dags/example_branch_datetime_operator.py
[2023-05-29 15:23:56,689] {logging_mixin.py:115} INFO - [2023-05-29 15:23:56,689] {dag.py:2420} INFO - Sync 2 DAGs
[2023-05-29 15:23:56,707] {logging_mixin.py:115} INFO - [2023-05-29 15:23:56,707] {dag.py:2972} INFO - Setting next_dagrun for example_branch_datetime_operator to 2023-05-28T00:00:00+00:00, run_after=2023-05-29T00:00:00+00:00
[2023-05-29 15:23:56,708] {logging_mixin.py:115} INFO - [2023-05-29 15:23:56,708] {dag.py:2972} INFO - Setting next_dagrun for example_branch_datetime_operator_2 to 2023-05-28T00:00:00+00:00, run_after=2023-05-29T00:00:00+00:00
[2023-05-29 15:23:56,718] {processor.py:161} INFO - Processing /home/airflow/.local/lib/python3.7/site-packages/airflow/example_dags/example_branch_datetime_operator.py took 0.059 seconds
[2023-05-29 15:24:27,296] {processor.py:153} INFO - Started process (PID=187) to work on /home/airflow/.local/lib/python3.7/site-packages/airflow/example_dags/example_branch_datetime_operator.py
[2023-05-29 15:24:27,297] {processor.py:641} INFO - Processing file /home/airflow/.local/lib/python3.7/site-packages/airflow/example_dags/example_branch_datetime_operator.py for tasks to queue
[2023-05-29 15:24:27,297] {logging_mixin.py:115} INFO - [2023-05-29 15:24:27,297] {dagbag.py:508} INFO - Filling up the DagBag from /home/airflow/.local/lib/python3.7/site-packages/airflow/example_dags/example_branch_datetime_operator.py
[2023-05-29 15:24:27,305] {processor.py:651} INFO - DAG(s) dict_keys(['example_branch_datetime_operator', 'example_branch_datetime_operator_2']) retrieved from /home/airflow/.local/lib/python3.7/site-packages/airflow/example_dags/example_branch_datetime_operator.py
[2023-05-29 15:24:27,329] {logging_mixin.py:115} INFO - [2023-05-29 15:24:27,329] {dag.py:2420} INFO - Sync 2 DAGs
[2023-05-29 15:24:27,349] {logging_mixin.py:115} INFO - [2023-05-29 15:24:27,349] {dag.py:2972} INFO - Setting next_dagrun for example_branch_datetime_operator to 2023-05-28T00:00:00+00:00, run_after=2023-05-29T00:00:00+00:00
[2023-05-29 15:24:27,350] {logging_mixin.py:115} INFO - [2023-05-29 15:24:27,350] {dag.py:2972} INFO - Setting next_dagrun for example_branch_datetime_operator_2 to 2023-05-28T00:00:00+00:00, run_after=2023-05-29T00:00:00+00:00
[2023-05-29 15:24:27,361] {processor.py:161} INFO - Processing /home/airflow/.local/lib/python3.7/site-packages/airflow/example_dags/example_branch_datetime_operator.py took 0.069 seconds
[2023-05-29 15:24:57,759] {processor.py:153} INFO - Started process (PID=248) to work on /home/airflow/.local/lib/python3.7/site-packages/airflow/example_dags/example_branch_datetime_operator.py
[2023-05-29 15:24:57,760] {processor.py:641} INFO - Processing file /home/airflow/.local/lib/python3.7/site-packages/airflow/example_dags/example_branch_datetime_operator.py for tasks to queue
[2023-05-29 15:24:57,760] {logging_mixin.py:115} INFO - [2023-05-29 15:24:57,760] {dagbag.py:508} INFO - Filling up the DagBag from /home/airflow/.local/lib/python3.7/site-packages/airflow/example_dags/example_branch_datetime_operator.py
[2023-05-29 15:24:57,767] {processor.py:651} INFO - DAG(s) dict_keys(['example_branch_datetime_operator', 'example_branch_datetime_operator_2']) retrieved from /home/airflow/.local/lib/python3.7/site-packages/airflow/example_dags/example_branch_datetime_operator.py
[2023-05-29 15:24:57,792] {logging_mixin.py:115} INFO - [2023-05-29 15:24:57,792] {dag.py:2420} INFO - Sync 2 DAGs
[2023-05-29 15:24:57,815] {logging_mixin.py:115} INFO - [2023-05-29 15:24:57,815] {dag.py:2972} INFO - Setting next_dagrun for example_branch_datetime_operator to 2023-05-28T00:00:00+00:00, run_after=2023-05-29T00:00:00+00:00
[2023-05-29 15:24:57,816] {logging_mixin.py:115} INFO - [2023-05-29 15:24:57,816] {dag.py:2972} INFO - Setting next_dagrun for example_branch_datetime_operator_2 to 2023-05-28T00:00:00+00:00, run_after=2023-05-29T00:00:00+00:00
[2023-05-29 15:24:57,828] {processor.py:161} INFO - Processing /home/airflow/.local/lib/python3.7/site-packages/airflow/example_dags/example_branch_datetime_operator.py took 0.071 seconds
[2023-05-29 15:25:50,959] {processor.py:153} INFO - Started process (PID=66) to work on /home/airflow/.local/lib/python3.7/site-packages/airflow/example_dags/example_branch_datetime_operator.py
[2023-05-29 15:25:50,960] {processor.py:641} INFO - Processing file /home/airflow/.local/lib/python3.7/site-packages/airflow/example_dags/example_branch_datetime_operator.py for tasks to queue
[2023-05-29 15:25:50,960] {logging_mixin.py:115} INFO - [2023-05-29 15:25:50,960] {dagbag.py:508} INFO - Filling up the DagBag from /home/airflow/.local/lib/python3.7/site-packages/airflow/example_dags/example_branch_datetime_operator.py
[2023-05-29 15:25:50,969] {processor.py:651} INFO - DAG(s) dict_keys(['example_branch_datetime_operator', 'example_branch_datetime_operator_2']) retrieved from /home/airflow/.local/lib/python3.7/site-packages/airflow/example_dags/example_branch_datetime_operator.py
[2023-05-29 15:25:51,005] {logging_mixin.py:115} INFO - [2023-05-29 15:25:51,005] {dag.py:2420} INFO - Sync 2 DAGs
[2023-05-29 15:25:51,029] {logging_mixin.py:115} INFO - [2023-05-29 15:25:51,029] {dag.py:2972} INFO - Setting next_dagrun for example_branch_datetime_operator to 2023-05-28T00:00:00+00:00, run_after=2023-05-29T00:00:00+00:00
[2023-05-29 15:25:51,030] {logging_mixin.py:115} INFO - [2023-05-29 15:25:51,030] {dag.py:2972} INFO - Setting next_dagrun for example_branch_datetime_operator_2 to 2023-05-28T00:00:00+00:00, run_after=2023-05-29T00:00:00+00:00
[2023-05-29 15:25:51,043] {processor.py:161} INFO - Processing /home/airflow/.local/lib/python3.7/site-packages/airflow/example_dags/example_branch_datetime_operator.py took 0.086 seconds
[2023-05-29 15:26:21,809] {processor.py:153} INFO - Started process (PID=127) to work on /home/airflow/.local/lib/python3.7/site-packages/airflow/example_dags/example_branch_datetime_operator.py
[2023-05-29 15:26:21,810] {processor.py:641} INFO - Processing file /home/airflow/.local/lib/python3.7/site-packages/airflow/example_dags/example_branch_datetime_operator.py for tasks to queue
[2023-05-29 15:26:21,810] {logging_mixin.py:115} INFO - [2023-05-29 15:26:21,810] {dagbag.py:508} INFO - Filling up the DagBag from /home/airflow/.local/lib/python3.7/site-packages/airflow/example_dags/example_branch_datetime_operator.py
[2023-05-29 15:26:21,817] {processor.py:651} INFO - DAG(s) dict_keys(['example_branch_datetime_operator', 'example_branch_datetime_operator_2']) retrieved from /home/airflow/.local/lib/python3.7/site-packages/airflow/example_dags/example_branch_datetime_operator.py
[2023-05-29 15:26:21,839] {logging_mixin.py:115} INFO - [2023-05-29 15:26:21,839] {dag.py:2420} INFO - Sync 2 DAGs
[2023-05-29 15:26:21,857] {logging_mixin.py:115} INFO - [2023-05-29 15:26:21,857] {dag.py:2972} INFO - Setting next_dagrun for example_branch_datetime_operator to 2023-05-28T00:00:00+00:00, run_after=2023-05-29T00:00:00+00:00
[2023-05-29 15:26:21,858] {logging_mixin.py:115} INFO - [2023-05-29 15:26:21,858] {dag.py:2972} INFO - Setting next_dagrun for example_branch_datetime_operator_2 to 2023-05-28T00:00:00+00:00, run_after=2023-05-29T00:00:00+00:00
[2023-05-29 15:26:21,868] {processor.py:161} INFO - Processing /home/airflow/.local/lib/python3.7/site-packages/airflow/example_dags/example_branch_datetime_operator.py took 0.061 seconds
[2023-05-29 15:26:52,375] {processor.py:153} INFO - Started process (PID=188) to work on /home/airflow/.local/lib/python3.7/site-packages/airflow/example_dags/example_branch_datetime_operator.py
[2023-05-29 15:26:52,377] {processor.py:641} INFO - Processing file /home/airflow/.local/lib/python3.7/site-packages/airflow/example_dags/example_branch_datetime_operator.py for tasks to queue
[2023-05-29 15:26:52,378] {logging_mixin.py:115} INFO - [2023-05-29 15:26:52,378] {dagbag.py:508} INFO - Filling up the DagBag from /home/airflow/.local/lib/python3.7/site-packages/airflow/example_dags/example_branch_datetime_operator.py
[2023-05-29 15:26:52,386] {processor.py:651} INFO - DAG(s) dict_keys(['example_branch_datetime_operator', 'example_branch_datetime_operator_2']) retrieved from /home/airflow/.local/lib/python3.7/site-packages/airflow/example_dags/example_branch_datetime_operator.py
[2023-05-29 15:26:52,413] {logging_mixin.py:115} INFO - [2023-05-29 15:26:52,413] {dag.py:2420} INFO - Sync 2 DAGs
[2023-05-29 15:26:52,433] {logging_mixin.py:115} INFO - [2023-05-29 15:26:52,433] {dag.py:2972} INFO - Setting next_dagrun for example_branch_datetime_operator to 2023-05-28T00:00:00+00:00, run_after=2023-05-29T00:00:00+00:00
[2023-05-29 15:26:52,434] {logging_mixin.py:115} INFO - [2023-05-29 15:26:52,434] {dag.py:2972} INFO - Setting next_dagrun for example_branch_datetime_operator_2 to 2023-05-28T00:00:00+00:00, run_after=2023-05-29T00:00:00+00:00
[2023-05-29 15:26:52,446] {processor.py:161} INFO - Processing /home/airflow/.local/lib/python3.7/site-packages/airflow/example_dags/example_branch_datetime_operator.py took 0.074 seconds
[2023-05-29 15:27:22,913] {processor.py:153} INFO - Started process (PID=249) to work on /home/airflow/.local/lib/python3.7/site-packages/airflow/example_dags/example_branch_datetime_operator.py
[2023-05-29 15:27:22,914] {processor.py:641} INFO - Processing file /home/airflow/.local/lib/python3.7/site-packages/airflow/example_dags/example_branch_datetime_operator.py for tasks to queue
[2023-05-29 15:27:22,914] {logging_mixin.py:115} INFO - [2023-05-29 15:27:22,914] {dagbag.py:508} INFO - Filling up the DagBag from /home/airflow/.local/lib/python3.7/site-packages/airflow/example_dags/example_branch_datetime_operator.py
[2023-05-29 15:27:22,921] {processor.py:651} INFO - DAG(s) dict_keys(['example_branch_datetime_operator', 'example_branch_datetime_operator_2']) retrieved from /home/airflow/.local/lib/python3.7/site-packages/airflow/example_dags/example_branch_datetime_operator.py
[2023-05-29 15:27:22,954] {logging_mixin.py:115} INFO - [2023-05-29 15:27:22,953] {dag.py:2420} INFO - Sync 2 DAGs
[2023-05-29 15:27:22,976] {logging_mixin.py:115} INFO - [2023-05-29 15:27:22,976] {dag.py:2972} INFO - Setting next_dagrun for example_branch_datetime_operator to 2023-05-28T00:00:00+00:00, run_after=2023-05-29T00:00:00+00:00
[2023-05-29 15:27:22,977] {logging_mixin.py:115} INFO - [2023-05-29 15:27:22,977] {dag.py:2972} INFO - Setting next_dagrun for example_branch_datetime_operator_2 to 2023-05-28T00:00:00+00:00, run_after=2023-05-29T00:00:00+00:00
[2023-05-29 15:27:22,995] {processor.py:161} INFO - Processing /home/airflow/.local/lib/python3.7/site-packages/airflow/example_dags/example_branch_datetime_operator.py took 0.084 seconds
[2023-05-29 15:27:53,536] {processor.py:153} INFO - Started process (PID=301) to work on /home/airflow/.local/lib/python3.7/site-packages/airflow/example_dags/example_branch_datetime_operator.py
[2023-05-29 15:27:53,536] {processor.py:641} INFO - Processing file /home/airflow/.local/lib/python3.7/site-packages/airflow/example_dags/example_branch_datetime_operator.py for tasks to queue
[2023-05-29 15:27:53,536] {logging_mixin.py:115} INFO - [2023-05-29 15:27:53,536] {dagbag.py:508} INFO - Filling up the DagBag from /home/airflow/.local/lib/python3.7/site-packages/airflow/example_dags/example_branch_datetime_operator.py
[2023-05-29 15:27:53,544] {processor.py:651} INFO - DAG(s) dict_keys(['example_branch_datetime_operator', 'example_branch_datetime_operator_2']) retrieved from /home/airflow/.local/lib/python3.7/site-packages/airflow/example_dags/example_branch_datetime_operator.py
[2023-05-29 15:27:53,568] {logging_mixin.py:115} INFO - [2023-05-29 15:27:53,568] {dag.py:2420} INFO - Sync 2 DAGs
[2023-05-29 15:27:53,587] {logging_mixin.py:115} INFO - [2023-05-29 15:27:53,587] {dag.py:2972} INFO - Setting next_dagrun for example_branch_datetime_operator to 2023-05-28T00:00:00+00:00, run_after=2023-05-29T00:00:00+00:00
[2023-05-29 15:27:53,588] {logging_mixin.py:115} INFO - [2023-05-29 15:27:53,588] {dag.py:2972} INFO - Setting next_dagrun for example_branch_datetime_operator_2 to 2023-05-28T00:00:00+00:00, run_after=2023-05-29T00:00:00+00:00
[2023-05-29 15:27:53,598] {processor.py:161} INFO - Processing /home/airflow/.local/lib/python3.7/site-packages/airflow/example_dags/example_branch_datetime_operator.py took 0.065 seconds
[2023-05-29 15:28:23,946] {processor.py:153} INFO - Started process (PID=362) to work on /home/airflow/.local/lib/python3.7/site-packages/airflow/example_dags/example_branch_datetime_operator.py
[2023-05-29 15:28:23,946] {processor.py:641} INFO - Processing file /home/airflow/.local/lib/python3.7/site-packages/airflow/example_dags/example_branch_datetime_operator.py for tasks to queue
[2023-05-29 15:28:23,947] {logging_mixin.py:115} INFO - [2023-05-29 15:28:23,946] {dagbag.py:508} INFO - Filling up the DagBag from /home/airflow/.local/lib/python3.7/site-packages/airflow/example_dags/example_branch_datetime_operator.py
[2023-05-29 15:28:23,953] {processor.py:651} INFO - DAG(s) dict_keys(['example_branch_datetime_operator', 'example_branch_datetime_operator_2']) retrieved from /home/airflow/.local/lib/python3.7/site-packages/airflow/example_dags/example_branch_datetime_operator.py
[2023-05-29 15:28:23,976] {logging_mixin.py:115} INFO - [2023-05-29 15:28:23,976] {dag.py:2420} INFO - Sync 2 DAGs
[2023-05-29 15:28:23,994] {logging_mixin.py:115} INFO - [2023-05-29 15:28:23,994] {dag.py:2972} INFO - Setting next_dagrun for example_branch_datetime_operator to 2023-05-28T00:00:00+00:00, run_after=2023-05-29T00:00:00+00:00
[2023-05-29 15:28:23,995] {logging_mixin.py:115} INFO - [2023-05-29 15:28:23,995] {dag.py:2972} INFO - Setting next_dagrun for example_branch_datetime_operator_2 to 2023-05-28T00:00:00+00:00, run_after=2023-05-29T00:00:00+00:00
[2023-05-29 15:28:24,006] {processor.py:161} INFO - Processing /home/airflow/.local/lib/python3.7/site-packages/airflow/example_dags/example_branch_datetime_operator.py took 0.062 seconds
[2023-05-29 15:28:54,514] {processor.py:153} INFO - Started process (PID=423) to work on /home/airflow/.local/lib/python3.7/site-packages/airflow/example_dags/example_branch_datetime_operator.py
[2023-05-29 15:28:54,514] {processor.py:641} INFO - Processing file /home/airflow/.local/lib/python3.7/site-packages/airflow/example_dags/example_branch_datetime_operator.py for tasks to queue
[2023-05-29 15:28:54,514] {logging_mixin.py:115} INFO - [2023-05-29 15:28:54,514] {dagbag.py:508} INFO - Filling up the DagBag from /home/airflow/.local/lib/python3.7/site-packages/airflow/example_dags/example_branch_datetime_operator.py
[2023-05-29 15:28:54,521] {processor.py:651} INFO - DAG(s) dict_keys(['example_branch_datetime_operator', 'example_branch_datetime_operator_2']) retrieved from /home/airflow/.local/lib/python3.7/site-packages/airflow/example_dags/example_branch_datetime_operator.py
[2023-05-29 15:28:54,545] {logging_mixin.py:115} INFO - [2023-05-29 15:28:54,545] {dag.py:2420} INFO - Sync 2 DAGs
[2023-05-29 15:28:54,564] {logging_mixin.py:115} INFO - [2023-05-29 15:28:54,564] {dag.py:2972} INFO - Setting next_dagrun for example_branch_datetime_operator to 2023-05-28T00:00:00+00:00, run_after=2023-05-29T00:00:00+00:00
[2023-05-29 15:28:54,565] {logging_mixin.py:115} INFO - [2023-05-29 15:28:54,565] {dag.py:2972} INFO - Setting next_dagrun for example_branch_datetime_operator_2 to 2023-05-28T00:00:00+00:00, run_after=2023-05-29T00:00:00+00:00
[2023-05-29 15:28:54,576] {processor.py:161} INFO - Processing /home/airflow/.local/lib/python3.7/site-packages/airflow/example_dags/example_branch_datetime_operator.py took 0.065 seconds
[2023-05-29 15:29:25,023] {processor.py:153} INFO - Started process (PID=485) to work on /home/airflow/.local/lib/python3.7/site-packages/airflow/example_dags/example_branch_datetime_operator.py
[2023-05-29 15:29:25,023] {processor.py:641} INFO - Processing file /home/airflow/.local/lib/python3.7/site-packages/airflow/example_dags/example_branch_datetime_operator.py for tasks to queue
[2023-05-29 15:29:25,023] {logging_mixin.py:115} INFO - [2023-05-29 15:29:25,023] {dagbag.py:508} INFO - Filling up the DagBag from /home/airflow/.local/lib/python3.7/site-packages/airflow/example_dags/example_branch_datetime_operator.py
[2023-05-29 15:29:25,029] {processor.py:651} INFO - DAG(s) dict_keys(['example_branch_datetime_operator', 'example_branch_datetime_operator_2']) retrieved from /home/airflow/.local/lib/python3.7/site-packages/airflow/example_dags/example_branch_datetime_operator.py
[2023-05-29 15:29:25,053] {logging_mixin.py:115} INFO - [2023-05-29 15:29:25,053] {dag.py:2420} INFO - Sync 2 DAGs
[2023-05-29 15:29:25,074] {logging_mixin.py:115} INFO - [2023-05-29 15:29:25,074] {dag.py:2972} INFO - Setting next_dagrun for example_branch_datetime_operator to 2023-05-28T00:00:00+00:00, run_after=2023-05-29T00:00:00+00:00
[2023-05-29 15:29:25,075] {logging_mixin.py:115} INFO - [2023-05-29 15:29:25,075] {dag.py:2972} INFO - Setting next_dagrun for example_branch_datetime_operator_2 to 2023-05-28T00:00:00+00:00, run_after=2023-05-29T00:00:00+00:00
[2023-05-29 15:29:25,086] {processor.py:161} INFO - Processing /home/airflow/.local/lib/python3.7/site-packages/airflow/example_dags/example_branch_datetime_operator.py took 0.065 seconds
[2023-05-29 15:29:55,505] {processor.py:153} INFO - Started process (PID=537) to work on /home/airflow/.local/lib/python3.7/site-packages/airflow/example_dags/example_branch_datetime_operator.py
[2023-05-29 15:29:55,505] {processor.py:641} INFO - Processing file /home/airflow/.local/lib/python3.7/site-packages/airflow/example_dags/example_branch_datetime_operator.py for tasks to queue
[2023-05-29 15:29:55,505] {logging_mixin.py:115} INFO - [2023-05-29 15:29:55,505] {dagbag.py:508} INFO - Filling up the DagBag from /home/airflow/.local/lib/python3.7/site-packages/airflow/example_dags/example_branch_datetime_operator.py
[2023-05-29 15:29:55,511] {processor.py:651} INFO - DAG(s) dict_keys(['example_branch_datetime_operator', 'example_branch_datetime_operator_2']) retrieved from /home/airflow/.local/lib/python3.7/site-packages/airflow/example_dags/example_branch_datetime_operator.py
[2023-05-29 15:29:55,534] {logging_mixin.py:115} INFO - [2023-05-29 15:29:55,533] {dag.py:2420} INFO - Sync 2 DAGs
[2023-05-29 15:29:55,551] {logging_mixin.py:115} INFO - [2023-05-29 15:29:55,551] {dag.py:2972} INFO - Setting next_dagrun for example_branch_datetime_operator to 2023-05-28T00:00:00+00:00, run_after=2023-05-29T00:00:00+00:00
[2023-05-29 15:29:55,552] {logging_mixin.py:115} INFO - [2023-05-29 15:29:55,552] {dag.py:2972} INFO - Setting next_dagrun for example_branch_datetime_operator_2 to 2023-05-28T00:00:00+00:00, run_after=2023-05-29T00:00:00+00:00
[2023-05-29 15:29:55,563] {processor.py:161} INFO - Processing /home/airflow/.local/lib/python3.7/site-packages/airflow/example_dags/example_branch_datetime_operator.py took 0.060 seconds
[2023-05-29 15:30:26,093] {processor.py:153} INFO - Started process (PID=598) to work on /home/airflow/.local/lib/python3.7/site-packages/airflow/example_dags/example_branch_datetime_operator.py
[2023-05-29 15:30:26,096] {processor.py:641} INFO - Processing file /home/airflow/.local/lib/python3.7/site-packages/airflow/example_dags/example_branch_datetime_operator.py for tasks to queue
[2023-05-29 15:30:26,097] {logging_mixin.py:115} INFO - [2023-05-29 15:30:26,097] {dagbag.py:508} INFO - Filling up the DagBag from /home/airflow/.local/lib/python3.7/site-packages/airflow/example_dags/example_branch_datetime_operator.py
[2023-05-29 15:30:26,104] {processor.py:651} INFO - DAG(s) dict_keys(['example_branch_datetime_operator', 'example_branch_datetime_operator_2']) retrieved from /home/airflow/.local/lib/python3.7/site-packages/airflow/example_dags/example_branch_datetime_operator.py
[2023-05-29 15:30:26,125] {logging_mixin.py:115} INFO - [2023-05-29 15:30:26,125] {dag.py:2420} INFO - Sync 2 DAGs
[2023-05-29 15:30:26,143] {logging_mixin.py:115} INFO - [2023-05-29 15:30:26,143] {dag.py:2972} INFO - Setting next_dagrun for example_branch_datetime_operator to 2023-05-28T00:00:00+00:00, run_after=2023-05-29T00:00:00+00:00
[2023-05-29 15:30:26,144] {logging_mixin.py:115} INFO - [2023-05-29 15:30:26,144] {dag.py:2972} INFO - Setting next_dagrun for example_branch_datetime_operator_2 to 2023-05-28T00:00:00+00:00, run_after=2023-05-29T00:00:00+00:00
[2023-05-29 15:30:26,169] {processor.py:161} INFO - Processing /home/airflow/.local/lib/python3.7/site-packages/airflow/example_dags/example_branch_datetime_operator.py took 0.079 seconds
[2023-05-29 15:30:56,789] {processor.py:153} INFO - Started process (PID=659) to work on /home/airflow/.local/lib/python3.7/site-packages/airflow/example_dags/example_branch_datetime_operator.py
[2023-05-29 15:30:56,789] {processor.py:641} INFO - Processing file /home/airflow/.local/lib/python3.7/site-packages/airflow/example_dags/example_branch_datetime_operator.py for tasks to queue
[2023-05-29 15:30:56,790] {logging_mixin.py:115} INFO - [2023-05-29 15:30:56,789] {dagbag.py:508} INFO - Filling up the DagBag from /home/airflow/.local/lib/python3.7/site-packages/airflow/example_dags/example_branch_datetime_operator.py
[2023-05-29 15:30:56,796] {processor.py:651} INFO - DAG(s) dict_keys(['example_branch_datetime_operator', 'example_branch_datetime_operator_2']) retrieved from /home/airflow/.local/lib/python3.7/site-packages/airflow/example_dags/example_branch_datetime_operator.py
[2023-05-29 15:30:56,818] {logging_mixin.py:115} INFO - [2023-05-29 15:30:56,818] {dag.py:2420} INFO - Sync 2 DAGs
[2023-05-29 15:30:56,840] {logging_mixin.py:115} INFO - [2023-05-29 15:30:56,839] {dag.py:2972} INFO - Setting next_dagrun for example_branch_datetime_operator to 2023-05-28T00:00:00+00:00, run_after=2023-05-29T00:00:00+00:00
[2023-05-29 15:30:56,841] {logging_mixin.py:115} INFO - [2023-05-29 15:30:56,841] {dag.py:2972} INFO - Setting next_dagrun for example_branch_datetime_operator_2 to 2023-05-28T00:00:00+00:00, run_after=2023-05-29T00:00:00+00:00
[2023-05-29 15:30:56,851] {processor.py:161} INFO - Processing /home/airflow/.local/lib/python3.7/site-packages/airflow/example_dags/example_branch_datetime_operator.py took 0.064 seconds
[2023-05-29 15:31:27,275] {processor.py:153} INFO - Started process (PID=720) to work on /home/airflow/.local/lib/python3.7/site-packages/airflow/example_dags/example_branch_datetime_operator.py
[2023-05-29 15:31:27,276] {processor.py:641} INFO - Processing file /home/airflow/.local/lib/python3.7/site-packages/airflow/example_dags/example_branch_datetime_operator.py for tasks to queue
[2023-05-29 15:31:27,276] {logging_mixin.py:115} INFO - [2023-05-29 15:31:27,276] {dagbag.py:508} INFO - Filling up the DagBag from /home/airflow/.local/lib/python3.7/site-packages/airflow/example_dags/example_branch_datetime_operator.py
[2023-05-29 15:31:27,283] {processor.py:651} INFO - DAG(s) dict_keys(['example_branch_datetime_operator', 'example_branch_datetime_operator_2']) retrieved from /home/airflow/.local/lib/python3.7/site-packages/airflow/example_dags/example_branch_datetime_operator.py
[2023-05-29 15:31:27,303] {logging_mixin.py:115} INFO - [2023-05-29 15:31:27,303] {dag.py:2420} INFO - Sync 2 DAGs
[2023-05-29 15:31:27,322] {logging_mixin.py:115} INFO - [2023-05-29 15:31:27,321] {dag.py:2972} INFO - Setting next_dagrun for example_branch_datetime_operator to 2023-05-28T00:00:00+00:00, run_after=2023-05-29T00:00:00+00:00
[2023-05-29 15:31:27,323] {logging_mixin.py:115} INFO - [2023-05-29 15:31:27,323] {dag.py:2972} INFO - Setting next_dagrun for example_branch_datetime_operator_2 to 2023-05-28T00:00:00+00:00, run_after=2023-05-29T00:00:00+00:00
[2023-05-29 15:31:27,334] {processor.py:161} INFO - Processing /home/airflow/.local/lib/python3.7/site-packages/airflow/example_dags/example_branch_datetime_operator.py took 0.061 seconds
[2023-05-29 15:31:57,720] {processor.py:153} INFO - Started process (PID=771) to work on /home/airflow/.local/lib/python3.7/site-packages/airflow/example_dags/example_branch_datetime_operator.py
[2023-05-29 15:31:57,721] {processor.py:641} INFO - Processing file /home/airflow/.local/lib/python3.7/site-packages/airflow/example_dags/example_branch_datetime_operator.py for tasks to queue
[2023-05-29 15:31:57,721] {logging_mixin.py:115} INFO - [2023-05-29 15:31:57,721] {dagbag.py:508} INFO - Filling up the DagBag from /home/airflow/.local/lib/python3.7/site-packages/airflow/example_dags/example_branch_datetime_operator.py
[2023-05-29 15:31:57,727] {processor.py:651} INFO - DAG(s) dict_keys(['example_branch_datetime_operator', 'example_branch_datetime_operator_2']) retrieved from /home/airflow/.local/lib/python3.7/site-packages/airflow/example_dags/example_branch_datetime_operator.py
[2023-05-29 15:31:57,747] {logging_mixin.py:115} INFO - [2023-05-29 15:31:57,747] {dag.py:2420} INFO - Sync 2 DAGs
[2023-05-29 15:31:57,765] {logging_mixin.py:115} INFO - [2023-05-29 15:31:57,764] {dag.py:2972} INFO - Setting next_dagrun for example_branch_datetime_operator to 2023-05-28T00:00:00+00:00, run_after=2023-05-29T00:00:00+00:00
[2023-05-29 15:31:57,766] {logging_mixin.py:115} INFO - [2023-05-29 15:31:57,766] {dag.py:2972} INFO - Setting next_dagrun for example_branch_datetime_operator_2 to 2023-05-28T00:00:00+00:00, run_after=2023-05-29T00:00:00+00:00
[2023-05-29 15:31:57,776] {processor.py:161} INFO - Processing /home/airflow/.local/lib/python3.7/site-packages/airflow/example_dags/example_branch_datetime_operator.py took 0.058 seconds
[2023-05-29 15:32:28,285] {processor.py:153} INFO - Started process (PID=832) to work on /home/airflow/.local/lib/python3.7/site-packages/airflow/example_dags/example_branch_datetime_operator.py
[2023-05-29 15:32:28,286] {processor.py:641} INFO - Processing file /home/airflow/.local/lib/python3.7/site-packages/airflow/example_dags/example_branch_datetime_operator.py for tasks to queue
[2023-05-29 15:32:28,286] {logging_mixin.py:115} INFO - [2023-05-29 15:32:28,286] {dagbag.py:508} INFO - Filling up the DagBag from /home/airflow/.local/lib/python3.7/site-packages/airflow/example_dags/example_branch_datetime_operator.py
[2023-05-29 15:32:28,292] {processor.py:651} INFO - DAG(s) dict_keys(['example_branch_datetime_operator', 'example_branch_datetime_operator_2']) retrieved from /home/airflow/.local/lib/python3.7/site-packages/airflow/example_dags/example_branch_datetime_operator.py
[2023-05-29 15:32:28,314] {logging_mixin.py:115} INFO - [2023-05-29 15:32:28,314] {dag.py:2420} INFO - Sync 2 DAGs
[2023-05-29 15:32:28,332] {logging_mixin.py:115} INFO - [2023-05-29 15:32:28,332] {dag.py:2972} INFO - Setting next_dagrun for example_branch_datetime_operator to 2023-05-28T00:00:00+00:00, run_after=2023-05-29T00:00:00+00:00
[2023-05-29 15:32:28,334] {logging_mixin.py:115} INFO - [2023-05-29 15:32:28,334] {dag.py:2972} INFO - Setting next_dagrun for example_branch_datetime_operator_2 to 2023-05-28T00:00:00+00:00, run_after=2023-05-29T00:00:00+00:00
[2023-05-29 15:32:28,344] {processor.py:161} INFO - Processing /home/airflow/.local/lib/python3.7/site-packages/airflow/example_dags/example_branch_datetime_operator.py took 0.061 seconds
[2023-05-29 15:32:58,659] {processor.py:153} INFO - Started process (PID=893) to work on /home/airflow/.local/lib/python3.7/site-packages/airflow/example_dags/example_branch_datetime_operator.py
[2023-05-29 15:32:58,659] {processor.py:641} INFO - Processing file /home/airflow/.local/lib/python3.7/site-packages/airflow/example_dags/example_branch_datetime_operator.py for tasks to queue
[2023-05-29 15:32:58,659] {logging_mixin.py:115} INFO - [2023-05-29 15:32:58,659] {dagbag.py:508} INFO - Filling up the DagBag from /home/airflow/.local/lib/python3.7/site-packages/airflow/example_dags/example_branch_datetime_operator.py
[2023-05-29 15:32:58,666] {processor.py:651} INFO - DAG(s) dict_keys(['example_branch_datetime_operator', 'example_branch_datetime_operator_2']) retrieved from /home/airflow/.local/lib/python3.7/site-packages/airflow/example_dags/example_branch_datetime_operator.py
[2023-05-29 15:32:58,689] {logging_mixin.py:115} INFO - [2023-05-29 15:32:58,689] {dag.py:2420} INFO - Sync 2 DAGs
[2023-05-29 15:32:58,709] {logging_mixin.py:115} INFO - [2023-05-29 15:32:58,709] {dag.py:2972} INFO - Setting next_dagrun for example_branch_datetime_operator to 2023-05-28T00:00:00+00:00, run_after=2023-05-29T00:00:00+00:00
[2023-05-29 15:32:58,710] {logging_mixin.py:115} INFO - [2023-05-29 15:32:58,710] {dag.py:2972} INFO - Setting next_dagrun for example_branch_datetime_operator_2 to 2023-05-28T00:00:00+00:00, run_after=2023-05-29T00:00:00+00:00
[2023-05-29 15:32:58,720] {processor.py:161} INFO - Processing /home/airflow/.local/lib/python3.7/site-packages/airflow/example_dags/example_branch_datetime_operator.py took 0.064 seconds
[2023-05-29 15:33:29,267] {processor.py:153} INFO - Started process (PID=954) to work on /home/airflow/.local/lib/python3.7/site-packages/airflow/example_dags/example_branch_datetime_operator.py
[2023-05-29 15:33:29,268] {processor.py:641} INFO - Processing file /home/airflow/.local/lib/python3.7/site-packages/airflow/example_dags/example_branch_datetime_operator.py for tasks to queue
[2023-05-29 15:33:29,268] {logging_mixin.py:115} INFO - [2023-05-29 15:33:29,268] {dagbag.py:508} INFO - Filling up the DagBag from /home/airflow/.local/lib/python3.7/site-packages/airflow/example_dags/example_branch_datetime_operator.py
[2023-05-29 15:33:29,277] {processor.py:651} INFO - DAG(s) dict_keys(['example_branch_datetime_operator', 'example_branch_datetime_operator_2']) retrieved from /home/airflow/.local/lib/python3.7/site-packages/airflow/example_dags/example_branch_datetime_operator.py
[2023-05-29 15:33:29,302] {logging_mixin.py:115} INFO - [2023-05-29 15:33:29,302] {dag.py:2420} INFO - Sync 2 DAGs
[2023-05-29 15:33:29,325] {logging_mixin.py:115} INFO - [2023-05-29 15:33:29,325] {dag.py:2972} INFO - Setting next_dagrun for example_branch_datetime_operator to 2023-05-28T00:00:00+00:00, run_after=2023-05-29T00:00:00+00:00
[2023-05-29 15:33:29,326] {logging_mixin.py:115} INFO - [2023-05-29 15:33:29,326] {dag.py:2972} INFO - Setting next_dagrun for example_branch_datetime_operator_2 to 2023-05-28T00:00:00+00:00, run_after=2023-05-29T00:00:00+00:00
[2023-05-29 15:33:29,342] {processor.py:161} INFO - Processing /home/airflow/.local/lib/python3.7/site-packages/airflow/example_dags/example_branch_datetime_operator.py took 0.077 seconds
[2023-05-29 15:33:59,733] {processor.py:153} INFO - Started process (PID=1006) to work on /home/airflow/.local/lib/python3.7/site-packages/airflow/example_dags/example_branch_datetime_operator.py
[2023-05-29 15:33:59,734] {processor.py:641} INFO - Processing file /home/airflow/.local/lib/python3.7/site-packages/airflow/example_dags/example_branch_datetime_operator.py for tasks to queue
[2023-05-29 15:33:59,734] {logging_mixin.py:115} INFO - [2023-05-29 15:33:59,734] {dagbag.py:508} INFO - Filling up the DagBag from /home/airflow/.local/lib/python3.7/site-packages/airflow/example_dags/example_branch_datetime_operator.py
[2023-05-29 15:33:59,740] {processor.py:651} INFO - DAG(s) dict_keys(['example_branch_datetime_operator', 'example_branch_datetime_operator_2']) retrieved from /home/airflow/.local/lib/python3.7/site-packages/airflow/example_dags/example_branch_datetime_operator.py
[2023-05-29 15:33:59,763] {logging_mixin.py:115} INFO - [2023-05-29 15:33:59,763] {dag.py:2420} INFO - Sync 2 DAGs
[2023-05-29 15:33:59,782] {logging_mixin.py:115} INFO - [2023-05-29 15:33:59,782] {dag.py:2972} INFO - Setting next_dagrun for example_branch_datetime_operator to 2023-05-28T00:00:00+00:00, run_after=2023-05-29T00:00:00+00:00
[2023-05-29 15:33:59,783] {logging_mixin.py:115} INFO - [2023-05-29 15:33:59,783] {dag.py:2972} INFO - Setting next_dagrun for example_branch_datetime_operator_2 to 2023-05-28T00:00:00+00:00, run_after=2023-05-29T00:00:00+00:00
[2023-05-29 15:33:59,793] {processor.py:161} INFO - Processing /home/airflow/.local/lib/python3.7/site-packages/airflow/example_dags/example_branch_datetime_operator.py took 0.062 seconds
[2023-05-29 15:34:30,189] {processor.py:153} INFO - Started process (PID=1067) to work on /home/airflow/.local/lib/python3.7/site-packages/airflow/example_dags/example_branch_datetime_operator.py
[2023-05-29 15:34:30,189] {processor.py:641} INFO - Processing file /home/airflow/.local/lib/python3.7/site-packages/airflow/example_dags/example_branch_datetime_operator.py for tasks to queue
[2023-05-29 15:34:30,190] {logging_mixin.py:115} INFO - [2023-05-29 15:34:30,190] {dagbag.py:508} INFO - Filling up the DagBag from /home/airflow/.local/lib/python3.7/site-packages/airflow/example_dags/example_branch_datetime_operator.py
[2023-05-29 15:34:30,196] {processor.py:651} INFO - DAG(s) dict_keys(['example_branch_datetime_operator', 'example_branch_datetime_operator_2']) retrieved from /home/airflow/.local/lib/python3.7/site-packages/airflow/example_dags/example_branch_datetime_operator.py
[2023-05-29 15:34:30,218] {logging_mixin.py:115} INFO - [2023-05-29 15:34:30,218] {dag.py:2420} INFO - Sync 2 DAGs
[2023-05-29 15:34:30,236] {logging_mixin.py:115} INFO - [2023-05-29 15:34:30,236] {dag.py:2972} INFO - Setting next_dagrun for example_branch_datetime_operator to 2023-05-28T00:00:00+00:00, run_after=2023-05-29T00:00:00+00:00
[2023-05-29 15:34:30,237] {logging_mixin.py:115} INFO - [2023-05-29 15:34:30,237] {dag.py:2972} INFO - Setting next_dagrun for example_branch_datetime_operator_2 to 2023-05-28T00:00:00+00:00, run_after=2023-05-29T00:00:00+00:00
[2023-05-29 15:34:30,249] {processor.py:161} INFO - Processing /home/airflow/.local/lib/python3.7/site-packages/airflow/example_dags/example_branch_datetime_operator.py took 0.062 seconds
[2023-05-29 15:35:00,655] {processor.py:153} INFO - Started process (PID=1128) to work on /home/airflow/.local/lib/python3.7/site-packages/airflow/example_dags/example_branch_datetime_operator.py
[2023-05-29 15:35:00,655] {processor.py:641} INFO - Processing file /home/airflow/.local/lib/python3.7/site-packages/airflow/example_dags/example_branch_datetime_operator.py for tasks to queue
[2023-05-29 15:35:00,655] {logging_mixin.py:115} INFO - [2023-05-29 15:35:00,655] {dagbag.py:508} INFO - Filling up the DagBag from /home/airflow/.local/lib/python3.7/site-packages/airflow/example_dags/example_branch_datetime_operator.py
[2023-05-29 15:35:00,662] {processor.py:651} INFO - DAG(s) dict_keys(['example_branch_datetime_operator', 'example_branch_datetime_operator_2']) retrieved from /home/airflow/.local/lib/python3.7/site-packages/airflow/example_dags/example_branch_datetime_operator.py
[2023-05-29 15:35:00,685] {logging_mixin.py:115} INFO - [2023-05-29 15:35:00,685] {dag.py:2420} INFO - Sync 2 DAGs
[2023-05-29 15:35:00,704] {logging_mixin.py:115} INFO - [2023-05-29 15:35:00,704] {dag.py:2972} INFO - Setting next_dagrun for example_branch_datetime_operator to 2023-05-28T00:00:00+00:00, run_after=2023-05-29T00:00:00+00:00
[2023-05-29 15:35:00,705] {logging_mixin.py:115} INFO - [2023-05-29 15:35:00,705] {dag.py:2972} INFO - Setting next_dagrun for example_branch_datetime_operator_2 to 2023-05-28T00:00:00+00:00, run_after=2023-05-29T00:00:00+00:00
[2023-05-29 15:35:00,717] {processor.py:161} INFO - Processing /home/airflow/.local/lib/python3.7/site-packages/airflow/example_dags/example_branch_datetime_operator.py took 0.065 seconds
[2023-05-29 15:35:31,303] {processor.py:153} INFO - Started process (PID=1189) to work on /home/airflow/.local/lib/python3.7/site-packages/airflow/example_dags/example_branch_datetime_operator.py
[2023-05-29 15:35:31,304] {processor.py:641} INFO - Processing file /home/airflow/.local/lib/python3.7/site-packages/airflow/example_dags/example_branch_datetime_operator.py for tasks to queue
[2023-05-29 15:35:31,304] {logging_mixin.py:115} INFO - [2023-05-29 15:35:31,304] {dagbag.py:508} INFO - Filling up the DagBag from /home/airflow/.local/lib/python3.7/site-packages/airflow/example_dags/example_branch_datetime_operator.py
[2023-05-29 15:35:31,311] {processor.py:651} INFO - DAG(s) dict_keys(['example_branch_datetime_operator', 'example_branch_datetime_operator_2']) retrieved from /home/airflow/.local/lib/python3.7/site-packages/airflow/example_dags/example_branch_datetime_operator.py
[2023-05-29 15:35:31,334] {logging_mixin.py:115} INFO - [2023-05-29 15:35:31,334] {dag.py:2420} INFO - Sync 2 DAGs
[2023-05-29 15:35:31,354] {logging_mixin.py:115} INFO - [2023-05-29 15:35:31,354] {dag.py:2972} INFO - Setting next_dagrun for example_branch_datetime_operator to 2023-05-28T00:00:00+00:00, run_after=2023-05-29T00:00:00+00:00
[2023-05-29 15:35:31,355] {logging_mixin.py:115} INFO - [2023-05-29 15:35:31,355] {dag.py:2972} INFO - Setting next_dagrun for example_branch_datetime_operator_2 to 2023-05-28T00:00:00+00:00, run_after=2023-05-29T00:00:00+00:00
[2023-05-29 15:35:31,367] {processor.py:161} INFO - Processing /home/airflow/.local/lib/python3.7/site-packages/airflow/example_dags/example_branch_datetime_operator.py took 0.066 seconds
[2023-05-29 15:36:01,950] {processor.py:153} INFO - Started process (PID=1242) to work on /home/airflow/.local/lib/python3.7/site-packages/airflow/example_dags/example_branch_datetime_operator.py
[2023-05-29 15:36:01,950] {processor.py:641} INFO - Processing file /home/airflow/.local/lib/python3.7/site-packages/airflow/example_dags/example_branch_datetime_operator.py for tasks to queue
[2023-05-29 15:36:01,951] {logging_mixin.py:115} INFO - [2023-05-29 15:36:01,951] {dagbag.py:508} INFO - Filling up the DagBag from /home/airflow/.local/lib/python3.7/site-packages/airflow/example_dags/example_branch_datetime_operator.py
[2023-05-29 15:36:01,958] {processor.py:651} INFO - DAG(s) dict_keys(['example_branch_datetime_operator', 'example_branch_datetime_operator_2']) retrieved from /home/airflow/.local/lib/python3.7/site-packages/airflow/example_dags/example_branch_datetime_operator.py
[2023-05-29 15:36:01,983] {logging_mixin.py:115} INFO - [2023-05-29 15:36:01,983] {dag.py:2420} INFO - Sync 2 DAGs
[2023-05-29 15:36:02,003] {logging_mixin.py:115} INFO - [2023-05-29 15:36:02,003] {dag.py:2972} INFO - Setting next_dagrun for example_branch_datetime_operator to 2023-05-28T00:00:00+00:00, run_after=2023-05-29T00:00:00+00:00
[2023-05-29 15:36:02,004] {logging_mixin.py:115} INFO - [2023-05-29 15:36:02,004] {dag.py:2972} INFO - Setting next_dagrun for example_branch_datetime_operator_2 to 2023-05-28T00:00:00+00:00, run_after=2023-05-29T00:00:00+00:00
[2023-05-29 15:36:02,018] {processor.py:161} INFO - Processing /home/airflow/.local/lib/python3.7/site-packages/airflow/example_dags/example_branch_datetime_operator.py took 0.070 seconds
[2023-05-29 15:36:32,445] {processor.py:153} INFO - Started process (PID=1304) to work on /home/airflow/.local/lib/python3.7/site-packages/airflow/example_dags/example_branch_datetime_operator.py
[2023-05-29 15:36:32,445] {processor.py:641} INFO - Processing file /home/airflow/.local/lib/python3.7/site-packages/airflow/example_dags/example_branch_datetime_operator.py for tasks to queue
[2023-05-29 15:36:32,446] {logging_mixin.py:115} INFO - [2023-05-29 15:36:32,446] {dagbag.py:508} INFO - Filling up the DagBag from /home/airflow/.local/lib/python3.7/site-packages/airflow/example_dags/example_branch_datetime_operator.py
[2023-05-29 15:36:32,451] {processor.py:651} INFO - DAG(s) dict_keys(['example_branch_datetime_operator', 'example_branch_datetime_operator_2']) retrieved from /home/airflow/.local/lib/python3.7/site-packages/airflow/example_dags/example_branch_datetime_operator.py
[2023-05-29 15:36:32,473] {logging_mixin.py:115} INFO - [2023-05-29 15:36:32,473] {dag.py:2420} INFO - Sync 2 DAGs
[2023-05-29 15:36:32,491] {logging_mixin.py:115} INFO - [2023-05-29 15:36:32,491] {dag.py:2972} INFO - Setting next_dagrun for example_branch_datetime_operator to 2023-05-28T00:00:00+00:00, run_after=2023-05-29T00:00:00+00:00
[2023-05-29 15:36:32,492] {logging_mixin.py:115} INFO - [2023-05-29 15:36:32,492] {dag.py:2972} INFO - Setting next_dagrun for example_branch_datetime_operator_2 to 2023-05-28T00:00:00+00:00, run_after=2023-05-29T00:00:00+00:00
[2023-05-29 15:36:32,503] {processor.py:161} INFO - Processing /home/airflow/.local/lib/python3.7/site-packages/airflow/example_dags/example_branch_datetime_operator.py took 0.060 seconds
[2023-05-29 15:37:03,011] {processor.py:153} INFO - Started process (PID=1366) to work on /home/airflow/.local/lib/python3.7/site-packages/airflow/example_dags/example_branch_datetime_operator.py
[2023-05-29 15:37:03,012] {processor.py:641} INFO - Processing file /home/airflow/.local/lib/python3.7/site-packages/airflow/example_dags/example_branch_datetime_operator.py for tasks to queue
[2023-05-29 15:37:03,012] {logging_mixin.py:115} INFO - [2023-05-29 15:37:03,012] {dagbag.py:508} INFO - Filling up the DagBag from /home/airflow/.local/lib/python3.7/site-packages/airflow/example_dags/example_branch_datetime_operator.py
[2023-05-29 15:37:03,018] {processor.py:651} INFO - DAG(s) dict_keys(['example_branch_datetime_operator', 'example_branch_datetime_operator_2']) retrieved from /home/airflow/.local/lib/python3.7/site-packages/airflow/example_dags/example_branch_datetime_operator.py
[2023-05-29 15:37:03,042] {logging_mixin.py:115} INFO - [2023-05-29 15:37:03,041] {dag.py:2420} INFO - Sync 2 DAGs
[2023-05-29 15:37:03,060] {logging_mixin.py:115} INFO - [2023-05-29 15:37:03,060] {dag.py:2972} INFO - Setting next_dagrun for example_branch_datetime_operator to 2023-05-28T00:00:00+00:00, run_after=2023-05-29T00:00:00+00:00
[2023-05-29 15:37:03,062] {logging_mixin.py:115} INFO - [2023-05-29 15:37:03,062] {dag.py:2972} INFO - Setting next_dagrun for example_branch_datetime_operator_2 to 2023-05-28T00:00:00+00:00, run_after=2023-05-29T00:00:00+00:00
[2023-05-29 15:37:03,073] {processor.py:161} INFO - Processing /home/airflow/.local/lib/python3.7/site-packages/airflow/example_dags/example_branch_datetime_operator.py took 0.064 seconds
[2023-05-29 15:37:33,515] {processor.py:153} INFO - Started process (PID=1426) to work on /home/airflow/.local/lib/python3.7/site-packages/airflow/example_dags/example_branch_datetime_operator.py
[2023-05-29 15:37:33,516] {processor.py:641} INFO - Processing file /home/airflow/.local/lib/python3.7/site-packages/airflow/example_dags/example_branch_datetime_operator.py for tasks to queue
[2023-05-29 15:37:33,516] {logging_mixin.py:115} INFO - [2023-05-29 15:37:33,516] {dagbag.py:508} INFO - Filling up the DagBag from /home/airflow/.local/lib/python3.7/site-packages/airflow/example_dags/example_branch_datetime_operator.py
[2023-05-29 15:37:33,524] {processor.py:651} INFO - DAG(s) dict_keys(['example_branch_datetime_operator', 'example_branch_datetime_operator_2']) retrieved from /home/airflow/.local/lib/python3.7/site-packages/airflow/example_dags/example_branch_datetime_operator.py
[2023-05-29 15:37:33,553] {logging_mixin.py:115} INFO - [2023-05-29 15:37:33,553] {dag.py:2420} INFO - Sync 2 DAGs
[2023-05-29 15:37:33,575] {logging_mixin.py:115} INFO - [2023-05-29 15:37:33,575] {dag.py:2972} INFO - Setting next_dagrun for example_branch_datetime_operator to 2023-05-28T00:00:00+00:00, run_after=2023-05-29T00:00:00+00:00
[2023-05-29 15:37:33,577] {logging_mixin.py:115} INFO - [2023-05-29 15:37:33,577] {dag.py:2972} INFO - Setting next_dagrun for example_branch_datetime_operator_2 to 2023-05-28T00:00:00+00:00, run_after=2023-05-29T00:00:00+00:00
[2023-05-29 15:37:33,590] {processor.py:161} INFO - Processing /home/airflow/.local/lib/python3.7/site-packages/airflow/example_dags/example_branch_datetime_operator.py took 0.078 seconds
[2023-05-29 15:38:04,059] {processor.py:153} INFO - Started process (PID=1481) to work on /home/airflow/.local/lib/python3.7/site-packages/airflow/example_dags/example_branch_datetime_operator.py
[2023-05-29 15:38:04,060] {processor.py:641} INFO - Processing file /home/airflow/.local/lib/python3.7/site-packages/airflow/example_dags/example_branch_datetime_operator.py for tasks to queue
[2023-05-29 15:38:04,060] {logging_mixin.py:115} INFO - [2023-05-29 15:38:04,060] {dagbag.py:508} INFO - Filling up the DagBag from /home/airflow/.local/lib/python3.7/site-packages/airflow/example_dags/example_branch_datetime_operator.py
[2023-05-29 15:38:04,066] {processor.py:651} INFO - DAG(s) dict_keys(['example_branch_datetime_operator', 'example_branch_datetime_operator_2']) retrieved from /home/airflow/.local/lib/python3.7/site-packages/airflow/example_dags/example_branch_datetime_operator.py
[2023-05-29 15:38:04,089] {logging_mixin.py:115} INFO - [2023-05-29 15:38:04,089] {dag.py:2420} INFO - Sync 2 DAGs
[2023-05-29 15:38:04,107] {logging_mixin.py:115} INFO - [2023-05-29 15:38:04,107] {dag.py:2972} INFO - Setting next_dagrun for example_branch_datetime_operator to 2023-05-28T00:00:00+00:00, run_after=2023-05-29T00:00:00+00:00
[2023-05-29 15:38:04,108] {logging_mixin.py:115} INFO - [2023-05-29 15:38:04,108] {dag.py:2972} INFO - Setting next_dagrun for example_branch_datetime_operator_2 to 2023-05-28T00:00:00+00:00, run_after=2023-05-29T00:00:00+00:00
[2023-05-29 15:38:04,118] {processor.py:161} INFO - Processing /home/airflow/.local/lib/python3.7/site-packages/airflow/example_dags/example_branch_datetime_operator.py took 0.062 seconds
[2023-05-29 15:38:34,572] {processor.py:153} INFO - Started process (PID=1552) to work on /home/airflow/.local/lib/python3.7/site-packages/airflow/example_dags/example_branch_datetime_operator.py
[2023-05-29 15:38:34,573] {processor.py:641} INFO - Processing file /home/airflow/.local/lib/python3.7/site-packages/airflow/example_dags/example_branch_datetime_operator.py for tasks to queue
[2023-05-29 15:38:34,573] {logging_mixin.py:115} INFO - [2023-05-29 15:38:34,573] {dagbag.py:508} INFO - Filling up the DagBag from /home/airflow/.local/lib/python3.7/site-packages/airflow/example_dags/example_branch_datetime_operator.py
[2023-05-29 15:38:34,579] {processor.py:651} INFO - DAG(s) dict_keys(['example_branch_datetime_operator', 'example_branch_datetime_operator_2']) retrieved from /home/airflow/.local/lib/python3.7/site-packages/airflow/example_dags/example_branch_datetime_operator.py
[2023-05-29 15:38:34,601] {logging_mixin.py:115} INFO - [2023-05-29 15:38:34,600] {dag.py:2420} INFO - Sync 2 DAGs
[2023-05-29 15:38:34,619] {logging_mixin.py:115} INFO - [2023-05-29 15:38:34,618] {dag.py:2972} INFO - Setting next_dagrun for example_branch_datetime_operator to 2023-05-28T00:00:00+00:00, run_after=2023-05-29T00:00:00+00:00
[2023-05-29 15:38:34,620] {logging_mixin.py:115} INFO - [2023-05-29 15:38:34,620] {dag.py:2972} INFO - Setting next_dagrun for example_branch_datetime_operator_2 to 2023-05-28T00:00:00+00:00, run_after=2023-05-29T00:00:00+00:00
[2023-05-29 15:38:34,630] {processor.py:161} INFO - Processing /home/airflow/.local/lib/python3.7/site-packages/airflow/example_dags/example_branch_datetime_operator.py took 0.060 seconds
[2023-05-29 15:39:05,369] {processor.py:153} INFO - Started process (PID=1618) to work on /home/airflow/.local/lib/python3.7/site-packages/airflow/example_dags/example_branch_datetime_operator.py
[2023-05-29 15:39:05,369] {processor.py:641} INFO - Processing file /home/airflow/.local/lib/python3.7/site-packages/airflow/example_dags/example_branch_datetime_operator.py for tasks to queue
[2023-05-29 15:39:05,370] {logging_mixin.py:115} INFO - [2023-05-29 15:39:05,370] {dagbag.py:508} INFO - Filling up the DagBag from /home/airflow/.local/lib/python3.7/site-packages/airflow/example_dags/example_branch_datetime_operator.py
[2023-05-29 15:39:05,376] {processor.py:651} INFO - DAG(s) dict_keys(['example_branch_datetime_operator', 'example_branch_datetime_operator_2']) retrieved from /home/airflow/.local/lib/python3.7/site-packages/airflow/example_dags/example_branch_datetime_operator.py
[2023-05-29 15:39:05,403] {logging_mixin.py:115} INFO - [2023-05-29 15:39:05,403] {dag.py:2420} INFO - Sync 2 DAGs
[2023-05-29 15:39:05,425] {logging_mixin.py:115} INFO - [2023-05-29 15:39:05,424] {dag.py:2972} INFO - Setting next_dagrun for example_branch_datetime_operator to 2023-05-28T00:00:00+00:00, run_after=2023-05-29T00:00:00+00:00
[2023-05-29 15:39:05,426] {logging_mixin.py:115} INFO - [2023-05-29 15:39:05,426] {dag.py:2972} INFO - Setting next_dagrun for example_branch_datetime_operator_2 to 2023-05-28T00:00:00+00:00, run_after=2023-05-29T00:00:00+00:00
[2023-05-29 15:39:05,438] {processor.py:161} INFO - Processing /home/airflow/.local/lib/python3.7/site-packages/airflow/example_dags/example_branch_datetime_operator.py took 0.072 seconds
[2023-05-29 15:39:35,924] {processor.py:153} INFO - Started process (PID=1671) to work on /home/airflow/.local/lib/python3.7/site-packages/airflow/example_dags/example_branch_datetime_operator.py
[2023-05-29 15:39:35,925] {processor.py:641} INFO - Processing file /home/airflow/.local/lib/python3.7/site-packages/airflow/example_dags/example_branch_datetime_operator.py for tasks to queue
[2023-05-29 15:39:35,925] {logging_mixin.py:115} INFO - [2023-05-29 15:39:35,925] {dagbag.py:508} INFO - Filling up the DagBag from /home/airflow/.local/lib/python3.7/site-packages/airflow/example_dags/example_branch_datetime_operator.py
[2023-05-29 15:39:35,932] {processor.py:651} INFO - DAG(s) dict_keys(['example_branch_datetime_operator', 'example_branch_datetime_operator_2']) retrieved from /home/airflow/.local/lib/python3.7/site-packages/airflow/example_dags/example_branch_datetime_operator.py
[2023-05-29 15:39:35,955] {logging_mixin.py:115} INFO - [2023-05-29 15:39:35,955] {dag.py:2420} INFO - Sync 2 DAGs
[2023-05-29 15:39:35,976] {logging_mixin.py:115} INFO - [2023-05-29 15:39:35,976] {dag.py:2972} INFO - Setting next_dagrun for example_branch_datetime_operator to 2023-05-28T00:00:00+00:00, run_after=2023-05-29T00:00:00+00:00
[2023-05-29 15:39:35,978] {logging_mixin.py:115} INFO - [2023-05-29 15:39:35,977] {dag.py:2972} INFO - Setting next_dagrun for example_branch_datetime_operator_2 to 2023-05-28T00:00:00+00:00, run_after=2023-05-29T00:00:00+00:00
[2023-05-29 15:39:35,989] {processor.py:161} INFO - Processing /home/airflow/.local/lib/python3.7/site-packages/airflow/example_dags/example_branch_datetime_operator.py took 0.067 seconds
[2023-05-29 15:40:06,299] {processor.py:153} INFO - Started process (PID=1733) to work on /home/airflow/.local/lib/python3.7/site-packages/airflow/example_dags/example_branch_datetime_operator.py
[2023-05-29 15:40:06,300] {processor.py:641} INFO - Processing file /home/airflow/.local/lib/python3.7/site-packages/airflow/example_dags/example_branch_datetime_operator.py for tasks to queue
[2023-05-29 15:40:06,300] {logging_mixin.py:115} INFO - [2023-05-29 15:40:06,300] {dagbag.py:508} INFO - Filling up the DagBag from /home/airflow/.local/lib/python3.7/site-packages/airflow/example_dags/example_branch_datetime_operator.py
[2023-05-29 15:40:06,306] {processor.py:651} INFO - DAG(s) dict_keys(['example_branch_datetime_operator', 'example_branch_datetime_operator_2']) retrieved from /home/airflow/.local/lib/python3.7/site-packages/airflow/example_dags/example_branch_datetime_operator.py
[2023-05-29 15:40:06,329] {logging_mixin.py:115} INFO - [2023-05-29 15:40:06,328] {dag.py:2420} INFO - Sync 2 DAGs
[2023-05-29 15:40:06,348] {logging_mixin.py:115} INFO - [2023-05-29 15:40:06,348] {dag.py:2972} INFO - Setting next_dagrun for example_branch_datetime_operator to 2023-05-28T00:00:00+00:00, run_after=2023-05-29T00:00:00+00:00
[2023-05-29 15:40:06,349] {logging_mixin.py:115} INFO - [2023-05-29 15:40:06,349] {dag.py:2972} INFO - Setting next_dagrun for example_branch_datetime_operator_2 to 2023-05-28T00:00:00+00:00, run_after=2023-05-29T00:00:00+00:00
[2023-05-29 15:40:06,360] {processor.py:161} INFO - Processing /home/airflow/.local/lib/python3.7/site-packages/airflow/example_dags/example_branch_datetime_operator.py took 0.063 seconds
[2023-05-29 15:40:36,699] {processor.py:153} INFO - Started process (PID=1795) to work on /home/airflow/.local/lib/python3.7/site-packages/airflow/example_dags/example_branch_datetime_operator.py
[2023-05-29 15:40:36,700] {processor.py:641} INFO - Processing file /home/airflow/.local/lib/python3.7/site-packages/airflow/example_dags/example_branch_datetime_operator.py for tasks to queue
[2023-05-29 15:40:36,700] {logging_mixin.py:115} INFO - [2023-05-29 15:40:36,700] {dagbag.py:508} INFO - Filling up the DagBag from /home/airflow/.local/lib/python3.7/site-packages/airflow/example_dags/example_branch_datetime_operator.py
[2023-05-29 15:40:36,707] {processor.py:651} INFO - DAG(s) dict_keys(['example_branch_datetime_operator', 'example_branch_datetime_operator_2']) retrieved from /home/airflow/.local/lib/python3.7/site-packages/airflow/example_dags/example_branch_datetime_operator.py
[2023-05-29 15:40:36,734] {logging_mixin.py:115} INFO - [2023-05-29 15:40:36,734] {dag.py:2420} INFO - Sync 2 DAGs
[2023-05-29 15:40:36,753] {logging_mixin.py:115} INFO - [2023-05-29 15:40:36,753] {dag.py:2972} INFO - Setting next_dagrun for example_branch_datetime_operator to 2023-05-28T00:00:00+00:00, run_after=2023-05-29T00:00:00+00:00
[2023-05-29 15:40:36,754] {logging_mixin.py:115} INFO - [2023-05-29 15:40:36,754] {dag.py:2972} INFO - Setting next_dagrun for example_branch_datetime_operator_2 to 2023-05-28T00:00:00+00:00, run_after=2023-05-29T00:00:00+00:00
[2023-05-29 15:40:36,764] {processor.py:161} INFO - Processing /home/airflow/.local/lib/python3.7/site-packages/airflow/example_dags/example_branch_datetime_operator.py took 0.067 seconds
[2023-05-29 15:41:07,335] {processor.py:153} INFO - Started process (PID=1857) to work on /home/airflow/.local/lib/python3.7/site-packages/airflow/example_dags/example_branch_datetime_operator.py
[2023-05-29 15:41:07,336] {processor.py:641} INFO - Processing file /home/airflow/.local/lib/python3.7/site-packages/airflow/example_dags/example_branch_datetime_operator.py for tasks to queue
[2023-05-29 15:41:07,336] {logging_mixin.py:115} INFO - [2023-05-29 15:41:07,336] {dagbag.py:508} INFO - Filling up the DagBag from /home/airflow/.local/lib/python3.7/site-packages/airflow/example_dags/example_branch_datetime_operator.py
[2023-05-29 15:41:07,344] {processor.py:651} INFO - DAG(s) dict_keys(['example_branch_datetime_operator', 'example_branch_datetime_operator_2']) retrieved from /home/airflow/.local/lib/python3.7/site-packages/airflow/example_dags/example_branch_datetime_operator.py
[2023-05-29 15:41:07,374] {logging_mixin.py:115} INFO - [2023-05-29 15:41:07,374] {dag.py:2420} INFO - Sync 2 DAGs
[2023-05-29 15:41:07,396] {logging_mixin.py:115} INFO - [2023-05-29 15:41:07,396] {dag.py:2972} INFO - Setting next_dagrun for example_branch_datetime_operator to 2023-05-28T00:00:00+00:00, run_after=2023-05-29T00:00:00+00:00
[2023-05-29 15:41:07,397] {logging_mixin.py:115} INFO - [2023-05-29 15:41:07,397] {dag.py:2972} INFO - Setting next_dagrun for example_branch_datetime_operator_2 to 2023-05-28T00:00:00+00:00, run_after=2023-05-29T00:00:00+00:00
[2023-05-29 15:41:07,410] {processor.py:161} INFO - Processing /home/airflow/.local/lib/python3.7/site-packages/airflow/example_dags/example_branch_datetime_operator.py took 0.078 seconds
