[2023-05-29 15:18:21,628] {processor.py:153} INFO - Started process (PID=84) to work on /home/airflow/.local/lib/python3.7/site-packages/airflow/example_dags/example_branch_operator_decorator.py
[2023-05-29 15:18:21,628] {processor.py:641} INFO - Processing file /home/airflow/.local/lib/python3.7/site-packages/airflow/example_dags/example_branch_operator_decorator.py for tasks to queue
[2023-05-29 15:18:21,629] {logging_mixin.py:115} INFO - [2023-05-29 15:18:21,629] {dagbag.py:508} INFO - Filling up the DagBag from /home/airflow/.local/lib/python3.7/site-packages/airflow/example_dags/example_branch_operator_decorator.py
[2023-05-29 15:18:21,643] {processor.py:651} INFO - DAG(s) dict_keys(['example_branch_python_operator_decorator']) retrieved from /home/airflow/.local/lib/python3.7/site-packages/airflow/example_dags/example_branch_operator_decorator.py
[2023-05-29 15:18:21,721] {logging_mixin.py:115} INFO - [2023-05-29 15:18:21,721] {manager.py:508} INFO - Created Permission View: can read on DAG:example_branch_python_operator_decorator
[2023-05-29 15:18:21,737] {logging_mixin.py:115} INFO - [2023-05-29 15:18:21,737] {manager.py:508} INFO - Created Permission View: can delete on DAG:example_branch_python_operator_decorator
[2023-05-29 15:18:21,751] {logging_mixin.py:115} INFO - [2023-05-29 15:18:21,751] {manager.py:508} INFO - Created Permission View: can edit on DAG:example_branch_python_operator_decorator
[2023-05-29 15:18:21,752] {logging_mixin.py:115} INFO - [2023-05-29 15:18:21,752] {dag.py:2420} INFO - Sync 1 DAGs
[2023-05-29 15:18:21,764] {logging_mixin.py:115} INFO - [2023-05-29 15:18:21,764] {dag.py:2439} INFO - Creating ORM DAG for example_branch_python_operator_decorator
[2023-05-29 15:18:21,797] {logging_mixin.py:115} INFO - [2023-05-29 15:18:21,796] {dag.py:2972} INFO - Setting next_dagrun for example_branch_python_operator_decorator to 2023-05-28T00:00:00+00:00, run_after=2023-05-29T00:00:00+00:00
[2023-05-29 15:18:21,854] {processor.py:161} INFO - Processing /home/airflow/.local/lib/python3.7/site-packages/airflow/example_dags/example_branch_operator_decorator.py took 0.229 seconds
[2023-05-29 15:18:53,804] {processor.py:153} INFO - Started process (PID=143) to work on /home/airflow/.local/lib/python3.7/site-packages/airflow/example_dags/example_branch_operator_decorator.py
[2023-05-29 15:18:53,805] {processor.py:641} INFO - Processing file /home/airflow/.local/lib/python3.7/site-packages/airflow/example_dags/example_branch_operator_decorator.py for tasks to queue
[2023-05-29 15:18:53,805] {logging_mixin.py:115} INFO - [2023-05-29 15:18:53,805] {dagbag.py:508} INFO - Filling up the DagBag from /home/airflow/.local/lib/python3.7/site-packages/airflow/example_dags/example_branch_operator_decorator.py
[2023-05-29 15:18:53,820] {processor.py:651} INFO - DAG(s) dict_keys(['example_branch_python_operator_decorator']) retrieved from /home/airflow/.local/lib/python3.7/site-packages/airflow/example_dags/example_branch_operator_decorator.py
[2023-05-29 15:18:53,842] {logging_mixin.py:115} INFO - [2023-05-29 15:18:53,841] {dag.py:2420} INFO - Sync 1 DAGs
[2023-05-29 15:18:53,861] {logging_mixin.py:115} INFO - [2023-05-29 15:18:53,861] {dag.py:2972} INFO - Setting next_dagrun for example_branch_python_operator_decorator to 2023-05-28T00:00:00+00:00, run_after=2023-05-29T00:00:00+00:00
[2023-05-29 15:18:53,873] {processor.py:161} INFO - Processing /home/airflow/.local/lib/python3.7/site-packages/airflow/example_dags/example_branch_operator_decorator.py took 0.072 seconds
[2023-05-29 15:19:24,206] {processor.py:153} INFO - Started process (PID=196) to work on /home/airflow/.local/lib/python3.7/site-packages/airflow/example_dags/example_branch_operator_decorator.py
[2023-05-29 15:19:24,206] {processor.py:641} INFO - Processing file /home/airflow/.local/lib/python3.7/site-packages/airflow/example_dags/example_branch_operator_decorator.py for tasks to queue
[2023-05-29 15:19:24,207] {logging_mixin.py:115} INFO - [2023-05-29 15:19:24,207] {dagbag.py:508} INFO - Filling up the DagBag from /home/airflow/.local/lib/python3.7/site-packages/airflow/example_dags/example_branch_operator_decorator.py
[2023-05-29 15:19:24,220] {processor.py:651} INFO - DAG(s) dict_keys(['example_branch_python_operator_decorator']) retrieved from /home/airflow/.local/lib/python3.7/site-packages/airflow/example_dags/example_branch_operator_decorator.py
[2023-05-29 15:19:24,239] {logging_mixin.py:115} INFO - [2023-05-29 15:19:24,239] {dag.py:2420} INFO - Sync 1 DAGs
[2023-05-29 15:19:24,258] {logging_mixin.py:115} INFO - [2023-05-29 15:19:24,258] {dag.py:2972} INFO - Setting next_dagrun for example_branch_python_operator_decorator to 2023-05-28T00:00:00+00:00, run_after=2023-05-29T00:00:00+00:00
[2023-05-29 15:19:24,269] {processor.py:161} INFO - Processing /home/airflow/.local/lib/python3.7/site-packages/airflow/example_dags/example_branch_operator_decorator.py took 0.065 seconds
[2023-05-29 15:19:54,600] {processor.py:153} INFO - Started process (PID=257) to work on /home/airflow/.local/lib/python3.7/site-packages/airflow/example_dags/example_branch_operator_decorator.py
[2023-05-29 15:19:54,600] {processor.py:641} INFO - Processing file /home/airflow/.local/lib/python3.7/site-packages/airflow/example_dags/example_branch_operator_decorator.py for tasks to queue
[2023-05-29 15:19:54,600] {logging_mixin.py:115} INFO - [2023-05-29 15:19:54,600] {dagbag.py:508} INFO - Filling up the DagBag from /home/airflow/.local/lib/python3.7/site-packages/airflow/example_dags/example_branch_operator_decorator.py
[2023-05-29 15:19:54,613] {processor.py:651} INFO - DAG(s) dict_keys(['example_branch_python_operator_decorator']) retrieved from /home/airflow/.local/lib/python3.7/site-packages/airflow/example_dags/example_branch_operator_decorator.py
[2023-05-29 15:19:54,634] {logging_mixin.py:115} INFO - [2023-05-29 15:19:54,633] {dag.py:2420} INFO - Sync 1 DAGs
[2023-05-29 15:19:54,653] {logging_mixin.py:115} INFO - [2023-05-29 15:19:54,652] {dag.py:2972} INFO - Setting next_dagrun for example_branch_python_operator_decorator to 2023-05-28T00:00:00+00:00, run_after=2023-05-29T00:00:00+00:00
[2023-05-29 15:19:54,663] {processor.py:161} INFO - Processing /home/airflow/.local/lib/python3.7/site-packages/airflow/example_dags/example_branch_operator_decorator.py took 0.066 seconds
[2023-05-29 15:20:25,009] {processor.py:153} INFO - Started process (PID=318) to work on /home/airflow/.local/lib/python3.7/site-packages/airflow/example_dags/example_branch_operator_decorator.py
[2023-05-29 15:20:25,010] {processor.py:641} INFO - Processing file /home/airflow/.local/lib/python3.7/site-packages/airflow/example_dags/example_branch_operator_decorator.py for tasks to queue
[2023-05-29 15:20:25,010] {logging_mixin.py:115} INFO - [2023-05-29 15:20:25,010] {dagbag.py:508} INFO - Filling up the DagBag from /home/airflow/.local/lib/python3.7/site-packages/airflow/example_dags/example_branch_operator_decorator.py
[2023-05-29 15:20:25,024] {processor.py:651} INFO - DAG(s) dict_keys(['example_branch_python_operator_decorator']) retrieved from /home/airflow/.local/lib/python3.7/site-packages/airflow/example_dags/example_branch_operator_decorator.py
[2023-05-29 15:20:25,044] {logging_mixin.py:115} INFO - [2023-05-29 15:20:25,044] {dag.py:2420} INFO - Sync 1 DAGs
[2023-05-29 15:20:25,064] {logging_mixin.py:115} INFO - [2023-05-29 15:20:25,063] {dag.py:2972} INFO - Setting next_dagrun for example_branch_python_operator_decorator to 2023-05-28T00:00:00+00:00, run_after=2023-05-29T00:00:00+00:00
[2023-05-29 15:20:25,074] {processor.py:161} INFO - Processing /home/airflow/.local/lib/python3.7/site-packages/airflow/example_dags/example_branch_operator_decorator.py took 0.067 seconds
[2023-05-29 15:20:55,424] {processor.py:153} INFO - Started process (PID=371) to work on /home/airflow/.local/lib/python3.7/site-packages/airflow/example_dags/example_branch_operator_decorator.py
[2023-05-29 15:20:55,424] {processor.py:641} INFO - Processing file /home/airflow/.local/lib/python3.7/site-packages/airflow/example_dags/example_branch_operator_decorator.py for tasks to queue
[2023-05-29 15:20:55,425] {logging_mixin.py:115} INFO - [2023-05-29 15:20:55,425] {dagbag.py:508} INFO - Filling up the DagBag from /home/airflow/.local/lib/python3.7/site-packages/airflow/example_dags/example_branch_operator_decorator.py
[2023-05-29 15:20:55,437] {processor.py:651} INFO - DAG(s) dict_keys(['example_branch_python_operator_decorator']) retrieved from /home/airflow/.local/lib/python3.7/site-packages/airflow/example_dags/example_branch_operator_decorator.py
[2023-05-29 15:20:55,458] {logging_mixin.py:115} INFO - [2023-05-29 15:20:55,458] {dag.py:2420} INFO - Sync 1 DAGs
[2023-05-29 15:20:55,476] {logging_mixin.py:115} INFO - [2023-05-29 15:20:55,476] {dag.py:2972} INFO - Setting next_dagrun for example_branch_python_operator_decorator to 2023-05-28T00:00:00+00:00, run_after=2023-05-29T00:00:00+00:00
[2023-05-29 15:20:55,486] {processor.py:161} INFO - Processing /home/airflow/.local/lib/python3.7/site-packages/airflow/example_dags/example_branch_operator_decorator.py took 0.065 seconds
[2023-05-29 15:21:25,848] {processor.py:153} INFO - Started process (PID=433) to work on /home/airflow/.local/lib/python3.7/site-packages/airflow/example_dags/example_branch_operator_decorator.py
[2023-05-29 15:21:25,849] {processor.py:641} INFO - Processing file /home/airflow/.local/lib/python3.7/site-packages/airflow/example_dags/example_branch_operator_decorator.py for tasks to queue
[2023-05-29 15:21:25,849] {logging_mixin.py:115} INFO - [2023-05-29 15:21:25,849] {dagbag.py:508} INFO - Filling up the DagBag from /home/airflow/.local/lib/python3.7/site-packages/airflow/example_dags/example_branch_operator_decorator.py
[2023-05-29 15:21:25,862] {processor.py:651} INFO - DAG(s) dict_keys(['example_branch_python_operator_decorator']) retrieved from /home/airflow/.local/lib/python3.7/site-packages/airflow/example_dags/example_branch_operator_decorator.py
[2023-05-29 15:21:25,882] {logging_mixin.py:115} INFO - [2023-05-29 15:21:25,882] {dag.py:2420} INFO - Sync 1 DAGs
[2023-05-29 15:21:25,901] {logging_mixin.py:115} INFO - [2023-05-29 15:21:25,901] {dag.py:2972} INFO - Setting next_dagrun for example_branch_python_operator_decorator to 2023-05-28T00:00:00+00:00, run_after=2023-05-29T00:00:00+00:00
[2023-05-29 15:21:25,913] {processor.py:161} INFO - Processing /home/airflow/.local/lib/python3.7/site-packages/airflow/example_dags/example_branch_operator_decorator.py took 0.066 seconds
[2023-05-29 15:21:56,364] {processor.py:153} INFO - Started process (PID=494) to work on /home/airflow/.local/lib/python3.7/site-packages/airflow/example_dags/example_branch_operator_decorator.py
[2023-05-29 15:21:56,364] {processor.py:641} INFO - Processing file /home/airflow/.local/lib/python3.7/site-packages/airflow/example_dags/example_branch_operator_decorator.py for tasks to queue
[2023-05-29 15:21:56,364] {logging_mixin.py:115} INFO - [2023-05-29 15:21:56,364] {dagbag.py:508} INFO - Filling up the DagBag from /home/airflow/.local/lib/python3.7/site-packages/airflow/example_dags/example_branch_operator_decorator.py
[2023-05-29 15:21:56,377] {processor.py:651} INFO - DAG(s) dict_keys(['example_branch_python_operator_decorator']) retrieved from /home/airflow/.local/lib/python3.7/site-packages/airflow/example_dags/example_branch_operator_decorator.py
[2023-05-29 15:21:56,400] {logging_mixin.py:115} INFO - [2023-05-29 15:21:56,400] {dag.py:2420} INFO - Sync 1 DAGs
[2023-05-29 15:21:56,424] {logging_mixin.py:115} INFO - [2023-05-29 15:21:56,424] {dag.py:2972} INFO - Setting next_dagrun for example_branch_python_operator_decorator to 2023-05-28T00:00:00+00:00, run_after=2023-05-29T00:00:00+00:00
[2023-05-29 15:21:56,437] {processor.py:161} INFO - Processing /home/airflow/.local/lib/python3.7/site-packages/airflow/example_dags/example_branch_operator_decorator.py took 0.075 seconds
[2023-05-29 15:22:26,859] {processor.py:153} INFO - Started process (PID=554) to work on /home/airflow/.local/lib/python3.7/site-packages/airflow/example_dags/example_branch_operator_decorator.py
[2023-05-29 15:22:26,859] {processor.py:641} INFO - Processing file /home/airflow/.local/lib/python3.7/site-packages/airflow/example_dags/example_branch_operator_decorator.py for tasks to queue
[2023-05-29 15:22:26,860] {logging_mixin.py:115} INFO - [2023-05-29 15:22:26,860] {dagbag.py:508} INFO - Filling up the DagBag from /home/airflow/.local/lib/python3.7/site-packages/airflow/example_dags/example_branch_operator_decorator.py
[2023-05-29 15:22:26,873] {processor.py:651} INFO - DAG(s) dict_keys(['example_branch_python_operator_decorator']) retrieved from /home/airflow/.local/lib/python3.7/site-packages/airflow/example_dags/example_branch_operator_decorator.py
[2023-05-29 15:22:26,893] {logging_mixin.py:115} INFO - [2023-05-29 15:22:26,893] {dag.py:2420} INFO - Sync 1 DAGs
[2023-05-29 15:22:26,913] {logging_mixin.py:115} INFO - [2023-05-29 15:22:26,913] {dag.py:2972} INFO - Setting next_dagrun for example_branch_python_operator_decorator to 2023-05-28T00:00:00+00:00, run_after=2023-05-29T00:00:00+00:00
[2023-05-29 15:22:26,924] {processor.py:161} INFO - Processing /home/airflow/.local/lib/python3.7/site-packages/airflow/example_dags/example_branch_operator_decorator.py took 0.067 seconds
[2023-05-29 15:23:26,421] {processor.py:153} INFO - Started process (PID=81) to work on /home/airflow/.local/lib/python3.7/site-packages/airflow/example_dags/example_branch_operator_decorator.py
[2023-05-29 15:23:26,422] {processor.py:641} INFO - Processing file /home/airflow/.local/lib/python3.7/site-packages/airflow/example_dags/example_branch_operator_decorator.py for tasks to queue
[2023-05-29 15:23:26,422] {logging_mixin.py:115} INFO - [2023-05-29 15:23:26,422] {dagbag.py:508} INFO - Filling up the DagBag from /home/airflow/.local/lib/python3.7/site-packages/airflow/example_dags/example_branch_operator_decorator.py
[2023-05-29 15:23:26,441] {processor.py:651} INFO - DAG(s) dict_keys(['example_branch_python_operator_decorator']) retrieved from /home/airflow/.local/lib/python3.7/site-packages/airflow/example_dags/example_branch_operator_decorator.py
[2023-05-29 15:23:26,468] {logging_mixin.py:115} INFO - [2023-05-29 15:23:26,467] {dag.py:2420} INFO - Sync 1 DAGs
[2023-05-29 15:23:26,491] {logging_mixin.py:115} INFO - [2023-05-29 15:23:26,491] {dag.py:2972} INFO - Setting next_dagrun for example_branch_python_operator_decorator to 2023-05-28T00:00:00+00:00, run_after=2023-05-29T00:00:00+00:00
[2023-05-29 15:23:26,510] {processor.py:161} INFO - Processing /home/airflow/.local/lib/python3.7/site-packages/airflow/example_dags/example_branch_operator_decorator.py took 0.092 seconds
[2023-05-29 15:23:57,017] {processor.py:153} INFO - Started process (PID=134) to work on /home/airflow/.local/lib/python3.7/site-packages/airflow/example_dags/example_branch_operator_decorator.py
[2023-05-29 15:23:57,018] {processor.py:641} INFO - Processing file /home/airflow/.local/lib/python3.7/site-packages/airflow/example_dags/example_branch_operator_decorator.py for tasks to queue
[2023-05-29 15:23:57,018] {logging_mixin.py:115} INFO - [2023-05-29 15:23:57,018] {dagbag.py:508} INFO - Filling up the DagBag from /home/airflow/.local/lib/python3.7/site-packages/airflow/example_dags/example_branch_operator_decorator.py
[2023-05-29 15:23:57,030] {processor.py:651} INFO - DAG(s) dict_keys(['example_branch_python_operator_decorator']) retrieved from /home/airflow/.local/lib/python3.7/site-packages/airflow/example_dags/example_branch_operator_decorator.py
[2023-05-29 15:23:57,049] {logging_mixin.py:115} INFO - [2023-05-29 15:23:57,049] {dag.py:2420} INFO - Sync 1 DAGs
[2023-05-29 15:23:57,068] {logging_mixin.py:115} INFO - [2023-05-29 15:23:57,068] {dag.py:2972} INFO - Setting next_dagrun for example_branch_python_operator_decorator to 2023-05-28T00:00:00+00:00, run_after=2023-05-29T00:00:00+00:00
[2023-05-29 15:23:57,077] {processor.py:161} INFO - Processing /home/airflow/.local/lib/python3.7/site-packages/airflow/example_dags/example_branch_operator_decorator.py took 0.062 seconds
[2023-05-29 15:24:27,637] {processor.py:153} INFO - Started process (PID=196) to work on /home/airflow/.local/lib/python3.7/site-packages/airflow/example_dags/example_branch_operator_decorator.py
[2023-05-29 15:24:27,637] {processor.py:641} INFO - Processing file /home/airflow/.local/lib/python3.7/site-packages/airflow/example_dags/example_branch_operator_decorator.py for tasks to queue
[2023-05-29 15:24:27,638] {logging_mixin.py:115} INFO - [2023-05-29 15:24:27,638] {dagbag.py:508} INFO - Filling up the DagBag from /home/airflow/.local/lib/python3.7/site-packages/airflow/example_dags/example_branch_operator_decorator.py
[2023-05-29 15:24:27,651] {processor.py:651} INFO - DAG(s) dict_keys(['example_branch_python_operator_decorator']) retrieved from /home/airflow/.local/lib/python3.7/site-packages/airflow/example_dags/example_branch_operator_decorator.py
[2023-05-29 15:24:27,670] {logging_mixin.py:115} INFO - [2023-05-29 15:24:27,670] {dag.py:2420} INFO - Sync 1 DAGs
[2023-05-29 15:24:27,690] {logging_mixin.py:115} INFO - [2023-05-29 15:24:27,690] {dag.py:2972} INFO - Setting next_dagrun for example_branch_python_operator_decorator to 2023-05-28T00:00:00+00:00, run_after=2023-05-29T00:00:00+00:00
[2023-05-29 15:24:27,700] {processor.py:161} INFO - Processing /home/airflow/.local/lib/python3.7/site-packages/airflow/example_dags/example_branch_operator_decorator.py took 0.065 seconds
[2023-05-29 15:24:58,176] {processor.py:153} INFO - Started process (PID=257) to work on /home/airflow/.local/lib/python3.7/site-packages/airflow/example_dags/example_branch_operator_decorator.py
[2023-05-29 15:24:58,176] {processor.py:641} INFO - Processing file /home/airflow/.local/lib/python3.7/site-packages/airflow/example_dags/example_branch_operator_decorator.py for tasks to queue
[2023-05-29 15:24:58,176] {logging_mixin.py:115} INFO - [2023-05-29 15:24:58,176] {dagbag.py:508} INFO - Filling up the DagBag from /home/airflow/.local/lib/python3.7/site-packages/airflow/example_dags/example_branch_operator_decorator.py
[2023-05-29 15:24:58,190] {processor.py:651} INFO - DAG(s) dict_keys(['example_branch_python_operator_decorator']) retrieved from /home/airflow/.local/lib/python3.7/site-packages/airflow/example_dags/example_branch_operator_decorator.py
[2023-05-29 15:24:58,210] {logging_mixin.py:115} INFO - [2023-05-29 15:24:58,210] {dag.py:2420} INFO - Sync 1 DAGs
[2023-05-29 15:24:58,231] {logging_mixin.py:115} INFO - [2023-05-29 15:24:58,231] {dag.py:2972} INFO - Setting next_dagrun for example_branch_python_operator_decorator to 2023-05-28T00:00:00+00:00, run_after=2023-05-29T00:00:00+00:00
[2023-05-29 15:24:58,243] {processor.py:161} INFO - Processing /home/airflow/.local/lib/python3.7/site-packages/airflow/example_dags/example_branch_operator_decorator.py took 0.070 seconds
[2023-05-29 15:25:51,590] {processor.py:153} INFO - Started process (PID=84) to work on /home/airflow/.local/lib/python3.7/site-packages/airflow/example_dags/example_branch_operator_decorator.py
[2023-05-29 15:25:51,590] {processor.py:641} INFO - Processing file /home/airflow/.local/lib/python3.7/site-packages/airflow/example_dags/example_branch_operator_decorator.py for tasks to queue
[2023-05-29 15:25:51,591] {logging_mixin.py:115} INFO - [2023-05-29 15:25:51,591] {dagbag.py:508} INFO - Filling up the DagBag from /home/airflow/.local/lib/python3.7/site-packages/airflow/example_dags/example_branch_operator_decorator.py
[2023-05-29 15:25:51,610] {processor.py:651} INFO - DAG(s) dict_keys(['example_branch_python_operator_decorator']) retrieved from /home/airflow/.local/lib/python3.7/site-packages/airflow/example_dags/example_branch_operator_decorator.py
[2023-05-29 15:25:51,645] {logging_mixin.py:115} INFO - [2023-05-29 15:25:51,645] {dag.py:2420} INFO - Sync 1 DAGs
[2023-05-29 15:25:51,678] {logging_mixin.py:115} INFO - [2023-05-29 15:25:51,677] {dag.py:2972} INFO - Setting next_dagrun for example_branch_python_operator_decorator to 2023-05-28T00:00:00+00:00, run_after=2023-05-29T00:00:00+00:00
[2023-05-29 15:25:51,695] {processor.py:161} INFO - Processing /home/airflow/.local/lib/python3.7/site-packages/airflow/example_dags/example_branch_operator_decorator.py took 0.109 seconds
[2023-05-29 15:26:22,185] {processor.py:153} INFO - Started process (PID=136) to work on /home/airflow/.local/lib/python3.7/site-packages/airflow/example_dags/example_branch_operator_decorator.py
[2023-05-29 15:26:22,186] {processor.py:641} INFO - Processing file /home/airflow/.local/lib/python3.7/site-packages/airflow/example_dags/example_branch_operator_decorator.py for tasks to queue
[2023-05-29 15:26:22,186] {logging_mixin.py:115} INFO - [2023-05-29 15:26:22,186] {dagbag.py:508} INFO - Filling up the DagBag from /home/airflow/.local/lib/python3.7/site-packages/airflow/example_dags/example_branch_operator_decorator.py
[2023-05-29 15:26:22,200] {processor.py:651} INFO - DAG(s) dict_keys(['example_branch_python_operator_decorator']) retrieved from /home/airflow/.local/lib/python3.7/site-packages/airflow/example_dags/example_branch_operator_decorator.py
[2023-05-29 15:26:22,224] {logging_mixin.py:115} INFO - [2023-05-29 15:26:22,224] {dag.py:2420} INFO - Sync 1 DAGs
[2023-05-29 15:26:22,246] {logging_mixin.py:115} INFO - [2023-05-29 15:26:22,246] {dag.py:2972} INFO - Setting next_dagrun for example_branch_python_operator_decorator to 2023-05-28T00:00:00+00:00, run_after=2023-05-29T00:00:00+00:00
[2023-05-29 15:26:22,260] {processor.py:161} INFO - Processing /home/airflow/.local/lib/python3.7/site-packages/airflow/example_dags/example_branch_operator_decorator.py took 0.077 seconds
[2023-05-29 15:26:52,727] {processor.py:153} INFO - Started process (PID=197) to work on /home/airflow/.local/lib/python3.7/site-packages/airflow/example_dags/example_branch_operator_decorator.py
[2023-05-29 15:26:52,728] {processor.py:641} INFO - Processing file /home/airflow/.local/lib/python3.7/site-packages/airflow/example_dags/example_branch_operator_decorator.py for tasks to queue
[2023-05-29 15:26:52,728] {logging_mixin.py:115} INFO - [2023-05-29 15:26:52,728] {dagbag.py:508} INFO - Filling up the DagBag from /home/airflow/.local/lib/python3.7/site-packages/airflow/example_dags/example_branch_operator_decorator.py
[2023-05-29 15:26:52,740] {processor.py:651} INFO - DAG(s) dict_keys(['example_branch_python_operator_decorator']) retrieved from /home/airflow/.local/lib/python3.7/site-packages/airflow/example_dags/example_branch_operator_decorator.py
[2023-05-29 15:26:52,759] {logging_mixin.py:115} INFO - [2023-05-29 15:26:52,759] {dag.py:2420} INFO - Sync 1 DAGs
[2023-05-29 15:26:52,778] {logging_mixin.py:115} INFO - [2023-05-29 15:26:52,778] {dag.py:2972} INFO - Setting next_dagrun for example_branch_python_operator_decorator to 2023-05-28T00:00:00+00:00, run_after=2023-05-29T00:00:00+00:00
[2023-05-29 15:26:52,787] {processor.py:161} INFO - Processing /home/airflow/.local/lib/python3.7/site-packages/airflow/example_dags/example_branch_operator_decorator.py took 0.062 seconds
[2023-05-29 15:27:23,341] {processor.py:153} INFO - Started process (PID=258) to work on /home/airflow/.local/lib/python3.7/site-packages/airflow/example_dags/example_branch_operator_decorator.py
[2023-05-29 15:27:23,342] {processor.py:641} INFO - Processing file /home/airflow/.local/lib/python3.7/site-packages/airflow/example_dags/example_branch_operator_decorator.py for tasks to queue
[2023-05-29 15:27:23,342] {logging_mixin.py:115} INFO - [2023-05-29 15:27:23,342] {dagbag.py:508} INFO - Filling up the DagBag from /home/airflow/.local/lib/python3.7/site-packages/airflow/example_dags/example_branch_operator_decorator.py
[2023-05-29 15:27:23,356] {processor.py:651} INFO - DAG(s) dict_keys(['example_branch_python_operator_decorator']) retrieved from /home/airflow/.local/lib/python3.7/site-packages/airflow/example_dags/example_branch_operator_decorator.py
[2023-05-29 15:27:23,376] {logging_mixin.py:115} INFO - [2023-05-29 15:27:23,376] {dag.py:2420} INFO - Sync 1 DAGs
[2023-05-29 15:27:23,396] {logging_mixin.py:115} INFO - [2023-05-29 15:27:23,396] {dag.py:2972} INFO - Setting next_dagrun for example_branch_python_operator_decorator to 2023-05-28T00:00:00+00:00, run_after=2023-05-29T00:00:00+00:00
[2023-05-29 15:27:23,407] {processor.py:161} INFO - Processing /home/airflow/.local/lib/python3.7/site-packages/airflow/example_dags/example_branch_operator_decorator.py took 0.068 seconds
[2023-05-29 15:27:53,861] {processor.py:153} INFO - Started process (PID=310) to work on /home/airflow/.local/lib/python3.7/site-packages/airflow/example_dags/example_branch_operator_decorator.py
[2023-05-29 15:27:53,861] {processor.py:641} INFO - Processing file /home/airflow/.local/lib/python3.7/site-packages/airflow/example_dags/example_branch_operator_decorator.py for tasks to queue
[2023-05-29 15:27:53,862] {logging_mixin.py:115} INFO - [2023-05-29 15:27:53,862] {dagbag.py:508} INFO - Filling up the DagBag from /home/airflow/.local/lib/python3.7/site-packages/airflow/example_dags/example_branch_operator_decorator.py
[2023-05-29 15:27:53,873] {processor.py:651} INFO - DAG(s) dict_keys(['example_branch_python_operator_decorator']) retrieved from /home/airflow/.local/lib/python3.7/site-packages/airflow/example_dags/example_branch_operator_decorator.py
[2023-05-29 15:27:53,891] {logging_mixin.py:115} INFO - [2023-05-29 15:27:53,891] {dag.py:2420} INFO - Sync 1 DAGs
[2023-05-29 15:27:53,909] {logging_mixin.py:115} INFO - [2023-05-29 15:27:53,909] {dag.py:2972} INFO - Setting next_dagrun for example_branch_python_operator_decorator to 2023-05-28T00:00:00+00:00, run_after=2023-05-29T00:00:00+00:00
[2023-05-29 15:27:53,919] {processor.py:161} INFO - Processing /home/airflow/.local/lib/python3.7/site-packages/airflow/example_dags/example_branch_operator_decorator.py took 0.060 seconds
[2023-05-29 15:28:24,338] {processor.py:153} INFO - Started process (PID=371) to work on /home/airflow/.local/lib/python3.7/site-packages/airflow/example_dags/example_branch_operator_decorator.py
[2023-05-29 15:28:24,339] {processor.py:641} INFO - Processing file /home/airflow/.local/lib/python3.7/site-packages/airflow/example_dags/example_branch_operator_decorator.py for tasks to queue
[2023-05-29 15:28:24,339] {logging_mixin.py:115} INFO - [2023-05-29 15:28:24,339] {dagbag.py:508} INFO - Filling up the DagBag from /home/airflow/.local/lib/python3.7/site-packages/airflow/example_dags/example_branch_operator_decorator.py
[2023-05-29 15:28:24,351] {processor.py:651} INFO - DAG(s) dict_keys(['example_branch_python_operator_decorator']) retrieved from /home/airflow/.local/lib/python3.7/site-packages/airflow/example_dags/example_branch_operator_decorator.py
[2023-05-29 15:28:24,372] {logging_mixin.py:115} INFO - [2023-05-29 15:28:24,371] {dag.py:2420} INFO - Sync 1 DAGs
[2023-05-29 15:28:24,390] {logging_mixin.py:115} INFO - [2023-05-29 15:28:24,390] {dag.py:2972} INFO - Setting next_dagrun for example_branch_python_operator_decorator to 2023-05-28T00:00:00+00:00, run_after=2023-05-29T00:00:00+00:00
[2023-05-29 15:28:24,400] {processor.py:161} INFO - Processing /home/airflow/.local/lib/python3.7/site-packages/airflow/example_dags/example_branch_operator_decorator.py took 0.064 seconds
[2023-05-29 15:28:54,842] {processor.py:153} INFO - Started process (PID=432) to work on /home/airflow/.local/lib/python3.7/site-packages/airflow/example_dags/example_branch_operator_decorator.py
[2023-05-29 15:28:54,843] {processor.py:641} INFO - Processing file /home/airflow/.local/lib/python3.7/site-packages/airflow/example_dags/example_branch_operator_decorator.py for tasks to queue
[2023-05-29 15:28:54,843] {logging_mixin.py:115} INFO - [2023-05-29 15:28:54,843] {dagbag.py:508} INFO - Filling up the DagBag from /home/airflow/.local/lib/python3.7/site-packages/airflow/example_dags/example_branch_operator_decorator.py
[2023-05-29 15:28:54,856] {processor.py:651} INFO - DAG(s) dict_keys(['example_branch_python_operator_decorator']) retrieved from /home/airflow/.local/lib/python3.7/site-packages/airflow/example_dags/example_branch_operator_decorator.py
[2023-05-29 15:28:54,877] {logging_mixin.py:115} INFO - [2023-05-29 15:28:54,877] {dag.py:2420} INFO - Sync 1 DAGs
[2023-05-29 15:28:54,897] {logging_mixin.py:115} INFO - [2023-05-29 15:28:54,897] {dag.py:2972} INFO - Setting next_dagrun for example_branch_python_operator_decorator to 2023-05-28T00:00:00+00:00, run_after=2023-05-29T00:00:00+00:00
[2023-05-29 15:28:54,908] {processor.py:161} INFO - Processing /home/airflow/.local/lib/python3.7/site-packages/airflow/example_dags/example_branch_operator_decorator.py took 0.068 seconds
[2023-05-29 15:29:25,413] {processor.py:153} INFO - Started process (PID=494) to work on /home/airflow/.local/lib/python3.7/site-packages/airflow/example_dags/example_branch_operator_decorator.py
[2023-05-29 15:29:25,413] {processor.py:641} INFO - Processing file /home/airflow/.local/lib/python3.7/site-packages/airflow/example_dags/example_branch_operator_decorator.py for tasks to queue
[2023-05-29 15:29:25,414] {logging_mixin.py:115} INFO - [2023-05-29 15:29:25,414] {dagbag.py:508} INFO - Filling up the DagBag from /home/airflow/.local/lib/python3.7/site-packages/airflow/example_dags/example_branch_operator_decorator.py
[2023-05-29 15:29:25,427] {processor.py:651} INFO - DAG(s) dict_keys(['example_branch_python_operator_decorator']) retrieved from /home/airflow/.local/lib/python3.7/site-packages/airflow/example_dags/example_branch_operator_decorator.py
[2023-05-29 15:29:25,447] {logging_mixin.py:115} INFO - [2023-05-29 15:29:25,447] {dag.py:2420} INFO - Sync 1 DAGs
[2023-05-29 15:29:25,466] {logging_mixin.py:115} INFO - [2023-05-29 15:29:25,466] {dag.py:2972} INFO - Setting next_dagrun for example_branch_python_operator_decorator to 2023-05-28T00:00:00+00:00, run_after=2023-05-29T00:00:00+00:00
[2023-05-29 15:29:25,476] {processor.py:161} INFO - Processing /home/airflow/.local/lib/python3.7/site-packages/airflow/example_dags/example_branch_operator_decorator.py took 0.065 seconds
[2023-05-29 15:29:55,858] {processor.py:153} INFO - Started process (PID=546) to work on /home/airflow/.local/lib/python3.7/site-packages/airflow/example_dags/example_branch_operator_decorator.py
[2023-05-29 15:29:55,858] {processor.py:641} INFO - Processing file /home/airflow/.local/lib/python3.7/site-packages/airflow/example_dags/example_branch_operator_decorator.py for tasks to queue
[2023-05-29 15:29:55,858] {logging_mixin.py:115} INFO - [2023-05-29 15:29:55,858] {dagbag.py:508} INFO - Filling up the DagBag from /home/airflow/.local/lib/python3.7/site-packages/airflow/example_dags/example_branch_operator_decorator.py
[2023-05-29 15:29:55,870] {processor.py:651} INFO - DAG(s) dict_keys(['example_branch_python_operator_decorator']) retrieved from /home/airflow/.local/lib/python3.7/site-packages/airflow/example_dags/example_branch_operator_decorator.py
[2023-05-29 15:29:55,889] {logging_mixin.py:115} INFO - [2023-05-29 15:29:55,889] {dag.py:2420} INFO - Sync 1 DAGs
[2023-05-29 15:29:55,906] {logging_mixin.py:115} INFO - [2023-05-29 15:29:55,906] {dag.py:2972} INFO - Setting next_dagrun for example_branch_python_operator_decorator to 2023-05-28T00:00:00+00:00, run_after=2023-05-29T00:00:00+00:00
[2023-05-29 15:29:55,916] {processor.py:161} INFO - Processing /home/airflow/.local/lib/python3.7/site-packages/airflow/example_dags/example_branch_operator_decorator.py took 0.061 seconds
[2023-05-29 15:30:26,616] {processor.py:153} INFO - Started process (PID=607) to work on /home/airflow/.local/lib/python3.7/site-packages/airflow/example_dags/example_branch_operator_decorator.py
[2023-05-29 15:30:26,626] {processor.py:641} INFO - Processing file /home/airflow/.local/lib/python3.7/site-packages/airflow/example_dags/example_branch_operator_decorator.py for tasks to queue
[2023-05-29 15:30:26,627] {logging_mixin.py:115} INFO - [2023-05-29 15:30:26,627] {dagbag.py:508} INFO - Filling up the DagBag from /home/airflow/.local/lib/python3.7/site-packages/airflow/example_dags/example_branch_operator_decorator.py
[2023-05-29 15:30:26,639] {processor.py:651} INFO - DAG(s) dict_keys(['example_branch_python_operator_decorator']) retrieved from /home/airflow/.local/lib/python3.7/site-packages/airflow/example_dags/example_branch_operator_decorator.py
[2023-05-29 15:30:26,657] {logging_mixin.py:115} INFO - [2023-05-29 15:30:26,657] {dag.py:2420} INFO - Sync 1 DAGs
[2023-05-29 15:30:26,675] {logging_mixin.py:115} INFO - [2023-05-29 15:30:26,675] {dag.py:2972} INFO - Setting next_dagrun for example_branch_python_operator_decorator to 2023-05-28T00:00:00+00:00, run_after=2023-05-29T00:00:00+00:00
[2023-05-29 15:30:26,693] {processor.py:161} INFO - Processing /home/airflow/.local/lib/python3.7/site-packages/airflow/example_dags/example_branch_operator_decorator.py took 0.080 seconds
[2023-05-29 15:30:57,169] {processor.py:153} INFO - Started process (PID=668) to work on /home/airflow/.local/lib/python3.7/site-packages/airflow/example_dags/example_branch_operator_decorator.py
[2023-05-29 15:30:57,170] {processor.py:641} INFO - Processing file /home/airflow/.local/lib/python3.7/site-packages/airflow/example_dags/example_branch_operator_decorator.py for tasks to queue
[2023-05-29 15:30:57,170] {logging_mixin.py:115} INFO - [2023-05-29 15:30:57,170] {dagbag.py:508} INFO - Filling up the DagBag from /home/airflow/.local/lib/python3.7/site-packages/airflow/example_dags/example_branch_operator_decorator.py
[2023-05-29 15:30:57,184] {processor.py:651} INFO - DAG(s) dict_keys(['example_branch_python_operator_decorator']) retrieved from /home/airflow/.local/lib/python3.7/site-packages/airflow/example_dags/example_branch_operator_decorator.py
[2023-05-29 15:30:57,204] {logging_mixin.py:115} INFO - [2023-05-29 15:30:57,204] {dag.py:2420} INFO - Sync 1 DAGs
[2023-05-29 15:30:57,223] {logging_mixin.py:115} INFO - [2023-05-29 15:30:57,223] {dag.py:2972} INFO - Setting next_dagrun for example_branch_python_operator_decorator to 2023-05-28T00:00:00+00:00, run_after=2023-05-29T00:00:00+00:00
[2023-05-29 15:30:57,234] {processor.py:161} INFO - Processing /home/airflow/.local/lib/python3.7/site-packages/airflow/example_dags/example_branch_operator_decorator.py took 0.067 seconds
[2023-05-29 15:31:27,646] {processor.py:153} INFO - Started process (PID=729) to work on /home/airflow/.local/lib/python3.7/site-packages/airflow/example_dags/example_branch_operator_decorator.py
[2023-05-29 15:31:27,646] {processor.py:641} INFO - Processing file /home/airflow/.local/lib/python3.7/site-packages/airflow/example_dags/example_branch_operator_decorator.py for tasks to queue
[2023-05-29 15:31:27,647] {logging_mixin.py:115} INFO - [2023-05-29 15:31:27,647] {dagbag.py:508} INFO - Filling up the DagBag from /home/airflow/.local/lib/python3.7/site-packages/airflow/example_dags/example_branch_operator_decorator.py
[2023-05-29 15:31:27,659] {processor.py:651} INFO - DAG(s) dict_keys(['example_branch_python_operator_decorator']) retrieved from /home/airflow/.local/lib/python3.7/site-packages/airflow/example_dags/example_branch_operator_decorator.py
[2023-05-29 15:31:27,678] {logging_mixin.py:115} INFO - [2023-05-29 15:31:27,678] {dag.py:2420} INFO - Sync 1 DAGs
[2023-05-29 15:31:27,696] {logging_mixin.py:115} INFO - [2023-05-29 15:31:27,696] {dag.py:2972} INFO - Setting next_dagrun for example_branch_python_operator_decorator to 2023-05-28T00:00:00+00:00, run_after=2023-05-29T00:00:00+00:00
[2023-05-29 15:31:27,706] {processor.py:161} INFO - Processing /home/airflow/.local/lib/python3.7/site-packages/airflow/example_dags/example_branch_operator_decorator.py took 0.062 seconds
[2023-05-29 15:31:58,190] {processor.py:153} INFO - Started process (PID=780) to work on /home/airflow/.local/lib/python3.7/site-packages/airflow/example_dags/example_branch_operator_decorator.py
[2023-05-29 15:31:58,191] {processor.py:641} INFO - Processing file /home/airflow/.local/lib/python3.7/site-packages/airflow/example_dags/example_branch_operator_decorator.py for tasks to queue
[2023-05-29 15:31:58,191] {logging_mixin.py:115} INFO - [2023-05-29 15:31:58,191] {dagbag.py:508} INFO - Filling up the DagBag from /home/airflow/.local/lib/python3.7/site-packages/airflow/example_dags/example_branch_operator_decorator.py
[2023-05-29 15:31:58,203] {processor.py:651} INFO - DAG(s) dict_keys(['example_branch_python_operator_decorator']) retrieved from /home/airflow/.local/lib/python3.7/site-packages/airflow/example_dags/example_branch_operator_decorator.py
[2023-05-29 15:31:58,222] {logging_mixin.py:115} INFO - [2023-05-29 15:31:58,222] {dag.py:2420} INFO - Sync 1 DAGs
[2023-05-29 15:31:58,240] {logging_mixin.py:115} INFO - [2023-05-29 15:31:58,240] {dag.py:2972} INFO - Setting next_dagrun for example_branch_python_operator_decorator to 2023-05-28T00:00:00+00:00, run_after=2023-05-29T00:00:00+00:00
[2023-05-29 15:31:58,249] {processor.py:161} INFO - Processing /home/airflow/.local/lib/python3.7/site-packages/airflow/example_dags/example_branch_operator_decorator.py took 0.061 seconds
[2023-05-29 15:32:28,623] {processor.py:153} INFO - Started process (PID=841) to work on /home/airflow/.local/lib/python3.7/site-packages/airflow/example_dags/example_branch_operator_decorator.py
[2023-05-29 15:32:28,623] {processor.py:641} INFO - Processing file /home/airflow/.local/lib/python3.7/site-packages/airflow/example_dags/example_branch_operator_decorator.py for tasks to queue
[2023-05-29 15:32:28,624] {logging_mixin.py:115} INFO - [2023-05-29 15:32:28,624] {dagbag.py:508} INFO - Filling up the DagBag from /home/airflow/.local/lib/python3.7/site-packages/airflow/example_dags/example_branch_operator_decorator.py
[2023-05-29 15:32:28,636] {processor.py:651} INFO - DAG(s) dict_keys(['example_branch_python_operator_decorator']) retrieved from /home/airflow/.local/lib/python3.7/site-packages/airflow/example_dags/example_branch_operator_decorator.py
[2023-05-29 15:32:28,656] {logging_mixin.py:115} INFO - [2023-05-29 15:32:28,656] {dag.py:2420} INFO - Sync 1 DAGs
[2023-05-29 15:32:28,674] {logging_mixin.py:115} INFO - [2023-05-29 15:32:28,674] {dag.py:2972} INFO - Setting next_dagrun for example_branch_python_operator_decorator to 2023-05-28T00:00:00+00:00, run_after=2023-05-29T00:00:00+00:00
[2023-05-29 15:32:28,685] {processor.py:161} INFO - Processing /home/airflow/.local/lib/python3.7/site-packages/airflow/example_dags/example_branch_operator_decorator.py took 0.065 seconds
[2023-05-29 15:32:59,071] {processor.py:153} INFO - Started process (PID=902) to work on /home/airflow/.local/lib/python3.7/site-packages/airflow/example_dags/example_branch_operator_decorator.py
[2023-05-29 15:32:59,072] {processor.py:641} INFO - Processing file /home/airflow/.local/lib/python3.7/site-packages/airflow/example_dags/example_branch_operator_decorator.py for tasks to queue
[2023-05-29 15:32:59,072] {logging_mixin.py:115} INFO - [2023-05-29 15:32:59,072] {dagbag.py:508} INFO - Filling up the DagBag from /home/airflow/.local/lib/python3.7/site-packages/airflow/example_dags/example_branch_operator_decorator.py
[2023-05-29 15:32:59,084] {processor.py:651} INFO - DAG(s) dict_keys(['example_branch_python_operator_decorator']) retrieved from /home/airflow/.local/lib/python3.7/site-packages/airflow/example_dags/example_branch_operator_decorator.py
[2023-05-29 15:32:59,103] {logging_mixin.py:115} INFO - [2023-05-29 15:32:59,103] {dag.py:2420} INFO - Sync 1 DAGs
[2023-05-29 15:32:59,122] {logging_mixin.py:115} INFO - [2023-05-29 15:32:59,122] {dag.py:2972} INFO - Setting next_dagrun for example_branch_python_operator_decorator to 2023-05-28T00:00:00+00:00, run_after=2023-05-29T00:00:00+00:00
[2023-05-29 15:32:59,133] {processor.py:161} INFO - Processing /home/airflow/.local/lib/python3.7/site-packages/airflow/example_dags/example_branch_operator_decorator.py took 0.064 seconds
[2023-05-29 15:33:29,665] {processor.py:153} INFO - Started process (PID=963) to work on /home/airflow/.local/lib/python3.7/site-packages/airflow/example_dags/example_branch_operator_decorator.py
[2023-05-29 15:33:29,666] {processor.py:641} INFO - Processing file /home/airflow/.local/lib/python3.7/site-packages/airflow/example_dags/example_branch_operator_decorator.py for tasks to queue
[2023-05-29 15:33:29,666] {logging_mixin.py:115} INFO - [2023-05-29 15:33:29,666] {dagbag.py:508} INFO - Filling up the DagBag from /home/airflow/.local/lib/python3.7/site-packages/airflow/example_dags/example_branch_operator_decorator.py
[2023-05-29 15:33:29,678] {processor.py:651} INFO - DAG(s) dict_keys(['example_branch_python_operator_decorator']) retrieved from /home/airflow/.local/lib/python3.7/site-packages/airflow/example_dags/example_branch_operator_decorator.py
[2023-05-29 15:33:29,696] {logging_mixin.py:115} INFO - [2023-05-29 15:33:29,696] {dag.py:2420} INFO - Sync 1 DAGs
[2023-05-29 15:33:29,714] {logging_mixin.py:115} INFO - [2023-05-29 15:33:29,714] {dag.py:2972} INFO - Setting next_dagrun for example_branch_python_operator_decorator to 2023-05-28T00:00:00+00:00, run_after=2023-05-29T00:00:00+00:00
[2023-05-29 15:33:29,724] {processor.py:161} INFO - Processing /home/airflow/.local/lib/python3.7/site-packages/airflow/example_dags/example_branch_operator_decorator.py took 0.061 seconds
[2023-05-29 15:34:00,148] {processor.py:153} INFO - Started process (PID=1015) to work on /home/airflow/.local/lib/python3.7/site-packages/airflow/example_dags/example_branch_operator_decorator.py
[2023-05-29 15:34:00,148] {processor.py:641} INFO - Processing file /home/airflow/.local/lib/python3.7/site-packages/airflow/example_dags/example_branch_operator_decorator.py for tasks to queue
[2023-05-29 15:34:00,148] {logging_mixin.py:115} INFO - [2023-05-29 15:34:00,148] {dagbag.py:508} INFO - Filling up the DagBag from /home/airflow/.local/lib/python3.7/site-packages/airflow/example_dags/example_branch_operator_decorator.py
[2023-05-29 15:34:00,161] {processor.py:651} INFO - DAG(s) dict_keys(['example_branch_python_operator_decorator']) retrieved from /home/airflow/.local/lib/python3.7/site-packages/airflow/example_dags/example_branch_operator_decorator.py
[2023-05-29 15:34:00,179] {logging_mixin.py:115} INFO - [2023-05-29 15:34:00,179] {dag.py:2420} INFO - Sync 1 DAGs
[2023-05-29 15:34:00,198] {logging_mixin.py:115} INFO - [2023-05-29 15:34:00,198] {dag.py:2972} INFO - Setting next_dagrun for example_branch_python_operator_decorator to 2023-05-28T00:00:00+00:00, run_after=2023-05-29T00:00:00+00:00
[2023-05-29 15:34:00,207] {processor.py:161} INFO - Processing /home/airflow/.local/lib/python3.7/site-packages/airflow/example_dags/example_branch_operator_decorator.py took 0.062 seconds
[2023-05-29 15:34:30,546] {processor.py:153} INFO - Started process (PID=1076) to work on /home/airflow/.local/lib/python3.7/site-packages/airflow/example_dags/example_branch_operator_decorator.py
[2023-05-29 15:34:30,546] {processor.py:641} INFO - Processing file /home/airflow/.local/lib/python3.7/site-packages/airflow/example_dags/example_branch_operator_decorator.py for tasks to queue
[2023-05-29 15:34:30,546] {logging_mixin.py:115} INFO - [2023-05-29 15:34:30,546] {dagbag.py:508} INFO - Filling up the DagBag from /home/airflow/.local/lib/python3.7/site-packages/airflow/example_dags/example_branch_operator_decorator.py
[2023-05-29 15:34:30,559] {processor.py:651} INFO - DAG(s) dict_keys(['example_branch_python_operator_decorator']) retrieved from /home/airflow/.local/lib/python3.7/site-packages/airflow/example_dags/example_branch_operator_decorator.py
[2023-05-29 15:34:30,578] {logging_mixin.py:115} INFO - [2023-05-29 15:34:30,578] {dag.py:2420} INFO - Sync 1 DAGs
[2023-05-29 15:34:30,596] {logging_mixin.py:115} INFO - [2023-05-29 15:34:30,596] {dag.py:2972} INFO - Setting next_dagrun for example_branch_python_operator_decorator to 2023-05-28T00:00:00+00:00, run_after=2023-05-29T00:00:00+00:00
[2023-05-29 15:34:30,607] {processor.py:161} INFO - Processing /home/airflow/.local/lib/python3.7/site-packages/airflow/example_dags/example_branch_operator_decorator.py took 0.064 seconds
[2023-05-29 15:35:01,036] {processor.py:153} INFO - Started process (PID=1137) to work on /home/airflow/.local/lib/python3.7/site-packages/airflow/example_dags/example_branch_operator_decorator.py
[2023-05-29 15:35:01,037] {processor.py:641} INFO - Processing file /home/airflow/.local/lib/python3.7/site-packages/airflow/example_dags/example_branch_operator_decorator.py for tasks to queue
[2023-05-29 15:35:01,037] {logging_mixin.py:115} INFO - [2023-05-29 15:35:01,037] {dagbag.py:508} INFO - Filling up the DagBag from /home/airflow/.local/lib/python3.7/site-packages/airflow/example_dags/example_branch_operator_decorator.py
[2023-05-29 15:35:01,050] {processor.py:651} INFO - DAG(s) dict_keys(['example_branch_python_operator_decorator']) retrieved from /home/airflow/.local/lib/python3.7/site-packages/airflow/example_dags/example_branch_operator_decorator.py
[2023-05-29 15:35:01,069] {logging_mixin.py:115} INFO - [2023-05-29 15:35:01,069] {dag.py:2420} INFO - Sync 1 DAGs
[2023-05-29 15:35:01,086] {logging_mixin.py:115} INFO - [2023-05-29 15:35:01,086] {dag.py:2972} INFO - Setting next_dagrun for example_branch_python_operator_decorator to 2023-05-28T00:00:00+00:00, run_after=2023-05-29T00:00:00+00:00
[2023-05-29 15:35:01,096] {processor.py:161} INFO - Processing /home/airflow/.local/lib/python3.7/site-packages/airflow/example_dags/example_branch_operator_decorator.py took 0.062 seconds
[2023-05-29 15:35:31,704] {processor.py:153} INFO - Started process (PID=1198) to work on /home/airflow/.local/lib/python3.7/site-packages/airflow/example_dags/example_branch_operator_decorator.py
[2023-05-29 15:35:31,705] {processor.py:641} INFO - Processing file /home/airflow/.local/lib/python3.7/site-packages/airflow/example_dags/example_branch_operator_decorator.py for tasks to queue
[2023-05-29 15:35:31,705] {logging_mixin.py:115} INFO - [2023-05-29 15:35:31,705] {dagbag.py:508} INFO - Filling up the DagBag from /home/airflow/.local/lib/python3.7/site-packages/airflow/example_dags/example_branch_operator_decorator.py
[2023-05-29 15:35:31,719] {processor.py:651} INFO - DAG(s) dict_keys(['example_branch_python_operator_decorator']) retrieved from /home/airflow/.local/lib/python3.7/site-packages/airflow/example_dags/example_branch_operator_decorator.py
[2023-05-29 15:35:31,740] {logging_mixin.py:115} INFO - [2023-05-29 15:35:31,740] {dag.py:2420} INFO - Sync 1 DAGs
[2023-05-29 15:35:31,762] {logging_mixin.py:115} INFO - [2023-05-29 15:35:31,762] {dag.py:2972} INFO - Setting next_dagrun for example_branch_python_operator_decorator to 2023-05-28T00:00:00+00:00, run_after=2023-05-29T00:00:00+00:00
[2023-05-29 15:35:31,774] {processor.py:161} INFO - Processing /home/airflow/.local/lib/python3.7/site-packages/airflow/example_dags/example_branch_operator_decorator.py took 0.072 seconds
[2023-05-29 15:36:02,313] {processor.py:153} INFO - Started process (PID=1251) to work on /home/airflow/.local/lib/python3.7/site-packages/airflow/example_dags/example_branch_operator_decorator.py
[2023-05-29 15:36:02,314] {processor.py:641} INFO - Processing file /home/airflow/.local/lib/python3.7/site-packages/airflow/example_dags/example_branch_operator_decorator.py for tasks to queue
[2023-05-29 15:36:02,314] {logging_mixin.py:115} INFO - [2023-05-29 15:36:02,314] {dagbag.py:508} INFO - Filling up the DagBag from /home/airflow/.local/lib/python3.7/site-packages/airflow/example_dags/example_branch_operator_decorator.py
[2023-05-29 15:36:02,329] {processor.py:651} INFO - DAG(s) dict_keys(['example_branch_python_operator_decorator']) retrieved from /home/airflow/.local/lib/python3.7/site-packages/airflow/example_dags/example_branch_operator_decorator.py
[2023-05-29 15:36:02,377] {logging_mixin.py:115} INFO - [2023-05-29 15:36:02,377] {dag.py:2420} INFO - Sync 1 DAGs
[2023-05-29 15:36:02,395] {logging_mixin.py:115} INFO - [2023-05-29 15:36:02,395] {dag.py:2972} INFO - Setting next_dagrun for example_branch_python_operator_decorator to 2023-05-28T00:00:00+00:00, run_after=2023-05-29T00:00:00+00:00
[2023-05-29 15:36:02,407] {processor.py:161} INFO - Processing /home/airflow/.local/lib/python3.7/site-packages/airflow/example_dags/example_branch_operator_decorator.py took 0.095 seconds
[2023-05-29 15:36:32,911] {processor.py:153} INFO - Started process (PID=1313) to work on /home/airflow/.local/lib/python3.7/site-packages/airflow/example_dags/example_branch_operator_decorator.py
[2023-05-29 15:36:32,911] {processor.py:641} INFO - Processing file /home/airflow/.local/lib/python3.7/site-packages/airflow/example_dags/example_branch_operator_decorator.py for tasks to queue
[2023-05-29 15:36:32,911] {logging_mixin.py:115} INFO - [2023-05-29 15:36:32,911] {dagbag.py:508} INFO - Filling up the DagBag from /home/airflow/.local/lib/python3.7/site-packages/airflow/example_dags/example_branch_operator_decorator.py
[2023-05-29 15:36:32,923] {processor.py:651} INFO - DAG(s) dict_keys(['example_branch_python_operator_decorator']) retrieved from /home/airflow/.local/lib/python3.7/site-packages/airflow/example_dags/example_branch_operator_decorator.py
[2023-05-29 15:36:32,942] {logging_mixin.py:115} INFO - [2023-05-29 15:36:32,942] {dag.py:2420} INFO - Sync 1 DAGs
[2023-05-29 15:36:32,962] {logging_mixin.py:115} INFO - [2023-05-29 15:36:32,962] {dag.py:2972} INFO - Setting next_dagrun for example_branch_python_operator_decorator to 2023-05-28T00:00:00+00:00, run_after=2023-05-29T00:00:00+00:00
[2023-05-29 15:36:32,972] {processor.py:161} INFO - Processing /home/airflow/.local/lib/python3.7/site-packages/airflow/example_dags/example_branch_operator_decorator.py took 0.064 seconds
[2023-05-29 15:37:03,407] {processor.py:153} INFO - Started process (PID=1375) to work on /home/airflow/.local/lib/python3.7/site-packages/airflow/example_dags/example_branch_operator_decorator.py
[2023-05-29 15:37:03,408] {processor.py:641} INFO - Processing file /home/airflow/.local/lib/python3.7/site-packages/airflow/example_dags/example_branch_operator_decorator.py for tasks to queue
[2023-05-29 15:37:03,408] {logging_mixin.py:115} INFO - [2023-05-29 15:37:03,408] {dagbag.py:508} INFO - Filling up the DagBag from /home/airflow/.local/lib/python3.7/site-packages/airflow/example_dags/example_branch_operator_decorator.py
[2023-05-29 15:37:03,420] {processor.py:651} INFO - DAG(s) dict_keys(['example_branch_python_operator_decorator']) retrieved from /home/airflow/.local/lib/python3.7/site-packages/airflow/example_dags/example_branch_operator_decorator.py
[2023-05-29 15:37:03,439] {logging_mixin.py:115} INFO - [2023-05-29 15:37:03,439] {dag.py:2420} INFO - Sync 1 DAGs
[2023-05-29 15:37:03,457] {logging_mixin.py:115} INFO - [2023-05-29 15:37:03,457] {dag.py:2972} INFO - Setting next_dagrun for example_branch_python_operator_decorator to 2023-05-28T00:00:00+00:00, run_after=2023-05-29T00:00:00+00:00
[2023-05-29 15:37:03,467] {processor.py:161} INFO - Processing /home/airflow/.local/lib/python3.7/site-packages/airflow/example_dags/example_branch_operator_decorator.py took 0.062 seconds
[2023-05-29 15:37:33,922] {processor.py:153} INFO - Started process (PID=1437) to work on /home/airflow/.local/lib/python3.7/site-packages/airflow/example_dags/example_branch_operator_decorator.py
[2023-05-29 15:37:33,923] {processor.py:641} INFO - Processing file /home/airflow/.local/lib/python3.7/site-packages/airflow/example_dags/example_branch_operator_decorator.py for tasks to queue
[2023-05-29 15:37:33,923] {logging_mixin.py:115} INFO - [2023-05-29 15:37:33,923] {dagbag.py:508} INFO - Filling up the DagBag from /home/airflow/.local/lib/python3.7/site-packages/airflow/example_dags/example_branch_operator_decorator.py
[2023-05-29 15:37:33,939] {processor.py:651} INFO - DAG(s) dict_keys(['example_branch_python_operator_decorator']) retrieved from /home/airflow/.local/lib/python3.7/site-packages/airflow/example_dags/example_branch_operator_decorator.py
[2023-05-29 15:37:33,961] {logging_mixin.py:115} INFO - [2023-05-29 15:37:33,961] {dag.py:2420} INFO - Sync 1 DAGs
[2023-05-29 15:37:33,982] {logging_mixin.py:115} INFO - [2023-05-29 15:37:33,982] {dag.py:2972} INFO - Setting next_dagrun for example_branch_python_operator_decorator to 2023-05-28T00:00:00+00:00, run_after=2023-05-29T00:00:00+00:00
[2023-05-29 15:37:33,993] {processor.py:161} INFO - Processing /home/airflow/.local/lib/python3.7/site-packages/airflow/example_dags/example_branch_operator_decorator.py took 0.073 seconds
[2023-05-29 15:38:04,394] {processor.py:153} INFO - Started process (PID=1490) to work on /home/airflow/.local/lib/python3.7/site-packages/airflow/example_dags/example_branch_operator_decorator.py
[2023-05-29 15:38:04,394] {processor.py:641} INFO - Processing file /home/airflow/.local/lib/python3.7/site-packages/airflow/example_dags/example_branch_operator_decorator.py for tasks to queue
[2023-05-29 15:38:04,394] {logging_mixin.py:115} INFO - [2023-05-29 15:38:04,394] {dagbag.py:508} INFO - Filling up the DagBag from /home/airflow/.local/lib/python3.7/site-packages/airflow/example_dags/example_branch_operator_decorator.py
[2023-05-29 15:38:04,407] {processor.py:651} INFO - DAG(s) dict_keys(['example_branch_python_operator_decorator']) retrieved from /home/airflow/.local/lib/python3.7/site-packages/airflow/example_dags/example_branch_operator_decorator.py
[2023-05-29 15:38:04,427] {logging_mixin.py:115} INFO - [2023-05-29 15:38:04,427] {dag.py:2420} INFO - Sync 1 DAGs
[2023-05-29 15:38:04,447] {logging_mixin.py:115} INFO - [2023-05-29 15:38:04,447] {dag.py:2972} INFO - Setting next_dagrun for example_branch_python_operator_decorator to 2023-05-28T00:00:00+00:00, run_after=2023-05-29T00:00:00+00:00
[2023-05-29 15:38:04,457] {processor.py:161} INFO - Processing /home/airflow/.local/lib/python3.7/site-packages/airflow/example_dags/example_branch_operator_decorator.py took 0.065 seconds
[2023-05-29 15:38:35,000] {processor.py:153} INFO - Started process (PID=1561) to work on /home/airflow/.local/lib/python3.7/site-packages/airflow/example_dags/example_branch_operator_decorator.py
[2023-05-29 15:38:35,000] {processor.py:641} INFO - Processing file /home/airflow/.local/lib/python3.7/site-packages/airflow/example_dags/example_branch_operator_decorator.py for tasks to queue
[2023-05-29 15:38:35,001] {logging_mixin.py:115} INFO - [2023-05-29 15:38:35,001] {dagbag.py:508} INFO - Filling up the DagBag from /home/airflow/.local/lib/python3.7/site-packages/airflow/example_dags/example_branch_operator_decorator.py
[2023-05-29 15:38:35,015] {processor.py:651} INFO - DAG(s) dict_keys(['example_branch_python_operator_decorator']) retrieved from /home/airflow/.local/lib/python3.7/site-packages/airflow/example_dags/example_branch_operator_decorator.py
[2023-05-29 15:38:35,036] {logging_mixin.py:115} INFO - [2023-05-29 15:38:35,035] {dag.py:2420} INFO - Sync 1 DAGs
[2023-05-29 15:38:35,056] {logging_mixin.py:115} INFO - [2023-05-29 15:38:35,056] {dag.py:2972} INFO - Setting next_dagrun for example_branch_python_operator_decorator to 2023-05-28T00:00:00+00:00, run_after=2023-05-29T00:00:00+00:00
[2023-05-29 15:38:35,067] {processor.py:161} INFO - Processing /home/airflow/.local/lib/python3.7/site-packages/airflow/example_dags/example_branch_operator_decorator.py took 0.069 seconds
[2023-05-29 15:39:05,803] {processor.py:153} INFO - Started process (PID=1627) to work on /home/airflow/.local/lib/python3.7/site-packages/airflow/example_dags/example_branch_operator_decorator.py
[2023-05-29 15:39:05,804] {processor.py:641} INFO - Processing file /home/airflow/.local/lib/python3.7/site-packages/airflow/example_dags/example_branch_operator_decorator.py for tasks to queue
[2023-05-29 15:39:05,804] {logging_mixin.py:115} INFO - [2023-05-29 15:39:05,804] {dagbag.py:508} INFO - Filling up the DagBag from /home/airflow/.local/lib/python3.7/site-packages/airflow/example_dags/example_branch_operator_decorator.py
[2023-05-29 15:39:05,822] {processor.py:651} INFO - DAG(s) dict_keys(['example_branch_python_operator_decorator']) retrieved from /home/airflow/.local/lib/python3.7/site-packages/airflow/example_dags/example_branch_operator_decorator.py
[2023-05-29 15:39:05,850] {logging_mixin.py:115} INFO - [2023-05-29 15:39:05,850] {dag.py:2420} INFO - Sync 1 DAGs
[2023-05-29 15:39:05,875] {logging_mixin.py:115} INFO - [2023-05-29 15:39:05,875] {dag.py:2972} INFO - Setting next_dagrun for example_branch_python_operator_decorator to 2023-05-28T00:00:00+00:00, run_after=2023-05-29T00:00:00+00:00
[2023-05-29 15:39:05,890] {processor.py:161} INFO - Processing /home/airflow/.local/lib/python3.7/site-packages/airflow/example_dags/example_branch_operator_decorator.py took 0.090 seconds
[2023-05-29 15:39:36,266] {processor.py:153} INFO - Started process (PID=1680) to work on /home/airflow/.local/lib/python3.7/site-packages/airflow/example_dags/example_branch_operator_decorator.py
[2023-05-29 15:39:36,267] {processor.py:641} INFO - Processing file /home/airflow/.local/lib/python3.7/site-packages/airflow/example_dags/example_branch_operator_decorator.py for tasks to queue
[2023-05-29 15:39:36,267] {logging_mixin.py:115} INFO - [2023-05-29 15:39:36,267] {dagbag.py:508} INFO - Filling up the DagBag from /home/airflow/.local/lib/python3.7/site-packages/airflow/example_dags/example_branch_operator_decorator.py
[2023-05-29 15:39:36,280] {processor.py:651} INFO - DAG(s) dict_keys(['example_branch_python_operator_decorator']) retrieved from /home/airflow/.local/lib/python3.7/site-packages/airflow/example_dags/example_branch_operator_decorator.py
[2023-05-29 15:39:36,300] {logging_mixin.py:115} INFO - [2023-05-29 15:39:36,300] {dag.py:2420} INFO - Sync 1 DAGs
[2023-05-29 15:39:36,321] {logging_mixin.py:115} INFO - [2023-05-29 15:39:36,321] {dag.py:2972} INFO - Setting next_dagrun for example_branch_python_operator_decorator to 2023-05-28T00:00:00+00:00, run_after=2023-05-29T00:00:00+00:00
[2023-05-29 15:39:36,334] {processor.py:161} INFO - Processing /home/airflow/.local/lib/python3.7/site-packages/airflow/example_dags/example_branch_operator_decorator.py took 0.070 seconds
[2023-05-29 15:40:06,688] {processor.py:153} INFO - Started process (PID=1742) to work on /home/airflow/.local/lib/python3.7/site-packages/airflow/example_dags/example_branch_operator_decorator.py
[2023-05-29 15:40:06,688] {processor.py:641} INFO - Processing file /home/airflow/.local/lib/python3.7/site-packages/airflow/example_dags/example_branch_operator_decorator.py for tasks to queue
[2023-05-29 15:40:06,689] {logging_mixin.py:115} INFO - [2023-05-29 15:40:06,689] {dagbag.py:508} INFO - Filling up the DagBag from /home/airflow/.local/lib/python3.7/site-packages/airflow/example_dags/example_branch_operator_decorator.py
[2023-05-29 15:40:06,702] {processor.py:651} INFO - DAG(s) dict_keys(['example_branch_python_operator_decorator']) retrieved from /home/airflow/.local/lib/python3.7/site-packages/airflow/example_dags/example_branch_operator_decorator.py
[2023-05-29 15:40:06,722] {logging_mixin.py:115} INFO - [2023-05-29 15:40:06,721] {dag.py:2420} INFO - Sync 1 DAGs
[2023-05-29 15:40:06,741] {logging_mixin.py:115} INFO - [2023-05-29 15:40:06,741] {dag.py:2972} INFO - Setting next_dagrun for example_branch_python_operator_decorator to 2023-05-28T00:00:00+00:00, run_after=2023-05-29T00:00:00+00:00
[2023-05-29 15:40:06,751] {processor.py:161} INFO - Processing /home/airflow/.local/lib/python3.7/site-packages/airflow/example_dags/example_branch_operator_decorator.py took 0.065 seconds
[2023-05-29 15:40:37,057] {processor.py:153} INFO - Started process (PID=1804) to work on /home/airflow/.local/lib/python3.7/site-packages/airflow/example_dags/example_branch_operator_decorator.py
[2023-05-29 15:40:37,057] {processor.py:641} INFO - Processing file /home/airflow/.local/lib/python3.7/site-packages/airflow/example_dags/example_branch_operator_decorator.py for tasks to queue
[2023-05-29 15:40:37,057] {logging_mixin.py:115} INFO - [2023-05-29 15:40:37,057] {dagbag.py:508} INFO - Filling up the DagBag from /home/airflow/.local/lib/python3.7/site-packages/airflow/example_dags/example_branch_operator_decorator.py
[2023-05-29 15:40:37,069] {processor.py:651} INFO - DAG(s) dict_keys(['example_branch_python_operator_decorator']) retrieved from /home/airflow/.local/lib/python3.7/site-packages/airflow/example_dags/example_branch_operator_decorator.py
[2023-05-29 15:40:37,088] {logging_mixin.py:115} INFO - [2023-05-29 15:40:37,087] {dag.py:2420} INFO - Sync 1 DAGs
[2023-05-29 15:40:37,106] {logging_mixin.py:115} INFO - [2023-05-29 15:40:37,106] {dag.py:2972} INFO - Setting next_dagrun for example_branch_python_operator_decorator to 2023-05-28T00:00:00+00:00, run_after=2023-05-29T00:00:00+00:00
[2023-05-29 15:40:37,116] {processor.py:161} INFO - Processing /home/airflow/.local/lib/python3.7/site-packages/airflow/example_dags/example_branch_operator_decorator.py took 0.061 seconds
[2023-05-29 15:41:07,757] {processor.py:153} INFO - Started process (PID=1866) to work on /home/airflow/.local/lib/python3.7/site-packages/airflow/example_dags/example_branch_operator_decorator.py
[2023-05-29 15:41:07,758] {processor.py:641} INFO - Processing file /home/airflow/.local/lib/python3.7/site-packages/airflow/example_dags/example_branch_operator_decorator.py for tasks to queue
[2023-05-29 15:41:07,758] {logging_mixin.py:115} INFO - [2023-05-29 15:41:07,758] {dagbag.py:508} INFO - Filling up the DagBag from /home/airflow/.local/lib/python3.7/site-packages/airflow/example_dags/example_branch_operator_decorator.py
[2023-05-29 15:41:07,770] {processor.py:651} INFO - DAG(s) dict_keys(['example_branch_python_operator_decorator']) retrieved from /home/airflow/.local/lib/python3.7/site-packages/airflow/example_dags/example_branch_operator_decorator.py
[2023-05-29 15:41:07,790] {logging_mixin.py:115} INFO - [2023-05-29 15:41:07,790] {dag.py:2420} INFO - Sync 1 DAGs
[2023-05-29 15:41:07,807] {logging_mixin.py:115} INFO - [2023-05-29 15:41:07,807] {dag.py:2972} INFO - Setting next_dagrun for example_branch_python_operator_decorator to 2023-05-28T00:00:00+00:00, run_after=2023-05-29T00:00:00+00:00
[2023-05-29 15:41:07,819] {processor.py:161} INFO - Processing /home/airflow/.local/lib/python3.7/site-packages/airflow/example_dags/example_branch_operator_decorator.py took 0.064 seconds
