[2023-05-29 15:18:21,424] {processor.py:153} INFO - Started process (PID=82) to work on /home/airflow/.local/lib/python3.7/site-packages/airflow/example_dags/example_skip_dag.py
[2023-05-29 15:18:21,425] {processor.py:641} INFO - Processing file /home/airflow/.local/lib/python3.7/site-packages/airflow/example_dags/example_skip_dag.py for tasks to queue
[2023-05-29 15:18:21,425] {logging_mixin.py:115} INFO - [2023-05-29 15:18:21,425] {dagbag.py:508} INFO - Filling up the DagBag from /home/airflow/.local/lib/python3.7/site-packages/airflow/example_dags/example_skip_dag.py
[2023-05-29 15:18:21,430] {processor.py:651} INFO - DAG(s) dict_keys(['example_skip_dag']) retrieved from /home/airflow/.local/lib/python3.7/site-packages/airflow/example_dags/example_skip_dag.py
[2023-05-29 15:18:21,531] {logging_mixin.py:115} INFO - [2023-05-29 15:18:21,531] {manager.py:508} INFO - Created Permission View: can read on DAG:example_skip_dag
[2023-05-29 15:18:21,543] {logging_mixin.py:115} INFO - [2023-05-29 15:18:21,543] {manager.py:508} INFO - Created Permission View: can delete on DAG:example_skip_dag
[2023-05-29 15:18:21,552] {logging_mixin.py:115} INFO - [2023-05-29 15:18:21,552] {manager.py:508} INFO - Created Permission View: can edit on DAG:example_skip_dag
[2023-05-29 15:18:21,552] {logging_mixin.py:115} INFO - [2023-05-29 15:18:21,552] {dag.py:2420} INFO - Sync 1 DAGs
[2023-05-29 15:18:21,561] {logging_mixin.py:115} INFO - [2023-05-29 15:18:21,561] {dag.py:2439} INFO - Creating ORM DAG for example_skip_dag
[2023-05-29 15:18:21,577] {logging_mixin.py:115} INFO - [2023-05-29 15:18:21,576] {dag.py:2972} INFO - Setting next_dagrun for example_skip_dag to 2023-05-28T15:18:21.576617+00:00, run_after=2023-05-29T15:18:21.576617+00:00
[2023-05-29 15:18:21,600] {processor.py:161} INFO - Processing /home/airflow/.local/lib/python3.7/site-packages/airflow/example_dags/example_skip_dag.py took 0.179 seconds
[2023-05-29 15:18:53,726] {processor.py:153} INFO - Started process (PID=141) to work on /home/airflow/.local/lib/python3.7/site-packages/airflow/example_dags/example_skip_dag.py
[2023-05-29 15:18:53,727] {processor.py:641} INFO - Processing file /home/airflow/.local/lib/python3.7/site-packages/airflow/example_dags/example_skip_dag.py for tasks to queue
[2023-05-29 15:18:53,727] {logging_mixin.py:115} INFO - [2023-05-29 15:18:53,727] {dagbag.py:508} INFO - Filling up the DagBag from /home/airflow/.local/lib/python3.7/site-packages/airflow/example_dags/example_skip_dag.py
[2023-05-29 15:18:53,731] {processor.py:651} INFO - DAG(s) dict_keys(['example_skip_dag']) retrieved from /home/airflow/.local/lib/python3.7/site-packages/airflow/example_dags/example_skip_dag.py
[2023-05-29 15:18:53,753] {logging_mixin.py:115} INFO - [2023-05-29 15:18:53,753] {dag.py:2420} INFO - Sync 1 DAGs
[2023-05-29 15:18:53,773] {logging_mixin.py:115} INFO - [2023-05-29 15:18:53,773] {dag.py:2972} INFO - Setting next_dagrun for example_skip_dag to 2023-05-28T15:18:53.773236+00:00, run_after=2023-05-29T15:18:53.773236+00:00
[2023-05-29 15:18:53,787] {processor.py:161} INFO - Processing /home/airflow/.local/lib/python3.7/site-packages/airflow/example_dags/example_skip_dag.py took 0.063 seconds
[2023-05-29 15:19:24,149] {processor.py:153} INFO - Started process (PID=195) to work on /home/airflow/.local/lib/python3.7/site-packages/airflow/example_dags/example_skip_dag.py
[2023-05-29 15:19:24,149] {processor.py:641} INFO - Processing file /home/airflow/.local/lib/python3.7/site-packages/airflow/example_dags/example_skip_dag.py for tasks to queue
[2023-05-29 15:19:24,150] {logging_mixin.py:115} INFO - [2023-05-29 15:19:24,150] {dagbag.py:508} INFO - Filling up the DagBag from /home/airflow/.local/lib/python3.7/site-packages/airflow/example_dags/example_skip_dag.py
[2023-05-29 15:19:24,153] {processor.py:651} INFO - DAG(s) dict_keys(['example_skip_dag']) retrieved from /home/airflow/.local/lib/python3.7/site-packages/airflow/example_dags/example_skip_dag.py
[2023-05-29 15:19:24,173] {logging_mixin.py:115} INFO - [2023-05-29 15:19:24,173] {dag.py:2420} INFO - Sync 1 DAGs
[2023-05-29 15:19:24,191] {logging_mixin.py:115} INFO - [2023-05-29 15:19:24,191] {dag.py:2972} INFO - Setting next_dagrun for example_skip_dag to 2023-05-28T15:19:24.191215+00:00, run_after=2023-05-29T15:19:24.191215+00:00
[2023-05-29 15:19:24,202] {processor.py:161} INFO - Processing /home/airflow/.local/lib/python3.7/site-packages/airflow/example_dags/example_skip_dag.py took 0.055 seconds
[2023-05-29 15:19:54,534] {processor.py:153} INFO - Started process (PID=256) to work on /home/airflow/.local/lib/python3.7/site-packages/airflow/example_dags/example_skip_dag.py
[2023-05-29 15:19:54,534] {processor.py:641} INFO - Processing file /home/airflow/.local/lib/python3.7/site-packages/airflow/example_dags/example_skip_dag.py for tasks to queue
[2023-05-29 15:19:54,534] {logging_mixin.py:115} INFO - [2023-05-29 15:19:54,534] {dagbag.py:508} INFO - Filling up the DagBag from /home/airflow/.local/lib/python3.7/site-packages/airflow/example_dags/example_skip_dag.py
[2023-05-29 15:19:54,538] {processor.py:651} INFO - DAG(s) dict_keys(['example_skip_dag']) retrieved from /home/airflow/.local/lib/python3.7/site-packages/airflow/example_dags/example_skip_dag.py
[2023-05-29 15:19:54,560] {logging_mixin.py:115} INFO - [2023-05-29 15:19:54,560] {dag.py:2420} INFO - Sync 1 DAGs
[2023-05-29 15:19:54,578] {logging_mixin.py:115} INFO - [2023-05-29 15:19:54,578] {dag.py:2972} INFO - Setting next_dagrun for example_skip_dag to 2023-05-28T15:19:54.578302+00:00, run_after=2023-05-29T15:19:54.578302+00:00
[2023-05-29 15:19:54,591] {processor.py:161} INFO - Processing /home/airflow/.local/lib/python3.7/site-packages/airflow/example_dags/example_skip_dag.py took 0.059 seconds
[2023-05-29 15:20:24,951] {processor.py:153} INFO - Started process (PID=317) to work on /home/airflow/.local/lib/python3.7/site-packages/airflow/example_dags/example_skip_dag.py
[2023-05-29 15:20:24,951] {processor.py:641} INFO - Processing file /home/airflow/.local/lib/python3.7/site-packages/airflow/example_dags/example_skip_dag.py for tasks to queue
[2023-05-29 15:20:24,952] {logging_mixin.py:115} INFO - [2023-05-29 15:20:24,952] {dagbag.py:508} INFO - Filling up the DagBag from /home/airflow/.local/lib/python3.7/site-packages/airflow/example_dags/example_skip_dag.py
[2023-05-29 15:20:24,955] {processor.py:651} INFO - DAG(s) dict_keys(['example_skip_dag']) retrieved from /home/airflow/.local/lib/python3.7/site-packages/airflow/example_dags/example_skip_dag.py
[2023-05-29 15:20:24,976] {logging_mixin.py:115} INFO - [2023-05-29 15:20:24,976] {dag.py:2420} INFO - Sync 1 DAGs
[2023-05-29 15:20:24,997] {logging_mixin.py:115} INFO - [2023-05-29 15:20:24,996] {dag.py:2972} INFO - Setting next_dagrun for example_skip_dag to 2023-05-28T15:20:24.996750+00:00, run_after=2023-05-29T15:20:24.996750+00:00
[2023-05-29 15:20:25,010] {processor.py:161} INFO - Processing /home/airflow/.local/lib/python3.7/site-packages/airflow/example_dags/example_skip_dag.py took 0.062 seconds
[2023-05-29 15:20:55,353] {processor.py:153} INFO - Started process (PID=369) to work on /home/airflow/.local/lib/python3.7/site-packages/airflow/example_dags/example_skip_dag.py
[2023-05-29 15:20:55,354] {processor.py:641} INFO - Processing file /home/airflow/.local/lib/python3.7/site-packages/airflow/example_dags/example_skip_dag.py for tasks to queue
[2023-05-29 15:20:55,354] {logging_mixin.py:115} INFO - [2023-05-29 15:20:55,354] {dagbag.py:508} INFO - Filling up the DagBag from /home/airflow/.local/lib/python3.7/site-packages/airflow/example_dags/example_skip_dag.py
[2023-05-29 15:20:55,358] {processor.py:651} INFO - DAG(s) dict_keys(['example_skip_dag']) retrieved from /home/airflow/.local/lib/python3.7/site-packages/airflow/example_dags/example_skip_dag.py
[2023-05-29 15:20:55,379] {logging_mixin.py:115} INFO - [2023-05-29 15:20:55,379] {dag.py:2420} INFO - Sync 1 DAGs
[2023-05-29 15:20:55,397] {logging_mixin.py:115} INFO - [2023-05-29 15:20:55,397] {dag.py:2972} INFO - Setting next_dagrun for example_skip_dag to 2023-05-28T15:20:55.397669+00:00, run_after=2023-05-29T15:20:55.397669+00:00
[2023-05-29 15:20:55,408] {processor.py:161} INFO - Processing /home/airflow/.local/lib/python3.7/site-packages/airflow/example_dags/example_skip_dag.py took 0.057 seconds
[2023-05-29 15:21:25,772] {processor.py:153} INFO - Started process (PID=431) to work on /home/airflow/.local/lib/python3.7/site-packages/airflow/example_dags/example_skip_dag.py
[2023-05-29 15:21:25,773] {processor.py:641} INFO - Processing file /home/airflow/.local/lib/python3.7/site-packages/airflow/example_dags/example_skip_dag.py for tasks to queue
[2023-05-29 15:21:25,773] {logging_mixin.py:115} INFO - [2023-05-29 15:21:25,773] {dagbag.py:508} INFO - Filling up the DagBag from /home/airflow/.local/lib/python3.7/site-packages/airflow/example_dags/example_skip_dag.py
[2023-05-29 15:21:25,777] {processor.py:651} INFO - DAG(s) dict_keys(['example_skip_dag']) retrieved from /home/airflow/.local/lib/python3.7/site-packages/airflow/example_dags/example_skip_dag.py
[2023-05-29 15:21:25,800] {logging_mixin.py:115} INFO - [2023-05-29 15:21:25,800] {dag.py:2420} INFO - Sync 1 DAGs
[2023-05-29 15:21:25,819] {logging_mixin.py:115} INFO - [2023-05-29 15:21:25,819] {dag.py:2972} INFO - Setting next_dagrun for example_skip_dag to 2023-05-28T15:21:25.819519+00:00, run_after=2023-05-29T15:21:25.819519+00:00
[2023-05-29 15:21:25,832] {processor.py:161} INFO - Processing /home/airflow/.local/lib/python3.7/site-packages/airflow/example_dags/example_skip_dag.py took 0.062 seconds
[2023-05-29 15:21:56,286] {processor.py:153} INFO - Started process (PID=492) to work on /home/airflow/.local/lib/python3.7/site-packages/airflow/example_dags/example_skip_dag.py
[2023-05-29 15:21:56,286] {processor.py:641} INFO - Processing file /home/airflow/.local/lib/python3.7/site-packages/airflow/example_dags/example_skip_dag.py for tasks to queue
[2023-05-29 15:21:56,286] {logging_mixin.py:115} INFO - [2023-05-29 15:21:56,286] {dagbag.py:508} INFO - Filling up the DagBag from /home/airflow/.local/lib/python3.7/site-packages/airflow/example_dags/example_skip_dag.py
[2023-05-29 15:21:56,290] {processor.py:651} INFO - DAG(s) dict_keys(['example_skip_dag']) retrieved from /home/airflow/.local/lib/python3.7/site-packages/airflow/example_dags/example_skip_dag.py
[2023-05-29 15:21:56,311] {logging_mixin.py:115} INFO - [2023-05-29 15:21:56,311] {dag.py:2420} INFO - Sync 1 DAGs
[2023-05-29 15:21:56,332] {logging_mixin.py:115} INFO - [2023-05-29 15:21:56,332] {dag.py:2972} INFO - Setting next_dagrun for example_skip_dag to 2023-05-28T15:21:56.332022+00:00, run_after=2023-05-29T15:21:56.332022+00:00
[2023-05-29 15:21:56,344] {processor.py:161} INFO - Processing /home/airflow/.local/lib/python3.7/site-packages/airflow/example_dags/example_skip_dag.py took 0.061 seconds
[2023-05-29 15:22:26,778] {processor.py:153} INFO - Started process (PID=552) to work on /home/airflow/.local/lib/python3.7/site-packages/airflow/example_dags/example_skip_dag.py
[2023-05-29 15:22:26,778] {processor.py:641} INFO - Processing file /home/airflow/.local/lib/python3.7/site-packages/airflow/example_dags/example_skip_dag.py for tasks to queue
[2023-05-29 15:22:26,779] {logging_mixin.py:115} INFO - [2023-05-29 15:22:26,779] {dagbag.py:508} INFO - Filling up the DagBag from /home/airflow/.local/lib/python3.7/site-packages/airflow/example_dags/example_skip_dag.py
[2023-05-29 15:22:26,782] {processor.py:651} INFO - DAG(s) dict_keys(['example_skip_dag']) retrieved from /home/airflow/.local/lib/python3.7/site-packages/airflow/example_dags/example_skip_dag.py
[2023-05-29 15:22:26,810] {logging_mixin.py:115} INFO - [2023-05-29 15:22:26,810] {dag.py:2420} INFO - Sync 1 DAGs
[2023-05-29 15:22:26,829] {logging_mixin.py:115} INFO - [2023-05-29 15:22:26,829] {dag.py:2972} INFO - Setting next_dagrun for example_skip_dag to 2023-05-28T15:22:26.829630+00:00, run_after=2023-05-29T15:22:26.829630+00:00
[2023-05-29 15:22:26,842] {processor.py:161} INFO - Processing /home/airflow/.local/lib/python3.7/site-packages/airflow/example_dags/example_skip_dag.py took 0.066 seconds
[2023-05-29 15:23:26,320] {processor.py:153} INFO - Started process (PID=79) to work on /home/airflow/.local/lib/python3.7/site-packages/airflow/example_dags/example_skip_dag.py
[2023-05-29 15:23:26,321] {processor.py:641} INFO - Processing file /home/airflow/.local/lib/python3.7/site-packages/airflow/example_dags/example_skip_dag.py for tasks to queue
[2023-05-29 15:23:26,321] {logging_mixin.py:115} INFO - [2023-05-29 15:23:26,321] {dagbag.py:508} INFO - Filling up the DagBag from /home/airflow/.local/lib/python3.7/site-packages/airflow/example_dags/example_skip_dag.py
[2023-05-29 15:23:26,327] {processor.py:651} INFO - DAG(s) dict_keys(['example_skip_dag']) retrieved from /home/airflow/.local/lib/python3.7/site-packages/airflow/example_dags/example_skip_dag.py
[2023-05-29 15:23:26,359] {logging_mixin.py:115} INFO - [2023-05-29 15:23:26,359] {dag.py:2420} INFO - Sync 1 DAGs
[2023-05-29 15:23:26,382] {logging_mixin.py:115} INFO - [2023-05-29 15:23:26,382] {dag.py:2972} INFO - Setting next_dagrun for example_skip_dag to 2023-05-28T15:23:26.382290+00:00, run_after=2023-05-29T15:23:26.382290+00:00
[2023-05-29 15:23:26,399] {processor.py:161} INFO - Processing /home/airflow/.local/lib/python3.7/site-packages/airflow/example_dags/example_skip_dag.py took 0.083 seconds
[2023-05-29 15:23:56,957] {processor.py:153} INFO - Started process (PID=133) to work on /home/airflow/.local/lib/python3.7/site-packages/airflow/example_dags/example_skip_dag.py
[2023-05-29 15:23:56,958] {processor.py:641} INFO - Processing file /home/airflow/.local/lib/python3.7/site-packages/airflow/example_dags/example_skip_dag.py for tasks to queue
[2023-05-29 15:23:56,958] {logging_mixin.py:115} INFO - [2023-05-29 15:23:56,958] {dagbag.py:508} INFO - Filling up the DagBag from /home/airflow/.local/lib/python3.7/site-packages/airflow/example_dags/example_skip_dag.py
[2023-05-29 15:23:56,961] {processor.py:651} INFO - DAG(s) dict_keys(['example_skip_dag']) retrieved from /home/airflow/.local/lib/python3.7/site-packages/airflow/example_dags/example_skip_dag.py
[2023-05-29 15:23:56,981] {logging_mixin.py:115} INFO - [2023-05-29 15:23:56,981] {dag.py:2420} INFO - Sync 1 DAGs
[2023-05-29 15:23:56,997] {logging_mixin.py:115} INFO - [2023-05-29 15:23:56,997] {dag.py:2972} INFO - Setting next_dagrun for example_skip_dag to 2023-05-28T15:23:56.997407+00:00, run_after=2023-05-29T15:23:56.997407+00:00
[2023-05-29 15:23:57,007] {processor.py:161} INFO - Processing /home/airflow/.local/lib/python3.7/site-packages/airflow/example_dags/example_skip_dag.py took 0.053 seconds
[2023-05-29 15:24:27,568] {processor.py:153} INFO - Started process (PID=194) to work on /home/airflow/.local/lib/python3.7/site-packages/airflow/example_dags/example_skip_dag.py
[2023-05-29 15:24:27,569] {processor.py:641} INFO - Processing file /home/airflow/.local/lib/python3.7/site-packages/airflow/example_dags/example_skip_dag.py for tasks to queue
[2023-05-29 15:24:27,569] {logging_mixin.py:115} INFO - [2023-05-29 15:24:27,569] {dagbag.py:508} INFO - Filling up the DagBag from /home/airflow/.local/lib/python3.7/site-packages/airflow/example_dags/example_skip_dag.py
[2023-05-29 15:24:27,573] {processor.py:651} INFO - DAG(s) dict_keys(['example_skip_dag']) retrieved from /home/airflow/.local/lib/python3.7/site-packages/airflow/example_dags/example_skip_dag.py
[2023-05-29 15:24:27,594] {logging_mixin.py:115} INFO - [2023-05-29 15:24:27,594] {dag.py:2420} INFO - Sync 1 DAGs
[2023-05-29 15:24:27,611] {logging_mixin.py:115} INFO - [2023-05-29 15:24:27,611] {dag.py:2972} INFO - Setting next_dagrun for example_skip_dag to 2023-05-28T15:24:27.611441+00:00, run_after=2023-05-29T15:24:27.611441+00:00
[2023-05-29 15:24:27,623] {processor.py:161} INFO - Processing /home/airflow/.local/lib/python3.7/site-packages/airflow/example_dags/example_skip_dag.py took 0.056 seconds
[2023-05-29 15:24:58,105] {processor.py:153} INFO - Started process (PID=255) to work on /home/airflow/.local/lib/python3.7/site-packages/airflow/example_dags/example_skip_dag.py
[2023-05-29 15:24:58,105] {processor.py:641} INFO - Processing file /home/airflow/.local/lib/python3.7/site-packages/airflow/example_dags/example_skip_dag.py for tasks to queue
[2023-05-29 15:24:58,106] {logging_mixin.py:115} INFO - [2023-05-29 15:24:58,105] {dagbag.py:508} INFO - Filling up the DagBag from /home/airflow/.local/lib/python3.7/site-packages/airflow/example_dags/example_skip_dag.py
[2023-05-29 15:24:58,109] {processor.py:651} INFO - DAG(s) dict_keys(['example_skip_dag']) retrieved from /home/airflow/.local/lib/python3.7/site-packages/airflow/example_dags/example_skip_dag.py
[2023-05-29 15:24:58,131] {logging_mixin.py:115} INFO - [2023-05-29 15:24:58,131] {dag.py:2420} INFO - Sync 1 DAGs
[2023-05-29 15:24:58,149] {logging_mixin.py:115} INFO - [2023-05-29 15:24:58,149] {dag.py:2972} INFO - Setting next_dagrun for example_skip_dag to 2023-05-28T15:24:58.149277+00:00, run_after=2023-05-29T15:24:58.149277+00:00
[2023-05-29 15:24:58,160] {processor.py:161} INFO - Processing /home/airflow/.local/lib/python3.7/site-packages/airflow/example_dags/example_skip_dag.py took 0.058 seconds
[2023-05-29 15:25:51,438] {processor.py:153} INFO - Started process (PID=82) to work on /home/airflow/.local/lib/python3.7/site-packages/airflow/example_dags/example_skip_dag.py
[2023-05-29 15:25:51,440] {processor.py:641} INFO - Processing file /home/airflow/.local/lib/python3.7/site-packages/airflow/example_dags/example_skip_dag.py for tasks to queue
[2023-05-29 15:25:51,441] {logging_mixin.py:115} INFO - [2023-05-29 15:25:51,441] {dagbag.py:508} INFO - Filling up the DagBag from /home/airflow/.local/lib/python3.7/site-packages/airflow/example_dags/example_skip_dag.py
[2023-05-29 15:25:51,447] {processor.py:651} INFO - DAG(s) dict_keys(['example_skip_dag']) retrieved from /home/airflow/.local/lib/python3.7/site-packages/airflow/example_dags/example_skip_dag.py
[2023-05-29 15:25:51,524] {logging_mixin.py:115} INFO - [2023-05-29 15:25:51,523] {dag.py:2420} INFO - Sync 1 DAGs
[2023-05-29 15:25:51,551] {logging_mixin.py:115} INFO - [2023-05-29 15:25:51,551] {dag.py:2972} INFO - Setting next_dagrun for example_skip_dag to 2023-05-28T15:25:51.551534+00:00, run_after=2023-05-29T15:25:51.551534+00:00
[2023-05-29 15:25:51,568] {processor.py:161} INFO - Processing /home/airflow/.local/lib/python3.7/site-packages/airflow/example_dags/example_skip_dag.py took 0.134 seconds
[2023-05-29 15:26:22,108] {processor.py:153} INFO - Started process (PID=134) to work on /home/airflow/.local/lib/python3.7/site-packages/airflow/example_dags/example_skip_dag.py
[2023-05-29 15:26:22,108] {processor.py:641} INFO - Processing file /home/airflow/.local/lib/python3.7/site-packages/airflow/example_dags/example_skip_dag.py for tasks to queue
[2023-05-29 15:26:22,109] {logging_mixin.py:115} INFO - [2023-05-29 15:26:22,108] {dagbag.py:508} INFO - Filling up the DagBag from /home/airflow/.local/lib/python3.7/site-packages/airflow/example_dags/example_skip_dag.py
[2023-05-29 15:26:22,112] {processor.py:651} INFO - DAG(s) dict_keys(['example_skip_dag']) retrieved from /home/airflow/.local/lib/python3.7/site-packages/airflow/example_dags/example_skip_dag.py
[2023-05-29 15:26:22,132] {logging_mixin.py:115} INFO - [2023-05-29 15:26:22,132] {dag.py:2420} INFO - Sync 1 DAGs
[2023-05-29 15:26:22,151] {logging_mixin.py:115} INFO - [2023-05-29 15:26:22,151] {dag.py:2972} INFO - Setting next_dagrun for example_skip_dag to 2023-05-28T15:26:22.151558+00:00, run_after=2023-05-29T15:26:22.151558+00:00
[2023-05-29 15:26:22,166] {processor.py:161} INFO - Processing /home/airflow/.local/lib/python3.7/site-packages/airflow/example_dags/example_skip_dag.py took 0.060 seconds
[2023-05-29 15:26:52,657] {processor.py:153} INFO - Started process (PID=195) to work on /home/airflow/.local/lib/python3.7/site-packages/airflow/example_dags/example_skip_dag.py
[2023-05-29 15:26:52,658] {processor.py:641} INFO - Processing file /home/airflow/.local/lib/python3.7/site-packages/airflow/example_dags/example_skip_dag.py for tasks to queue
[2023-05-29 15:26:52,658] {logging_mixin.py:115} INFO - [2023-05-29 15:26:52,658] {dagbag.py:508} INFO - Filling up the DagBag from /home/airflow/.local/lib/python3.7/site-packages/airflow/example_dags/example_skip_dag.py
[2023-05-29 15:26:52,662] {processor.py:651} INFO - DAG(s) dict_keys(['example_skip_dag']) retrieved from /home/airflow/.local/lib/python3.7/site-packages/airflow/example_dags/example_skip_dag.py
[2023-05-29 15:26:52,682] {logging_mixin.py:115} INFO - [2023-05-29 15:26:52,682] {dag.py:2420} INFO - Sync 1 DAGs
[2023-05-29 15:26:52,700] {logging_mixin.py:115} INFO - [2023-05-29 15:26:52,700] {dag.py:2972} INFO - Setting next_dagrun for example_skip_dag to 2023-05-28T15:26:52.700407+00:00, run_after=2023-05-29T15:26:52.700407+00:00
[2023-05-29 15:26:52,712] {processor.py:161} INFO - Processing /home/airflow/.local/lib/python3.7/site-packages/airflow/example_dags/example_skip_dag.py took 0.057 seconds
[2023-05-29 15:27:23,267] {processor.py:153} INFO - Started process (PID=256) to work on /home/airflow/.local/lib/python3.7/site-packages/airflow/example_dags/example_skip_dag.py
[2023-05-29 15:27:23,267] {processor.py:641} INFO - Processing file /home/airflow/.local/lib/python3.7/site-packages/airflow/example_dags/example_skip_dag.py for tasks to queue
[2023-05-29 15:27:23,268] {logging_mixin.py:115} INFO - [2023-05-29 15:27:23,268] {dagbag.py:508} INFO - Filling up the DagBag from /home/airflow/.local/lib/python3.7/site-packages/airflow/example_dags/example_skip_dag.py
[2023-05-29 15:27:23,272] {processor.py:651} INFO - DAG(s) dict_keys(['example_skip_dag']) retrieved from /home/airflow/.local/lib/python3.7/site-packages/airflow/example_dags/example_skip_dag.py
[2023-05-29 15:27:23,294] {logging_mixin.py:115} INFO - [2023-05-29 15:27:23,294] {dag.py:2420} INFO - Sync 1 DAGs
[2023-05-29 15:27:23,312] {logging_mixin.py:115} INFO - [2023-05-29 15:27:23,311] {dag.py:2972} INFO - Setting next_dagrun for example_skip_dag to 2023-05-28T15:27:23.311738+00:00, run_after=2023-05-29T15:27:23.311738+00:00
[2023-05-29 15:27:23,325] {processor.py:161} INFO - Processing /home/airflow/.local/lib/python3.7/site-packages/airflow/example_dags/example_skip_dag.py took 0.060 seconds
[2023-05-29 15:27:53,795] {processor.py:153} INFO - Started process (PID=308) to work on /home/airflow/.local/lib/python3.7/site-packages/airflow/example_dags/example_skip_dag.py
[2023-05-29 15:27:53,796] {processor.py:641} INFO - Processing file /home/airflow/.local/lib/python3.7/site-packages/airflow/example_dags/example_skip_dag.py for tasks to queue
[2023-05-29 15:27:53,796] {logging_mixin.py:115} INFO - [2023-05-29 15:27:53,796] {dagbag.py:508} INFO - Filling up the DagBag from /home/airflow/.local/lib/python3.7/site-packages/airflow/example_dags/example_skip_dag.py
[2023-05-29 15:27:53,799] {processor.py:651} INFO - DAG(s) dict_keys(['example_skip_dag']) retrieved from /home/airflow/.local/lib/python3.7/site-packages/airflow/example_dags/example_skip_dag.py
[2023-05-29 15:27:53,819] {logging_mixin.py:115} INFO - [2023-05-29 15:27:53,819] {dag.py:2420} INFO - Sync 1 DAGs
[2023-05-29 15:27:53,836] {logging_mixin.py:115} INFO - [2023-05-29 15:27:53,836] {dag.py:2972} INFO - Setting next_dagrun for example_skip_dag to 2023-05-28T15:27:53.836230+00:00, run_after=2023-05-29T15:27:53.836230+00:00
[2023-05-29 15:27:53,847] {processor.py:161} INFO - Processing /home/airflow/.local/lib/python3.7/site-packages/airflow/example_dags/example_skip_dag.py took 0.054 seconds
[2023-05-29 15:28:24,273] {processor.py:153} INFO - Started process (PID=369) to work on /home/airflow/.local/lib/python3.7/site-packages/airflow/example_dags/example_skip_dag.py
[2023-05-29 15:28:24,274] {processor.py:641} INFO - Processing file /home/airflow/.local/lib/python3.7/site-packages/airflow/example_dags/example_skip_dag.py for tasks to queue
[2023-05-29 15:28:24,274] {logging_mixin.py:115} INFO - [2023-05-29 15:28:24,274] {dagbag.py:508} INFO - Filling up the DagBag from /home/airflow/.local/lib/python3.7/site-packages/airflow/example_dags/example_skip_dag.py
[2023-05-29 15:28:24,278] {processor.py:651} INFO - DAG(s) dict_keys(['example_skip_dag']) retrieved from /home/airflow/.local/lib/python3.7/site-packages/airflow/example_dags/example_skip_dag.py
[2023-05-29 15:28:24,299] {logging_mixin.py:115} INFO - [2023-05-29 15:28:24,299] {dag.py:2420} INFO - Sync 1 DAGs
[2023-05-29 15:28:24,315] {logging_mixin.py:115} INFO - [2023-05-29 15:28:24,315] {dag.py:2972} INFO - Setting next_dagrun for example_skip_dag to 2023-05-28T15:28:24.314852+00:00, run_after=2023-05-29T15:28:24.314852+00:00
[2023-05-29 15:28:24,324] {processor.py:161} INFO - Processing /home/airflow/.local/lib/python3.7/site-packages/airflow/example_dags/example_skip_dag.py took 0.052 seconds
[2023-05-29 15:28:54,774] {processor.py:153} INFO - Started process (PID=430) to work on /home/airflow/.local/lib/python3.7/site-packages/airflow/example_dags/example_skip_dag.py
[2023-05-29 15:28:54,775] {processor.py:641} INFO - Processing file /home/airflow/.local/lib/python3.7/site-packages/airflow/example_dags/example_skip_dag.py for tasks to queue
[2023-05-29 15:28:54,775] {logging_mixin.py:115} INFO - [2023-05-29 15:28:54,775] {dagbag.py:508} INFO - Filling up the DagBag from /home/airflow/.local/lib/python3.7/site-packages/airflow/example_dags/example_skip_dag.py
[2023-05-29 15:28:54,779] {processor.py:651} INFO - DAG(s) dict_keys(['example_skip_dag']) retrieved from /home/airflow/.local/lib/python3.7/site-packages/airflow/example_dags/example_skip_dag.py
[2023-05-29 15:28:54,798] {logging_mixin.py:115} INFO - [2023-05-29 15:28:54,798] {dag.py:2420} INFO - Sync 1 DAGs
[2023-05-29 15:28:54,816] {logging_mixin.py:115} INFO - [2023-05-29 15:28:54,816] {dag.py:2972} INFO - Setting next_dagrun for example_skip_dag to 2023-05-28T15:28:54.815872+00:00, run_after=2023-05-29T15:28:54.815872+00:00
[2023-05-29 15:28:54,828] {processor.py:161} INFO - Processing /home/airflow/.local/lib/python3.7/site-packages/airflow/example_dags/example_skip_dag.py took 0.055 seconds
[2023-05-29 15:29:25,343] {processor.py:153} INFO - Started process (PID=492) to work on /home/airflow/.local/lib/python3.7/site-packages/airflow/example_dags/example_skip_dag.py
[2023-05-29 15:29:25,344] {processor.py:641} INFO - Processing file /home/airflow/.local/lib/python3.7/site-packages/airflow/example_dags/example_skip_dag.py for tasks to queue
[2023-05-29 15:29:25,344] {logging_mixin.py:115} INFO - [2023-05-29 15:29:25,344] {dagbag.py:508} INFO - Filling up the DagBag from /home/airflow/.local/lib/python3.7/site-packages/airflow/example_dags/example_skip_dag.py
[2023-05-29 15:29:25,348] {processor.py:651} INFO - DAG(s) dict_keys(['example_skip_dag']) retrieved from /home/airflow/.local/lib/python3.7/site-packages/airflow/example_dags/example_skip_dag.py
[2023-05-29 15:29:25,368] {logging_mixin.py:115} INFO - [2023-05-29 15:29:25,368] {dag.py:2420} INFO - Sync 1 DAGs
[2023-05-29 15:29:25,386] {logging_mixin.py:115} INFO - [2023-05-29 15:29:25,386] {dag.py:2972} INFO - Setting next_dagrun for example_skip_dag to 2023-05-28T15:29:25.386633+00:00, run_after=2023-05-29T15:29:25.386633+00:00
[2023-05-29 15:29:25,397] {processor.py:161} INFO - Processing /home/airflow/.local/lib/python3.7/site-packages/airflow/example_dags/example_skip_dag.py took 0.056 seconds
[2023-05-29 15:29:55,790] {processor.py:153} INFO - Started process (PID=544) to work on /home/airflow/.local/lib/python3.7/site-packages/airflow/example_dags/example_skip_dag.py
[2023-05-29 15:29:55,791] {processor.py:641} INFO - Processing file /home/airflow/.local/lib/python3.7/site-packages/airflow/example_dags/example_skip_dag.py for tasks to queue
[2023-05-29 15:29:55,791] {logging_mixin.py:115} INFO - [2023-05-29 15:29:55,791] {dagbag.py:508} INFO - Filling up the DagBag from /home/airflow/.local/lib/python3.7/site-packages/airflow/example_dags/example_skip_dag.py
[2023-05-29 15:29:55,794] {processor.py:651} INFO - DAG(s) dict_keys(['example_skip_dag']) retrieved from /home/airflow/.local/lib/python3.7/site-packages/airflow/example_dags/example_skip_dag.py
[2023-05-29 15:29:55,815] {logging_mixin.py:115} INFO - [2023-05-29 15:29:55,815] {dag.py:2420} INFO - Sync 1 DAGs
[2023-05-29 15:29:55,832] {logging_mixin.py:115} INFO - [2023-05-29 15:29:55,832] {dag.py:2972} INFO - Setting next_dagrun for example_skip_dag to 2023-05-28T15:29:55.832524+00:00, run_after=2023-05-29T15:29:55.832524+00:00
[2023-05-29 15:29:55,843] {processor.py:161} INFO - Processing /home/airflow/.local/lib/python3.7/site-packages/airflow/example_dags/example_skip_dag.py took 0.055 seconds
[2023-05-29 15:30:26,529] {processor.py:153} INFO - Started process (PID=605) to work on /home/airflow/.local/lib/python3.7/site-packages/airflow/example_dags/example_skip_dag.py
[2023-05-29 15:30:26,536] {processor.py:641} INFO - Processing file /home/airflow/.local/lib/python3.7/site-packages/airflow/example_dags/example_skip_dag.py for tasks to queue
[2023-05-29 15:30:26,537] {logging_mixin.py:115} INFO - [2023-05-29 15:30:26,537] {dagbag.py:508} INFO - Filling up the DagBag from /home/airflow/.local/lib/python3.7/site-packages/airflow/example_dags/example_skip_dag.py
[2023-05-29 15:30:26,541] {processor.py:651} INFO - DAG(s) dict_keys(['example_skip_dag']) retrieved from /home/airflow/.local/lib/python3.7/site-packages/airflow/example_dags/example_skip_dag.py
[2023-05-29 15:30:26,561] {logging_mixin.py:115} INFO - [2023-05-29 15:30:26,561] {dag.py:2420} INFO - Sync 1 DAGs
[2023-05-29 15:30:26,577] {logging_mixin.py:115} INFO - [2023-05-29 15:30:26,577] {dag.py:2972} INFO - Setting next_dagrun for example_skip_dag to 2023-05-28T15:30:26.577606+00:00, run_after=2023-05-29T15:30:26.577606+00:00
[2023-05-29 15:30:26,601] {processor.py:161} INFO - Processing /home/airflow/.local/lib/python3.7/site-packages/airflow/example_dags/example_skip_dag.py took 0.074 seconds
[2023-05-29 15:30:57,084] {processor.py:153} INFO - Started process (PID=666) to work on /home/airflow/.local/lib/python3.7/site-packages/airflow/example_dags/example_skip_dag.py
[2023-05-29 15:30:57,084] {processor.py:641} INFO - Processing file /home/airflow/.local/lib/python3.7/site-packages/airflow/example_dags/example_skip_dag.py for tasks to queue
[2023-05-29 15:30:57,085] {logging_mixin.py:115} INFO - [2023-05-29 15:30:57,085] {dagbag.py:508} INFO - Filling up the DagBag from /home/airflow/.local/lib/python3.7/site-packages/airflow/example_dags/example_skip_dag.py
[2023-05-29 15:30:57,092] {processor.py:651} INFO - DAG(s) dict_keys(['example_skip_dag']) retrieved from /home/airflow/.local/lib/python3.7/site-packages/airflow/example_dags/example_skip_dag.py
[2023-05-29 15:30:57,116] {logging_mixin.py:115} INFO - [2023-05-29 15:30:57,116] {dag.py:2420} INFO - Sync 1 DAGs
[2023-05-29 15:30:57,137] {logging_mixin.py:115} INFO - [2023-05-29 15:30:57,136] {dag.py:2972} INFO - Setting next_dagrun for example_skip_dag to 2023-05-28T15:30:57.136650+00:00, run_after=2023-05-29T15:30:57.136650+00:00
[2023-05-29 15:30:57,153] {processor.py:161} INFO - Processing /home/airflow/.local/lib/python3.7/site-packages/airflow/example_dags/example_skip_dag.py took 0.072 seconds
[2023-05-29 15:31:27,576] {processor.py:153} INFO - Started process (PID=727) to work on /home/airflow/.local/lib/python3.7/site-packages/airflow/example_dags/example_skip_dag.py
[2023-05-29 15:31:27,577] {processor.py:641} INFO - Processing file /home/airflow/.local/lib/python3.7/site-packages/airflow/example_dags/example_skip_dag.py for tasks to queue
[2023-05-29 15:31:27,577] {logging_mixin.py:115} INFO - [2023-05-29 15:31:27,577] {dagbag.py:508} INFO - Filling up the DagBag from /home/airflow/.local/lib/python3.7/site-packages/airflow/example_dags/example_skip_dag.py
[2023-05-29 15:31:27,581] {processor.py:651} INFO - DAG(s) dict_keys(['example_skip_dag']) retrieved from /home/airflow/.local/lib/python3.7/site-packages/airflow/example_dags/example_skip_dag.py
[2023-05-29 15:31:27,602] {logging_mixin.py:115} INFO - [2023-05-29 15:31:27,602] {dag.py:2420} INFO - Sync 1 DAGs
[2023-05-29 15:31:27,621] {logging_mixin.py:115} INFO - [2023-05-29 15:31:27,621] {dag.py:2972} INFO - Setting next_dagrun for example_skip_dag to 2023-05-28T15:31:27.621505+00:00, run_after=2023-05-29T15:31:27.621505+00:00
[2023-05-29 15:31:27,632] {processor.py:161} INFO - Processing /home/airflow/.local/lib/python3.7/site-packages/airflow/example_dags/example_skip_dag.py took 0.059 seconds
[2023-05-29 15:31:58,124] {processor.py:153} INFO - Started process (PID=778) to work on /home/airflow/.local/lib/python3.7/site-packages/airflow/example_dags/example_skip_dag.py
[2023-05-29 15:31:58,124] {processor.py:641} INFO - Processing file /home/airflow/.local/lib/python3.7/site-packages/airflow/example_dags/example_skip_dag.py for tasks to queue
[2023-05-29 15:31:58,125] {logging_mixin.py:115} INFO - [2023-05-29 15:31:58,125] {dagbag.py:508} INFO - Filling up the DagBag from /home/airflow/.local/lib/python3.7/site-packages/airflow/example_dags/example_skip_dag.py
[2023-05-29 15:31:58,128] {processor.py:651} INFO - DAG(s) dict_keys(['example_skip_dag']) retrieved from /home/airflow/.local/lib/python3.7/site-packages/airflow/example_dags/example_skip_dag.py
[2023-05-29 15:31:58,149] {logging_mixin.py:115} INFO - [2023-05-29 15:31:58,149] {dag.py:2420} INFO - Sync 1 DAGs
[2023-05-29 15:31:58,167] {logging_mixin.py:115} INFO - [2023-05-29 15:31:58,167] {dag.py:2972} INFO - Setting next_dagrun for example_skip_dag to 2023-05-28T15:31:58.166832+00:00, run_after=2023-05-29T15:31:58.166832+00:00
[2023-05-29 15:31:58,176] {processor.py:161} INFO - Processing /home/airflow/.local/lib/python3.7/site-packages/airflow/example_dags/example_skip_dag.py took 0.055 seconds
[2023-05-29 15:32:28,555] {processor.py:153} INFO - Started process (PID=839) to work on /home/airflow/.local/lib/python3.7/site-packages/airflow/example_dags/example_skip_dag.py
[2023-05-29 15:32:28,555] {processor.py:641} INFO - Processing file /home/airflow/.local/lib/python3.7/site-packages/airflow/example_dags/example_skip_dag.py for tasks to queue
[2023-05-29 15:32:28,556] {logging_mixin.py:115} INFO - [2023-05-29 15:32:28,556] {dagbag.py:508} INFO - Filling up the DagBag from /home/airflow/.local/lib/python3.7/site-packages/airflow/example_dags/example_skip_dag.py
[2023-05-29 15:32:28,559] {processor.py:651} INFO - DAG(s) dict_keys(['example_skip_dag']) retrieved from /home/airflow/.local/lib/python3.7/site-packages/airflow/example_dags/example_skip_dag.py
[2023-05-29 15:32:28,581] {logging_mixin.py:115} INFO - [2023-05-29 15:32:28,581] {dag.py:2420} INFO - Sync 1 DAGs
[2023-05-29 15:32:28,597] {logging_mixin.py:115} INFO - [2023-05-29 15:32:28,597] {dag.py:2972} INFO - Setting next_dagrun for example_skip_dag to 2023-05-28T15:32:28.597548+00:00, run_after=2023-05-29T15:32:28.597548+00:00
[2023-05-29 15:32:28,609] {processor.py:161} INFO - Processing /home/airflow/.local/lib/python3.7/site-packages/airflow/example_dags/example_skip_dag.py took 0.057 seconds
[2023-05-29 15:32:58,998] {processor.py:153} INFO - Started process (PID=900) to work on /home/airflow/.local/lib/python3.7/site-packages/airflow/example_dags/example_skip_dag.py
[2023-05-29 15:32:58,999] {processor.py:641} INFO - Processing file /home/airflow/.local/lib/python3.7/site-packages/airflow/example_dags/example_skip_dag.py for tasks to queue
[2023-05-29 15:32:59,000] {logging_mixin.py:115} INFO - [2023-05-29 15:32:59,000] {dagbag.py:508} INFO - Filling up the DagBag from /home/airflow/.local/lib/python3.7/site-packages/airflow/example_dags/example_skip_dag.py
[2023-05-29 15:32:59,004] {processor.py:651} INFO - DAG(s) dict_keys(['example_skip_dag']) retrieved from /home/airflow/.local/lib/python3.7/site-packages/airflow/example_dags/example_skip_dag.py
[2023-05-29 15:32:59,027] {logging_mixin.py:115} INFO - [2023-05-29 15:32:59,026] {dag.py:2420} INFO - Sync 1 DAGs
[2023-05-29 15:32:59,046] {logging_mixin.py:115} INFO - [2023-05-29 15:32:59,046] {dag.py:2972} INFO - Setting next_dagrun for example_skip_dag to 2023-05-28T15:32:59.046345+00:00, run_after=2023-05-29T15:32:59.046345+00:00
[2023-05-29 15:32:59,057] {processor.py:161} INFO - Processing /home/airflow/.local/lib/python3.7/site-packages/airflow/example_dags/example_skip_dag.py took 0.062 seconds
[2023-05-29 15:33:29,598] {processor.py:153} INFO - Started process (PID=961) to work on /home/airflow/.local/lib/python3.7/site-packages/airflow/example_dags/example_skip_dag.py
[2023-05-29 15:33:29,599] {processor.py:641} INFO - Processing file /home/airflow/.local/lib/python3.7/site-packages/airflow/example_dags/example_skip_dag.py for tasks to queue
[2023-05-29 15:33:29,599] {logging_mixin.py:115} INFO - [2023-05-29 15:33:29,599] {dagbag.py:508} INFO - Filling up the DagBag from /home/airflow/.local/lib/python3.7/site-packages/airflow/example_dags/example_skip_dag.py
[2023-05-29 15:33:29,602] {processor.py:651} INFO - DAG(s) dict_keys(['example_skip_dag']) retrieved from /home/airflow/.local/lib/python3.7/site-packages/airflow/example_dags/example_skip_dag.py
[2023-05-29 15:33:29,623] {logging_mixin.py:115} INFO - [2023-05-29 15:33:29,622] {dag.py:2420} INFO - Sync 1 DAGs
[2023-05-29 15:33:29,641] {logging_mixin.py:115} INFO - [2023-05-29 15:33:29,641] {dag.py:2972} INFO - Setting next_dagrun for example_skip_dag to 2023-05-28T15:33:29.640942+00:00, run_after=2023-05-29T15:33:29.640942+00:00
[2023-05-29 15:33:29,651] {processor.py:161} INFO - Processing /home/airflow/.local/lib/python3.7/site-packages/airflow/example_dags/example_skip_dag.py took 0.055 seconds
[2023-05-29 15:34:00,078] {processor.py:153} INFO - Started process (PID=1013) to work on /home/airflow/.local/lib/python3.7/site-packages/airflow/example_dags/example_skip_dag.py
[2023-05-29 15:34:00,079] {processor.py:641} INFO - Processing file /home/airflow/.local/lib/python3.7/site-packages/airflow/example_dags/example_skip_dag.py for tasks to queue
[2023-05-29 15:34:00,080] {logging_mixin.py:115} INFO - [2023-05-29 15:34:00,080] {dagbag.py:508} INFO - Filling up the DagBag from /home/airflow/.local/lib/python3.7/site-packages/airflow/example_dags/example_skip_dag.py
[2023-05-29 15:34:00,084] {processor.py:651} INFO - DAG(s) dict_keys(['example_skip_dag']) retrieved from /home/airflow/.local/lib/python3.7/site-packages/airflow/example_dags/example_skip_dag.py
[2023-05-29 15:34:00,106] {logging_mixin.py:115} INFO - [2023-05-29 15:34:00,106] {dag.py:2420} INFO - Sync 1 DAGs
[2023-05-29 15:34:00,122] {logging_mixin.py:115} INFO - [2023-05-29 15:34:00,122] {dag.py:2972} INFO - Setting next_dagrun for example_skip_dag to 2023-05-28T15:34:00.122708+00:00, run_after=2023-05-29T15:34:00.122708+00:00
[2023-05-29 15:34:00,133] {processor.py:161} INFO - Processing /home/airflow/.local/lib/python3.7/site-packages/airflow/example_dags/example_skip_dag.py took 0.057 seconds
[2023-05-29 15:34:30,481] {processor.py:153} INFO - Started process (PID=1074) to work on /home/airflow/.local/lib/python3.7/site-packages/airflow/example_dags/example_skip_dag.py
[2023-05-29 15:34:30,481] {processor.py:641} INFO - Processing file /home/airflow/.local/lib/python3.7/site-packages/airflow/example_dags/example_skip_dag.py for tasks to queue
[2023-05-29 15:34:30,482] {logging_mixin.py:115} INFO - [2023-05-29 15:34:30,482] {dagbag.py:508} INFO - Filling up the DagBag from /home/airflow/.local/lib/python3.7/site-packages/airflow/example_dags/example_skip_dag.py
[2023-05-29 15:34:30,485] {processor.py:651} INFO - DAG(s) dict_keys(['example_skip_dag']) retrieved from /home/airflow/.local/lib/python3.7/site-packages/airflow/example_dags/example_skip_dag.py
[2023-05-29 15:34:30,505] {logging_mixin.py:115} INFO - [2023-05-29 15:34:30,504] {dag.py:2420} INFO - Sync 1 DAGs
[2023-05-29 15:34:30,522] {logging_mixin.py:115} INFO - [2023-05-29 15:34:30,522] {dag.py:2972} INFO - Setting next_dagrun for example_skip_dag to 2023-05-28T15:34:30.522109+00:00, run_after=2023-05-29T15:34:30.522109+00:00
[2023-05-29 15:34:30,532] {processor.py:161} INFO - Processing /home/airflow/.local/lib/python3.7/site-packages/airflow/example_dags/example_skip_dag.py took 0.053 seconds
[2023-05-29 15:35:00,969] {processor.py:153} INFO - Started process (PID=1135) to work on /home/airflow/.local/lib/python3.7/site-packages/airflow/example_dags/example_skip_dag.py
[2023-05-29 15:35:00,970] {processor.py:641} INFO - Processing file /home/airflow/.local/lib/python3.7/site-packages/airflow/example_dags/example_skip_dag.py for tasks to queue
[2023-05-29 15:35:00,970] {logging_mixin.py:115} INFO - [2023-05-29 15:35:00,970] {dagbag.py:508} INFO - Filling up the DagBag from /home/airflow/.local/lib/python3.7/site-packages/airflow/example_dags/example_skip_dag.py
[2023-05-29 15:35:00,973] {processor.py:651} INFO - DAG(s) dict_keys(['example_skip_dag']) retrieved from /home/airflow/.local/lib/python3.7/site-packages/airflow/example_dags/example_skip_dag.py
[2023-05-29 15:35:00,993] {logging_mixin.py:115} INFO - [2023-05-29 15:35:00,992] {dag.py:2420} INFO - Sync 1 DAGs
[2023-05-29 15:35:01,010] {logging_mixin.py:115} INFO - [2023-05-29 15:35:01,010] {dag.py:2972} INFO - Setting next_dagrun for example_skip_dag to 2023-05-28T15:35:01.009961+00:00, run_after=2023-05-29T15:35:01.009961+00:00
[2023-05-29 15:35:01,022] {processor.py:161} INFO - Processing /home/airflow/.local/lib/python3.7/site-packages/airflow/example_dags/example_skip_dag.py took 0.055 seconds
[2023-05-29 15:35:31,627] {processor.py:153} INFO - Started process (PID=1196) to work on /home/airflow/.local/lib/python3.7/site-packages/airflow/example_dags/example_skip_dag.py
[2023-05-29 15:35:31,627] {processor.py:641} INFO - Processing file /home/airflow/.local/lib/python3.7/site-packages/airflow/example_dags/example_skip_dag.py for tasks to queue
[2023-05-29 15:35:31,628] {logging_mixin.py:115} INFO - [2023-05-29 15:35:31,627] {dagbag.py:508} INFO - Filling up the DagBag from /home/airflow/.local/lib/python3.7/site-packages/airflow/example_dags/example_skip_dag.py
[2023-05-29 15:35:31,631] {processor.py:651} INFO - DAG(s) dict_keys(['example_skip_dag']) retrieved from /home/airflow/.local/lib/python3.7/site-packages/airflow/example_dags/example_skip_dag.py
[2023-05-29 15:35:31,656] {logging_mixin.py:115} INFO - [2023-05-29 15:35:31,655] {dag.py:2420} INFO - Sync 1 DAGs
[2023-05-29 15:35:31,674] {logging_mixin.py:115} INFO - [2023-05-29 15:35:31,674] {dag.py:2972} INFO - Setting next_dagrun for example_skip_dag to 2023-05-28T15:35:31.673976+00:00, run_after=2023-05-29T15:35:31.673976+00:00
[2023-05-29 15:35:31,686] {processor.py:161} INFO - Processing /home/airflow/.local/lib/python3.7/site-packages/airflow/example_dags/example_skip_dag.py took 0.062 seconds
[2023-05-29 15:36:02,246] {processor.py:153} INFO - Started process (PID=1249) to work on /home/airflow/.local/lib/python3.7/site-packages/airflow/example_dags/example_skip_dag.py
[2023-05-29 15:36:02,246] {processor.py:641} INFO - Processing file /home/airflow/.local/lib/python3.7/site-packages/airflow/example_dags/example_skip_dag.py for tasks to queue
[2023-05-29 15:36:02,246] {logging_mixin.py:115} INFO - [2023-05-29 15:36:02,246] {dagbag.py:508} INFO - Filling up the DagBag from /home/airflow/.local/lib/python3.7/site-packages/airflow/example_dags/example_skip_dag.py
[2023-05-29 15:36:02,250] {processor.py:651} INFO - DAG(s) dict_keys(['example_skip_dag']) retrieved from /home/airflow/.local/lib/python3.7/site-packages/airflow/example_dags/example_skip_dag.py
[2023-05-29 15:36:02,270] {logging_mixin.py:115} INFO - [2023-05-29 15:36:02,270] {dag.py:2420} INFO - Sync 1 DAGs
[2023-05-29 15:36:02,286] {logging_mixin.py:115} INFO - [2023-05-29 15:36:02,286] {dag.py:2972} INFO - Setting next_dagrun for example_skip_dag to 2023-05-28T15:36:02.286285+00:00, run_after=2023-05-29T15:36:02.286285+00:00
[2023-05-29 15:36:02,298] {processor.py:161} INFO - Processing /home/airflow/.local/lib/python3.7/site-packages/airflow/example_dags/example_skip_dag.py took 0.054 seconds
[2023-05-29 15:36:32,846] {processor.py:153} INFO - Started process (PID=1311) to work on /home/airflow/.local/lib/python3.7/site-packages/airflow/example_dags/example_skip_dag.py
[2023-05-29 15:36:32,847] {processor.py:641} INFO - Processing file /home/airflow/.local/lib/python3.7/site-packages/airflow/example_dags/example_skip_dag.py for tasks to queue
[2023-05-29 15:36:32,847] {logging_mixin.py:115} INFO - [2023-05-29 15:36:32,847] {dagbag.py:508} INFO - Filling up the DagBag from /home/airflow/.local/lib/python3.7/site-packages/airflow/example_dags/example_skip_dag.py
[2023-05-29 15:36:32,850] {processor.py:651} INFO - DAG(s) dict_keys(['example_skip_dag']) retrieved from /home/airflow/.local/lib/python3.7/site-packages/airflow/example_dags/example_skip_dag.py
[2023-05-29 15:36:32,870] {logging_mixin.py:115} INFO - [2023-05-29 15:36:32,870] {dag.py:2420} INFO - Sync 1 DAGs
[2023-05-29 15:36:32,888] {logging_mixin.py:115} INFO - [2023-05-29 15:36:32,888] {dag.py:2972} INFO - Setting next_dagrun for example_skip_dag to 2023-05-28T15:36:32.887940+00:00, run_after=2023-05-29T15:36:32.887940+00:00
[2023-05-29 15:36:32,898] {processor.py:161} INFO - Processing /home/airflow/.local/lib/python3.7/site-packages/airflow/example_dags/example_skip_dag.py took 0.053 seconds
[2023-05-29 15:37:03,339] {processor.py:153} INFO - Started process (PID=1373) to work on /home/airflow/.local/lib/python3.7/site-packages/airflow/example_dags/example_skip_dag.py
[2023-05-29 15:37:03,340] {processor.py:641} INFO - Processing file /home/airflow/.local/lib/python3.7/site-packages/airflow/example_dags/example_skip_dag.py for tasks to queue
[2023-05-29 15:37:03,340] {logging_mixin.py:115} INFO - [2023-05-29 15:37:03,340] {dagbag.py:508} INFO - Filling up the DagBag from /home/airflow/.local/lib/python3.7/site-packages/airflow/example_dags/example_skip_dag.py
[2023-05-29 15:37:03,344] {processor.py:651} INFO - DAG(s) dict_keys(['example_skip_dag']) retrieved from /home/airflow/.local/lib/python3.7/site-packages/airflow/example_dags/example_skip_dag.py
[2023-05-29 15:37:03,364] {logging_mixin.py:115} INFO - [2023-05-29 15:37:03,364] {dag.py:2420} INFO - Sync 1 DAGs
[2023-05-29 15:37:03,382] {logging_mixin.py:115} INFO - [2023-05-29 15:37:03,382] {dag.py:2972} INFO - Setting next_dagrun for example_skip_dag to 2023-05-28T15:37:03.381948+00:00, run_after=2023-05-29T15:37:03.381948+00:00
[2023-05-29 15:37:03,392] {processor.py:161} INFO - Processing /home/airflow/.local/lib/python3.7/site-packages/airflow/example_dags/example_skip_dag.py took 0.055 seconds
[2023-05-29 15:37:33,841] {processor.py:153} INFO - Started process (PID=1435) to work on /home/airflow/.local/lib/python3.7/site-packages/airflow/example_dags/example_skip_dag.py
[2023-05-29 15:37:33,842] {processor.py:641} INFO - Processing file /home/airflow/.local/lib/python3.7/site-packages/airflow/example_dags/example_skip_dag.py for tasks to queue
[2023-05-29 15:37:33,842] {logging_mixin.py:115} INFO - [2023-05-29 15:37:33,842] {dagbag.py:508} INFO - Filling up the DagBag from /home/airflow/.local/lib/python3.7/site-packages/airflow/example_dags/example_skip_dag.py
[2023-05-29 15:37:33,846] {processor.py:651} INFO - DAG(s) dict_keys(['example_skip_dag']) retrieved from /home/airflow/.local/lib/python3.7/site-packages/airflow/example_dags/example_skip_dag.py
[2023-05-29 15:37:33,871] {logging_mixin.py:115} INFO - [2023-05-29 15:37:33,871] {dag.py:2420} INFO - Sync 1 DAGs
[2023-05-29 15:37:33,891] {logging_mixin.py:115} INFO - [2023-05-29 15:37:33,891] {dag.py:2972} INFO - Setting next_dagrun for example_skip_dag to 2023-05-28T15:37:33.891355+00:00, run_after=2023-05-29T15:37:33.891355+00:00
[2023-05-29 15:37:33,905] {processor.py:161} INFO - Processing /home/airflow/.local/lib/python3.7/site-packages/airflow/example_dags/example_skip_dag.py took 0.067 seconds
[2023-05-29 15:38:04,324] {processor.py:153} INFO - Started process (PID=1488) to work on /home/airflow/.local/lib/python3.7/site-packages/airflow/example_dags/example_skip_dag.py
[2023-05-29 15:38:04,325] {processor.py:641} INFO - Processing file /home/airflow/.local/lib/python3.7/site-packages/airflow/example_dags/example_skip_dag.py for tasks to queue
[2023-05-29 15:38:04,325] {logging_mixin.py:115} INFO - [2023-05-29 15:38:04,325] {dagbag.py:508} INFO - Filling up the DagBag from /home/airflow/.local/lib/python3.7/site-packages/airflow/example_dags/example_skip_dag.py
[2023-05-29 15:38:04,328] {processor.py:651} INFO - DAG(s) dict_keys(['example_skip_dag']) retrieved from /home/airflow/.local/lib/python3.7/site-packages/airflow/example_dags/example_skip_dag.py
[2023-05-29 15:38:04,349] {logging_mixin.py:115} INFO - [2023-05-29 15:38:04,349] {dag.py:2420} INFO - Sync 1 DAGs
[2023-05-29 15:38:04,367] {logging_mixin.py:115} INFO - [2023-05-29 15:38:04,367] {dag.py:2972} INFO - Setting next_dagrun for example_skip_dag to 2023-05-28T15:38:04.367065+00:00, run_after=2023-05-29T15:38:04.367065+00:00
[2023-05-29 15:38:04,378] {processor.py:161} INFO - Processing /home/airflow/.local/lib/python3.7/site-packages/airflow/example_dags/example_skip_dag.py took 0.056 seconds
[2023-05-29 15:38:34,930] {processor.py:153} INFO - Started process (PID=1559) to work on /home/airflow/.local/lib/python3.7/site-packages/airflow/example_dags/example_skip_dag.py
[2023-05-29 15:38:34,930] {processor.py:641} INFO - Processing file /home/airflow/.local/lib/python3.7/site-packages/airflow/example_dags/example_skip_dag.py for tasks to queue
[2023-05-29 15:38:34,930] {logging_mixin.py:115} INFO - [2023-05-29 15:38:34,930] {dagbag.py:508} INFO - Filling up the DagBag from /home/airflow/.local/lib/python3.7/site-packages/airflow/example_dags/example_skip_dag.py
[2023-05-29 15:38:34,934] {processor.py:651} INFO - DAG(s) dict_keys(['example_skip_dag']) retrieved from /home/airflow/.local/lib/python3.7/site-packages/airflow/example_dags/example_skip_dag.py
[2023-05-29 15:38:34,955] {logging_mixin.py:115} INFO - [2023-05-29 15:38:34,955] {dag.py:2420} INFO - Sync 1 DAGs
[2023-05-29 15:38:34,974] {logging_mixin.py:115} INFO - [2023-05-29 15:38:34,974] {dag.py:2972} INFO - Setting next_dagrun for example_skip_dag to 2023-05-28T15:38:34.973889+00:00, run_after=2023-05-29T15:38:34.973889+00:00
[2023-05-29 15:38:34,985] {processor.py:161} INFO - Processing /home/airflow/.local/lib/python3.7/site-packages/airflow/example_dags/example_skip_dag.py took 0.057 seconds
[2023-05-29 15:39:05,727] {processor.py:153} INFO - Started process (PID=1625) to work on /home/airflow/.local/lib/python3.7/site-packages/airflow/example_dags/example_skip_dag.py
[2023-05-29 15:39:05,728] {processor.py:641} INFO - Processing file /home/airflow/.local/lib/python3.7/site-packages/airflow/example_dags/example_skip_dag.py for tasks to queue
[2023-05-29 15:39:05,729] {logging_mixin.py:115} INFO - [2023-05-29 15:39:05,729] {dagbag.py:508} INFO - Filling up the DagBag from /home/airflow/.local/lib/python3.7/site-packages/airflow/example_dags/example_skip_dag.py
[2023-05-29 15:39:05,733] {processor.py:651} INFO - DAG(s) dict_keys(['example_skip_dag']) retrieved from /home/airflow/.local/lib/python3.7/site-packages/airflow/example_dags/example_skip_dag.py
[2023-05-29 15:39:05,753] {logging_mixin.py:115} INFO - [2023-05-29 15:39:05,753] {dag.py:2420} INFO - Sync 1 DAGs
[2023-05-29 15:39:05,771] {logging_mixin.py:115} INFO - [2023-05-29 15:39:05,771] {dag.py:2972} INFO - Setting next_dagrun for example_skip_dag to 2023-05-28T15:39:05.771113+00:00, run_after=2023-05-29T15:39:05.771113+00:00
[2023-05-29 15:39:05,783] {processor.py:161} INFO - Processing /home/airflow/.local/lib/python3.7/site-packages/airflow/example_dags/example_skip_dag.py took 0.059 seconds
[2023-05-29 15:39:36,192] {processor.py:153} INFO - Started process (PID=1678) to work on /home/airflow/.local/lib/python3.7/site-packages/airflow/example_dags/example_skip_dag.py
[2023-05-29 15:39:36,193] {processor.py:641} INFO - Processing file /home/airflow/.local/lib/python3.7/site-packages/airflow/example_dags/example_skip_dag.py for tasks to queue
[2023-05-29 15:39:36,193] {logging_mixin.py:115} INFO - [2023-05-29 15:39:36,193] {dagbag.py:508} INFO - Filling up the DagBag from /home/airflow/.local/lib/python3.7/site-packages/airflow/example_dags/example_skip_dag.py
[2023-05-29 15:39:36,196] {processor.py:651} INFO - DAG(s) dict_keys(['example_skip_dag']) retrieved from /home/airflow/.local/lib/python3.7/site-packages/airflow/example_dags/example_skip_dag.py
[2023-05-29 15:39:36,218] {logging_mixin.py:115} INFO - [2023-05-29 15:39:36,218] {dag.py:2420} INFO - Sync 1 DAGs
[2023-05-29 15:39:36,237] {logging_mixin.py:115} INFO - [2023-05-29 15:39:36,237] {dag.py:2972} INFO - Setting next_dagrun for example_skip_dag to 2023-05-28T15:39:36.237091+00:00, run_after=2023-05-29T15:39:36.237091+00:00
[2023-05-29 15:39:36,251] {processor.py:161} INFO - Processing /home/airflow/.local/lib/python3.7/site-packages/airflow/example_dags/example_skip_dag.py took 0.061 seconds
[2023-05-29 15:40:06,620] {processor.py:153} INFO - Started process (PID=1740) to work on /home/airflow/.local/lib/python3.7/site-packages/airflow/example_dags/example_skip_dag.py
[2023-05-29 15:40:06,620] {processor.py:641} INFO - Processing file /home/airflow/.local/lib/python3.7/site-packages/airflow/example_dags/example_skip_dag.py for tasks to queue
[2023-05-29 15:40:06,621] {logging_mixin.py:115} INFO - [2023-05-29 15:40:06,621] {dagbag.py:508} INFO - Filling up the DagBag from /home/airflow/.local/lib/python3.7/site-packages/airflow/example_dags/example_skip_dag.py
[2023-05-29 15:40:06,624] {processor.py:651} INFO - DAG(s) dict_keys(['example_skip_dag']) retrieved from /home/airflow/.local/lib/python3.7/site-packages/airflow/example_dags/example_skip_dag.py
[2023-05-29 15:40:06,645] {logging_mixin.py:115} INFO - [2023-05-29 15:40:06,645] {dag.py:2420} INFO - Sync 1 DAGs
[2023-05-29 15:40:06,661] {logging_mixin.py:115} INFO - [2023-05-29 15:40:06,661] {dag.py:2972} INFO - Setting next_dagrun for example_skip_dag to 2023-05-28T15:40:06.661304+00:00, run_after=2023-05-29T15:40:06.661304+00:00
[2023-05-29 15:40:06,671] {processor.py:161} INFO - Processing /home/airflow/.local/lib/python3.7/site-packages/airflow/example_dags/example_skip_dag.py took 0.053 seconds
[2023-05-29 15:40:36,989] {processor.py:153} INFO - Started process (PID=1802) to work on /home/airflow/.local/lib/python3.7/site-packages/airflow/example_dags/example_skip_dag.py
[2023-05-29 15:40:36,990] {processor.py:641} INFO - Processing file /home/airflow/.local/lib/python3.7/site-packages/airflow/example_dags/example_skip_dag.py for tasks to queue
[2023-05-29 15:40:36,990] {logging_mixin.py:115} INFO - [2023-05-29 15:40:36,990] {dagbag.py:508} INFO - Filling up the DagBag from /home/airflow/.local/lib/python3.7/site-packages/airflow/example_dags/example_skip_dag.py
[2023-05-29 15:40:36,993] {processor.py:651} INFO - DAG(s) dict_keys(['example_skip_dag']) retrieved from /home/airflow/.local/lib/python3.7/site-packages/airflow/example_dags/example_skip_dag.py
[2023-05-29 15:40:37,013] {logging_mixin.py:115} INFO - [2023-05-29 15:40:37,013] {dag.py:2420} INFO - Sync 1 DAGs
[2023-05-29 15:40:37,030] {logging_mixin.py:115} INFO - [2023-05-29 15:40:37,030] {dag.py:2972} INFO - Setting next_dagrun for example_skip_dag to 2023-05-28T15:40:37.030210+00:00, run_after=2023-05-29T15:40:37.030210+00:00
[2023-05-29 15:40:37,040] {processor.py:161} INFO - Processing /home/airflow/.local/lib/python3.7/site-packages/airflow/example_dags/example_skip_dag.py took 0.052 seconds
[2023-05-29 15:41:07,680] {processor.py:153} INFO - Started process (PID=1864) to work on /home/airflow/.local/lib/python3.7/site-packages/airflow/example_dags/example_skip_dag.py
[2023-05-29 15:41:07,681] {processor.py:641} INFO - Processing file /home/airflow/.local/lib/python3.7/site-packages/airflow/example_dags/example_skip_dag.py for tasks to queue
[2023-05-29 15:41:07,681] {logging_mixin.py:115} INFO - [2023-05-29 15:41:07,681] {dagbag.py:508} INFO - Filling up the DagBag from /home/airflow/.local/lib/python3.7/site-packages/airflow/example_dags/example_skip_dag.py
[2023-05-29 15:41:07,685] {processor.py:651} INFO - DAG(s) dict_keys(['example_skip_dag']) retrieved from /home/airflow/.local/lib/python3.7/site-packages/airflow/example_dags/example_skip_dag.py
[2023-05-29 15:41:07,708] {logging_mixin.py:115} INFO - [2023-05-29 15:41:07,708] {dag.py:2420} INFO - Sync 1 DAGs
[2023-05-29 15:41:07,731] {logging_mixin.py:115} INFO - [2023-05-29 15:41:07,731] {dag.py:2972} INFO - Setting next_dagrun for example_skip_dag to 2023-05-28T15:41:07.731192+00:00, run_after=2023-05-29T15:41:07.731192+00:00
[2023-05-29 15:41:07,742] {processor.py:161} INFO - Processing /home/airflow/.local/lib/python3.7/site-packages/airflow/example_dags/example_skip_dag.py took 0.064 seconds
