[2023-05-29 15:18:18,625] {processor.py:153} INFO - Started process (PID=50) to work on /home/airflow/.local/lib/python3.7/site-packages/airflow/example_dags/example_short_circuit_operator.py
[2023-05-29 15:18:18,626] {processor.py:641} INFO - Processing file /home/airflow/.local/lib/python3.7/site-packages/airflow/example_dags/example_short_circuit_operator.py for tasks to queue
[2023-05-29 15:18:18,626] {logging_mixin.py:115} INFO - [2023-05-29 15:18:18,626] {dagbag.py:508} INFO - Filling up the DagBag from /home/airflow/.local/lib/python3.7/site-packages/airflow/example_dags/example_short_circuit_operator.py
[2023-05-29 15:18:18,633] {processor.py:651} INFO - DAG(s) dict_keys(['example_short_circuit_operator']) retrieved from /home/airflow/.local/lib/python3.7/site-packages/airflow/example_dags/example_short_circuit_operator.py
[2023-05-29 15:18:18,707] {logging_mixin.py:115} INFO - [2023-05-29 15:18:18,707] {manager.py:508} INFO - Created Permission View: can read on DAG:example_short_circuit_operator
[2023-05-29 15:18:18,720] {logging_mixin.py:115} INFO - [2023-05-29 15:18:18,720] {manager.py:508} INFO - Created Permission View: can delete on DAG:example_short_circuit_operator
[2023-05-29 15:18:18,732] {logging_mixin.py:115} INFO - [2023-05-29 15:18:18,731] {manager.py:508} INFO - Created Permission View: can edit on DAG:example_short_circuit_operator
[2023-05-29 15:18:18,732] {logging_mixin.py:115} INFO - [2023-05-29 15:18:18,732] {dag.py:2420} INFO - Sync 1 DAGs
[2023-05-29 15:18:18,742] {logging_mixin.py:115} INFO - [2023-05-29 15:18:18,742] {dag.py:2439} INFO - Creating ORM DAG for example_short_circuit_operator
[2023-05-29 15:18:18,756] {logging_mixin.py:115} INFO - [2023-05-29 15:18:18,756] {dag.py:2972} INFO - Setting next_dagrun for example_short_circuit_operator to 2023-05-28T15:18:18.756020+00:00, run_after=2023-05-29T15:18:18.756020+00:00
[2023-05-29 15:18:18,773] {processor.py:161} INFO - Processing /home/airflow/.local/lib/python3.7/site-packages/airflow/example_dags/example_short_circuit_operator.py took 0.150 seconds
[2023-05-29 15:18:49,391] {processor.py:153} INFO - Started process (PID=111) to work on /home/airflow/.local/lib/python3.7/site-packages/airflow/example_dags/example_short_circuit_operator.py
[2023-05-29 15:18:49,398] {processor.py:641} INFO - Processing file /home/airflow/.local/lib/python3.7/site-packages/airflow/example_dags/example_short_circuit_operator.py for tasks to queue
[2023-05-29 15:18:49,399] {logging_mixin.py:115} INFO - [2023-05-29 15:18:49,399] {dagbag.py:508} INFO - Filling up the DagBag from /home/airflow/.local/lib/python3.7/site-packages/airflow/example_dags/example_short_circuit_operator.py
[2023-05-29 15:18:49,406] {processor.py:651} INFO - DAG(s) dict_keys(['example_short_circuit_operator']) retrieved from /home/airflow/.local/lib/python3.7/site-packages/airflow/example_dags/example_short_circuit_operator.py
[2023-05-29 15:18:49,427] {logging_mixin.py:115} INFO - [2023-05-29 15:18:49,427] {dag.py:2420} INFO - Sync 1 DAGs
[2023-05-29 15:18:49,446] {logging_mixin.py:115} INFO - [2023-05-29 15:18:49,445] {dag.py:2972} INFO - Setting next_dagrun for example_short_circuit_operator to 2023-05-28T15:18:49.445742+00:00, run_after=2023-05-29T15:18:49.445742+00:00
[2023-05-29 15:18:49,474] {processor.py:161} INFO - Processing /home/airflow/.local/lib/python3.7/site-packages/airflow/example_dags/example_short_circuit_operator.py took 0.085 seconds
[2023-05-29 15:19:20,260] {processor.py:153} INFO - Started process (PID=172) to work on /home/airflow/.local/lib/python3.7/site-packages/airflow/example_dags/example_short_circuit_operator.py
[2023-05-29 15:19:20,260] {processor.py:641} INFO - Processing file /home/airflow/.local/lib/python3.7/site-packages/airflow/example_dags/example_short_circuit_operator.py for tasks to queue
[2023-05-29 15:19:20,261] {logging_mixin.py:115} INFO - [2023-05-29 15:19:20,261] {dagbag.py:508} INFO - Filling up the DagBag from /home/airflow/.local/lib/python3.7/site-packages/airflow/example_dags/example_short_circuit_operator.py
[2023-05-29 15:19:20,266] {processor.py:651} INFO - DAG(s) dict_keys(['example_short_circuit_operator']) retrieved from /home/airflow/.local/lib/python3.7/site-packages/airflow/example_dags/example_short_circuit_operator.py
[2023-05-29 15:19:20,287] {logging_mixin.py:115} INFO - [2023-05-29 15:19:20,287] {dag.py:2420} INFO - Sync 1 DAGs
[2023-05-29 15:19:20,306] {logging_mixin.py:115} INFO - [2023-05-29 15:19:20,306] {dag.py:2972} INFO - Setting next_dagrun for example_short_circuit_operator to 2023-05-28T15:19:20.305877+00:00, run_after=2023-05-29T15:19:20.305877+00:00
[2023-05-29 15:19:20,318] {processor.py:161} INFO - Processing /home/airflow/.local/lib/python3.7/site-packages/airflow/example_dags/example_short_circuit_operator.py took 0.061 seconds
[2023-05-29 15:19:50,645] {processor.py:153} INFO - Started process (PID=233) to work on /home/airflow/.local/lib/python3.7/site-packages/airflow/example_dags/example_short_circuit_operator.py
[2023-05-29 15:19:50,645] {processor.py:641} INFO - Processing file /home/airflow/.local/lib/python3.7/site-packages/airflow/example_dags/example_short_circuit_operator.py for tasks to queue
[2023-05-29 15:19:50,646] {logging_mixin.py:115} INFO - [2023-05-29 15:19:50,646] {dagbag.py:508} INFO - Filling up the DagBag from /home/airflow/.local/lib/python3.7/site-packages/airflow/example_dags/example_short_circuit_operator.py
[2023-05-29 15:19:50,651] {processor.py:651} INFO - DAG(s) dict_keys(['example_short_circuit_operator']) retrieved from /home/airflow/.local/lib/python3.7/site-packages/airflow/example_dags/example_short_circuit_operator.py
[2023-05-29 15:19:50,672] {logging_mixin.py:115} INFO - [2023-05-29 15:19:50,672] {dag.py:2420} INFO - Sync 1 DAGs
[2023-05-29 15:19:50,690] {logging_mixin.py:115} INFO - [2023-05-29 15:19:50,690] {dag.py:2972} INFO - Setting next_dagrun for example_short_circuit_operator to 2023-05-28T15:19:50.690391+00:00, run_after=2023-05-29T15:19:50.690391+00:00
[2023-05-29 15:19:50,701] {processor.py:161} INFO - Processing /home/airflow/.local/lib/python3.7/site-packages/airflow/example_dags/example_short_circuit_operator.py took 0.058 seconds
[2023-05-29 15:20:21,041] {processor.py:153} INFO - Started process (PID=285) to work on /home/airflow/.local/lib/python3.7/site-packages/airflow/example_dags/example_short_circuit_operator.py
[2023-05-29 15:20:21,042] {processor.py:641} INFO - Processing file /home/airflow/.local/lib/python3.7/site-packages/airflow/example_dags/example_short_circuit_operator.py for tasks to queue
[2023-05-29 15:20:21,042] {logging_mixin.py:115} INFO - [2023-05-29 15:20:21,042] {dagbag.py:508} INFO - Filling up the DagBag from /home/airflow/.local/lib/python3.7/site-packages/airflow/example_dags/example_short_circuit_operator.py
[2023-05-29 15:20:21,048] {processor.py:651} INFO - DAG(s) dict_keys(['example_short_circuit_operator']) retrieved from /home/airflow/.local/lib/python3.7/site-packages/airflow/example_dags/example_short_circuit_operator.py
[2023-05-29 15:20:21,068] {logging_mixin.py:115} INFO - [2023-05-29 15:20:21,068] {dag.py:2420} INFO - Sync 1 DAGs
[2023-05-29 15:20:21,087] {logging_mixin.py:115} INFO - [2023-05-29 15:20:21,087] {dag.py:2972} INFO - Setting next_dagrun for example_short_circuit_operator to 2023-05-28T15:20:21.087613+00:00, run_after=2023-05-29T15:20:21.087613+00:00
[2023-05-29 15:20:21,100] {processor.py:161} INFO - Processing /home/airflow/.local/lib/python3.7/site-packages/airflow/example_dags/example_short_circuit_operator.py took 0.060 seconds
[2023-05-29 15:20:51,447] {processor.py:153} INFO - Started process (PID=346) to work on /home/airflow/.local/lib/python3.7/site-packages/airflow/example_dags/example_short_circuit_operator.py
[2023-05-29 15:20:51,447] {processor.py:641} INFO - Processing file /home/airflow/.local/lib/python3.7/site-packages/airflow/example_dags/example_short_circuit_operator.py for tasks to queue
[2023-05-29 15:20:51,448] {logging_mixin.py:115} INFO - [2023-05-29 15:20:51,448] {dagbag.py:508} INFO - Filling up the DagBag from /home/airflow/.local/lib/python3.7/site-packages/airflow/example_dags/example_short_circuit_operator.py
[2023-05-29 15:20:51,453] {processor.py:651} INFO - DAG(s) dict_keys(['example_short_circuit_operator']) retrieved from /home/airflow/.local/lib/python3.7/site-packages/airflow/example_dags/example_short_circuit_operator.py
[2023-05-29 15:20:51,473] {logging_mixin.py:115} INFO - [2023-05-29 15:20:51,473] {dag.py:2420} INFO - Sync 1 DAGs
[2023-05-29 15:20:51,491] {logging_mixin.py:115} INFO - [2023-05-29 15:20:51,491] {dag.py:2972} INFO - Setting next_dagrun for example_short_circuit_operator to 2023-05-28T15:20:51.490826+00:00, run_after=2023-05-29T15:20:51.490826+00:00
[2023-05-29 15:20:51,501] {processor.py:161} INFO - Processing /home/airflow/.local/lib/python3.7/site-packages/airflow/example_dags/example_short_circuit_operator.py took 0.056 seconds
[2023-05-29 15:21:21,840] {processor.py:153} INFO - Started process (PID=408) to work on /home/airflow/.local/lib/python3.7/site-packages/airflow/example_dags/example_short_circuit_operator.py
[2023-05-29 15:21:21,840] {processor.py:641} INFO - Processing file /home/airflow/.local/lib/python3.7/site-packages/airflow/example_dags/example_short_circuit_operator.py for tasks to queue
[2023-05-29 15:21:21,840] {logging_mixin.py:115} INFO - [2023-05-29 15:21:21,840] {dagbag.py:508} INFO - Filling up the DagBag from /home/airflow/.local/lib/python3.7/site-packages/airflow/example_dags/example_short_circuit_operator.py
[2023-05-29 15:21:21,846] {processor.py:651} INFO - DAG(s) dict_keys(['example_short_circuit_operator']) retrieved from /home/airflow/.local/lib/python3.7/site-packages/airflow/example_dags/example_short_circuit_operator.py
[2023-05-29 15:21:21,867] {logging_mixin.py:115} INFO - [2023-05-29 15:21:21,867] {dag.py:2420} INFO - Sync 1 DAGs
[2023-05-29 15:21:21,886] {logging_mixin.py:115} INFO - [2023-05-29 15:21:21,886] {dag.py:2972} INFO - Setting next_dagrun for example_short_circuit_operator to 2023-05-28T15:21:21.885765+00:00, run_after=2023-05-29T15:21:21.885765+00:00
[2023-05-29 15:21:21,896] {processor.py:161} INFO - Processing /home/airflow/.local/lib/python3.7/site-packages/airflow/example_dags/example_short_circuit_operator.py took 0.059 seconds
[2023-05-29 15:21:52,296] {processor.py:153} INFO - Started process (PID=469) to work on /home/airflow/.local/lib/python3.7/site-packages/airflow/example_dags/example_short_circuit_operator.py
[2023-05-29 15:21:52,297] {processor.py:641} INFO - Processing file /home/airflow/.local/lib/python3.7/site-packages/airflow/example_dags/example_short_circuit_operator.py for tasks to queue
[2023-05-29 15:21:52,298] {logging_mixin.py:115} INFO - [2023-05-29 15:21:52,298] {dagbag.py:508} INFO - Filling up the DagBag from /home/airflow/.local/lib/python3.7/site-packages/airflow/example_dags/example_short_circuit_operator.py
[2023-05-29 15:21:52,305] {processor.py:651} INFO - DAG(s) dict_keys(['example_short_circuit_operator']) retrieved from /home/airflow/.local/lib/python3.7/site-packages/airflow/example_dags/example_short_circuit_operator.py
[2023-05-29 15:21:52,329] {logging_mixin.py:115} INFO - [2023-05-29 15:21:52,329] {dag.py:2420} INFO - Sync 1 DAGs
[2023-05-29 15:21:52,351] {logging_mixin.py:115} INFO - [2023-05-29 15:21:52,350] {dag.py:2972} INFO - Setting next_dagrun for example_short_circuit_operator to 2023-05-28T15:21:52.350302+00:00, run_after=2023-05-29T15:21:52.350302+00:00
[2023-05-29 15:21:52,368] {processor.py:161} INFO - Processing /home/airflow/.local/lib/python3.7/site-packages/airflow/example_dags/example_short_circuit_operator.py took 0.075 seconds
[2023-05-29 15:22:22,784] {processor.py:153} INFO - Started process (PID=520) to work on /home/airflow/.local/lib/python3.7/site-packages/airflow/example_dags/example_short_circuit_operator.py
[2023-05-29 15:22:22,785] {processor.py:641} INFO - Processing file /home/airflow/.local/lib/python3.7/site-packages/airflow/example_dags/example_short_circuit_operator.py for tasks to queue
[2023-05-29 15:22:22,785] {logging_mixin.py:115} INFO - [2023-05-29 15:22:22,785] {dagbag.py:508} INFO - Filling up the DagBag from /home/airflow/.local/lib/python3.7/site-packages/airflow/example_dags/example_short_circuit_operator.py
[2023-05-29 15:22:22,792] {processor.py:651} INFO - DAG(s) dict_keys(['example_short_circuit_operator']) retrieved from /home/airflow/.local/lib/python3.7/site-packages/airflow/example_dags/example_short_circuit_operator.py
[2023-05-29 15:22:22,814] {logging_mixin.py:115} INFO - [2023-05-29 15:22:22,814] {dag.py:2420} INFO - Sync 1 DAGs
[2023-05-29 15:22:22,833] {logging_mixin.py:115} INFO - [2023-05-29 15:22:22,833] {dag.py:2972} INFO - Setting next_dagrun for example_short_circuit_operator to 2023-05-28T15:22:22.832830+00:00, run_after=2023-05-29T15:22:22.832830+00:00
[2023-05-29 15:22:22,844] {processor.py:161} INFO - Processing /home/airflow/.local/lib/python3.7/site-packages/airflow/example_dags/example_short_circuit_operator.py took 0.062 seconds
[2023-05-29 15:23:24,982] {processor.py:153} INFO - Started process (PID=49) to work on /home/airflow/.local/lib/python3.7/site-packages/airflow/example_dags/example_short_circuit_operator.py
[2023-05-29 15:23:24,983] {processor.py:641} INFO - Processing file /home/airflow/.local/lib/python3.7/site-packages/airflow/example_dags/example_short_circuit_operator.py for tasks to queue
[2023-05-29 15:23:24,983] {logging_mixin.py:115} INFO - [2023-05-29 15:23:24,983] {dagbag.py:508} INFO - Filling up the DagBag from /home/airflow/.local/lib/python3.7/site-packages/airflow/example_dags/example_short_circuit_operator.py
[2023-05-29 15:23:24,992] {processor.py:651} INFO - DAG(s) dict_keys(['example_short_circuit_operator']) retrieved from /home/airflow/.local/lib/python3.7/site-packages/airflow/example_dags/example_short_circuit_operator.py
[2023-05-29 15:23:25,019] {logging_mixin.py:115} INFO - [2023-05-29 15:23:25,019] {dag.py:2420} INFO - Sync 1 DAGs
[2023-05-29 15:23:25,044] {logging_mixin.py:115} INFO - [2023-05-29 15:23:25,044] {dag.py:2972} INFO - Setting next_dagrun for example_short_circuit_operator to 2023-05-28T15:23:25.044302+00:00, run_after=2023-05-29T15:23:25.044302+00:00
[2023-05-29 15:23:25,058] {processor.py:161} INFO - Processing /home/airflow/.local/lib/python3.7/site-packages/airflow/example_dags/example_short_circuit_operator.py took 0.079 seconds
[2023-05-29 15:23:55,963] {processor.py:153} INFO - Started process (PID=110) to work on /home/airflow/.local/lib/python3.7/site-packages/airflow/example_dags/example_short_circuit_operator.py
[2023-05-29 15:23:55,964] {processor.py:641} INFO - Processing file /home/airflow/.local/lib/python3.7/site-packages/airflow/example_dags/example_short_circuit_operator.py for tasks to queue
[2023-05-29 15:23:55,964] {logging_mixin.py:115} INFO - [2023-05-29 15:23:55,964] {dagbag.py:508} INFO - Filling up the DagBag from /home/airflow/.local/lib/python3.7/site-packages/airflow/example_dags/example_short_circuit_operator.py
[2023-05-29 15:23:55,970] {processor.py:651} INFO - DAG(s) dict_keys(['example_short_circuit_operator']) retrieved from /home/airflow/.local/lib/python3.7/site-packages/airflow/example_dags/example_short_circuit_operator.py
[2023-05-29 15:23:55,990] {logging_mixin.py:115} INFO - [2023-05-29 15:23:55,990] {dag.py:2420} INFO - Sync 1 DAGs
[2023-05-29 15:23:56,008] {logging_mixin.py:115} INFO - [2023-05-29 15:23:56,008] {dag.py:2972} INFO - Setting next_dagrun for example_short_circuit_operator to 2023-05-28T15:23:56.008103+00:00, run_after=2023-05-29T15:23:56.008103+00:00
[2023-05-29 15:23:56,018] {processor.py:161} INFO - Processing /home/airflow/.local/lib/python3.7/site-packages/airflow/example_dags/example_short_circuit_operator.py took 0.058 seconds
[2023-05-29 15:24:26,523] {processor.py:153} INFO - Started process (PID=171) to work on /home/airflow/.local/lib/python3.7/site-packages/airflow/example_dags/example_short_circuit_operator.py
[2023-05-29 15:24:26,523] {processor.py:641} INFO - Processing file /home/airflow/.local/lib/python3.7/site-packages/airflow/example_dags/example_short_circuit_operator.py for tasks to queue
[2023-05-29 15:24:26,523] {logging_mixin.py:115} INFO - [2023-05-29 15:24:26,523] {dagbag.py:508} INFO - Filling up the DagBag from /home/airflow/.local/lib/python3.7/site-packages/airflow/example_dags/example_short_circuit_operator.py
[2023-05-29 15:24:26,530] {processor.py:651} INFO - DAG(s) dict_keys(['example_short_circuit_operator']) retrieved from /home/airflow/.local/lib/python3.7/site-packages/airflow/example_dags/example_short_circuit_operator.py
[2023-05-29 15:24:26,554] {logging_mixin.py:115} INFO - [2023-05-29 15:24:26,554] {dag.py:2420} INFO - Sync 1 DAGs
[2023-05-29 15:24:26,574] {logging_mixin.py:115} INFO - [2023-05-29 15:24:26,574] {dag.py:2972} INFO - Setting next_dagrun for example_short_circuit_operator to 2023-05-28T15:24:26.574511+00:00, run_after=2023-05-29T15:24:26.574511+00:00
[2023-05-29 15:24:26,587] {processor.py:161} INFO - Processing /home/airflow/.local/lib/python3.7/site-packages/airflow/example_dags/example_short_circuit_operator.py took 0.066 seconds
[2023-05-29 15:24:57,115] {processor.py:153} INFO - Started process (PID=232) to work on /home/airflow/.local/lib/python3.7/site-packages/airflow/example_dags/example_short_circuit_operator.py
[2023-05-29 15:24:57,115] {processor.py:641} INFO - Processing file /home/airflow/.local/lib/python3.7/site-packages/airflow/example_dags/example_short_circuit_operator.py for tasks to queue
[2023-05-29 15:24:57,116] {logging_mixin.py:115} INFO - [2023-05-29 15:24:57,116] {dagbag.py:508} INFO - Filling up the DagBag from /home/airflow/.local/lib/python3.7/site-packages/airflow/example_dags/example_short_circuit_operator.py
[2023-05-29 15:24:57,122] {processor.py:651} INFO - DAG(s) dict_keys(['example_short_circuit_operator']) retrieved from /home/airflow/.local/lib/python3.7/site-packages/airflow/example_dags/example_short_circuit_operator.py
[2023-05-29 15:24:57,142] {logging_mixin.py:115} INFO - [2023-05-29 15:24:57,142] {dag.py:2420} INFO - Sync 1 DAGs
[2023-05-29 15:24:57,160] {logging_mixin.py:115} INFO - [2023-05-29 15:24:57,160] {dag.py:2972} INFO - Setting next_dagrun for example_short_circuit_operator to 2023-05-28T15:24:57.160454+00:00, run_after=2023-05-29T15:24:57.160454+00:00
[2023-05-29 15:24:57,171] {processor.py:161} INFO - Processing /home/airflow/.local/lib/python3.7/site-packages/airflow/example_dags/example_short_circuit_operator.py took 0.058 seconds
[2023-05-29 15:25:50,116] {processor.py:153} INFO - Started process (PID=50) to work on /home/airflow/.local/lib/python3.7/site-packages/airflow/example_dags/example_short_circuit_operator.py
[2023-05-29 15:25:50,117] {processor.py:641} INFO - Processing file /home/airflow/.local/lib/python3.7/site-packages/airflow/example_dags/example_short_circuit_operator.py for tasks to queue
[2023-05-29 15:25:50,117] {logging_mixin.py:115} INFO - [2023-05-29 15:25:50,117] {dagbag.py:508} INFO - Filling up the DagBag from /home/airflow/.local/lib/python3.7/site-packages/airflow/example_dags/example_short_circuit_operator.py
[2023-05-29 15:25:50,126] {processor.py:651} INFO - DAG(s) dict_keys(['example_short_circuit_operator']) retrieved from /home/airflow/.local/lib/python3.7/site-packages/airflow/example_dags/example_short_circuit_operator.py
[2023-05-29 15:25:50,151] {logging_mixin.py:115} INFO - [2023-05-29 15:25:50,151] {dag.py:2420} INFO - Sync 1 DAGs
[2023-05-29 15:25:50,183] {logging_mixin.py:115} INFO - [2023-05-29 15:25:50,183] {dag.py:2972} INFO - Setting next_dagrun for example_short_circuit_operator to 2023-05-28T15:25:50.182786+00:00, run_after=2023-05-29T15:25:50.182786+00:00
[2023-05-29 15:25:50,203] {processor.py:161} INFO - Processing /home/airflow/.local/lib/python3.7/site-packages/airflow/example_dags/example_short_circuit_operator.py took 0.090 seconds
[2023-05-29 15:26:21,111] {processor.py:153} INFO - Started process (PID=111) to work on /home/airflow/.local/lib/python3.7/site-packages/airflow/example_dags/example_short_circuit_operator.py
[2023-05-29 15:26:21,112] {processor.py:641} INFO - Processing file /home/airflow/.local/lib/python3.7/site-packages/airflow/example_dags/example_short_circuit_operator.py for tasks to queue
[2023-05-29 15:26:21,112] {logging_mixin.py:115} INFO - [2023-05-29 15:26:21,112] {dagbag.py:508} INFO - Filling up the DagBag from /home/airflow/.local/lib/python3.7/site-packages/airflow/example_dags/example_short_circuit_operator.py
[2023-05-29 15:26:21,121] {processor.py:651} INFO - DAG(s) dict_keys(['example_short_circuit_operator']) retrieved from /home/airflow/.local/lib/python3.7/site-packages/airflow/example_dags/example_short_circuit_operator.py
[2023-05-29 15:26:21,150] {logging_mixin.py:115} INFO - [2023-05-29 15:26:21,150] {dag.py:2420} INFO - Sync 1 DAGs
[2023-05-29 15:26:21,169] {logging_mixin.py:115} INFO - [2023-05-29 15:26:21,169] {dag.py:2972} INFO - Setting next_dagrun for example_short_circuit_operator to 2023-05-28T15:26:21.169138+00:00, run_after=2023-05-29T15:26:21.169138+00:00
[2023-05-29 15:26:21,181] {processor.py:161} INFO - Processing /home/airflow/.local/lib/python3.7/site-packages/airflow/example_dags/example_short_circuit_operator.py took 0.073 seconds
[2023-05-29 15:26:51,639] {processor.py:153} INFO - Started process (PID=172) to work on /home/airflow/.local/lib/python3.7/site-packages/airflow/example_dags/example_short_circuit_operator.py
[2023-05-29 15:26:51,640] {processor.py:641} INFO - Processing file /home/airflow/.local/lib/python3.7/site-packages/airflow/example_dags/example_short_circuit_operator.py for tasks to queue
[2023-05-29 15:26:51,640] {logging_mixin.py:115} INFO - [2023-05-29 15:26:51,640] {dagbag.py:508} INFO - Filling up the DagBag from /home/airflow/.local/lib/python3.7/site-packages/airflow/example_dags/example_short_circuit_operator.py
[2023-05-29 15:26:51,646] {processor.py:651} INFO - DAG(s) dict_keys(['example_short_circuit_operator']) retrieved from /home/airflow/.local/lib/python3.7/site-packages/airflow/example_dags/example_short_circuit_operator.py
[2023-05-29 15:26:51,667] {logging_mixin.py:115} INFO - [2023-05-29 15:26:51,666] {dag.py:2420} INFO - Sync 1 DAGs
[2023-05-29 15:26:51,685] {logging_mixin.py:115} INFO - [2023-05-29 15:26:51,685] {dag.py:2972} INFO - Setting next_dagrun for example_short_circuit_operator to 2023-05-28T15:26:51.685490+00:00, run_after=2023-05-29T15:26:51.685490+00:00
[2023-05-29 15:26:51,697] {processor.py:161} INFO - Processing /home/airflow/.local/lib/python3.7/site-packages/airflow/example_dags/example_short_circuit_operator.py took 0.060 seconds
[2023-05-29 15:27:22,224] {processor.py:153} INFO - Started process (PID=233) to work on /home/airflow/.local/lib/python3.7/site-packages/airflow/example_dags/example_short_circuit_operator.py
[2023-05-29 15:27:22,224] {processor.py:641} INFO - Processing file /home/airflow/.local/lib/python3.7/site-packages/airflow/example_dags/example_short_circuit_operator.py for tasks to queue
[2023-05-29 15:27:22,225] {logging_mixin.py:115} INFO - [2023-05-29 15:27:22,225] {dagbag.py:508} INFO - Filling up the DagBag from /home/airflow/.local/lib/python3.7/site-packages/airflow/example_dags/example_short_circuit_operator.py
[2023-05-29 15:27:22,231] {processor.py:651} INFO - DAG(s) dict_keys(['example_short_circuit_operator']) retrieved from /home/airflow/.local/lib/python3.7/site-packages/airflow/example_dags/example_short_circuit_operator.py
[2023-05-29 15:27:22,253] {logging_mixin.py:115} INFO - [2023-05-29 15:27:22,253] {dag.py:2420} INFO - Sync 1 DAGs
[2023-05-29 15:27:22,271] {logging_mixin.py:115} INFO - [2023-05-29 15:27:22,271] {dag.py:2972} INFO - Setting next_dagrun for example_short_circuit_operator to 2023-05-28T15:27:22.271248+00:00, run_after=2023-05-29T15:27:22.271248+00:00
[2023-05-29 15:27:22,282] {processor.py:161} INFO - Processing /home/airflow/.local/lib/python3.7/site-packages/airflow/example_dags/example_short_circuit_operator.py took 0.062 seconds
[2023-05-29 15:27:52,798] {processor.py:153} INFO - Started process (PID=285) to work on /home/airflow/.local/lib/python3.7/site-packages/airflow/example_dags/example_short_circuit_operator.py
[2023-05-29 15:27:52,799] {processor.py:641} INFO - Processing file /home/airflow/.local/lib/python3.7/site-packages/airflow/example_dags/example_short_circuit_operator.py for tasks to queue
[2023-05-29 15:27:52,799] {logging_mixin.py:115} INFO - [2023-05-29 15:27:52,799] {dagbag.py:508} INFO - Filling up the DagBag from /home/airflow/.local/lib/python3.7/site-packages/airflow/example_dags/example_short_circuit_operator.py
[2023-05-29 15:27:52,805] {processor.py:651} INFO - DAG(s) dict_keys(['example_short_circuit_operator']) retrieved from /home/airflow/.local/lib/python3.7/site-packages/airflow/example_dags/example_short_circuit_operator.py
[2023-05-29 15:27:52,827] {logging_mixin.py:115} INFO - [2023-05-29 15:27:52,827] {dag.py:2420} INFO - Sync 1 DAGs
[2023-05-29 15:27:52,851] {logging_mixin.py:115} INFO - [2023-05-29 15:27:52,851] {dag.py:2972} INFO - Setting next_dagrun for example_short_circuit_operator to 2023-05-28T15:27:52.850849+00:00, run_after=2023-05-29T15:27:52.850849+00:00
[2023-05-29 15:27:52,865] {processor.py:161} INFO - Processing /home/airflow/.local/lib/python3.7/site-packages/airflow/example_dags/example_short_circuit_operator.py took 0.069 seconds
[2023-05-29 15:28:23,306] {processor.py:153} INFO - Started process (PID=346) to work on /home/airflow/.local/lib/python3.7/site-packages/airflow/example_dags/example_short_circuit_operator.py
[2023-05-29 15:28:23,306] {processor.py:641} INFO - Processing file /home/airflow/.local/lib/python3.7/site-packages/airflow/example_dags/example_short_circuit_operator.py for tasks to queue
[2023-05-29 15:28:23,306] {logging_mixin.py:115} INFO - [2023-05-29 15:28:23,306] {dagbag.py:508} INFO - Filling up the DagBag from /home/airflow/.local/lib/python3.7/site-packages/airflow/example_dags/example_short_circuit_operator.py
[2023-05-29 15:28:23,312] {processor.py:651} INFO - DAG(s) dict_keys(['example_short_circuit_operator']) retrieved from /home/airflow/.local/lib/python3.7/site-packages/airflow/example_dags/example_short_circuit_operator.py
[2023-05-29 15:28:23,333] {logging_mixin.py:115} INFO - [2023-05-29 15:28:23,333] {dag.py:2420} INFO - Sync 1 DAGs
[2023-05-29 15:28:23,350] {logging_mixin.py:115} INFO - [2023-05-29 15:28:23,350] {dag.py:2972} INFO - Setting next_dagrun for example_short_circuit_operator to 2023-05-28T15:28:23.349880+00:00, run_after=2023-05-29T15:28:23.349880+00:00
[2023-05-29 15:28:23,361] {processor.py:161} INFO - Processing /home/airflow/.local/lib/python3.7/site-packages/airflow/example_dags/example_short_circuit_operator.py took 0.057 seconds
[2023-05-29 15:28:53,765] {processor.py:153} INFO - Started process (PID=407) to work on /home/airflow/.local/lib/python3.7/site-packages/airflow/example_dags/example_short_circuit_operator.py
[2023-05-29 15:28:53,766] {processor.py:641} INFO - Processing file /home/airflow/.local/lib/python3.7/site-packages/airflow/example_dags/example_short_circuit_operator.py for tasks to queue
[2023-05-29 15:28:53,766] {logging_mixin.py:115} INFO - [2023-05-29 15:28:53,766] {dagbag.py:508} INFO - Filling up the DagBag from /home/airflow/.local/lib/python3.7/site-packages/airflow/example_dags/example_short_circuit_operator.py
[2023-05-29 15:28:53,772] {processor.py:651} INFO - DAG(s) dict_keys(['example_short_circuit_operator']) retrieved from /home/airflow/.local/lib/python3.7/site-packages/airflow/example_dags/example_short_circuit_operator.py
[2023-05-29 15:28:53,794] {logging_mixin.py:115} INFO - [2023-05-29 15:28:53,794] {dag.py:2420} INFO - Sync 1 DAGs
[2023-05-29 15:28:53,813] {logging_mixin.py:115} INFO - [2023-05-29 15:28:53,813] {dag.py:2972} INFO - Setting next_dagrun for example_short_circuit_operator to 2023-05-28T15:28:53.813091+00:00, run_after=2023-05-29T15:28:53.813091+00:00
[2023-05-29 15:28:53,825] {processor.py:161} INFO - Processing /home/airflow/.local/lib/python3.7/site-packages/airflow/example_dags/example_short_circuit_operator.py took 0.062 seconds
[2023-05-29 15:29:24,327] {processor.py:153} INFO - Started process (PID=469) to work on /home/airflow/.local/lib/python3.7/site-packages/airflow/example_dags/example_short_circuit_operator.py
[2023-05-29 15:29:24,327] {processor.py:641} INFO - Processing file /home/airflow/.local/lib/python3.7/site-packages/airflow/example_dags/example_short_circuit_operator.py for tasks to queue
[2023-05-29 15:29:24,328] {logging_mixin.py:115} INFO - [2023-05-29 15:29:24,328] {dagbag.py:508} INFO - Filling up the DagBag from /home/airflow/.local/lib/python3.7/site-packages/airflow/example_dags/example_short_circuit_operator.py
[2023-05-29 15:29:24,334] {processor.py:651} INFO - DAG(s) dict_keys(['example_short_circuit_operator']) retrieved from /home/airflow/.local/lib/python3.7/site-packages/airflow/example_dags/example_short_circuit_operator.py
[2023-05-29 15:29:24,356] {logging_mixin.py:115} INFO - [2023-05-29 15:29:24,355] {dag.py:2420} INFO - Sync 1 DAGs
[2023-05-29 15:29:24,377] {logging_mixin.py:115} INFO - [2023-05-29 15:29:24,376] {dag.py:2972} INFO - Setting next_dagrun for example_short_circuit_operator to 2023-05-28T15:29:24.376724+00:00, run_after=2023-05-29T15:29:24.376724+00:00
[2023-05-29 15:29:24,390] {processor.py:161} INFO - Processing /home/airflow/.local/lib/python3.7/site-packages/airflow/example_dags/example_short_circuit_operator.py took 0.066 seconds
[2023-05-29 15:29:54,841] {processor.py:153} INFO - Started process (PID=521) to work on /home/airflow/.local/lib/python3.7/site-packages/airflow/example_dags/example_short_circuit_operator.py
[2023-05-29 15:29:54,841] {processor.py:641} INFO - Processing file /home/airflow/.local/lib/python3.7/site-packages/airflow/example_dags/example_short_circuit_operator.py for tasks to queue
[2023-05-29 15:29:54,841] {logging_mixin.py:115} INFO - [2023-05-29 15:29:54,841] {dagbag.py:508} INFO - Filling up the DagBag from /home/airflow/.local/lib/python3.7/site-packages/airflow/example_dags/example_short_circuit_operator.py
[2023-05-29 15:29:54,847] {processor.py:651} INFO - DAG(s) dict_keys(['example_short_circuit_operator']) retrieved from /home/airflow/.local/lib/python3.7/site-packages/airflow/example_dags/example_short_circuit_operator.py
[2023-05-29 15:29:54,867] {logging_mixin.py:115} INFO - [2023-05-29 15:29:54,867] {dag.py:2420} INFO - Sync 1 DAGs
[2023-05-29 15:29:54,883] {logging_mixin.py:115} INFO - [2023-05-29 15:29:54,883] {dag.py:2972} INFO - Setting next_dagrun for example_short_circuit_operator to 2023-05-28T15:29:54.882881+00:00, run_after=2023-05-29T15:29:54.882881+00:00
[2023-05-29 15:29:54,892] {processor.py:161} INFO - Processing /home/airflow/.local/lib/python3.7/site-packages/airflow/example_dags/example_short_circuit_operator.py took 0.054 seconds
[2023-05-29 15:30:25,298] {processor.py:153} INFO - Started process (PID=582) to work on /home/airflow/.local/lib/python3.7/site-packages/airflow/example_dags/example_short_circuit_operator.py
[2023-05-29 15:30:25,310] {processor.py:641} INFO - Processing file /home/airflow/.local/lib/python3.7/site-packages/airflow/example_dags/example_short_circuit_operator.py for tasks to queue
[2023-05-29 15:30:25,310] {logging_mixin.py:115} INFO - [2023-05-29 15:30:25,310] {dagbag.py:508} INFO - Filling up the DagBag from /home/airflow/.local/lib/python3.7/site-packages/airflow/example_dags/example_short_circuit_operator.py
[2023-05-29 15:30:25,316] {processor.py:651} INFO - DAG(s) dict_keys(['example_short_circuit_operator']) retrieved from /home/airflow/.local/lib/python3.7/site-packages/airflow/example_dags/example_short_circuit_operator.py
[2023-05-29 15:30:25,337] {logging_mixin.py:115} INFO - [2023-05-29 15:30:25,336] {dag.py:2420} INFO - Sync 1 DAGs
[2023-05-29 15:30:25,355] {logging_mixin.py:115} INFO - [2023-05-29 15:30:25,354] {dag.py:2972} INFO - Setting next_dagrun for example_short_circuit_operator to 2023-05-28T15:30:25.354768+00:00, run_after=2023-05-29T15:30:25.354768+00:00
[2023-05-29 15:30:25,370] {processor.py:161} INFO - Processing /home/airflow/.local/lib/python3.7/site-packages/airflow/example_dags/example_short_circuit_operator.py took 0.074 seconds
[2023-05-29 15:30:56,170] {processor.py:153} INFO - Started process (PID=643) to work on /home/airflow/.local/lib/python3.7/site-packages/airflow/example_dags/example_short_circuit_operator.py
[2023-05-29 15:30:56,170] {processor.py:641} INFO - Processing file /home/airflow/.local/lib/python3.7/site-packages/airflow/example_dags/example_short_circuit_operator.py for tasks to queue
[2023-05-29 15:30:56,171] {logging_mixin.py:115} INFO - [2023-05-29 15:30:56,171] {dagbag.py:508} INFO - Filling up the DagBag from /home/airflow/.local/lib/python3.7/site-packages/airflow/example_dags/example_short_circuit_operator.py
[2023-05-29 15:30:56,177] {processor.py:651} INFO - DAG(s) dict_keys(['example_short_circuit_operator']) retrieved from /home/airflow/.local/lib/python3.7/site-packages/airflow/example_dags/example_short_circuit_operator.py
[2023-05-29 15:30:56,197] {logging_mixin.py:115} INFO - [2023-05-29 15:30:56,197] {dag.py:2420} INFO - Sync 1 DAGs
[2023-05-29 15:30:56,215] {logging_mixin.py:115} INFO - [2023-05-29 15:30:56,215] {dag.py:2972} INFO - Setting next_dagrun for example_short_circuit_operator to 2023-05-28T15:30:56.215355+00:00, run_after=2023-05-29T15:30:56.215355+00:00
[2023-05-29 15:30:56,225] {processor.py:161} INFO - Processing /home/airflow/.local/lib/python3.7/site-packages/airflow/example_dags/example_short_circuit_operator.py took 0.057 seconds
[2023-05-29 15:31:26,637] {processor.py:153} INFO - Started process (PID=704) to work on /home/airflow/.local/lib/python3.7/site-packages/airflow/example_dags/example_short_circuit_operator.py
[2023-05-29 15:31:26,638] {processor.py:641} INFO - Processing file /home/airflow/.local/lib/python3.7/site-packages/airflow/example_dags/example_short_circuit_operator.py for tasks to queue
[2023-05-29 15:31:26,638] {logging_mixin.py:115} INFO - [2023-05-29 15:31:26,638] {dagbag.py:508} INFO - Filling up the DagBag from /home/airflow/.local/lib/python3.7/site-packages/airflow/example_dags/example_short_circuit_operator.py
[2023-05-29 15:31:26,644] {processor.py:651} INFO - DAG(s) dict_keys(['example_short_circuit_operator']) retrieved from /home/airflow/.local/lib/python3.7/site-packages/airflow/example_dags/example_short_circuit_operator.py
[2023-05-29 15:31:26,667] {logging_mixin.py:115} INFO - [2023-05-29 15:31:26,667] {dag.py:2420} INFO - Sync 1 DAGs
[2023-05-29 15:31:26,685] {logging_mixin.py:115} INFO - [2023-05-29 15:31:26,685] {dag.py:2972} INFO - Setting next_dagrun for example_short_circuit_operator to 2023-05-28T15:31:26.685456+00:00, run_after=2023-05-29T15:31:26.685456+00:00
[2023-05-29 15:31:26,697] {processor.py:161} INFO - Processing /home/airflow/.local/lib/python3.7/site-packages/airflow/example_dags/example_short_circuit_operator.py took 0.062 seconds
[2023-05-29 15:31:57,062] {processor.py:153} INFO - Started process (PID=755) to work on /home/airflow/.local/lib/python3.7/site-packages/airflow/example_dags/example_short_circuit_operator.py
[2023-05-29 15:31:57,062] {processor.py:641} INFO - Processing file /home/airflow/.local/lib/python3.7/site-packages/airflow/example_dags/example_short_circuit_operator.py for tasks to queue
[2023-05-29 15:31:57,062] {logging_mixin.py:115} INFO - [2023-05-29 15:31:57,062] {dagbag.py:508} INFO - Filling up the DagBag from /home/airflow/.local/lib/python3.7/site-packages/airflow/example_dags/example_short_circuit_operator.py
[2023-05-29 15:31:57,068] {processor.py:651} INFO - DAG(s) dict_keys(['example_short_circuit_operator']) retrieved from /home/airflow/.local/lib/python3.7/site-packages/airflow/example_dags/example_short_circuit_operator.py
[2023-05-29 15:31:57,086] {logging_mixin.py:115} INFO - [2023-05-29 15:31:57,086] {dag.py:2420} INFO - Sync 1 DAGs
[2023-05-29 15:31:57,101] {logging_mixin.py:115} INFO - [2023-05-29 15:31:57,101] {dag.py:2972} INFO - Setting next_dagrun for example_short_circuit_operator to 2023-05-28T15:31:57.100982+00:00, run_after=2023-05-29T15:31:57.100982+00:00
[2023-05-29 15:31:57,110] {processor.py:161} INFO - Processing /home/airflow/.local/lib/python3.7/site-packages/airflow/example_dags/example_short_circuit_operator.py took 0.050 seconds
[2023-05-29 15:32:27,575] {processor.py:153} INFO - Started process (PID=816) to work on /home/airflow/.local/lib/python3.7/site-packages/airflow/example_dags/example_short_circuit_operator.py
[2023-05-29 15:32:27,576] {processor.py:641} INFO - Processing file /home/airflow/.local/lib/python3.7/site-packages/airflow/example_dags/example_short_circuit_operator.py for tasks to queue
[2023-05-29 15:32:27,576] {logging_mixin.py:115} INFO - [2023-05-29 15:32:27,576] {dagbag.py:508} INFO - Filling up the DagBag from /home/airflow/.local/lib/python3.7/site-packages/airflow/example_dags/example_short_circuit_operator.py
[2023-05-29 15:32:27,582] {processor.py:651} INFO - DAG(s) dict_keys(['example_short_circuit_operator']) retrieved from /home/airflow/.local/lib/python3.7/site-packages/airflow/example_dags/example_short_circuit_operator.py
[2023-05-29 15:32:27,601] {logging_mixin.py:115} INFO - [2023-05-29 15:32:27,601] {dag.py:2420} INFO - Sync 1 DAGs
[2023-05-29 15:32:27,618] {logging_mixin.py:115} INFO - [2023-05-29 15:32:27,618] {dag.py:2972} INFO - Setting next_dagrun for example_short_circuit_operator to 2023-05-28T15:32:27.618670+00:00, run_after=2023-05-29T15:32:27.618670+00:00
[2023-05-29 15:32:27,629] {processor.py:161} INFO - Processing /home/airflow/.local/lib/python3.7/site-packages/airflow/example_dags/example_short_circuit_operator.py took 0.056 seconds
[2023-05-29 15:32:58,044] {processor.py:153} INFO - Started process (PID=877) to work on /home/airflow/.local/lib/python3.7/site-packages/airflow/example_dags/example_short_circuit_operator.py
[2023-05-29 15:32:58,044] {processor.py:641} INFO - Processing file /home/airflow/.local/lib/python3.7/site-packages/airflow/example_dags/example_short_circuit_operator.py for tasks to queue
[2023-05-29 15:32:58,045] {logging_mixin.py:115} INFO - [2023-05-29 15:32:58,045] {dagbag.py:508} INFO - Filling up the DagBag from /home/airflow/.local/lib/python3.7/site-packages/airflow/example_dags/example_short_circuit_operator.py
[2023-05-29 15:32:58,050] {processor.py:651} INFO - DAG(s) dict_keys(['example_short_circuit_operator']) retrieved from /home/airflow/.local/lib/python3.7/site-packages/airflow/example_dags/example_short_circuit_operator.py
[2023-05-29 15:32:58,071] {logging_mixin.py:115} INFO - [2023-05-29 15:32:58,071] {dag.py:2420} INFO - Sync 1 DAGs
[2023-05-29 15:32:58,089] {logging_mixin.py:115} INFO - [2023-05-29 15:32:58,089] {dag.py:2972} INFO - Setting next_dagrun for example_short_circuit_operator to 2023-05-28T15:32:58.089476+00:00, run_after=2023-05-29T15:32:58.089476+00:00
[2023-05-29 15:32:58,100] {processor.py:161} INFO - Processing /home/airflow/.local/lib/python3.7/site-packages/airflow/example_dags/example_short_circuit_operator.py took 0.059 seconds
[2023-05-29 15:33:28,493] {processor.py:153} INFO - Started process (PID=938) to work on /home/airflow/.local/lib/python3.7/site-packages/airflow/example_dags/example_short_circuit_operator.py
[2023-05-29 15:33:28,493] {processor.py:641} INFO - Processing file /home/airflow/.local/lib/python3.7/site-packages/airflow/example_dags/example_short_circuit_operator.py for tasks to queue
[2023-05-29 15:33:28,494] {logging_mixin.py:115} INFO - [2023-05-29 15:33:28,494] {dagbag.py:508} INFO - Filling up the DagBag from /home/airflow/.local/lib/python3.7/site-packages/airflow/example_dags/example_short_circuit_operator.py
[2023-05-29 15:33:28,500] {processor.py:651} INFO - DAG(s) dict_keys(['example_short_circuit_operator']) retrieved from /home/airflow/.local/lib/python3.7/site-packages/airflow/example_dags/example_short_circuit_operator.py
[2023-05-29 15:33:28,522] {logging_mixin.py:115} INFO - [2023-05-29 15:33:28,522] {dag.py:2420} INFO - Sync 1 DAGs
[2023-05-29 15:33:28,543] {logging_mixin.py:115} INFO - [2023-05-29 15:33:28,543] {dag.py:2972} INFO - Setting next_dagrun for example_short_circuit_operator to 2023-05-28T15:33:28.543563+00:00, run_after=2023-05-29T15:33:28.543563+00:00
[2023-05-29 15:33:28,556] {processor.py:161} INFO - Processing /home/airflow/.local/lib/python3.7/site-packages/airflow/example_dags/example_short_circuit_operator.py took 0.066 seconds
[2023-05-29 15:33:59,120] {processor.py:153} INFO - Started process (PID=990) to work on /home/airflow/.local/lib/python3.7/site-packages/airflow/example_dags/example_short_circuit_operator.py
[2023-05-29 15:33:59,121] {processor.py:641} INFO - Processing file /home/airflow/.local/lib/python3.7/site-packages/airflow/example_dags/example_short_circuit_operator.py for tasks to queue
[2023-05-29 15:33:59,121] {logging_mixin.py:115} INFO - [2023-05-29 15:33:59,121] {dagbag.py:508} INFO - Filling up the DagBag from /home/airflow/.local/lib/python3.7/site-packages/airflow/example_dags/example_short_circuit_operator.py
[2023-05-29 15:33:59,127] {processor.py:651} INFO - DAG(s) dict_keys(['example_short_circuit_operator']) retrieved from /home/airflow/.local/lib/python3.7/site-packages/airflow/example_dags/example_short_circuit_operator.py
[2023-05-29 15:33:59,147] {logging_mixin.py:115} INFO - [2023-05-29 15:33:59,147] {dag.py:2420} INFO - Sync 1 DAGs
[2023-05-29 15:33:59,165] {logging_mixin.py:115} INFO - [2023-05-29 15:33:59,165] {dag.py:2972} INFO - Setting next_dagrun for example_short_circuit_operator to 2023-05-28T15:33:59.165557+00:00, run_after=2023-05-29T15:33:59.165557+00:00
[2023-05-29 15:33:59,176] {processor.py:161} INFO - Processing /home/airflow/.local/lib/python3.7/site-packages/airflow/example_dags/example_short_circuit_operator.py took 0.057 seconds
[2023-05-29 15:34:29,570] {processor.py:153} INFO - Started process (PID=1051) to work on /home/airflow/.local/lib/python3.7/site-packages/airflow/example_dags/example_short_circuit_operator.py
[2023-05-29 15:34:29,571] {processor.py:641} INFO - Processing file /home/airflow/.local/lib/python3.7/site-packages/airflow/example_dags/example_short_circuit_operator.py for tasks to queue
[2023-05-29 15:34:29,571] {logging_mixin.py:115} INFO - [2023-05-29 15:34:29,571] {dagbag.py:508} INFO - Filling up the DagBag from /home/airflow/.local/lib/python3.7/site-packages/airflow/example_dags/example_short_circuit_operator.py
[2023-05-29 15:34:29,577] {processor.py:651} INFO - DAG(s) dict_keys(['example_short_circuit_operator']) retrieved from /home/airflow/.local/lib/python3.7/site-packages/airflow/example_dags/example_short_circuit_operator.py
[2023-05-29 15:34:29,598] {logging_mixin.py:115} INFO - [2023-05-29 15:34:29,597] {dag.py:2420} INFO - Sync 1 DAGs
[2023-05-29 15:34:29,616] {logging_mixin.py:115} INFO - [2023-05-29 15:34:29,616] {dag.py:2972} INFO - Setting next_dagrun for example_short_circuit_operator to 2023-05-28T15:34:29.615838+00:00, run_after=2023-05-29T15:34:29.615838+00:00
[2023-05-29 15:34:29,626] {processor.py:161} INFO - Processing /home/airflow/.local/lib/python3.7/site-packages/airflow/example_dags/example_short_circuit_operator.py took 0.057 seconds
[2023-05-29 15:35:00,043] {processor.py:153} INFO - Started process (PID=1112) to work on /home/airflow/.local/lib/python3.7/site-packages/airflow/example_dags/example_short_circuit_operator.py
[2023-05-29 15:35:00,043] {processor.py:641} INFO - Processing file /home/airflow/.local/lib/python3.7/site-packages/airflow/example_dags/example_short_circuit_operator.py for tasks to queue
[2023-05-29 15:35:00,043] {logging_mixin.py:115} INFO - [2023-05-29 15:35:00,043] {dagbag.py:508} INFO - Filling up the DagBag from /home/airflow/.local/lib/python3.7/site-packages/airflow/example_dags/example_short_circuit_operator.py
[2023-05-29 15:35:00,049] {processor.py:651} INFO - DAG(s) dict_keys(['example_short_circuit_operator']) retrieved from /home/airflow/.local/lib/python3.7/site-packages/airflow/example_dags/example_short_circuit_operator.py
[2023-05-29 15:35:00,070] {logging_mixin.py:115} INFO - [2023-05-29 15:35:00,070] {dag.py:2420} INFO - Sync 1 DAGs
[2023-05-29 15:35:00,088] {logging_mixin.py:115} INFO - [2023-05-29 15:35:00,087] {dag.py:2972} INFO - Setting next_dagrun for example_short_circuit_operator to 2023-05-28T15:35:00.087813+00:00, run_after=2023-05-29T15:35:00.087813+00:00
[2023-05-29 15:35:00,098] {processor.py:161} INFO - Processing /home/airflow/.local/lib/python3.7/site-packages/airflow/example_dags/example_short_circuit_operator.py took 0.058 seconds
[2023-05-29 15:35:30,495] {processor.py:153} INFO - Started process (PID=1164) to work on /home/airflow/.local/lib/python3.7/site-packages/airflow/example_dags/example_short_circuit_operator.py
[2023-05-29 15:35:30,495] {processor.py:641} INFO - Processing file /home/airflow/.local/lib/python3.7/site-packages/airflow/example_dags/example_short_circuit_operator.py for tasks to queue
[2023-05-29 15:35:30,495] {logging_mixin.py:115} INFO - [2023-05-29 15:35:30,495] {dagbag.py:508} INFO - Filling up the DagBag from /home/airflow/.local/lib/python3.7/site-packages/airflow/example_dags/example_short_circuit_operator.py
[2023-05-29 15:35:30,501] {processor.py:651} INFO - DAG(s) dict_keys(['example_short_circuit_operator']) retrieved from /home/airflow/.local/lib/python3.7/site-packages/airflow/example_dags/example_short_circuit_operator.py
[2023-05-29 15:35:30,520] {logging_mixin.py:115} INFO - [2023-05-29 15:35:30,519] {dag.py:2420} INFO - Sync 1 DAGs
[2023-05-29 15:35:30,537] {logging_mixin.py:115} INFO - [2023-05-29 15:35:30,536] {dag.py:2972} INFO - Setting next_dagrun for example_short_circuit_operator to 2023-05-28T15:35:30.536794+00:00, run_after=2023-05-29T15:35:30.536794+00:00
[2023-05-29 15:35:30,547] {processor.py:161} INFO - Processing /home/airflow/.local/lib/python3.7/site-packages/airflow/example_dags/example_short_circuit_operator.py took 0.054 seconds
[2023-05-29 15:36:01,255] {processor.py:153} INFO - Started process (PID=1226) to work on /home/airflow/.local/lib/python3.7/site-packages/airflow/example_dags/example_short_circuit_operator.py
[2023-05-29 15:36:01,255] {processor.py:641} INFO - Processing file /home/airflow/.local/lib/python3.7/site-packages/airflow/example_dags/example_short_circuit_operator.py for tasks to queue
[2023-05-29 15:36:01,256] {logging_mixin.py:115} INFO - [2023-05-29 15:36:01,256] {dagbag.py:508} INFO - Filling up the DagBag from /home/airflow/.local/lib/python3.7/site-packages/airflow/example_dags/example_short_circuit_operator.py
[2023-05-29 15:36:01,262] {processor.py:651} INFO - DAG(s) dict_keys(['example_short_circuit_operator']) retrieved from /home/airflow/.local/lib/python3.7/site-packages/airflow/example_dags/example_short_circuit_operator.py
[2023-05-29 15:36:01,286] {logging_mixin.py:115} INFO - [2023-05-29 15:36:01,286] {dag.py:2420} INFO - Sync 1 DAGs
[2023-05-29 15:36:01,307] {logging_mixin.py:115} INFO - [2023-05-29 15:36:01,307] {dag.py:2972} INFO - Setting next_dagrun for example_short_circuit_operator to 2023-05-28T15:36:01.307325+00:00, run_after=2023-05-29T15:36:01.307325+00:00
[2023-05-29 15:36:01,319] {processor.py:161} INFO - Processing /home/airflow/.local/lib/python3.7/site-packages/airflow/example_dags/example_short_circuit_operator.py took 0.067 seconds
[2023-05-29 15:36:31,775] {processor.py:153} INFO - Started process (PID=1288) to work on /home/airflow/.local/lib/python3.7/site-packages/airflow/example_dags/example_short_circuit_operator.py
[2023-05-29 15:36:31,775] {processor.py:641} INFO - Processing file /home/airflow/.local/lib/python3.7/site-packages/airflow/example_dags/example_short_circuit_operator.py for tasks to queue
[2023-05-29 15:36:31,775] {logging_mixin.py:115} INFO - [2023-05-29 15:36:31,775] {dagbag.py:508} INFO - Filling up the DagBag from /home/airflow/.local/lib/python3.7/site-packages/airflow/example_dags/example_short_circuit_operator.py
[2023-05-29 15:36:31,781] {processor.py:651} INFO - DAG(s) dict_keys(['example_short_circuit_operator']) retrieved from /home/airflow/.local/lib/python3.7/site-packages/airflow/example_dags/example_short_circuit_operator.py
[2023-05-29 15:36:31,802] {logging_mixin.py:115} INFO - [2023-05-29 15:36:31,802] {dag.py:2420} INFO - Sync 1 DAGs
[2023-05-29 15:36:31,820] {logging_mixin.py:115} INFO - [2023-05-29 15:36:31,820] {dag.py:2972} INFO - Setting next_dagrun for example_short_circuit_operator to 2023-05-28T15:36:31.820431+00:00, run_after=2023-05-29T15:36:31.820431+00:00
[2023-05-29 15:36:31,831] {processor.py:161} INFO - Processing /home/airflow/.local/lib/python3.7/site-packages/airflow/example_dags/example_short_circuit_operator.py took 0.058 seconds
[2023-05-29 15:37:02,370] {processor.py:153} INFO - Started process (PID=1350) to work on /home/airflow/.local/lib/python3.7/site-packages/airflow/example_dags/example_short_circuit_operator.py
[2023-05-29 15:37:02,370] {processor.py:641} INFO - Processing file /home/airflow/.local/lib/python3.7/site-packages/airflow/example_dags/example_short_circuit_operator.py for tasks to queue
[2023-05-29 15:37:02,370] {logging_mixin.py:115} INFO - [2023-05-29 15:37:02,370] {dagbag.py:508} INFO - Filling up the DagBag from /home/airflow/.local/lib/python3.7/site-packages/airflow/example_dags/example_short_circuit_operator.py
[2023-05-29 15:37:02,376] {processor.py:651} INFO - DAG(s) dict_keys(['example_short_circuit_operator']) retrieved from /home/airflow/.local/lib/python3.7/site-packages/airflow/example_dags/example_short_circuit_operator.py
[2023-05-29 15:37:02,396] {logging_mixin.py:115} INFO - [2023-05-29 15:37:02,396] {dag.py:2420} INFO - Sync 1 DAGs
[2023-05-29 15:37:02,414] {logging_mixin.py:115} INFO - [2023-05-29 15:37:02,414] {dag.py:2972} INFO - Setting next_dagrun for example_short_circuit_operator to 2023-05-28T15:37:02.414285+00:00, run_after=2023-05-29T15:37:02.414285+00:00
[2023-05-29 15:37:02,424] {processor.py:161} INFO - Processing /home/airflow/.local/lib/python3.7/site-packages/airflow/example_dags/example_short_circuit_operator.py took 0.057 seconds
[2023-05-29 15:37:32,848] {processor.py:153} INFO - Started process (PID=1403) to work on /home/airflow/.local/lib/python3.7/site-packages/airflow/example_dags/example_short_circuit_operator.py
[2023-05-29 15:37:32,848] {processor.py:641} INFO - Processing file /home/airflow/.local/lib/python3.7/site-packages/airflow/example_dags/example_short_circuit_operator.py for tasks to queue
[2023-05-29 15:37:32,849] {logging_mixin.py:115} INFO - [2023-05-29 15:37:32,849] {dagbag.py:508} INFO - Filling up the DagBag from /home/airflow/.local/lib/python3.7/site-packages/airflow/example_dags/example_short_circuit_operator.py
[2023-05-29 15:37:32,854] {processor.py:651} INFO - DAG(s) dict_keys(['example_short_circuit_operator']) retrieved from /home/airflow/.local/lib/python3.7/site-packages/airflow/example_dags/example_short_circuit_operator.py
[2023-05-29 15:37:32,873] {logging_mixin.py:115} INFO - [2023-05-29 15:37:32,873] {dag.py:2420} INFO - Sync 1 DAGs
[2023-05-29 15:37:32,889] {logging_mixin.py:115} INFO - [2023-05-29 15:37:32,889] {dag.py:2972} INFO - Setting next_dagrun for example_short_circuit_operator to 2023-05-28T15:37:32.889206+00:00, run_after=2023-05-29T15:37:32.889206+00:00
[2023-05-29 15:37:32,899] {processor.py:161} INFO - Processing /home/airflow/.local/lib/python3.7/site-packages/airflow/example_dags/example_short_circuit_operator.py took 0.053 seconds
[2023-05-29 15:38:03,448] {processor.py:153} INFO - Started process (PID=1465) to work on /home/airflow/.local/lib/python3.7/site-packages/airflow/example_dags/example_short_circuit_operator.py
[2023-05-29 15:38:03,448] {processor.py:641} INFO - Processing file /home/airflow/.local/lib/python3.7/site-packages/airflow/example_dags/example_short_circuit_operator.py for tasks to queue
[2023-05-29 15:38:03,449] {logging_mixin.py:115} INFO - [2023-05-29 15:38:03,449] {dagbag.py:508} INFO - Filling up the DagBag from /home/airflow/.local/lib/python3.7/site-packages/airflow/example_dags/example_short_circuit_operator.py
[2023-05-29 15:38:03,454] {processor.py:651} INFO - DAG(s) dict_keys(['example_short_circuit_operator']) retrieved from /home/airflow/.local/lib/python3.7/site-packages/airflow/example_dags/example_short_circuit_operator.py
[2023-05-29 15:38:03,476] {logging_mixin.py:115} INFO - [2023-05-29 15:38:03,476] {dag.py:2420} INFO - Sync 1 DAGs
[2023-05-29 15:38:03,493] {logging_mixin.py:115} INFO - [2023-05-29 15:38:03,493] {dag.py:2972} INFO - Setting next_dagrun for example_short_circuit_operator to 2023-05-28T15:38:03.493277+00:00, run_after=2023-05-29T15:38:03.493277+00:00
[2023-05-29 15:38:03,504] {processor.py:161} INFO - Processing /home/airflow/.local/lib/python3.7/site-packages/airflow/example_dags/example_short_circuit_operator.py took 0.058 seconds
[2023-05-29 15:38:33,805] {processor.py:153} INFO - Started process (PID=1536) to work on /home/airflow/.local/lib/python3.7/site-packages/airflow/example_dags/example_short_circuit_operator.py
[2023-05-29 15:38:33,806] {processor.py:641} INFO - Processing file /home/airflow/.local/lib/python3.7/site-packages/airflow/example_dags/example_short_circuit_operator.py for tasks to queue
[2023-05-29 15:38:33,806] {logging_mixin.py:115} INFO - [2023-05-29 15:38:33,806] {dagbag.py:508} INFO - Filling up the DagBag from /home/airflow/.local/lib/python3.7/site-packages/airflow/example_dags/example_short_circuit_operator.py
[2023-05-29 15:38:33,812] {processor.py:651} INFO - DAG(s) dict_keys(['example_short_circuit_operator']) retrieved from /home/airflow/.local/lib/python3.7/site-packages/airflow/example_dags/example_short_circuit_operator.py
[2023-05-29 15:38:33,833] {logging_mixin.py:115} INFO - [2023-05-29 15:38:33,833] {dag.py:2420} INFO - Sync 1 DAGs
[2023-05-29 15:38:33,854] {logging_mixin.py:115} INFO - [2023-05-29 15:38:33,854] {dag.py:2972} INFO - Setting next_dagrun for example_short_circuit_operator to 2023-05-28T15:38:33.854121+00:00, run_after=2023-05-29T15:38:33.854121+00:00
[2023-05-29 15:38:33,866] {processor.py:161} INFO - Processing /home/airflow/.local/lib/python3.7/site-packages/airflow/example_dags/example_short_circuit_operator.py took 0.063 seconds
[2023-05-29 15:39:04,588] {processor.py:153} INFO - Started process (PID=1602) to work on /home/airflow/.local/lib/python3.7/site-packages/airflow/example_dags/example_short_circuit_operator.py
[2023-05-29 15:39:04,589] {processor.py:641} INFO - Processing file /home/airflow/.local/lib/python3.7/site-packages/airflow/example_dags/example_short_circuit_operator.py for tasks to queue
[2023-05-29 15:39:04,590] {logging_mixin.py:115} INFO - [2023-05-29 15:39:04,589] {dagbag.py:508} INFO - Filling up the DagBag from /home/airflow/.local/lib/python3.7/site-packages/airflow/example_dags/example_short_circuit_operator.py
[2023-05-29 15:39:04,599] {processor.py:651} INFO - DAG(s) dict_keys(['example_short_circuit_operator']) retrieved from /home/airflow/.local/lib/python3.7/site-packages/airflow/example_dags/example_short_circuit_operator.py
[2023-05-29 15:39:04,632] {logging_mixin.py:115} INFO - [2023-05-29 15:39:04,632] {dag.py:2420} INFO - Sync 1 DAGs
[2023-05-29 15:39:04,659] {logging_mixin.py:115} INFO - [2023-05-29 15:39:04,658] {dag.py:2972} INFO - Setting next_dagrun for example_short_circuit_operator to 2023-05-28T15:39:04.658704+00:00, run_after=2023-05-29T15:39:04.658704+00:00
[2023-05-29 15:39:04,678] {processor.py:161} INFO - Processing /home/airflow/.local/lib/python3.7/site-packages/airflow/example_dags/example_short_circuit_operator.py took 0.093 seconds
[2023-05-29 15:39:35,282] {processor.py:153} INFO - Started process (PID=1655) to work on /home/airflow/.local/lib/python3.7/site-packages/airflow/example_dags/example_short_circuit_operator.py
[2023-05-29 15:39:35,282] {processor.py:641} INFO - Processing file /home/airflow/.local/lib/python3.7/site-packages/airflow/example_dags/example_short_circuit_operator.py for tasks to queue
[2023-05-29 15:39:35,283] {logging_mixin.py:115} INFO - [2023-05-29 15:39:35,283] {dagbag.py:508} INFO - Filling up the DagBag from /home/airflow/.local/lib/python3.7/site-packages/airflow/example_dags/example_short_circuit_operator.py
[2023-05-29 15:39:35,288] {processor.py:651} INFO - DAG(s) dict_keys(['example_short_circuit_operator']) retrieved from /home/airflow/.local/lib/python3.7/site-packages/airflow/example_dags/example_short_circuit_operator.py
[2023-05-29 15:39:35,309] {logging_mixin.py:115} INFO - [2023-05-29 15:39:35,309] {dag.py:2420} INFO - Sync 1 DAGs
[2023-05-29 15:39:35,328] {logging_mixin.py:115} INFO - [2023-05-29 15:39:35,328] {dag.py:2972} INFO - Setting next_dagrun for example_short_circuit_operator to 2023-05-28T15:39:35.328232+00:00, run_after=2023-05-29T15:39:35.328232+00:00
[2023-05-29 15:39:35,338] {processor.py:161} INFO - Processing /home/airflow/.local/lib/python3.7/site-packages/airflow/example_dags/example_short_circuit_operator.py took 0.059 seconds
[2023-05-29 15:40:05,690] {processor.py:153} INFO - Started process (PID=1717) to work on /home/airflow/.local/lib/python3.7/site-packages/airflow/example_dags/example_short_circuit_operator.py
[2023-05-29 15:40:05,690] {processor.py:641} INFO - Processing file /home/airflow/.local/lib/python3.7/site-packages/airflow/example_dags/example_short_circuit_operator.py for tasks to queue
[2023-05-29 15:40:05,691] {logging_mixin.py:115} INFO - [2023-05-29 15:40:05,691] {dagbag.py:508} INFO - Filling up the DagBag from /home/airflow/.local/lib/python3.7/site-packages/airflow/example_dags/example_short_circuit_operator.py
[2023-05-29 15:40:05,696] {processor.py:651} INFO - DAG(s) dict_keys(['example_short_circuit_operator']) retrieved from /home/airflow/.local/lib/python3.7/site-packages/airflow/example_dags/example_short_circuit_operator.py
[2023-05-29 15:40:05,717] {logging_mixin.py:115} INFO - [2023-05-29 15:40:05,717] {dag.py:2420} INFO - Sync 1 DAGs
[2023-05-29 15:40:05,736] {logging_mixin.py:115} INFO - [2023-05-29 15:40:05,736] {dag.py:2972} INFO - Setting next_dagrun for example_short_circuit_operator to 2023-05-28T15:40:05.736241+00:00, run_after=2023-05-29T15:40:05.736241+00:00
[2023-05-29 15:40:05,747] {processor.py:161} INFO - Processing /home/airflow/.local/lib/python3.7/site-packages/airflow/example_dags/example_short_circuit_operator.py took 0.059 seconds
[2023-05-29 15:40:36,105] {processor.py:153} INFO - Started process (PID=1779) to work on /home/airflow/.local/lib/python3.7/site-packages/airflow/example_dags/example_short_circuit_operator.py
[2023-05-29 15:40:36,106] {processor.py:641} INFO - Processing file /home/airflow/.local/lib/python3.7/site-packages/airflow/example_dags/example_short_circuit_operator.py for tasks to queue
[2023-05-29 15:40:36,106] {logging_mixin.py:115} INFO - [2023-05-29 15:40:36,106] {dagbag.py:508} INFO - Filling up the DagBag from /home/airflow/.local/lib/python3.7/site-packages/airflow/example_dags/example_short_circuit_operator.py
[2023-05-29 15:40:36,112] {processor.py:651} INFO - DAG(s) dict_keys(['example_short_circuit_operator']) retrieved from /home/airflow/.local/lib/python3.7/site-packages/airflow/example_dags/example_short_circuit_operator.py
[2023-05-29 15:40:36,133] {logging_mixin.py:115} INFO - [2023-05-29 15:40:36,132] {dag.py:2420} INFO - Sync 1 DAGs
[2023-05-29 15:40:36,150] {logging_mixin.py:115} INFO - [2023-05-29 15:40:36,150] {dag.py:2972} INFO - Setting next_dagrun for example_short_circuit_operator to 2023-05-28T15:40:36.150440+00:00, run_after=2023-05-29T15:40:36.150440+00:00
[2023-05-29 15:40:36,161] {processor.py:161} INFO - Processing /home/airflow/.local/lib/python3.7/site-packages/airflow/example_dags/example_short_circuit_operator.py took 0.058 seconds
[2023-05-29 15:41:06,551] {processor.py:153} INFO - Started process (PID=1841) to work on /home/airflow/.local/lib/python3.7/site-packages/airflow/example_dags/example_short_circuit_operator.py
[2023-05-29 15:41:06,551] {processor.py:641} INFO - Processing file /home/airflow/.local/lib/python3.7/site-packages/airflow/example_dags/example_short_circuit_operator.py for tasks to queue
[2023-05-29 15:41:06,552] {logging_mixin.py:115} INFO - [2023-05-29 15:41:06,552] {dagbag.py:508} INFO - Filling up the DagBag from /home/airflow/.local/lib/python3.7/site-packages/airflow/example_dags/example_short_circuit_operator.py
[2023-05-29 15:41:06,558] {processor.py:651} INFO - DAG(s) dict_keys(['example_short_circuit_operator']) retrieved from /home/airflow/.local/lib/python3.7/site-packages/airflow/example_dags/example_short_circuit_operator.py
[2023-05-29 15:41:06,584] {logging_mixin.py:115} INFO - [2023-05-29 15:41:06,583] {dag.py:2420} INFO - Sync 1 DAGs
[2023-05-29 15:41:06,606] {logging_mixin.py:115} INFO - [2023-05-29 15:41:06,606] {dag.py:2972} INFO - Setting next_dagrun for example_short_circuit_operator to 2023-05-28T15:41:06.606208+00:00, run_after=2023-05-29T15:41:06.606208+00:00
[2023-05-29 15:41:06,620] {processor.py:161} INFO - Processing /home/airflow/.local/lib/python3.7/site-packages/airflow/example_dags/example_short_circuit_operator.py took 0.072 seconds
