[2023-05-29 15:18:21,879] {processor.py:153} INFO - Started process (PID=86) to work on /home/airflow/.local/lib/python3.7/site-packages/airflow/example_dags/example_sla_dag.py
[2023-05-29 15:18:21,880] {processor.py:641} INFO - Processing file /home/airflow/.local/lib/python3.7/site-packages/airflow/example_dags/example_sla_dag.py for tasks to queue
[2023-05-29 15:18:21,880] {logging_mixin.py:115} INFO - [2023-05-29 15:18:21,880] {dagbag.py:508} INFO - Filling up the DagBag from /home/airflow/.local/lib/python3.7/site-packages/airflow/example_dags/example_sla_dag.py
[2023-05-29 15:18:21,904] {processor.py:651} INFO - DAG(s) dict_keys(['example_sla_dag']) retrieved from /home/airflow/.local/lib/python3.7/site-packages/airflow/example_dags/example_sla_dag.py
[2023-05-29 15:18:21,978] {logging_mixin.py:115} INFO - [2023-05-29 15:18:21,978] {manager.py:508} INFO - Created Permission View: can read on DAG:example_sla_dag
[2023-05-29 15:18:21,986] {logging_mixin.py:115} INFO - [2023-05-29 15:18:21,986] {manager.py:508} INFO - Created Permission View: can delete on DAG:example_sla_dag
[2023-05-29 15:18:21,993] {logging_mixin.py:115} INFO - [2023-05-29 15:18:21,993] {manager.py:508} INFO - Created Permission View: can edit on DAG:example_sla_dag
[2023-05-29 15:18:21,993] {logging_mixin.py:115} INFO - [2023-05-29 15:18:21,993] {dag.py:2420} INFO - Sync 1 DAGs
[2023-05-29 15:18:22,001] {logging_mixin.py:115} INFO - [2023-05-29 15:18:22,001] {dag.py:2439} INFO - Creating ORM DAG for example_sla_dag
[2023-05-29 15:18:22,015] {logging_mixin.py:115} INFO - [2023-05-29 15:18:22,014] {dag.py:2972} INFO - Setting next_dagrun for example_sla_dag to 2023-05-29T15:16:00+00:00, run_after=2023-05-29T15:18:00+00:00
[2023-05-29 15:18:22,028] {processor.py:161} INFO - Processing /home/airflow/.local/lib/python3.7/site-packages/airflow/example_dags/example_sla_dag.py took 0.151 seconds
[2023-05-29 15:18:53,910] {processor.py:153} INFO - Started process (PID=147) to work on /home/airflow/.local/lib/python3.7/site-packages/airflow/example_dags/example_sla_dag.py
[2023-05-29 15:18:53,911] {processor.py:641} INFO - Processing file /home/airflow/.local/lib/python3.7/site-packages/airflow/example_dags/example_sla_dag.py for tasks to queue
[2023-05-29 15:18:53,911] {logging_mixin.py:115} INFO - [2023-05-29 15:18:53,911] {dagbag.py:508} INFO - Filling up the DagBag from /home/airflow/.local/lib/python3.7/site-packages/airflow/example_dags/example_sla_dag.py
[2023-05-29 15:18:53,924] {processor.py:651} INFO - DAG(s) dict_keys(['example_sla_dag']) retrieved from /home/airflow/.local/lib/python3.7/site-packages/airflow/example_dags/example_sla_dag.py
[2023-05-29 15:18:53,946] {logging_mixin.py:115} INFO - [2023-05-29 15:18:53,946] {dag.py:2420} INFO - Sync 1 DAGs
[2023-05-29 15:18:53,970] {logging_mixin.py:115} INFO - [2023-05-29 15:18:53,969] {dag.py:2972} INFO - Setting next_dagrun for example_sla_dag to 2023-05-29T15:16:00+00:00, run_after=2023-05-29T15:18:00+00:00
[2023-05-29 15:18:53,983] {processor.py:161} INFO - Processing /home/airflow/.local/lib/python3.7/site-packages/airflow/example_dags/example_sla_dag.py took 0.076 seconds
[2023-05-29 15:19:24,327] {processor.py:153} INFO - Started process (PID=199) to work on /home/airflow/.local/lib/python3.7/site-packages/airflow/example_dags/example_sla_dag.py
[2023-05-29 15:19:24,327] {processor.py:641} INFO - Processing file /home/airflow/.local/lib/python3.7/site-packages/airflow/example_dags/example_sla_dag.py for tasks to queue
[2023-05-29 15:19:24,327] {logging_mixin.py:115} INFO - [2023-05-29 15:19:24,327] {dagbag.py:508} INFO - Filling up the DagBag from /home/airflow/.local/lib/python3.7/site-packages/airflow/example_dags/example_sla_dag.py
[2023-05-29 15:19:24,339] {processor.py:651} INFO - DAG(s) dict_keys(['example_sla_dag']) retrieved from /home/airflow/.local/lib/python3.7/site-packages/airflow/example_dags/example_sla_dag.py
[2023-05-29 15:19:24,357] {logging_mixin.py:115} INFO - [2023-05-29 15:19:24,356] {dag.py:2420} INFO - Sync 1 DAGs
[2023-05-29 15:19:24,377] {logging_mixin.py:115} INFO - [2023-05-29 15:19:24,377] {dag.py:2972} INFO - Setting next_dagrun for example_sla_dag to 2023-05-29T15:16:00+00:00, run_after=2023-05-29T15:18:00+00:00
[2023-05-29 15:19:24,388] {processor.py:161} INFO - Processing /home/airflow/.local/lib/python3.7/site-packages/airflow/example_dags/example_sla_dag.py took 0.063 seconds
[2023-05-29 15:19:54,714] {processor.py:153} INFO - Started process (PID=260) to work on /home/airflow/.local/lib/python3.7/site-packages/airflow/example_dags/example_sla_dag.py
[2023-05-29 15:19:54,714] {processor.py:641} INFO - Processing file /home/airflow/.local/lib/python3.7/site-packages/airflow/example_dags/example_sla_dag.py for tasks to queue
[2023-05-29 15:19:54,715] {logging_mixin.py:115} INFO - [2023-05-29 15:19:54,715] {dagbag.py:508} INFO - Filling up the DagBag from /home/airflow/.local/lib/python3.7/site-packages/airflow/example_dags/example_sla_dag.py
[2023-05-29 15:19:54,726] {processor.py:651} INFO - DAG(s) dict_keys(['example_sla_dag']) retrieved from /home/airflow/.local/lib/python3.7/site-packages/airflow/example_dags/example_sla_dag.py
[2023-05-29 15:19:54,745] {logging_mixin.py:115} INFO - [2023-05-29 15:19:54,745] {dag.py:2420} INFO - Sync 1 DAGs
[2023-05-29 15:19:54,765] {logging_mixin.py:115} INFO - [2023-05-29 15:19:54,765] {dag.py:2972} INFO - Setting next_dagrun for example_sla_dag to 2023-05-29T15:16:00+00:00, run_after=2023-05-29T15:18:00+00:00
[2023-05-29 15:19:54,776] {processor.py:161} INFO - Processing /home/airflow/.local/lib/python3.7/site-packages/airflow/example_dags/example_sla_dag.py took 0.064 seconds
[2023-05-29 15:20:25,105] {processor.py:153} INFO - Started process (PID=321) to work on /home/airflow/.local/lib/python3.7/site-packages/airflow/example_dags/example_sla_dag.py
[2023-05-29 15:20:25,105] {processor.py:641} INFO - Processing file /home/airflow/.local/lib/python3.7/site-packages/airflow/example_dags/example_sla_dag.py for tasks to queue
[2023-05-29 15:20:25,106] {logging_mixin.py:115} INFO - [2023-05-29 15:20:25,106] {dagbag.py:508} INFO - Filling up the DagBag from /home/airflow/.local/lib/python3.7/site-packages/airflow/example_dags/example_sla_dag.py
[2023-05-29 15:20:25,119] {processor.py:651} INFO - DAG(s) dict_keys(['example_sla_dag']) retrieved from /home/airflow/.local/lib/python3.7/site-packages/airflow/example_dags/example_sla_dag.py
[2023-05-29 15:20:25,137] {logging_mixin.py:115} INFO - [2023-05-29 15:20:25,137] {dag.py:2420} INFO - Sync 1 DAGs
[2023-05-29 15:20:25,159] {logging_mixin.py:115} INFO - [2023-05-29 15:20:25,158] {dag.py:2972} INFO - Setting next_dagrun for example_sla_dag to 2023-05-29T15:18:00+00:00, run_after=2023-05-29T15:20:00+00:00
[2023-05-29 15:20:25,169] {processor.py:161} INFO - Processing /home/airflow/.local/lib/python3.7/site-packages/airflow/example_dags/example_sla_dag.py took 0.066 seconds
[2023-05-29 15:20:55,502] {processor.py:153} INFO - Started process (PID=373) to work on /home/airflow/.local/lib/python3.7/site-packages/airflow/example_dags/example_sla_dag.py
[2023-05-29 15:20:55,502] {processor.py:641} INFO - Processing file /home/airflow/.local/lib/python3.7/site-packages/airflow/example_dags/example_sla_dag.py for tasks to queue
[2023-05-29 15:20:55,502] {logging_mixin.py:115} INFO - [2023-05-29 15:20:55,502] {dagbag.py:508} INFO - Filling up the DagBag from /home/airflow/.local/lib/python3.7/site-packages/airflow/example_dags/example_sla_dag.py
[2023-05-29 15:20:55,514] {processor.py:651} INFO - DAG(s) dict_keys(['example_sla_dag']) retrieved from /home/airflow/.local/lib/python3.7/site-packages/airflow/example_dags/example_sla_dag.py
[2023-05-29 15:20:55,534] {logging_mixin.py:115} INFO - [2023-05-29 15:20:55,534] {dag.py:2420} INFO - Sync 1 DAGs
[2023-05-29 15:20:55,557] {logging_mixin.py:115} INFO - [2023-05-29 15:20:55,557] {dag.py:2972} INFO - Setting next_dagrun for example_sla_dag to 2023-05-29T15:18:00+00:00, run_after=2023-05-29T15:20:00+00:00
[2023-05-29 15:20:55,569] {processor.py:161} INFO - Processing /home/airflow/.local/lib/python3.7/site-packages/airflow/example_dags/example_sla_dag.py took 0.069 seconds
[2023-05-29 15:21:25,929] {processor.py:153} INFO - Started process (PID=435) to work on /home/airflow/.local/lib/python3.7/site-packages/airflow/example_dags/example_sla_dag.py
[2023-05-29 15:21:25,930] {processor.py:641} INFO - Processing file /home/airflow/.local/lib/python3.7/site-packages/airflow/example_dags/example_sla_dag.py for tasks to queue
[2023-05-29 15:21:25,930] {logging_mixin.py:115} INFO - [2023-05-29 15:21:25,930] {dagbag.py:508} INFO - Filling up the DagBag from /home/airflow/.local/lib/python3.7/site-packages/airflow/example_dags/example_sla_dag.py
[2023-05-29 15:21:25,942] {processor.py:651} INFO - DAG(s) dict_keys(['example_sla_dag']) retrieved from /home/airflow/.local/lib/python3.7/site-packages/airflow/example_dags/example_sla_dag.py
[2023-05-29 15:21:25,962] {logging_mixin.py:115} INFO - [2023-05-29 15:21:25,962] {dag.py:2420} INFO - Sync 1 DAGs
[2023-05-29 15:21:25,984] {logging_mixin.py:115} INFO - [2023-05-29 15:21:25,984] {dag.py:2972} INFO - Setting next_dagrun for example_sla_dag to 2023-05-29T15:18:00+00:00, run_after=2023-05-29T15:20:00+00:00
[2023-05-29 15:21:25,995] {processor.py:161} INFO - Processing /home/airflow/.local/lib/python3.7/site-packages/airflow/example_dags/example_sla_dag.py took 0.068 seconds
[2023-05-29 15:21:56,456] {processor.py:153} INFO - Started process (PID=496) to work on /home/airflow/.local/lib/python3.7/site-packages/airflow/example_dags/example_sla_dag.py
[2023-05-29 15:21:56,457] {processor.py:641} INFO - Processing file /home/airflow/.local/lib/python3.7/site-packages/airflow/example_dags/example_sla_dag.py for tasks to queue
[2023-05-29 15:21:56,457] {logging_mixin.py:115} INFO - [2023-05-29 15:21:56,457] {dagbag.py:508} INFO - Filling up the DagBag from /home/airflow/.local/lib/python3.7/site-packages/airflow/example_dags/example_sla_dag.py
[2023-05-29 15:21:56,470] {processor.py:651} INFO - DAG(s) dict_keys(['example_sla_dag']) retrieved from /home/airflow/.local/lib/python3.7/site-packages/airflow/example_dags/example_sla_dag.py
[2023-05-29 15:21:56,490] {logging_mixin.py:115} INFO - [2023-05-29 15:21:56,490] {dag.py:2420} INFO - Sync 1 DAGs
[2023-05-29 15:21:56,512] {logging_mixin.py:115} INFO - [2023-05-29 15:21:56,512] {dag.py:2972} INFO - Setting next_dagrun for example_sla_dag to 2023-05-29T15:18:00+00:00, run_after=2023-05-29T15:20:00+00:00
[2023-05-29 15:21:56,524] {processor.py:161} INFO - Processing /home/airflow/.local/lib/python3.7/site-packages/airflow/example_dags/example_sla_dag.py took 0.070 seconds
[2023-05-29 15:22:26,941] {processor.py:153} INFO - Started process (PID=556) to work on /home/airflow/.local/lib/python3.7/site-packages/airflow/example_dags/example_sla_dag.py
[2023-05-29 15:22:26,942] {processor.py:641} INFO - Processing file /home/airflow/.local/lib/python3.7/site-packages/airflow/example_dags/example_sla_dag.py for tasks to queue
[2023-05-29 15:22:26,942] {logging_mixin.py:115} INFO - [2023-05-29 15:22:26,942] {dagbag.py:508} INFO - Filling up the DagBag from /home/airflow/.local/lib/python3.7/site-packages/airflow/example_dags/example_sla_dag.py
[2023-05-29 15:22:26,954] {processor.py:651} INFO - DAG(s) dict_keys(['example_sla_dag']) retrieved from /home/airflow/.local/lib/python3.7/site-packages/airflow/example_dags/example_sla_dag.py
[2023-05-29 15:22:26,973] {logging_mixin.py:115} INFO - [2023-05-29 15:22:26,973] {dag.py:2420} INFO - Sync 1 DAGs
[2023-05-29 15:22:26,994] {logging_mixin.py:115} INFO - [2023-05-29 15:22:26,994] {dag.py:2972} INFO - Setting next_dagrun for example_sla_dag to 2023-05-29T15:20:00+00:00, run_after=2023-05-29T15:22:00+00:00
[2023-05-29 15:22:27,006] {processor.py:161} INFO - Processing /home/airflow/.local/lib/python3.7/site-packages/airflow/example_dags/example_sla_dag.py took 0.067 seconds
[2023-05-29 15:23:26,589] {processor.py:153} INFO - Started process (PID=85) to work on /home/airflow/.local/lib/python3.7/site-packages/airflow/example_dags/example_sla_dag.py
[2023-05-29 15:23:26,589] {processor.py:641} INFO - Processing file /home/airflow/.local/lib/python3.7/site-packages/airflow/example_dags/example_sla_dag.py for tasks to queue
[2023-05-29 15:23:26,590] {logging_mixin.py:115} INFO - [2023-05-29 15:23:26,590] {dagbag.py:508} INFO - Filling up the DagBag from /home/airflow/.local/lib/python3.7/site-packages/airflow/example_dags/example_sla_dag.py
[2023-05-29 15:23:26,607] {processor.py:651} INFO - DAG(s) dict_keys(['example_sla_dag']) retrieved from /home/airflow/.local/lib/python3.7/site-packages/airflow/example_dags/example_sla_dag.py
[2023-05-29 15:23:26,632] {logging_mixin.py:115} INFO - [2023-05-29 15:23:26,632] {dag.py:2420} INFO - Sync 1 DAGs
[2023-05-29 15:23:26,660] {logging_mixin.py:115} INFO - [2023-05-29 15:23:26,660] {dag.py:2972} INFO - Setting next_dagrun for example_sla_dag to 2023-05-29T15:20:00+00:00, run_after=2023-05-29T15:22:00+00:00
[2023-05-29 15:23:26,676] {processor.py:161} INFO - Processing /home/airflow/.local/lib/python3.7/site-packages/airflow/example_dags/example_sla_dag.py took 0.090 seconds
[2023-05-29 15:23:57,169] {processor.py:153} INFO - Started process (PID=137) to work on /home/airflow/.local/lib/python3.7/site-packages/airflow/example_dags/example_sla_dag.py
[2023-05-29 15:23:57,170] {processor.py:641} INFO - Processing file /home/airflow/.local/lib/python3.7/site-packages/airflow/example_dags/example_sla_dag.py for tasks to queue
[2023-05-29 15:23:57,170] {logging_mixin.py:115} INFO - [2023-05-29 15:23:57,170] {dagbag.py:508} INFO - Filling up the DagBag from /home/airflow/.local/lib/python3.7/site-packages/airflow/example_dags/example_sla_dag.py
[2023-05-29 15:23:57,181] {processor.py:651} INFO - DAG(s) dict_keys(['example_sla_dag']) retrieved from /home/airflow/.local/lib/python3.7/site-packages/airflow/example_dags/example_sla_dag.py
[2023-05-29 15:23:57,199] {logging_mixin.py:115} INFO - [2023-05-29 15:23:57,199] {dag.py:2420} INFO - Sync 1 DAGs
[2023-05-29 15:23:57,219] {logging_mixin.py:115} INFO - [2023-05-29 15:23:57,218] {dag.py:2972} INFO - Setting next_dagrun for example_sla_dag to 2023-05-29T15:20:00+00:00, run_after=2023-05-29T15:22:00+00:00
[2023-05-29 15:23:57,228] {processor.py:161} INFO - Processing /home/airflow/.local/lib/python3.7/site-packages/airflow/example_dags/example_sla_dag.py took 0.060 seconds
[2023-05-29 15:24:27,731] {processor.py:153} INFO - Started process (PID=198) to work on /home/airflow/.local/lib/python3.7/site-packages/airflow/example_dags/example_sla_dag.py
[2023-05-29 15:24:27,732] {processor.py:641} INFO - Processing file /home/airflow/.local/lib/python3.7/site-packages/airflow/example_dags/example_sla_dag.py for tasks to queue
[2023-05-29 15:24:27,732] {logging_mixin.py:115} INFO - [2023-05-29 15:24:27,732] {dagbag.py:508} INFO - Filling up the DagBag from /home/airflow/.local/lib/python3.7/site-packages/airflow/example_dags/example_sla_dag.py
[2023-05-29 15:24:27,744] {processor.py:651} INFO - DAG(s) dict_keys(['example_sla_dag']) retrieved from /home/airflow/.local/lib/python3.7/site-packages/airflow/example_dags/example_sla_dag.py
[2023-05-29 15:24:27,762] {logging_mixin.py:115} INFO - [2023-05-29 15:24:27,762] {dag.py:2420} INFO - Sync 1 DAGs
[2023-05-29 15:24:27,782] {logging_mixin.py:115} INFO - [2023-05-29 15:24:27,781] {dag.py:2972} INFO - Setting next_dagrun for example_sla_dag to 2023-05-29T15:22:00+00:00, run_after=2023-05-29T15:24:00+00:00
[2023-05-29 15:24:27,792] {processor.py:161} INFO - Processing /home/airflow/.local/lib/python3.7/site-packages/airflow/example_dags/example_sla_dag.py took 0.064 seconds
[2023-05-29 15:24:58,258] {processor.py:153} INFO - Started process (PID=259) to work on /home/airflow/.local/lib/python3.7/site-packages/airflow/example_dags/example_sla_dag.py
[2023-05-29 15:24:58,258] {processor.py:641} INFO - Processing file /home/airflow/.local/lib/python3.7/site-packages/airflow/example_dags/example_sla_dag.py for tasks to queue
[2023-05-29 15:24:58,259] {logging_mixin.py:115} INFO - [2023-05-29 15:24:58,259] {dagbag.py:508} INFO - Filling up the DagBag from /home/airflow/.local/lib/python3.7/site-packages/airflow/example_dags/example_sla_dag.py
[2023-05-29 15:24:58,271] {processor.py:651} INFO - DAG(s) dict_keys(['example_sla_dag']) retrieved from /home/airflow/.local/lib/python3.7/site-packages/airflow/example_dags/example_sla_dag.py
[2023-05-29 15:24:58,291] {logging_mixin.py:115} INFO - [2023-05-29 15:24:58,291] {dag.py:2420} INFO - Sync 1 DAGs
[2023-05-29 15:24:58,312] {logging_mixin.py:115} INFO - [2023-05-29 15:24:58,312] {dag.py:2972} INFO - Setting next_dagrun for example_sla_dag to 2023-05-29T15:22:00+00:00, run_after=2023-05-29T15:24:00+00:00
[2023-05-29 15:24:58,323] {processor.py:161} INFO - Processing /home/airflow/.local/lib/python3.7/site-packages/airflow/example_dags/example_sla_dag.py took 0.068 seconds
[2023-05-29 15:25:51,716] {processor.py:153} INFO - Started process (PID=86) to work on /home/airflow/.local/lib/python3.7/site-packages/airflow/example_dags/example_sla_dag.py
[2023-05-29 15:25:51,716] {processor.py:641} INFO - Processing file /home/airflow/.local/lib/python3.7/site-packages/airflow/example_dags/example_sla_dag.py for tasks to queue
[2023-05-29 15:25:51,717] {logging_mixin.py:115} INFO - [2023-05-29 15:25:51,717] {dagbag.py:508} INFO - Filling up the DagBag from /home/airflow/.local/lib/python3.7/site-packages/airflow/example_dags/example_sla_dag.py
[2023-05-29 15:25:51,732] {processor.py:651} INFO - DAG(s) dict_keys(['example_sla_dag']) retrieved from /home/airflow/.local/lib/python3.7/site-packages/airflow/example_dags/example_sla_dag.py
[2023-05-29 15:25:51,755] {logging_mixin.py:115} INFO - [2023-05-29 15:25:51,754] {dag.py:2420} INFO - Sync 1 DAGs
[2023-05-29 15:25:51,778] {logging_mixin.py:115} INFO - [2023-05-29 15:25:51,778] {dag.py:2972} INFO - Setting next_dagrun for example_sla_dag to 2023-05-29T15:22:00+00:00, run_after=2023-05-29T15:24:00+00:00
[2023-05-29 15:25:51,792] {processor.py:161} INFO - Processing /home/airflow/.local/lib/python3.7/site-packages/airflow/example_dags/example_sla_dag.py took 0.079 seconds
[2023-05-29 15:26:22,297] {processor.py:153} INFO - Started process (PID=138) to work on /home/airflow/.local/lib/python3.7/site-packages/airflow/example_dags/example_sla_dag.py
[2023-05-29 15:26:22,297] {processor.py:641} INFO - Processing file /home/airflow/.local/lib/python3.7/site-packages/airflow/example_dags/example_sla_dag.py for tasks to queue
[2023-05-29 15:26:22,297] {logging_mixin.py:115} INFO - [2023-05-29 15:26:22,297] {dagbag.py:508} INFO - Filling up the DagBag from /home/airflow/.local/lib/python3.7/site-packages/airflow/example_dags/example_sla_dag.py
[2023-05-29 15:26:22,309] {processor.py:651} INFO - DAG(s) dict_keys(['example_sla_dag']) retrieved from /home/airflow/.local/lib/python3.7/site-packages/airflow/example_dags/example_sla_dag.py
[2023-05-29 15:26:22,327] {logging_mixin.py:115} INFO - [2023-05-29 15:26:22,327] {dag.py:2420} INFO - Sync 1 DAGs
[2023-05-29 15:26:22,348] {logging_mixin.py:115} INFO - [2023-05-29 15:26:22,348] {dag.py:2972} INFO - Setting next_dagrun for example_sla_dag to 2023-05-29T15:24:00+00:00, run_after=2023-05-29T15:26:00+00:00
[2023-05-29 15:26:22,359] {processor.py:161} INFO - Processing /home/airflow/.local/lib/python3.7/site-packages/airflow/example_dags/example_sla_dag.py took 0.065 seconds
[2023-05-29 15:26:52,811] {processor.py:153} INFO - Started process (PID=199) to work on /home/airflow/.local/lib/python3.7/site-packages/airflow/example_dags/example_sla_dag.py
[2023-05-29 15:26:52,811] {processor.py:641} INFO - Processing file /home/airflow/.local/lib/python3.7/site-packages/airflow/example_dags/example_sla_dag.py for tasks to queue
[2023-05-29 15:26:52,811] {logging_mixin.py:115} INFO - [2023-05-29 15:26:52,811] {dagbag.py:508} INFO - Filling up the DagBag from /home/airflow/.local/lib/python3.7/site-packages/airflow/example_dags/example_sla_dag.py
[2023-05-29 15:26:52,823] {processor.py:651} INFO - DAG(s) dict_keys(['example_sla_dag']) retrieved from /home/airflow/.local/lib/python3.7/site-packages/airflow/example_dags/example_sla_dag.py
[2023-05-29 15:26:52,842] {logging_mixin.py:115} INFO - [2023-05-29 15:26:52,842] {dag.py:2420} INFO - Sync 1 DAGs
[2023-05-29 15:26:52,861] {logging_mixin.py:115} INFO - [2023-05-29 15:26:52,861] {dag.py:2972} INFO - Setting next_dagrun for example_sla_dag to 2023-05-29T15:24:00+00:00, run_after=2023-05-29T15:26:00+00:00
[2023-05-29 15:26:52,872] {processor.py:161} INFO - Processing /home/airflow/.local/lib/python3.7/site-packages/airflow/example_dags/example_sla_dag.py took 0.063 seconds
[2023-05-29 15:27:23,432] {processor.py:153} INFO - Started process (PID=260) to work on /home/airflow/.local/lib/python3.7/site-packages/airflow/example_dags/example_sla_dag.py
[2023-05-29 15:27:23,433] {processor.py:641} INFO - Processing file /home/airflow/.local/lib/python3.7/site-packages/airflow/example_dags/example_sla_dag.py for tasks to queue
[2023-05-29 15:27:23,434] {logging_mixin.py:115} INFO - [2023-05-29 15:27:23,433] {dagbag.py:508} INFO - Filling up the DagBag from /home/airflow/.local/lib/python3.7/site-packages/airflow/example_dags/example_sla_dag.py
[2023-05-29 15:27:23,447] {processor.py:651} INFO - DAG(s) dict_keys(['example_sla_dag']) retrieved from /home/airflow/.local/lib/python3.7/site-packages/airflow/example_dags/example_sla_dag.py
[2023-05-29 15:27:23,467] {logging_mixin.py:115} INFO - [2023-05-29 15:27:23,467] {dag.py:2420} INFO - Sync 1 DAGs
[2023-05-29 15:27:23,493] {logging_mixin.py:115} INFO - [2023-05-29 15:27:23,493] {dag.py:2972} INFO - Setting next_dagrun for example_sla_dag to 2023-05-29T15:24:00+00:00, run_after=2023-05-29T15:26:00+00:00
[2023-05-29 15:27:23,504] {processor.py:161} INFO - Processing /home/airflow/.local/lib/python3.7/site-packages/airflow/example_dags/example_sla_dag.py took 0.075 seconds
[2023-05-29 15:27:54,001] {processor.py:153} INFO - Started process (PID=312) to work on /home/airflow/.local/lib/python3.7/site-packages/airflow/example_dags/example_sla_dag.py
[2023-05-29 15:27:54,002] {processor.py:641} INFO - Processing file /home/airflow/.local/lib/python3.7/site-packages/airflow/example_dags/example_sla_dag.py for tasks to queue
[2023-05-29 15:27:54,002] {logging_mixin.py:115} INFO - [2023-05-29 15:27:54,002] {dagbag.py:508} INFO - Filling up the DagBag from /home/airflow/.local/lib/python3.7/site-packages/airflow/example_dags/example_sla_dag.py
[2023-05-29 15:27:54,016] {processor.py:651} INFO - DAG(s) dict_keys(['example_sla_dag']) retrieved from /home/airflow/.local/lib/python3.7/site-packages/airflow/example_dags/example_sla_dag.py
[2023-05-29 15:27:54,038] {logging_mixin.py:115} INFO - [2023-05-29 15:27:54,038] {dag.py:2420} INFO - Sync 1 DAGs
[2023-05-29 15:27:54,060] {logging_mixin.py:115} INFO - [2023-05-29 15:27:54,060] {dag.py:2972} INFO - Setting next_dagrun for example_sla_dag to 2023-05-29T15:24:00+00:00, run_after=2023-05-29T15:26:00+00:00
[2023-05-29 15:27:54,071] {processor.py:161} INFO - Processing /home/airflow/.local/lib/python3.7/site-packages/airflow/example_dags/example_sla_dag.py took 0.072 seconds
[2023-05-29 15:28:24,416] {processor.py:153} INFO - Started process (PID=373) to work on /home/airflow/.local/lib/python3.7/site-packages/airflow/example_dags/example_sla_dag.py
[2023-05-29 15:28:24,417] {processor.py:641} INFO - Processing file /home/airflow/.local/lib/python3.7/site-packages/airflow/example_dags/example_sla_dag.py for tasks to queue
[2023-05-29 15:28:24,417] {logging_mixin.py:115} INFO - [2023-05-29 15:28:24,417] {dagbag.py:508} INFO - Filling up the DagBag from /home/airflow/.local/lib/python3.7/site-packages/airflow/example_dags/example_sla_dag.py
[2023-05-29 15:28:24,428] {processor.py:651} INFO - DAG(s) dict_keys(['example_sla_dag']) retrieved from /home/airflow/.local/lib/python3.7/site-packages/airflow/example_dags/example_sla_dag.py
[2023-05-29 15:28:24,446] {logging_mixin.py:115} INFO - [2023-05-29 15:28:24,446] {dag.py:2420} INFO - Sync 1 DAGs
[2023-05-29 15:28:24,465] {logging_mixin.py:115} INFO - [2023-05-29 15:28:24,465] {dag.py:2972} INFO - Setting next_dagrun for example_sla_dag to 2023-05-29T15:26:00+00:00, run_after=2023-05-29T15:28:00+00:00
[2023-05-29 15:28:24,475] {processor.py:161} INFO - Processing /home/airflow/.local/lib/python3.7/site-packages/airflow/example_dags/example_sla_dag.py took 0.061 seconds
[2023-05-29 15:28:54,989] {processor.py:153} INFO - Started process (PID=434) to work on /home/airflow/.local/lib/python3.7/site-packages/airflow/example_dags/example_sla_dag.py
[2023-05-29 15:28:54,989] {processor.py:641} INFO - Processing file /home/airflow/.local/lib/python3.7/site-packages/airflow/example_dags/example_sla_dag.py for tasks to queue
[2023-05-29 15:28:54,990] {logging_mixin.py:115} INFO - [2023-05-29 15:28:54,990] {dagbag.py:508} INFO - Filling up the DagBag from /home/airflow/.local/lib/python3.7/site-packages/airflow/example_dags/example_sla_dag.py
[2023-05-29 15:28:55,002] {processor.py:651} INFO - DAG(s) dict_keys(['example_sla_dag']) retrieved from /home/airflow/.local/lib/python3.7/site-packages/airflow/example_dags/example_sla_dag.py
[2023-05-29 15:28:55,022] {logging_mixin.py:115} INFO - [2023-05-29 15:28:55,022] {dag.py:2420} INFO - Sync 1 DAGs
[2023-05-29 15:28:55,047] {logging_mixin.py:115} INFO - [2023-05-29 15:28:55,047] {dag.py:2972} INFO - Setting next_dagrun for example_sla_dag to 2023-05-29T15:26:00+00:00, run_after=2023-05-29T15:28:00+00:00
[2023-05-29 15:28:55,059] {processor.py:161} INFO - Processing /home/airflow/.local/lib/python3.7/site-packages/airflow/example_dags/example_sla_dag.py took 0.072 seconds
[2023-05-29 15:29:25,489] {processor.py:153} INFO - Started process (PID=496) to work on /home/airflow/.local/lib/python3.7/site-packages/airflow/example_dags/example_sla_dag.py
[2023-05-29 15:29:25,490] {processor.py:641} INFO - Processing file /home/airflow/.local/lib/python3.7/site-packages/airflow/example_dags/example_sla_dag.py for tasks to queue
[2023-05-29 15:29:25,490] {logging_mixin.py:115} INFO - [2023-05-29 15:29:25,490] {dagbag.py:508} INFO - Filling up the DagBag from /home/airflow/.local/lib/python3.7/site-packages/airflow/example_dags/example_sla_dag.py
[2023-05-29 15:29:25,501] {processor.py:651} INFO - DAG(s) dict_keys(['example_sla_dag']) retrieved from /home/airflow/.local/lib/python3.7/site-packages/airflow/example_dags/example_sla_dag.py
[2023-05-29 15:29:25,520] {logging_mixin.py:115} INFO - [2023-05-29 15:29:25,520] {dag.py:2420} INFO - Sync 1 DAGs
[2023-05-29 15:29:25,539] {logging_mixin.py:115} INFO - [2023-05-29 15:29:25,539] {dag.py:2972} INFO - Setting next_dagrun for example_sla_dag to 2023-05-29T15:26:00+00:00, run_after=2023-05-29T15:28:00+00:00
[2023-05-29 15:29:25,548] {processor.py:161} INFO - Processing /home/airflow/.local/lib/python3.7/site-packages/airflow/example_dags/example_sla_dag.py took 0.060 seconds
[2023-05-29 15:29:55,934] {processor.py:153} INFO - Started process (PID=548) to work on /home/airflow/.local/lib/python3.7/site-packages/airflow/example_dags/example_sla_dag.py
[2023-05-29 15:29:55,934] {processor.py:641} INFO - Processing file /home/airflow/.local/lib/python3.7/site-packages/airflow/example_dags/example_sla_dag.py for tasks to queue
[2023-05-29 15:29:55,935] {logging_mixin.py:115} INFO - [2023-05-29 15:29:55,935] {dagbag.py:508} INFO - Filling up the DagBag from /home/airflow/.local/lib/python3.7/site-packages/airflow/example_dags/example_sla_dag.py
[2023-05-29 15:29:55,946] {processor.py:651} INFO - DAG(s) dict_keys(['example_sla_dag']) retrieved from /home/airflow/.local/lib/python3.7/site-packages/airflow/example_dags/example_sla_dag.py
[2023-05-29 15:29:55,964] {logging_mixin.py:115} INFO - [2023-05-29 15:29:55,964] {dag.py:2420} INFO - Sync 1 DAGs
[2023-05-29 15:29:55,984] {logging_mixin.py:115} INFO - [2023-05-29 15:29:55,984] {dag.py:2972} INFO - Setting next_dagrun for example_sla_dag to 2023-05-29T15:26:00+00:00, run_after=2023-05-29T15:28:00+00:00
[2023-05-29 15:29:55,995] {processor.py:161} INFO - Processing /home/airflow/.local/lib/python3.7/site-packages/airflow/example_dags/example_sla_dag.py took 0.063 seconds
[2023-05-29 15:30:26,799] {processor.py:153} INFO - Started process (PID=609) to work on /home/airflow/.local/lib/python3.7/site-packages/airflow/example_dags/example_sla_dag.py
[2023-05-29 15:30:26,807] {processor.py:641} INFO - Processing file /home/airflow/.local/lib/python3.7/site-packages/airflow/example_dags/example_sla_dag.py for tasks to queue
[2023-05-29 15:30:26,807] {logging_mixin.py:115} INFO - [2023-05-29 15:30:26,807] {dagbag.py:508} INFO - Filling up the DagBag from /home/airflow/.local/lib/python3.7/site-packages/airflow/example_dags/example_sla_dag.py
[2023-05-29 15:30:26,819] {processor.py:651} INFO - DAG(s) dict_keys(['example_sla_dag']) retrieved from /home/airflow/.local/lib/python3.7/site-packages/airflow/example_dags/example_sla_dag.py
[2023-05-29 15:30:26,838] {logging_mixin.py:115} INFO - [2023-05-29 15:30:26,838] {dag.py:2420} INFO - Sync 1 DAGs
[2023-05-29 15:30:26,857] {logging_mixin.py:115} INFO - [2023-05-29 15:30:26,857] {dag.py:2972} INFO - Setting next_dagrun for example_sla_dag to 2023-05-29T15:28:00+00:00, run_after=2023-05-29T15:30:00+00:00
[2023-05-29 15:30:26,876] {processor.py:161} INFO - Processing /home/airflow/.local/lib/python3.7/site-packages/airflow/example_dags/example_sla_dag.py took 0.080 seconds
[2023-05-29 15:30:57,262] {processor.py:153} INFO - Started process (PID=670) to work on /home/airflow/.local/lib/python3.7/site-packages/airflow/example_dags/example_sla_dag.py
[2023-05-29 15:30:57,263] {processor.py:641} INFO - Processing file /home/airflow/.local/lib/python3.7/site-packages/airflow/example_dags/example_sla_dag.py for tasks to queue
[2023-05-29 15:30:57,263] {logging_mixin.py:115} INFO - [2023-05-29 15:30:57,263] {dagbag.py:508} INFO - Filling up the DagBag from /home/airflow/.local/lib/python3.7/site-packages/airflow/example_dags/example_sla_dag.py
[2023-05-29 15:30:57,276] {processor.py:651} INFO - DAG(s) dict_keys(['example_sla_dag']) retrieved from /home/airflow/.local/lib/python3.7/site-packages/airflow/example_dags/example_sla_dag.py
[2023-05-29 15:30:57,295] {logging_mixin.py:115} INFO - [2023-05-29 15:30:57,295] {dag.py:2420} INFO - Sync 1 DAGs
[2023-05-29 15:30:57,316] {logging_mixin.py:115} INFO - [2023-05-29 15:30:57,316] {dag.py:2972} INFO - Setting next_dagrun for example_sla_dag to 2023-05-29T15:28:00+00:00, run_after=2023-05-29T15:30:00+00:00
[2023-05-29 15:30:57,330] {processor.py:161} INFO - Processing /home/airflow/.local/lib/python3.7/site-packages/airflow/example_dags/example_sla_dag.py took 0.070 seconds
[2023-05-29 15:31:27,729] {processor.py:153} INFO - Started process (PID=731) to work on /home/airflow/.local/lib/python3.7/site-packages/airflow/example_dags/example_sla_dag.py
[2023-05-29 15:31:27,729] {processor.py:641} INFO - Processing file /home/airflow/.local/lib/python3.7/site-packages/airflow/example_dags/example_sla_dag.py for tasks to queue
[2023-05-29 15:31:27,730] {logging_mixin.py:115} INFO - [2023-05-29 15:31:27,730] {dagbag.py:508} INFO - Filling up the DagBag from /home/airflow/.local/lib/python3.7/site-packages/airflow/example_dags/example_sla_dag.py
[2023-05-29 15:31:27,741] {processor.py:651} INFO - DAG(s) dict_keys(['example_sla_dag']) retrieved from /home/airflow/.local/lib/python3.7/site-packages/airflow/example_dags/example_sla_dag.py
[2023-05-29 15:31:27,759] {logging_mixin.py:115} INFO - [2023-05-29 15:31:27,759] {dag.py:2420} INFO - Sync 1 DAGs
[2023-05-29 15:31:27,779] {logging_mixin.py:115} INFO - [2023-05-29 15:31:27,779] {dag.py:2972} INFO - Setting next_dagrun for example_sla_dag to 2023-05-29T15:28:00+00:00, run_after=2023-05-29T15:30:00+00:00
[2023-05-29 15:31:27,790] {processor.py:161} INFO - Processing /home/airflow/.local/lib/python3.7/site-packages/airflow/example_dags/example_sla_dag.py took 0.063 seconds
[2023-05-29 15:31:58,263] {processor.py:153} INFO - Started process (PID=782) to work on /home/airflow/.local/lib/python3.7/site-packages/airflow/example_dags/example_sla_dag.py
[2023-05-29 15:31:58,263] {processor.py:641} INFO - Processing file /home/airflow/.local/lib/python3.7/site-packages/airflow/example_dags/example_sla_dag.py for tasks to queue
[2023-05-29 15:31:58,263] {logging_mixin.py:115} INFO - [2023-05-29 15:31:58,263] {dagbag.py:508} INFO - Filling up the DagBag from /home/airflow/.local/lib/python3.7/site-packages/airflow/example_dags/example_sla_dag.py
[2023-05-29 15:31:58,275] {processor.py:651} INFO - DAG(s) dict_keys(['example_sla_dag']) retrieved from /home/airflow/.local/lib/python3.7/site-packages/airflow/example_dags/example_sla_dag.py
[2023-05-29 15:31:58,294] {logging_mixin.py:115} INFO - [2023-05-29 15:31:58,294] {dag.py:2420} INFO - Sync 1 DAGs
[2023-05-29 15:31:58,314] {logging_mixin.py:115} INFO - [2023-05-29 15:31:58,314] {dag.py:2972} INFO - Setting next_dagrun for example_sla_dag to 2023-05-29T15:28:00+00:00, run_after=2023-05-29T15:30:00+00:00
[2023-05-29 15:31:58,324] {processor.py:161} INFO - Processing /home/airflow/.local/lib/python3.7/site-packages/airflow/example_dags/example_sla_dag.py took 0.063 seconds
[2023-05-29 15:32:28,700] {processor.py:153} INFO - Started process (PID=843) to work on /home/airflow/.local/lib/python3.7/site-packages/airflow/example_dags/example_sla_dag.py
[2023-05-29 15:32:28,700] {processor.py:641} INFO - Processing file /home/airflow/.local/lib/python3.7/site-packages/airflow/example_dags/example_sla_dag.py for tasks to queue
[2023-05-29 15:32:28,701] {logging_mixin.py:115} INFO - [2023-05-29 15:32:28,701] {dagbag.py:508} INFO - Filling up the DagBag from /home/airflow/.local/lib/python3.7/site-packages/airflow/example_dags/example_sla_dag.py
[2023-05-29 15:32:28,712] {processor.py:651} INFO - DAG(s) dict_keys(['example_sla_dag']) retrieved from /home/airflow/.local/lib/python3.7/site-packages/airflow/example_dags/example_sla_dag.py
[2023-05-29 15:32:28,730] {logging_mixin.py:115} INFO - [2023-05-29 15:32:28,729] {dag.py:2420} INFO - Sync 1 DAGs
[2023-05-29 15:32:28,749] {logging_mixin.py:115} INFO - [2023-05-29 15:32:28,749] {dag.py:2972} INFO - Setting next_dagrun for example_sla_dag to 2023-05-29T15:30:00+00:00, run_after=2023-05-29T15:32:00+00:00
[2023-05-29 15:32:28,759] {processor.py:161} INFO - Processing /home/airflow/.local/lib/python3.7/site-packages/airflow/example_dags/example_sla_dag.py took 0.061 seconds
[2023-05-29 15:32:59,147] {processor.py:153} INFO - Started process (PID=904) to work on /home/airflow/.local/lib/python3.7/site-packages/airflow/example_dags/example_sla_dag.py
[2023-05-29 15:32:59,147] {processor.py:641} INFO - Processing file /home/airflow/.local/lib/python3.7/site-packages/airflow/example_dags/example_sla_dag.py for tasks to queue
[2023-05-29 15:32:59,147] {logging_mixin.py:115} INFO - [2023-05-29 15:32:59,147] {dagbag.py:508} INFO - Filling up the DagBag from /home/airflow/.local/lib/python3.7/site-packages/airflow/example_dags/example_sla_dag.py
[2023-05-29 15:32:59,158] {processor.py:651} INFO - DAG(s) dict_keys(['example_sla_dag']) retrieved from /home/airflow/.local/lib/python3.7/site-packages/airflow/example_dags/example_sla_dag.py
[2023-05-29 15:32:59,178] {logging_mixin.py:115} INFO - [2023-05-29 15:32:59,178] {dag.py:2420} INFO - Sync 1 DAGs
[2023-05-29 15:32:59,199] {logging_mixin.py:115} INFO - [2023-05-29 15:32:59,199] {dag.py:2972} INFO - Setting next_dagrun for example_sla_dag to 2023-05-29T15:30:00+00:00, run_after=2023-05-29T15:32:00+00:00
[2023-05-29 15:32:59,211] {processor.py:161} INFO - Processing /home/airflow/.local/lib/python3.7/site-packages/airflow/example_dags/example_sla_dag.py took 0.067 seconds
[2023-05-29 15:33:29,808] {processor.py:153} INFO - Started process (PID=965) to work on /home/airflow/.local/lib/python3.7/site-packages/airflow/example_dags/example_sla_dag.py
[2023-05-29 15:33:29,809] {processor.py:641} INFO - Processing file /home/airflow/.local/lib/python3.7/site-packages/airflow/example_dags/example_sla_dag.py for tasks to queue
[2023-05-29 15:33:29,809] {logging_mixin.py:115} INFO - [2023-05-29 15:33:29,809] {dagbag.py:508} INFO - Filling up the DagBag from /home/airflow/.local/lib/python3.7/site-packages/airflow/example_dags/example_sla_dag.py
[2023-05-29 15:33:29,820] {processor.py:651} INFO - DAG(s) dict_keys(['example_sla_dag']) retrieved from /home/airflow/.local/lib/python3.7/site-packages/airflow/example_dags/example_sla_dag.py
[2023-05-29 15:33:29,840] {logging_mixin.py:115} INFO - [2023-05-29 15:33:29,840] {dag.py:2420} INFO - Sync 1 DAGs
[2023-05-29 15:33:29,859] {logging_mixin.py:115} INFO - [2023-05-29 15:33:29,859] {dag.py:2972} INFO - Setting next_dagrun for example_sla_dag to 2023-05-29T15:30:00+00:00, run_after=2023-05-29T15:32:00+00:00
[2023-05-29 15:33:29,869] {processor.py:161} INFO - Processing /home/airflow/.local/lib/python3.7/site-packages/airflow/example_dags/example_sla_dag.py took 0.064 seconds
[2023-05-29 15:34:00,242] {processor.py:153} INFO - Started process (PID=1017) to work on /home/airflow/.local/lib/python3.7/site-packages/airflow/example_dags/example_sla_dag.py
[2023-05-29 15:34:00,242] {processor.py:641} INFO - Processing file /home/airflow/.local/lib/python3.7/site-packages/airflow/example_dags/example_sla_dag.py for tasks to queue
[2023-05-29 15:34:00,243] {logging_mixin.py:115} INFO - [2023-05-29 15:34:00,243] {dagbag.py:508} INFO - Filling up the DagBag from /home/airflow/.local/lib/python3.7/site-packages/airflow/example_dags/example_sla_dag.py
[2023-05-29 15:34:00,254] {processor.py:651} INFO - DAG(s) dict_keys(['example_sla_dag']) retrieved from /home/airflow/.local/lib/python3.7/site-packages/airflow/example_dags/example_sla_dag.py
[2023-05-29 15:34:00,272] {logging_mixin.py:115} INFO - [2023-05-29 15:34:00,272] {dag.py:2420} INFO - Sync 1 DAGs
[2023-05-29 15:34:00,292] {logging_mixin.py:115} INFO - [2023-05-29 15:34:00,292] {dag.py:2972} INFO - Setting next_dagrun for example_sla_dag to 2023-05-29T15:32:00+00:00, run_after=2023-05-29T15:34:00+00:00
[2023-05-29 15:34:00,302] {processor.py:161} INFO - Processing /home/airflow/.local/lib/python3.7/site-packages/airflow/example_dags/example_sla_dag.py took 0.062 seconds
[2023-05-29 15:34:30,727] {processor.py:153} INFO - Started process (PID=1078) to work on /home/airflow/.local/lib/python3.7/site-packages/airflow/example_dags/example_sla_dag.py
[2023-05-29 15:34:30,727] {processor.py:641} INFO - Processing file /home/airflow/.local/lib/python3.7/site-packages/airflow/example_dags/example_sla_dag.py for tasks to queue
[2023-05-29 15:34:30,728] {logging_mixin.py:115} INFO - [2023-05-29 15:34:30,728] {dagbag.py:508} INFO - Filling up the DagBag from /home/airflow/.local/lib/python3.7/site-packages/airflow/example_dags/example_sla_dag.py
[2023-05-29 15:34:30,740] {processor.py:651} INFO - DAG(s) dict_keys(['example_sla_dag']) retrieved from /home/airflow/.local/lib/python3.7/site-packages/airflow/example_dags/example_sla_dag.py
[2023-05-29 15:34:30,760] {logging_mixin.py:115} INFO - [2023-05-29 15:34:30,760] {dag.py:2420} INFO - Sync 1 DAGs
[2023-05-29 15:34:30,782] {logging_mixin.py:115} INFO - [2023-05-29 15:34:30,782] {dag.py:2972} INFO - Setting next_dagrun for example_sla_dag to 2023-05-29T15:32:00+00:00, run_after=2023-05-29T15:34:00+00:00
[2023-05-29 15:34:30,792] {processor.py:161} INFO - Processing /home/airflow/.local/lib/python3.7/site-packages/airflow/example_dags/example_sla_dag.py took 0.067 seconds
[2023-05-29 15:35:01,120] {processor.py:153} INFO - Started process (PID=1139) to work on /home/airflow/.local/lib/python3.7/site-packages/airflow/example_dags/example_sla_dag.py
[2023-05-29 15:35:01,121] {processor.py:641} INFO - Processing file /home/airflow/.local/lib/python3.7/site-packages/airflow/example_dags/example_sla_dag.py for tasks to queue
[2023-05-29 15:35:01,121] {logging_mixin.py:115} INFO - [2023-05-29 15:35:01,121] {dagbag.py:508} INFO - Filling up the DagBag from /home/airflow/.local/lib/python3.7/site-packages/airflow/example_dags/example_sla_dag.py
[2023-05-29 15:35:01,135] {processor.py:651} INFO - DAG(s) dict_keys(['example_sla_dag']) retrieved from /home/airflow/.local/lib/python3.7/site-packages/airflow/example_dags/example_sla_dag.py
[2023-05-29 15:35:01,194] {logging_mixin.py:115} INFO - [2023-05-29 15:35:01,194] {dag.py:2420} INFO - Sync 1 DAGs
[2023-05-29 15:35:01,216] {logging_mixin.py:115} INFO - [2023-05-29 15:35:01,216] {dag.py:2972} INFO - Setting next_dagrun for example_sla_dag to 2023-05-29T15:32:00+00:00, run_after=2023-05-29T15:34:00+00:00
[2023-05-29 15:35:01,229] {processor.py:161} INFO - Processing /home/airflow/.local/lib/python3.7/site-packages/airflow/example_dags/example_sla_dag.py took 0.110 seconds
[2023-05-29 15:35:31,872] {processor.py:153} INFO - Started process (PID=1200) to work on /home/airflow/.local/lib/python3.7/site-packages/airflow/example_dags/example_sla_dag.py
[2023-05-29 15:35:31,873] {processor.py:641} INFO - Processing file /home/airflow/.local/lib/python3.7/site-packages/airflow/example_dags/example_sla_dag.py for tasks to queue
[2023-05-29 15:35:31,873] {logging_mixin.py:115} INFO - [2023-05-29 15:35:31,873] {dagbag.py:508} INFO - Filling up the DagBag from /home/airflow/.local/lib/python3.7/site-packages/airflow/example_dags/example_sla_dag.py
[2023-05-29 15:35:31,887] {processor.py:651} INFO - DAG(s) dict_keys(['example_sla_dag']) retrieved from /home/airflow/.local/lib/python3.7/site-packages/airflow/example_dags/example_sla_dag.py
[2023-05-29 15:35:31,907] {logging_mixin.py:115} INFO - [2023-05-29 15:35:31,907] {dag.py:2420} INFO - Sync 1 DAGs
[2023-05-29 15:35:31,931] {logging_mixin.py:115} INFO - [2023-05-29 15:35:31,931] {dag.py:2972} INFO - Setting next_dagrun for example_sla_dag to 2023-05-29T15:32:00+00:00, run_after=2023-05-29T15:34:00+00:00
[2023-05-29 15:35:31,941] {processor.py:161} INFO - Processing /home/airflow/.local/lib/python3.7/site-packages/airflow/example_dags/example_sla_dag.py took 0.071 seconds
[2023-05-29 15:36:02,422] {processor.py:153} INFO - Started process (PID=1253) to work on /home/airflow/.local/lib/python3.7/site-packages/airflow/example_dags/example_sla_dag.py
[2023-05-29 15:36:02,423] {processor.py:641} INFO - Processing file /home/airflow/.local/lib/python3.7/site-packages/airflow/example_dags/example_sla_dag.py for tasks to queue
[2023-05-29 15:36:02,423] {logging_mixin.py:115} INFO - [2023-05-29 15:36:02,423] {dagbag.py:508} INFO - Filling up the DagBag from /home/airflow/.local/lib/python3.7/site-packages/airflow/example_dags/example_sla_dag.py
[2023-05-29 15:36:02,435] {processor.py:651} INFO - DAG(s) dict_keys(['example_sla_dag']) retrieved from /home/airflow/.local/lib/python3.7/site-packages/airflow/example_dags/example_sla_dag.py
[2023-05-29 15:36:02,455] {logging_mixin.py:115} INFO - [2023-05-29 15:36:02,455] {dag.py:2420} INFO - Sync 1 DAGs
[2023-05-29 15:36:02,474] {logging_mixin.py:115} INFO - [2023-05-29 15:36:02,474] {dag.py:2972} INFO - Setting next_dagrun for example_sla_dag to 2023-05-29T15:34:00+00:00, run_after=2023-05-29T15:36:00+00:00
[2023-05-29 15:36:02,485] {processor.py:161} INFO - Processing /home/airflow/.local/lib/python3.7/site-packages/airflow/example_dags/example_sla_dag.py took 0.065 seconds
[2023-05-29 15:36:33,022] {processor.py:153} INFO - Started process (PID=1315) to work on /home/airflow/.local/lib/python3.7/site-packages/airflow/example_dags/example_sla_dag.py
[2023-05-29 15:36:33,023] {processor.py:641} INFO - Processing file /home/airflow/.local/lib/python3.7/site-packages/airflow/example_dags/example_sla_dag.py for tasks to queue
[2023-05-29 15:36:33,023] {logging_mixin.py:115} INFO - [2023-05-29 15:36:33,023] {dagbag.py:508} INFO - Filling up the DagBag from /home/airflow/.local/lib/python3.7/site-packages/airflow/example_dags/example_sla_dag.py
[2023-05-29 15:36:33,035] {processor.py:651} INFO - DAG(s) dict_keys(['example_sla_dag']) retrieved from /home/airflow/.local/lib/python3.7/site-packages/airflow/example_dags/example_sla_dag.py
[2023-05-29 15:36:33,054] {logging_mixin.py:115} INFO - [2023-05-29 15:36:33,054] {dag.py:2420} INFO - Sync 1 DAGs
[2023-05-29 15:36:33,074] {logging_mixin.py:115} INFO - [2023-05-29 15:36:33,073] {dag.py:2972} INFO - Setting next_dagrun for example_sla_dag to 2023-05-29T15:34:00+00:00, run_after=2023-05-29T15:36:00+00:00
[2023-05-29 15:36:33,084] {processor.py:161} INFO - Processing /home/airflow/.local/lib/python3.7/site-packages/airflow/example_dags/example_sla_dag.py took 0.064 seconds
[2023-05-29 15:37:03,483] {processor.py:153} INFO - Started process (PID=1377) to work on /home/airflow/.local/lib/python3.7/site-packages/airflow/example_dags/example_sla_dag.py
[2023-05-29 15:37:03,484] {processor.py:641} INFO - Processing file /home/airflow/.local/lib/python3.7/site-packages/airflow/example_dags/example_sla_dag.py for tasks to queue
[2023-05-29 15:37:03,484] {logging_mixin.py:115} INFO - [2023-05-29 15:37:03,484] {dagbag.py:508} INFO - Filling up the DagBag from /home/airflow/.local/lib/python3.7/site-packages/airflow/example_dags/example_sla_dag.py
[2023-05-29 15:37:03,495] {processor.py:651} INFO - DAG(s) dict_keys(['example_sla_dag']) retrieved from /home/airflow/.local/lib/python3.7/site-packages/airflow/example_dags/example_sla_dag.py
[2023-05-29 15:37:03,513] {logging_mixin.py:115} INFO - [2023-05-29 15:37:03,513] {dag.py:2420} INFO - Sync 1 DAGs
[2023-05-29 15:37:03,533] {logging_mixin.py:115} INFO - [2023-05-29 15:37:03,532] {dag.py:2972} INFO - Setting next_dagrun for example_sla_dag to 2023-05-29T15:34:00+00:00, run_after=2023-05-29T15:36:00+00:00
[2023-05-29 15:37:03,544] {processor.py:161} INFO - Processing /home/airflow/.local/lib/python3.7/site-packages/airflow/example_dags/example_sla_dag.py took 0.063 seconds
[2023-05-29 15:37:34,028] {processor.py:153} INFO - Started process (PID=1439) to work on /home/airflow/.local/lib/python3.7/site-packages/airflow/example_dags/example_sla_dag.py
[2023-05-29 15:37:34,029] {processor.py:641} INFO - Processing file /home/airflow/.local/lib/python3.7/site-packages/airflow/example_dags/example_sla_dag.py for tasks to queue
[2023-05-29 15:37:34,029] {logging_mixin.py:115} INFO - [2023-05-29 15:37:34,029] {dagbag.py:508} INFO - Filling up the DagBag from /home/airflow/.local/lib/python3.7/site-packages/airflow/example_dags/example_sla_dag.py
[2023-05-29 15:37:34,047] {processor.py:651} INFO - DAG(s) dict_keys(['example_sla_dag']) retrieved from /home/airflow/.local/lib/python3.7/site-packages/airflow/example_dags/example_sla_dag.py
[2023-05-29 15:37:34,069] {logging_mixin.py:115} INFO - [2023-05-29 15:37:34,069] {dag.py:2420} INFO - Sync 1 DAGs
[2023-05-29 15:37:34,091] {logging_mixin.py:115} INFO - [2023-05-29 15:37:34,091] {dag.py:2972} INFO - Setting next_dagrun for example_sla_dag to 2023-05-29T15:34:00+00:00, run_after=2023-05-29T15:36:00+00:00
[2023-05-29 15:37:34,104] {processor.py:161} INFO - Processing /home/airflow/.local/lib/python3.7/site-packages/airflow/example_dags/example_sla_dag.py took 0.079 seconds
[2023-05-29 15:38:04,472] {processor.py:153} INFO - Started process (PID=1492) to work on /home/airflow/.local/lib/python3.7/site-packages/airflow/example_dags/example_sla_dag.py
[2023-05-29 15:38:04,472] {processor.py:641} INFO - Processing file /home/airflow/.local/lib/python3.7/site-packages/airflow/example_dags/example_sla_dag.py for tasks to queue
[2023-05-29 15:38:04,472] {logging_mixin.py:115} INFO - [2023-05-29 15:38:04,472] {dagbag.py:508} INFO - Filling up the DagBag from /home/airflow/.local/lib/python3.7/site-packages/airflow/example_dags/example_sla_dag.py
[2023-05-29 15:38:04,484] {processor.py:651} INFO - DAG(s) dict_keys(['example_sla_dag']) retrieved from /home/airflow/.local/lib/python3.7/site-packages/airflow/example_dags/example_sla_dag.py
[2023-05-29 15:38:04,503] {logging_mixin.py:115} INFO - [2023-05-29 15:38:04,503] {dag.py:2420} INFO - Sync 1 DAGs
[2023-05-29 15:38:04,523] {logging_mixin.py:115} INFO - [2023-05-29 15:38:04,523] {dag.py:2972} INFO - Setting next_dagrun for example_sla_dag to 2023-05-29T15:36:00+00:00, run_after=2023-05-29T15:38:00+00:00
[2023-05-29 15:38:04,533] {processor.py:161} INFO - Processing /home/airflow/.local/lib/python3.7/site-packages/airflow/example_dags/example_sla_dag.py took 0.063 seconds
[2023-05-29 15:38:35,082] {processor.py:153} INFO - Started process (PID=1563) to work on /home/airflow/.local/lib/python3.7/site-packages/airflow/example_dags/example_sla_dag.py
[2023-05-29 15:38:35,083] {processor.py:641} INFO - Processing file /home/airflow/.local/lib/python3.7/site-packages/airflow/example_dags/example_sla_dag.py for tasks to queue
[2023-05-29 15:38:35,083] {logging_mixin.py:115} INFO - [2023-05-29 15:38:35,083] {dagbag.py:508} INFO - Filling up the DagBag from /home/airflow/.local/lib/python3.7/site-packages/airflow/example_dags/example_sla_dag.py
[2023-05-29 15:38:35,095] {processor.py:651} INFO - DAG(s) dict_keys(['example_sla_dag']) retrieved from /home/airflow/.local/lib/python3.7/site-packages/airflow/example_dags/example_sla_dag.py
[2023-05-29 15:38:35,116] {logging_mixin.py:115} INFO - [2023-05-29 15:38:35,116] {dag.py:2420} INFO - Sync 1 DAGs
[2023-05-29 15:38:35,140] {logging_mixin.py:115} INFO - [2023-05-29 15:38:35,140] {dag.py:2972} INFO - Setting next_dagrun for example_sla_dag to 2023-05-29T15:36:00+00:00, run_after=2023-05-29T15:38:00+00:00
[2023-05-29 15:38:35,151] {processor.py:161} INFO - Processing /home/airflow/.local/lib/python3.7/site-packages/airflow/example_dags/example_sla_dag.py took 0.071 seconds
[2023-05-29 15:39:05,943] {processor.py:153} INFO - Started process (PID=1629) to work on /home/airflow/.local/lib/python3.7/site-packages/airflow/example_dags/example_sla_dag.py
[2023-05-29 15:39:05,944] {processor.py:641} INFO - Processing file /home/airflow/.local/lib/python3.7/site-packages/airflow/example_dags/example_sla_dag.py for tasks to queue
[2023-05-29 15:39:05,944] {logging_mixin.py:115} INFO - [2023-05-29 15:39:05,944] {dagbag.py:508} INFO - Filling up the DagBag from /home/airflow/.local/lib/python3.7/site-packages/airflow/example_dags/example_sla_dag.py
[2023-05-29 15:39:05,960] {processor.py:651} INFO - DAG(s) dict_keys(['example_sla_dag']) retrieved from /home/airflow/.local/lib/python3.7/site-packages/airflow/example_dags/example_sla_dag.py
[2023-05-29 15:39:05,983] {logging_mixin.py:115} INFO - [2023-05-29 15:39:05,982] {dag.py:2420} INFO - Sync 1 DAGs
[2023-05-29 15:39:06,008] {logging_mixin.py:115} INFO - [2023-05-29 15:39:06,008] {dag.py:2972} INFO - Setting next_dagrun for example_sla_dag to 2023-05-29T15:36:00+00:00, run_after=2023-05-29T15:38:00+00:00
[2023-05-29 15:39:06,018] {processor.py:161} INFO - Processing /home/airflow/.local/lib/python3.7/site-packages/airflow/example_dags/example_sla_dag.py took 0.077 seconds
[2023-05-29 15:39:36,350] {processor.py:153} INFO - Started process (PID=1682) to work on /home/airflow/.local/lib/python3.7/site-packages/airflow/example_dags/example_sla_dag.py
[2023-05-29 15:39:36,350] {processor.py:641} INFO - Processing file /home/airflow/.local/lib/python3.7/site-packages/airflow/example_dags/example_sla_dag.py for tasks to queue
[2023-05-29 15:39:36,350] {logging_mixin.py:115} INFO - [2023-05-29 15:39:36,350] {dagbag.py:508} INFO - Filling up the DagBag from /home/airflow/.local/lib/python3.7/site-packages/airflow/example_dags/example_sla_dag.py
[2023-05-29 15:39:36,363] {processor.py:651} INFO - DAG(s) dict_keys(['example_sla_dag']) retrieved from /home/airflow/.local/lib/python3.7/site-packages/airflow/example_dags/example_sla_dag.py
[2023-05-29 15:39:36,383] {logging_mixin.py:115} INFO - [2023-05-29 15:39:36,383] {dag.py:2420} INFO - Sync 1 DAGs
[2023-05-29 15:39:36,405] {logging_mixin.py:115} INFO - [2023-05-29 15:39:36,404] {dag.py:2972} INFO - Setting next_dagrun for example_sla_dag to 2023-05-29T15:36:00+00:00, run_after=2023-05-29T15:38:00+00:00
[2023-05-29 15:39:36,417] {processor.py:161} INFO - Processing /home/airflow/.local/lib/python3.7/site-packages/airflow/example_dags/example_sla_dag.py took 0.070 seconds
[2023-05-29 15:40:06,766] {processor.py:153} INFO - Started process (PID=1744) to work on /home/airflow/.local/lib/python3.7/site-packages/airflow/example_dags/example_sla_dag.py
[2023-05-29 15:40:06,766] {processor.py:641} INFO - Processing file /home/airflow/.local/lib/python3.7/site-packages/airflow/example_dags/example_sla_dag.py for tasks to queue
[2023-05-29 15:40:06,767] {logging_mixin.py:115} INFO - [2023-05-29 15:40:06,766] {dagbag.py:508} INFO - Filling up the DagBag from /home/airflow/.local/lib/python3.7/site-packages/airflow/example_dags/example_sla_dag.py
[2023-05-29 15:40:06,778] {processor.py:651} INFO - DAG(s) dict_keys(['example_sla_dag']) retrieved from /home/airflow/.local/lib/python3.7/site-packages/airflow/example_dags/example_sla_dag.py
[2023-05-29 15:40:06,798] {logging_mixin.py:115} INFO - [2023-05-29 15:40:06,798] {dag.py:2420} INFO - Sync 1 DAGs
[2023-05-29 15:40:06,818] {logging_mixin.py:115} INFO - [2023-05-29 15:40:06,818] {dag.py:2972} INFO - Setting next_dagrun for example_sla_dag to 2023-05-29T15:38:00+00:00, run_after=2023-05-29T15:40:00+00:00
[2023-05-29 15:40:06,829] {processor.py:161} INFO - Processing /home/airflow/.local/lib/python3.7/site-packages/airflow/example_dags/example_sla_dag.py took 0.066 seconds
[2023-05-29 15:40:37,157] {processor.py:153} INFO - Started process (PID=1806) to work on /home/airflow/.local/lib/python3.7/site-packages/airflow/example_dags/example_sla_dag.py
[2023-05-29 15:40:37,158] {processor.py:641} INFO - Processing file /home/airflow/.local/lib/python3.7/site-packages/airflow/example_dags/example_sla_dag.py for tasks to queue
[2023-05-29 15:40:37,158] {logging_mixin.py:115} INFO - [2023-05-29 15:40:37,158] {dagbag.py:508} INFO - Filling up the DagBag from /home/airflow/.local/lib/python3.7/site-packages/airflow/example_dags/example_sla_dag.py
[2023-05-29 15:40:37,169] {processor.py:651} INFO - DAG(s) dict_keys(['example_sla_dag']) retrieved from /home/airflow/.local/lib/python3.7/site-packages/airflow/example_dags/example_sla_dag.py
[2023-05-29 15:40:37,187] {logging_mixin.py:115} INFO - [2023-05-29 15:40:37,187] {dag.py:2420} INFO - Sync 1 DAGs
[2023-05-29 15:40:37,208] {logging_mixin.py:115} INFO - [2023-05-29 15:40:37,207] {dag.py:2972} INFO - Setting next_dagrun for example_sla_dag to 2023-05-29T15:38:00+00:00, run_after=2023-05-29T15:40:00+00:00
[2023-05-29 15:40:37,218] {processor.py:161} INFO - Processing /home/airflow/.local/lib/python3.7/site-packages/airflow/example_dags/example_sla_dag.py took 0.063 seconds
[2023-05-29 15:41:07,844] {processor.py:153} INFO - Started process (PID=1868) to work on /home/airflow/.local/lib/python3.7/site-packages/airflow/example_dags/example_sla_dag.py
[2023-05-29 15:41:07,845] {processor.py:641} INFO - Processing file /home/airflow/.local/lib/python3.7/site-packages/airflow/example_dags/example_sla_dag.py for tasks to queue
[2023-05-29 15:41:07,845] {logging_mixin.py:115} INFO - [2023-05-29 15:41:07,845] {dagbag.py:508} INFO - Filling up the DagBag from /home/airflow/.local/lib/python3.7/site-packages/airflow/example_dags/example_sla_dag.py
[2023-05-29 15:41:07,857] {processor.py:651} INFO - DAG(s) dict_keys(['example_sla_dag']) retrieved from /home/airflow/.local/lib/python3.7/site-packages/airflow/example_dags/example_sla_dag.py
[2023-05-29 15:41:07,875] {logging_mixin.py:115} INFO - [2023-05-29 15:41:07,875] {dag.py:2420} INFO - Sync 1 DAGs
[2023-05-29 15:41:07,898] {logging_mixin.py:115} INFO - [2023-05-29 15:41:07,898] {dag.py:2972} INFO - Setting next_dagrun for example_sla_dag to 2023-05-29T15:38:00+00:00, run_after=2023-05-29T15:40:00+00:00
[2023-05-29 15:41:07,909] {processor.py:161} INFO - Processing /home/airflow/.local/lib/python3.7/site-packages/airflow/example_dags/example_sla_dag.py took 0.067 seconds
