[2023-05-29 15:18:19,326] {processor.py:153} INFO - Started process (PID=64) to work on /home/airflow/.local/lib/python3.7/site-packages/airflow/example_dags/example_branch_day_of_week_operator.py
[2023-05-29 15:18:19,326] {processor.py:641} INFO - Processing file /home/airflow/.local/lib/python3.7/site-packages/airflow/example_dags/example_branch_day_of_week_operator.py for tasks to queue
[2023-05-29 15:18:19,327] {logging_mixin.py:115} INFO - [2023-05-29 15:18:19,327] {dagbag.py:508} INFO - Filling up the DagBag from /home/airflow/.local/lib/python3.7/site-packages/airflow/example_dags/example_branch_day_of_week_operator.py
[2023-05-29 15:18:19,339] {processor.py:651} INFO - DAG(s) dict_keys(['example_weekday_branch_operator']) retrieved from /home/airflow/.local/lib/python3.7/site-packages/airflow/example_dags/example_branch_day_of_week_operator.py
[2023-05-29 15:18:19,456] {logging_mixin.py:115} INFO - [2023-05-29 15:18:19,456] {manager.py:508} INFO - Created Permission View: can read on DAG:example_weekday_branch_operator
[2023-05-29 15:18:19,473] {logging_mixin.py:115} INFO - [2023-05-29 15:18:19,473] {manager.py:508} INFO - Created Permission View: can delete on DAG:example_weekday_branch_operator
[2023-05-29 15:18:19,488] {logging_mixin.py:115} INFO - [2023-05-29 15:18:19,487] {manager.py:508} INFO - Created Permission View: can edit on DAG:example_weekday_branch_operator
[2023-05-29 15:18:19,488] {logging_mixin.py:115} INFO - [2023-05-29 15:18:19,488] {dag.py:2420} INFO - Sync 1 DAGs
[2023-05-29 15:18:19,502] {logging_mixin.py:115} INFO - [2023-05-29 15:18:19,501] {dag.py:2439} INFO - Creating ORM DAG for example_weekday_branch_operator
[2023-05-29 15:18:19,525] {logging_mixin.py:115} INFO - [2023-05-29 15:18:19,525] {dag.py:2972} INFO - Setting next_dagrun for example_weekday_branch_operator to 2023-05-28T00:00:00+00:00, run_after=2023-05-29T00:00:00+00:00
[2023-05-29 15:18:19,552] {processor.py:161} INFO - Processing /home/airflow/.local/lib/python3.7/site-packages/airflow/example_dags/example_branch_day_of_week_operator.py took 0.231 seconds
[2023-05-29 15:18:49,760] {processor.py:153} INFO - Started process (PID=118) to work on /home/airflow/.local/lib/python3.7/site-packages/airflow/example_dags/example_branch_day_of_week_operator.py
[2023-05-29 15:18:49,760] {processor.py:641} INFO - Processing file /home/airflow/.local/lib/python3.7/site-packages/airflow/example_dags/example_branch_day_of_week_operator.py for tasks to queue
[2023-05-29 15:18:49,761] {logging_mixin.py:115} INFO - [2023-05-29 15:18:49,761] {dagbag.py:508} INFO - Filling up the DagBag from /home/airflow/.local/lib/python3.7/site-packages/airflow/example_dags/example_branch_day_of_week_operator.py
[2023-05-29 15:18:49,796] {processor.py:651} INFO - DAG(s) dict_keys(['example_weekday_branch_operator']) retrieved from /home/airflow/.local/lib/python3.7/site-packages/airflow/example_dags/example_branch_day_of_week_operator.py
[2023-05-29 15:18:49,815] {logging_mixin.py:115} INFO - [2023-05-29 15:18:49,815] {dag.py:2420} INFO - Sync 1 DAGs
[2023-05-29 15:18:49,834] {logging_mixin.py:115} INFO - [2023-05-29 15:18:49,834] {dag.py:2972} INFO - Setting next_dagrun for example_weekday_branch_operator to 2023-05-28T00:00:00+00:00, run_after=2023-05-29T00:00:00+00:00
[2023-05-29 15:18:49,861] {processor.py:161} INFO - Processing /home/airflow/.local/lib/python3.7/site-packages/airflow/example_dags/example_branch_day_of_week_operator.py took 0.104 seconds
[2023-05-29 15:19:20,501] {processor.py:153} INFO - Started process (PID=179) to work on /home/airflow/.local/lib/python3.7/site-packages/airflow/example_dags/example_branch_day_of_week_operator.py
[2023-05-29 15:19:20,501] {processor.py:641} INFO - Processing file /home/airflow/.local/lib/python3.7/site-packages/airflow/example_dags/example_branch_day_of_week_operator.py for tasks to queue
[2023-05-29 15:19:20,501] {logging_mixin.py:115} INFO - [2023-05-29 15:19:20,501] {dagbag.py:508} INFO - Filling up the DagBag from /home/airflow/.local/lib/python3.7/site-packages/airflow/example_dags/example_branch_day_of_week_operator.py
[2023-05-29 15:19:20,507] {processor.py:651} INFO - DAG(s) dict_keys(['example_weekday_branch_operator']) retrieved from /home/airflow/.local/lib/python3.7/site-packages/airflow/example_dags/example_branch_day_of_week_operator.py
[2023-05-29 15:19:20,526] {logging_mixin.py:115} INFO - [2023-05-29 15:19:20,526] {dag.py:2420} INFO - Sync 1 DAGs
[2023-05-29 15:19:20,545] {logging_mixin.py:115} INFO - [2023-05-29 15:19:20,545] {dag.py:2972} INFO - Setting next_dagrun for example_weekday_branch_operator to 2023-05-28T00:00:00+00:00, run_after=2023-05-29T00:00:00+00:00
[2023-05-29 15:19:20,556] {processor.py:161} INFO - Processing /home/airflow/.local/lib/python3.7/site-packages/airflow/example_dags/example_branch_day_of_week_operator.py took 0.057 seconds
[2023-05-29 15:19:50,887] {processor.py:153} INFO - Started process (PID=240) to work on /home/airflow/.local/lib/python3.7/site-packages/airflow/example_dags/example_branch_day_of_week_operator.py
[2023-05-29 15:19:50,888] {processor.py:641} INFO - Processing file /home/airflow/.local/lib/python3.7/site-packages/airflow/example_dags/example_branch_day_of_week_operator.py for tasks to queue
[2023-05-29 15:19:50,888] {logging_mixin.py:115} INFO - [2023-05-29 15:19:50,888] {dagbag.py:508} INFO - Filling up the DagBag from /home/airflow/.local/lib/python3.7/site-packages/airflow/example_dags/example_branch_day_of_week_operator.py
[2023-05-29 15:19:50,893] {processor.py:651} INFO - DAG(s) dict_keys(['example_weekday_branch_operator']) retrieved from /home/airflow/.local/lib/python3.7/site-packages/airflow/example_dags/example_branch_day_of_week_operator.py
[2023-05-29 15:19:50,912] {logging_mixin.py:115} INFO - [2023-05-29 15:19:50,912] {dag.py:2420} INFO - Sync 1 DAGs
[2023-05-29 15:19:50,931] {logging_mixin.py:115} INFO - [2023-05-29 15:19:50,931] {dag.py:2972} INFO - Setting next_dagrun for example_weekday_branch_operator to 2023-05-28T00:00:00+00:00, run_after=2023-05-29T00:00:00+00:00
[2023-05-29 15:19:50,942] {processor.py:161} INFO - Processing /home/airflow/.local/lib/python3.7/site-packages/airflow/example_dags/example_branch_day_of_week_operator.py took 0.057 seconds
[2023-05-29 15:20:21,283] {processor.py:153} INFO - Started process (PID=292) to work on /home/airflow/.local/lib/python3.7/site-packages/airflow/example_dags/example_branch_day_of_week_operator.py
[2023-05-29 15:20:21,284] {processor.py:641} INFO - Processing file /home/airflow/.local/lib/python3.7/site-packages/airflow/example_dags/example_branch_day_of_week_operator.py for tasks to queue
[2023-05-29 15:20:21,284] {logging_mixin.py:115} INFO - [2023-05-29 15:20:21,284] {dagbag.py:508} INFO - Filling up the DagBag from /home/airflow/.local/lib/python3.7/site-packages/airflow/example_dags/example_branch_day_of_week_operator.py
[2023-05-29 15:20:21,290] {processor.py:651} INFO - DAG(s) dict_keys(['example_weekday_branch_operator']) retrieved from /home/airflow/.local/lib/python3.7/site-packages/airflow/example_dags/example_branch_day_of_week_operator.py
[2023-05-29 15:20:21,308] {logging_mixin.py:115} INFO - [2023-05-29 15:20:21,308] {dag.py:2420} INFO - Sync 1 DAGs
[2023-05-29 15:20:21,328] {logging_mixin.py:115} INFO - [2023-05-29 15:20:21,328] {dag.py:2972} INFO - Setting next_dagrun for example_weekday_branch_operator to 2023-05-28T00:00:00+00:00, run_after=2023-05-29T00:00:00+00:00
[2023-05-29 15:20:21,338] {processor.py:161} INFO - Processing /home/airflow/.local/lib/python3.7/site-packages/airflow/example_dags/example_branch_day_of_week_operator.py took 0.057 seconds
[2023-05-29 15:20:51,694] {processor.py:153} INFO - Started process (PID=353) to work on /home/airflow/.local/lib/python3.7/site-packages/airflow/example_dags/example_branch_day_of_week_operator.py
[2023-05-29 15:20:51,695] {processor.py:641} INFO - Processing file /home/airflow/.local/lib/python3.7/site-packages/airflow/example_dags/example_branch_day_of_week_operator.py for tasks to queue
[2023-05-29 15:20:51,695] {logging_mixin.py:115} INFO - [2023-05-29 15:20:51,695] {dagbag.py:508} INFO - Filling up the DagBag from /home/airflow/.local/lib/python3.7/site-packages/airflow/example_dags/example_branch_day_of_week_operator.py
[2023-05-29 15:20:51,701] {processor.py:651} INFO - DAG(s) dict_keys(['example_weekday_branch_operator']) retrieved from /home/airflow/.local/lib/python3.7/site-packages/airflow/example_dags/example_branch_day_of_week_operator.py
[2023-05-29 15:20:51,720] {logging_mixin.py:115} INFO - [2023-05-29 15:20:51,720] {dag.py:2420} INFO - Sync 1 DAGs
[2023-05-29 15:20:51,739] {logging_mixin.py:115} INFO - [2023-05-29 15:20:51,739] {dag.py:2972} INFO - Setting next_dagrun for example_weekday_branch_operator to 2023-05-28T00:00:00+00:00, run_after=2023-05-29T00:00:00+00:00
[2023-05-29 15:20:51,750] {processor.py:161} INFO - Processing /home/airflow/.local/lib/python3.7/site-packages/airflow/example_dags/example_branch_day_of_week_operator.py took 0.058 seconds
[2023-05-29 15:21:22,097] {processor.py:153} INFO - Started process (PID=415) to work on /home/airflow/.local/lib/python3.7/site-packages/airflow/example_dags/example_branch_day_of_week_operator.py
[2023-05-29 15:21:22,098] {processor.py:641} INFO - Processing file /home/airflow/.local/lib/python3.7/site-packages/airflow/example_dags/example_branch_day_of_week_operator.py for tasks to queue
[2023-05-29 15:21:22,098] {logging_mixin.py:115} INFO - [2023-05-29 15:21:22,098] {dagbag.py:508} INFO - Filling up the DagBag from /home/airflow/.local/lib/python3.7/site-packages/airflow/example_dags/example_branch_day_of_week_operator.py
[2023-05-29 15:21:22,104] {processor.py:651} INFO - DAG(s) dict_keys(['example_weekday_branch_operator']) retrieved from /home/airflow/.local/lib/python3.7/site-packages/airflow/example_dags/example_branch_day_of_week_operator.py
[2023-05-29 15:21:22,123] {logging_mixin.py:115} INFO - [2023-05-29 15:21:22,123] {dag.py:2420} INFO - Sync 1 DAGs
[2023-05-29 15:21:22,143] {logging_mixin.py:115} INFO - [2023-05-29 15:21:22,143] {dag.py:2972} INFO - Setting next_dagrun for example_weekday_branch_operator to 2023-05-28T00:00:00+00:00, run_after=2023-05-29T00:00:00+00:00
[2023-05-29 15:21:22,154] {processor.py:161} INFO - Processing /home/airflow/.local/lib/python3.7/site-packages/airflow/example_dags/example_branch_day_of_week_operator.py took 0.059 seconds
[2023-05-29 15:21:52,586] {processor.py:153} INFO - Started process (PID=476) to work on /home/airflow/.local/lib/python3.7/site-packages/airflow/example_dags/example_branch_day_of_week_operator.py
[2023-05-29 15:21:52,586] {processor.py:641} INFO - Processing file /home/airflow/.local/lib/python3.7/site-packages/airflow/example_dags/example_branch_day_of_week_operator.py for tasks to queue
[2023-05-29 15:21:52,586] {logging_mixin.py:115} INFO - [2023-05-29 15:21:52,586] {dagbag.py:508} INFO - Filling up the DagBag from /home/airflow/.local/lib/python3.7/site-packages/airflow/example_dags/example_branch_day_of_week_operator.py
[2023-05-29 15:21:52,593] {processor.py:651} INFO - DAG(s) dict_keys(['example_weekday_branch_operator']) retrieved from /home/airflow/.local/lib/python3.7/site-packages/airflow/example_dags/example_branch_day_of_week_operator.py
[2023-05-29 15:21:52,614] {logging_mixin.py:115} INFO - [2023-05-29 15:21:52,614] {dag.py:2420} INFO - Sync 1 DAGs
[2023-05-29 15:21:52,636] {logging_mixin.py:115} INFO - [2023-05-29 15:21:52,636] {dag.py:2972} INFO - Setting next_dagrun for example_weekday_branch_operator to 2023-05-28T00:00:00+00:00, run_after=2023-05-29T00:00:00+00:00
[2023-05-29 15:21:52,649] {processor.py:161} INFO - Processing /home/airflow/.local/lib/python3.7/site-packages/airflow/example_dags/example_branch_day_of_week_operator.py took 0.066 seconds
[2023-05-29 15:22:23,049] {processor.py:153} INFO - Started process (PID=527) to work on /home/airflow/.local/lib/python3.7/site-packages/airflow/example_dags/example_branch_day_of_week_operator.py
[2023-05-29 15:22:23,050] {processor.py:641} INFO - Processing file /home/airflow/.local/lib/python3.7/site-packages/airflow/example_dags/example_branch_day_of_week_operator.py for tasks to queue
[2023-05-29 15:22:23,050] {logging_mixin.py:115} INFO - [2023-05-29 15:22:23,050] {dagbag.py:508} INFO - Filling up the DagBag from /home/airflow/.local/lib/python3.7/site-packages/airflow/example_dags/example_branch_day_of_week_operator.py
[2023-05-29 15:22:23,057] {processor.py:651} INFO - DAG(s) dict_keys(['example_weekday_branch_operator']) retrieved from /home/airflow/.local/lib/python3.7/site-packages/airflow/example_dags/example_branch_day_of_week_operator.py
[2023-05-29 15:22:23,078] {logging_mixin.py:115} INFO - [2023-05-29 15:22:23,078] {dag.py:2420} INFO - Sync 1 DAGs
[2023-05-29 15:22:23,099] {logging_mixin.py:115} INFO - [2023-05-29 15:22:23,099] {dag.py:2972} INFO - Setting next_dagrun for example_weekday_branch_operator to 2023-05-28T00:00:00+00:00, run_after=2023-05-29T00:00:00+00:00
[2023-05-29 15:22:23,112] {processor.py:161} INFO - Processing /home/airflow/.local/lib/python3.7/site-packages/airflow/example_dags/example_branch_day_of_week_operator.py took 0.064 seconds
[2023-05-29 15:23:25,271] {processor.py:153} INFO - Started process (PID=56) to work on /home/airflow/.local/lib/python3.7/site-packages/airflow/example_dags/example_branch_day_of_week_operator.py
[2023-05-29 15:23:25,272] {processor.py:641} INFO - Processing file /home/airflow/.local/lib/python3.7/site-packages/airflow/example_dags/example_branch_day_of_week_operator.py for tasks to queue
[2023-05-29 15:23:25,272] {logging_mixin.py:115} INFO - [2023-05-29 15:23:25,272] {dagbag.py:508} INFO - Filling up the DagBag from /home/airflow/.local/lib/python3.7/site-packages/airflow/example_dags/example_branch_day_of_week_operator.py
[2023-05-29 15:23:25,281] {processor.py:651} INFO - DAG(s) dict_keys(['example_weekday_branch_operator']) retrieved from /home/airflow/.local/lib/python3.7/site-packages/airflow/example_dags/example_branch_day_of_week_operator.py
[2023-05-29 15:23:25,303] {logging_mixin.py:115} INFO - [2023-05-29 15:23:25,303] {dag.py:2420} INFO - Sync 1 DAGs
[2023-05-29 15:23:25,326] {logging_mixin.py:115} INFO - [2023-05-29 15:23:25,326] {dag.py:2972} INFO - Setting next_dagrun for example_weekday_branch_operator to 2023-05-28T00:00:00+00:00, run_after=2023-05-29T00:00:00+00:00
[2023-05-29 15:23:25,339] {processor.py:161} INFO - Processing /home/airflow/.local/lib/python3.7/site-packages/airflow/example_dags/example_branch_day_of_week_operator.py took 0.070 seconds
[2023-05-29 15:23:56,225] {processor.py:153} INFO - Started process (PID=117) to work on /home/airflow/.local/lib/python3.7/site-packages/airflow/example_dags/example_branch_day_of_week_operator.py
[2023-05-29 15:23:56,226] {processor.py:641} INFO - Processing file /home/airflow/.local/lib/python3.7/site-packages/airflow/example_dags/example_branch_day_of_week_operator.py for tasks to queue
[2023-05-29 15:23:56,226] {logging_mixin.py:115} INFO - [2023-05-29 15:23:56,226] {dagbag.py:508} INFO - Filling up the DagBag from /home/airflow/.local/lib/python3.7/site-packages/airflow/example_dags/example_branch_day_of_week_operator.py
[2023-05-29 15:23:56,232] {processor.py:651} INFO - DAG(s) dict_keys(['example_weekday_branch_operator']) retrieved from /home/airflow/.local/lib/python3.7/site-packages/airflow/example_dags/example_branch_day_of_week_operator.py
[2023-05-29 15:23:56,252] {logging_mixin.py:115} INFO - [2023-05-29 15:23:56,252] {dag.py:2420} INFO - Sync 1 DAGs
[2023-05-29 15:23:56,271] {logging_mixin.py:115} INFO - [2023-05-29 15:23:56,271] {dag.py:2972} INFO - Setting next_dagrun for example_weekday_branch_operator to 2023-05-28T00:00:00+00:00, run_after=2023-05-29T00:00:00+00:00
[2023-05-29 15:23:56,283] {processor.py:161} INFO - Processing /home/airflow/.local/lib/python3.7/site-packages/airflow/example_dags/example_branch_day_of_week_operator.py took 0.059 seconds
[2023-05-29 15:24:26,849] {processor.py:153} INFO - Started process (PID=178) to work on /home/airflow/.local/lib/python3.7/site-packages/airflow/example_dags/example_branch_day_of_week_operator.py
[2023-05-29 15:24:26,849] {processor.py:641} INFO - Processing file /home/airflow/.local/lib/python3.7/site-packages/airflow/example_dags/example_branch_day_of_week_operator.py for tasks to queue
[2023-05-29 15:24:26,850] {logging_mixin.py:115} INFO - [2023-05-29 15:24:26,850] {dagbag.py:508} INFO - Filling up the DagBag from /home/airflow/.local/lib/python3.7/site-packages/airflow/example_dags/example_branch_day_of_week_operator.py
[2023-05-29 15:24:26,856] {processor.py:651} INFO - DAG(s) dict_keys(['example_weekday_branch_operator']) retrieved from /home/airflow/.local/lib/python3.7/site-packages/airflow/example_dags/example_branch_day_of_week_operator.py
[2023-05-29 15:24:26,875] {logging_mixin.py:115} INFO - [2023-05-29 15:24:26,875] {dag.py:2420} INFO - Sync 1 DAGs
[2023-05-29 15:24:26,894] {logging_mixin.py:115} INFO - [2023-05-29 15:24:26,894] {dag.py:2972} INFO - Setting next_dagrun for example_weekday_branch_operator to 2023-05-28T00:00:00+00:00, run_after=2023-05-29T00:00:00+00:00
[2023-05-29 15:24:26,904] {processor.py:161} INFO - Processing /home/airflow/.local/lib/python3.7/site-packages/airflow/example_dags/example_branch_day_of_week_operator.py took 0.057 seconds
[2023-05-29 15:24:57,355] {processor.py:153} INFO - Started process (PID=239) to work on /home/airflow/.local/lib/python3.7/site-packages/airflow/example_dags/example_branch_day_of_week_operator.py
[2023-05-29 15:24:57,355] {processor.py:641} INFO - Processing file /home/airflow/.local/lib/python3.7/site-packages/airflow/example_dags/example_branch_day_of_week_operator.py for tasks to queue
[2023-05-29 15:24:57,356] {logging_mixin.py:115} INFO - [2023-05-29 15:24:57,356] {dagbag.py:508} INFO - Filling up the DagBag from /home/airflow/.local/lib/python3.7/site-packages/airflow/example_dags/example_branch_day_of_week_operator.py
[2023-05-29 15:24:57,361] {processor.py:651} INFO - DAG(s) dict_keys(['example_weekday_branch_operator']) retrieved from /home/airflow/.local/lib/python3.7/site-packages/airflow/example_dags/example_branch_day_of_week_operator.py
[2023-05-29 15:24:57,380] {logging_mixin.py:115} INFO - [2023-05-29 15:24:57,380] {dag.py:2420} INFO - Sync 1 DAGs
[2023-05-29 15:24:57,399] {logging_mixin.py:115} INFO - [2023-05-29 15:24:57,399] {dag.py:2972} INFO - Setting next_dagrun for example_weekday_branch_operator to 2023-05-28T00:00:00+00:00, run_after=2023-05-29T00:00:00+00:00
[2023-05-29 15:24:57,409] {processor.py:161} INFO - Processing /home/airflow/.local/lib/python3.7/site-packages/airflow/example_dags/example_branch_day_of_week_operator.py took 0.057 seconds
[2023-05-29 15:25:50,426] {processor.py:153} INFO - Started process (PID=57) to work on /home/airflow/.local/lib/python3.7/site-packages/airflow/example_dags/example_branch_day_of_week_operator.py
[2023-05-29 15:25:50,426] {processor.py:641} INFO - Processing file /home/airflow/.local/lib/python3.7/site-packages/airflow/example_dags/example_branch_day_of_week_operator.py for tasks to queue
[2023-05-29 15:25:50,427] {logging_mixin.py:115} INFO - [2023-05-29 15:25:50,427] {dagbag.py:508} INFO - Filling up the DagBag from /home/airflow/.local/lib/python3.7/site-packages/airflow/example_dags/example_branch_day_of_week_operator.py
[2023-05-29 15:25:50,435] {processor.py:651} INFO - DAG(s) dict_keys(['example_weekday_branch_operator']) retrieved from /home/airflow/.local/lib/python3.7/site-packages/airflow/example_dags/example_branch_day_of_week_operator.py
[2023-05-29 15:25:50,458] {logging_mixin.py:115} INFO - [2023-05-29 15:25:50,458] {dag.py:2420} INFO - Sync 1 DAGs
[2023-05-29 15:25:50,481] {logging_mixin.py:115} INFO - [2023-05-29 15:25:50,481] {dag.py:2972} INFO - Setting next_dagrun for example_weekday_branch_operator to 2023-05-28T00:00:00+00:00, run_after=2023-05-29T00:00:00+00:00
[2023-05-29 15:25:50,492] {processor.py:161} INFO - Processing /home/airflow/.local/lib/python3.7/site-packages/airflow/example_dags/example_branch_day_of_week_operator.py took 0.069 seconds
[2023-05-29 15:26:21,374] {processor.py:153} INFO - Started process (PID=118) to work on /home/airflow/.local/lib/python3.7/site-packages/airflow/example_dags/example_branch_day_of_week_operator.py
[2023-05-29 15:26:21,375] {processor.py:641} INFO - Processing file /home/airflow/.local/lib/python3.7/site-packages/airflow/example_dags/example_branch_day_of_week_operator.py for tasks to queue
[2023-05-29 15:26:21,375] {logging_mixin.py:115} INFO - [2023-05-29 15:26:21,375] {dagbag.py:508} INFO - Filling up the DagBag from /home/airflow/.local/lib/python3.7/site-packages/airflow/example_dags/example_branch_day_of_week_operator.py
[2023-05-29 15:26:21,381] {processor.py:651} INFO - DAG(s) dict_keys(['example_weekday_branch_operator']) retrieved from /home/airflow/.local/lib/python3.7/site-packages/airflow/example_dags/example_branch_day_of_week_operator.py
[2023-05-29 15:26:21,400] {logging_mixin.py:115} INFO - [2023-05-29 15:26:21,400] {dag.py:2420} INFO - Sync 1 DAGs
[2023-05-29 15:26:21,418] {logging_mixin.py:115} INFO - [2023-05-29 15:26:21,418] {dag.py:2972} INFO - Setting next_dagrun for example_weekday_branch_operator to 2023-05-28T00:00:00+00:00, run_after=2023-05-29T00:00:00+00:00
[2023-05-29 15:26:21,429] {processor.py:161} INFO - Processing /home/airflow/.local/lib/python3.7/site-packages/airflow/example_dags/example_branch_day_of_week_operator.py took 0.057 seconds
[2023-05-29 15:26:51,947] {processor.py:153} INFO - Started process (PID=179) to work on /home/airflow/.local/lib/python3.7/site-packages/airflow/example_dags/example_branch_day_of_week_operator.py
[2023-05-29 15:26:51,947] {processor.py:641} INFO - Processing file /home/airflow/.local/lib/python3.7/site-packages/airflow/example_dags/example_branch_day_of_week_operator.py for tasks to queue
[2023-05-29 15:26:51,947] {logging_mixin.py:115} INFO - [2023-05-29 15:26:51,947] {dagbag.py:508} INFO - Filling up the DagBag from /home/airflow/.local/lib/python3.7/site-packages/airflow/example_dags/example_branch_day_of_week_operator.py
[2023-05-29 15:26:51,953] {processor.py:651} INFO - DAG(s) dict_keys(['example_weekday_branch_operator']) retrieved from /home/airflow/.local/lib/python3.7/site-packages/airflow/example_dags/example_branch_day_of_week_operator.py
[2023-05-29 15:26:51,972] {logging_mixin.py:115} INFO - [2023-05-29 15:26:51,971] {dag.py:2420} INFO - Sync 1 DAGs
[2023-05-29 15:26:51,989] {logging_mixin.py:115} INFO - [2023-05-29 15:26:51,989] {dag.py:2972} INFO - Setting next_dagrun for example_weekday_branch_operator to 2023-05-28T00:00:00+00:00, run_after=2023-05-29T00:00:00+00:00
[2023-05-29 15:26:51,999] {processor.py:161} INFO - Processing /home/airflow/.local/lib/python3.7/site-packages/airflow/example_dags/example_branch_day_of_week_operator.py took 0.055 seconds
[2023-05-29 15:27:22,457] {processor.py:153} INFO - Started process (PID=240) to work on /home/airflow/.local/lib/python3.7/site-packages/airflow/example_dags/example_branch_day_of_week_operator.py
[2023-05-29 15:27:22,458] {processor.py:641} INFO - Processing file /home/airflow/.local/lib/python3.7/site-packages/airflow/example_dags/example_branch_day_of_week_operator.py for tasks to queue
[2023-05-29 15:27:22,458] {logging_mixin.py:115} INFO - [2023-05-29 15:27:22,458] {dagbag.py:508} INFO - Filling up the DagBag from /home/airflow/.local/lib/python3.7/site-packages/airflow/example_dags/example_branch_day_of_week_operator.py
[2023-05-29 15:27:22,463] {processor.py:651} INFO - DAG(s) dict_keys(['example_weekday_branch_operator']) retrieved from /home/airflow/.local/lib/python3.7/site-packages/airflow/example_dags/example_branch_day_of_week_operator.py
[2023-05-29 15:27:22,483] {logging_mixin.py:115} INFO - [2023-05-29 15:27:22,483] {dag.py:2420} INFO - Sync 1 DAGs
[2023-05-29 15:27:22,500] {logging_mixin.py:115} INFO - [2023-05-29 15:27:22,500] {dag.py:2972} INFO - Setting next_dagrun for example_weekday_branch_operator to 2023-05-28T00:00:00+00:00, run_after=2023-05-29T00:00:00+00:00
[2023-05-29 15:27:22,511] {processor.py:161} INFO - Processing /home/airflow/.local/lib/python3.7/site-packages/airflow/example_dags/example_branch_day_of_week_operator.py took 0.056 seconds
[2023-05-29 15:27:53,071] {processor.py:153} INFO - Started process (PID=292) to work on /home/airflow/.local/lib/python3.7/site-packages/airflow/example_dags/example_branch_day_of_week_operator.py
[2023-05-29 15:27:53,071] {processor.py:641} INFO - Processing file /home/airflow/.local/lib/python3.7/site-packages/airflow/example_dags/example_branch_day_of_week_operator.py for tasks to queue
[2023-05-29 15:27:53,072] {logging_mixin.py:115} INFO - [2023-05-29 15:27:53,071] {dagbag.py:508} INFO - Filling up the DagBag from /home/airflow/.local/lib/python3.7/site-packages/airflow/example_dags/example_branch_day_of_week_operator.py
[2023-05-29 15:27:53,077] {processor.py:651} INFO - DAG(s) dict_keys(['example_weekday_branch_operator']) retrieved from /home/airflow/.local/lib/python3.7/site-packages/airflow/example_dags/example_branch_day_of_week_operator.py
[2023-05-29 15:27:53,096] {logging_mixin.py:115} INFO - [2023-05-29 15:27:53,096] {dag.py:2420} INFO - Sync 1 DAGs
[2023-05-29 15:27:53,117] {logging_mixin.py:115} INFO - [2023-05-29 15:27:53,117] {dag.py:2972} INFO - Setting next_dagrun for example_weekday_branch_operator to 2023-05-28T00:00:00+00:00, run_after=2023-05-29T00:00:00+00:00
[2023-05-29 15:27:53,128] {processor.py:161} INFO - Processing /home/airflow/.local/lib/python3.7/site-packages/airflow/example_dags/example_branch_day_of_week_operator.py took 0.059 seconds
[2023-05-29 15:28:23,537] {processor.py:153} INFO - Started process (PID=353) to work on /home/airflow/.local/lib/python3.7/site-packages/airflow/example_dags/example_branch_day_of_week_operator.py
[2023-05-29 15:28:23,537] {processor.py:641} INFO - Processing file /home/airflow/.local/lib/python3.7/site-packages/airflow/example_dags/example_branch_day_of_week_operator.py for tasks to queue
[2023-05-29 15:28:23,538] {logging_mixin.py:115} INFO - [2023-05-29 15:28:23,538] {dagbag.py:508} INFO - Filling up the DagBag from /home/airflow/.local/lib/python3.7/site-packages/airflow/example_dags/example_branch_day_of_week_operator.py
[2023-05-29 15:28:23,543] {processor.py:651} INFO - DAG(s) dict_keys(['example_weekday_branch_operator']) retrieved from /home/airflow/.local/lib/python3.7/site-packages/airflow/example_dags/example_branch_day_of_week_operator.py
[2023-05-29 15:28:23,563] {logging_mixin.py:115} INFO - [2023-05-29 15:28:23,563] {dag.py:2420} INFO - Sync 1 DAGs
[2023-05-29 15:28:23,582] {logging_mixin.py:115} INFO - [2023-05-29 15:28:23,582] {dag.py:2972} INFO - Setting next_dagrun for example_weekday_branch_operator to 2023-05-28T00:00:00+00:00, run_after=2023-05-29T00:00:00+00:00
[2023-05-29 15:28:23,592] {processor.py:161} INFO - Processing /home/airflow/.local/lib/python3.7/site-packages/airflow/example_dags/example_branch_day_of_week_operator.py took 0.057 seconds
[2023-05-29 15:28:54,035] {processor.py:153} INFO - Started process (PID=414) to work on /home/airflow/.local/lib/python3.7/site-packages/airflow/example_dags/example_branch_day_of_week_operator.py
[2023-05-29 15:28:54,035] {processor.py:641} INFO - Processing file /home/airflow/.local/lib/python3.7/site-packages/airflow/example_dags/example_branch_day_of_week_operator.py for tasks to queue
[2023-05-29 15:28:54,036] {logging_mixin.py:115} INFO - [2023-05-29 15:28:54,036] {dagbag.py:508} INFO - Filling up the DagBag from /home/airflow/.local/lib/python3.7/site-packages/airflow/example_dags/example_branch_day_of_week_operator.py
[2023-05-29 15:28:54,042] {processor.py:651} INFO - DAG(s) dict_keys(['example_weekday_branch_operator']) retrieved from /home/airflow/.local/lib/python3.7/site-packages/airflow/example_dags/example_branch_day_of_week_operator.py
[2023-05-29 15:28:54,063] {logging_mixin.py:115} INFO - [2023-05-29 15:28:54,063] {dag.py:2420} INFO - Sync 1 DAGs
[2023-05-29 15:28:54,085] {logging_mixin.py:115} INFO - [2023-05-29 15:28:54,085] {dag.py:2972} INFO - Setting next_dagrun for example_weekday_branch_operator to 2023-05-28T00:00:00+00:00, run_after=2023-05-29T00:00:00+00:00
[2023-05-29 15:28:54,097] {processor.py:161} INFO - Processing /home/airflow/.local/lib/python3.7/site-packages/airflow/example_dags/example_branch_day_of_week_operator.py took 0.065 seconds
[2023-05-29 15:29:24,644] {processor.py:153} INFO - Started process (PID=476) to work on /home/airflow/.local/lib/python3.7/site-packages/airflow/example_dags/example_branch_day_of_week_operator.py
[2023-05-29 15:29:24,644] {processor.py:641} INFO - Processing file /home/airflow/.local/lib/python3.7/site-packages/airflow/example_dags/example_branch_day_of_week_operator.py for tasks to queue
[2023-05-29 15:29:24,645] {logging_mixin.py:115} INFO - [2023-05-29 15:29:24,644] {dagbag.py:508} INFO - Filling up the DagBag from /home/airflow/.local/lib/python3.7/site-packages/airflow/example_dags/example_branch_day_of_week_operator.py
[2023-05-29 15:29:24,650] {processor.py:651} INFO - DAG(s) dict_keys(['example_weekday_branch_operator']) retrieved from /home/airflow/.local/lib/python3.7/site-packages/airflow/example_dags/example_branch_day_of_week_operator.py
[2023-05-29 15:29:24,669] {logging_mixin.py:115} INFO - [2023-05-29 15:29:24,669] {dag.py:2420} INFO - Sync 1 DAGs
[2023-05-29 15:29:24,686] {logging_mixin.py:115} INFO - [2023-05-29 15:29:24,686] {dag.py:2972} INFO - Setting next_dagrun for example_weekday_branch_operator to 2023-05-28T00:00:00+00:00, run_after=2023-05-29T00:00:00+00:00
[2023-05-29 15:29:24,696] {processor.py:161} INFO - Processing /home/airflow/.local/lib/python3.7/site-packages/airflow/example_dags/example_branch_day_of_week_operator.py took 0.055 seconds
[2023-05-29 15:29:55,101] {processor.py:153} INFO - Started process (PID=528) to work on /home/airflow/.local/lib/python3.7/site-packages/airflow/example_dags/example_branch_day_of_week_operator.py
[2023-05-29 15:29:55,101] {processor.py:641} INFO - Processing file /home/airflow/.local/lib/python3.7/site-packages/airflow/example_dags/example_branch_day_of_week_operator.py for tasks to queue
[2023-05-29 15:29:55,102] {logging_mixin.py:115} INFO - [2023-05-29 15:29:55,102] {dagbag.py:508} INFO - Filling up the DagBag from /home/airflow/.local/lib/python3.7/site-packages/airflow/example_dags/example_branch_day_of_week_operator.py
[2023-05-29 15:29:55,107] {processor.py:651} INFO - DAG(s) dict_keys(['example_weekday_branch_operator']) retrieved from /home/airflow/.local/lib/python3.7/site-packages/airflow/example_dags/example_branch_day_of_week_operator.py
[2023-05-29 15:29:55,126] {logging_mixin.py:115} INFO - [2023-05-29 15:29:55,126] {dag.py:2420} INFO - Sync 1 DAGs
[2023-05-29 15:29:55,144] {logging_mixin.py:115} INFO - [2023-05-29 15:29:55,144] {dag.py:2972} INFO - Setting next_dagrun for example_weekday_branch_operator to 2023-05-28T00:00:00+00:00, run_after=2023-05-29T00:00:00+00:00
[2023-05-29 15:29:55,154] {processor.py:161} INFO - Processing /home/airflow/.local/lib/python3.7/site-packages/airflow/example_dags/example_branch_day_of_week_operator.py took 0.055 seconds
[2023-05-29 15:30:25,649] {processor.py:153} INFO - Started process (PID=589) to work on /home/airflow/.local/lib/python3.7/site-packages/airflow/example_dags/example_branch_day_of_week_operator.py
[2023-05-29 15:30:25,658] {processor.py:641} INFO - Processing file /home/airflow/.local/lib/python3.7/site-packages/airflow/example_dags/example_branch_day_of_week_operator.py for tasks to queue
[2023-05-29 15:30:25,659] {logging_mixin.py:115} INFO - [2023-05-29 15:30:25,659] {dagbag.py:508} INFO - Filling up the DagBag from /home/airflow/.local/lib/python3.7/site-packages/airflow/example_dags/example_branch_day_of_week_operator.py
[2023-05-29 15:30:25,664] {processor.py:651} INFO - DAG(s) dict_keys(['example_weekday_branch_operator']) retrieved from /home/airflow/.local/lib/python3.7/site-packages/airflow/example_dags/example_branch_day_of_week_operator.py
[2023-05-29 15:30:25,684] {logging_mixin.py:115} INFO - [2023-05-29 15:30:25,684] {dag.py:2420} INFO - Sync 1 DAGs
[2023-05-29 15:30:25,702] {logging_mixin.py:115} INFO - [2023-05-29 15:30:25,702] {dag.py:2972} INFO - Setting next_dagrun for example_weekday_branch_operator to 2023-05-28T00:00:00+00:00, run_after=2023-05-29T00:00:00+00:00
[2023-05-29 15:30:25,719] {processor.py:161} INFO - Processing /home/airflow/.local/lib/python3.7/site-packages/airflow/example_dags/example_branch_day_of_week_operator.py took 0.072 seconds
[2023-05-29 15:30:56,407] {processor.py:153} INFO - Started process (PID=650) to work on /home/airflow/.local/lib/python3.7/site-packages/airflow/example_dags/example_branch_day_of_week_operator.py
[2023-05-29 15:30:56,407] {processor.py:641} INFO - Processing file /home/airflow/.local/lib/python3.7/site-packages/airflow/example_dags/example_branch_day_of_week_operator.py for tasks to queue
[2023-05-29 15:30:56,407] {logging_mixin.py:115} INFO - [2023-05-29 15:30:56,407] {dagbag.py:508} INFO - Filling up the DagBag from /home/airflow/.local/lib/python3.7/site-packages/airflow/example_dags/example_branch_day_of_week_operator.py
[2023-05-29 15:30:56,413] {processor.py:651} INFO - DAG(s) dict_keys(['example_weekday_branch_operator']) retrieved from /home/airflow/.local/lib/python3.7/site-packages/airflow/example_dags/example_branch_day_of_week_operator.py
[2023-05-29 15:30:56,432] {logging_mixin.py:115} INFO - [2023-05-29 15:30:56,432] {dag.py:2420} INFO - Sync 1 DAGs
[2023-05-29 15:30:56,451] {logging_mixin.py:115} INFO - [2023-05-29 15:30:56,451] {dag.py:2972} INFO - Setting next_dagrun for example_weekday_branch_operator to 2023-05-28T00:00:00+00:00, run_after=2023-05-29T00:00:00+00:00
[2023-05-29 15:30:56,461] {processor.py:161} INFO - Processing /home/airflow/.local/lib/python3.7/site-packages/airflow/example_dags/example_branch_day_of_week_operator.py took 0.057 seconds
[2023-05-29 15:31:26,916] {processor.py:153} INFO - Started process (PID=711) to work on /home/airflow/.local/lib/python3.7/site-packages/airflow/example_dags/example_branch_day_of_week_operator.py
[2023-05-29 15:31:26,917] {processor.py:641} INFO - Processing file /home/airflow/.local/lib/python3.7/site-packages/airflow/example_dags/example_branch_day_of_week_operator.py for tasks to queue
[2023-05-29 15:31:26,917] {logging_mixin.py:115} INFO - [2023-05-29 15:31:26,917] {dagbag.py:508} INFO - Filling up the DagBag from /home/airflow/.local/lib/python3.7/site-packages/airflow/example_dags/example_branch_day_of_week_operator.py
[2023-05-29 15:31:26,925] {processor.py:651} INFO - DAG(s) dict_keys(['example_weekday_branch_operator']) retrieved from /home/airflow/.local/lib/python3.7/site-packages/airflow/example_dags/example_branch_day_of_week_operator.py
[2023-05-29 15:31:26,949] {logging_mixin.py:115} INFO - [2023-05-29 15:31:26,949] {dag.py:2420} INFO - Sync 1 DAGs
[2023-05-29 15:31:26,973] {logging_mixin.py:115} INFO - [2023-05-29 15:31:26,973] {dag.py:2972} INFO - Setting next_dagrun for example_weekday_branch_operator to 2023-05-28T00:00:00+00:00, run_after=2023-05-29T00:00:00+00:00
[2023-05-29 15:31:26,984] {processor.py:161} INFO - Processing /home/airflow/.local/lib/python3.7/site-packages/airflow/example_dags/example_branch_day_of_week_operator.py took 0.070 seconds
[2023-05-29 15:31:57,329] {processor.py:153} INFO - Started process (PID=762) to work on /home/airflow/.local/lib/python3.7/site-packages/airflow/example_dags/example_branch_day_of_week_operator.py
[2023-05-29 15:31:57,329] {processor.py:641} INFO - Processing file /home/airflow/.local/lib/python3.7/site-packages/airflow/example_dags/example_branch_day_of_week_operator.py for tasks to queue
[2023-05-29 15:31:57,329] {logging_mixin.py:115} INFO - [2023-05-29 15:31:57,329] {dagbag.py:508} INFO - Filling up the DagBag from /home/airflow/.local/lib/python3.7/site-packages/airflow/example_dags/example_branch_day_of_week_operator.py
[2023-05-29 15:31:57,335] {processor.py:651} INFO - DAG(s) dict_keys(['example_weekday_branch_operator']) retrieved from /home/airflow/.local/lib/python3.7/site-packages/airflow/example_dags/example_branch_day_of_week_operator.py
[2023-05-29 15:31:57,354] {logging_mixin.py:115} INFO - [2023-05-29 15:31:57,354] {dag.py:2420} INFO - Sync 1 DAGs
[2023-05-29 15:31:57,372] {logging_mixin.py:115} INFO - [2023-05-29 15:31:57,372] {dag.py:2972} INFO - Setting next_dagrun for example_weekday_branch_operator to 2023-05-28T00:00:00+00:00, run_after=2023-05-29T00:00:00+00:00
[2023-05-29 15:31:57,382] {processor.py:161} INFO - Processing /home/airflow/.local/lib/python3.7/site-packages/airflow/example_dags/example_branch_day_of_week_operator.py took 0.055 seconds
[2023-05-29 15:32:27,876] {processor.py:153} INFO - Started process (PID=823) to work on /home/airflow/.local/lib/python3.7/site-packages/airflow/example_dags/example_branch_day_of_week_operator.py
[2023-05-29 15:32:27,877] {processor.py:641} INFO - Processing file /home/airflow/.local/lib/python3.7/site-packages/airflow/example_dags/example_branch_day_of_week_operator.py for tasks to queue
[2023-05-29 15:32:27,877] {logging_mixin.py:115} INFO - [2023-05-29 15:32:27,877] {dagbag.py:508} INFO - Filling up the DagBag from /home/airflow/.local/lib/python3.7/site-packages/airflow/example_dags/example_branch_day_of_week_operator.py
[2023-05-29 15:32:27,884] {processor.py:651} INFO - DAG(s) dict_keys(['example_weekday_branch_operator']) retrieved from /home/airflow/.local/lib/python3.7/site-packages/airflow/example_dags/example_branch_day_of_week_operator.py
[2023-05-29 15:32:27,905] {logging_mixin.py:115} INFO - [2023-05-29 15:32:27,905] {dag.py:2420} INFO - Sync 1 DAGs
[2023-05-29 15:32:27,923] {logging_mixin.py:115} INFO - [2023-05-29 15:32:27,923] {dag.py:2972} INFO - Setting next_dagrun for example_weekday_branch_operator to 2023-05-28T00:00:00+00:00, run_after=2023-05-29T00:00:00+00:00
[2023-05-29 15:32:27,933] {processor.py:161} INFO - Processing /home/airflow/.local/lib/python3.7/site-packages/airflow/example_dags/example_branch_day_of_week_operator.py took 0.059 seconds
[2023-05-29 15:32:58,282] {processor.py:153} INFO - Started process (PID=884) to work on /home/airflow/.local/lib/python3.7/site-packages/airflow/example_dags/example_branch_day_of_week_operator.py
[2023-05-29 15:32:58,282] {processor.py:641} INFO - Processing file /home/airflow/.local/lib/python3.7/site-packages/airflow/example_dags/example_branch_day_of_week_operator.py for tasks to queue
[2023-05-29 15:32:58,282] {logging_mixin.py:115} INFO - [2023-05-29 15:32:58,282] {dagbag.py:508} INFO - Filling up the DagBag from /home/airflow/.local/lib/python3.7/site-packages/airflow/example_dags/example_branch_day_of_week_operator.py
[2023-05-29 15:32:58,288] {processor.py:651} INFO - DAG(s) dict_keys(['example_weekday_branch_operator']) retrieved from /home/airflow/.local/lib/python3.7/site-packages/airflow/example_dags/example_branch_day_of_week_operator.py
[2023-05-29 15:32:58,307] {logging_mixin.py:115} INFO - [2023-05-29 15:32:58,307] {dag.py:2420} INFO - Sync 1 DAGs
[2023-05-29 15:32:58,327] {logging_mixin.py:115} INFO - [2023-05-29 15:32:58,326] {dag.py:2972} INFO - Setting next_dagrun for example_weekday_branch_operator to 2023-05-28T00:00:00+00:00, run_after=2023-05-29T00:00:00+00:00
[2023-05-29 15:32:58,336] {processor.py:161} INFO - Processing /home/airflow/.local/lib/python3.7/site-packages/airflow/example_dags/example_branch_day_of_week_operator.py took 0.057 seconds
[2023-05-29 15:33:28,766] {processor.py:153} INFO - Started process (PID=945) to work on /home/airflow/.local/lib/python3.7/site-packages/airflow/example_dags/example_branch_day_of_week_operator.py
[2023-05-29 15:33:28,766] {processor.py:641} INFO - Processing file /home/airflow/.local/lib/python3.7/site-packages/airflow/example_dags/example_branch_day_of_week_operator.py for tasks to queue
[2023-05-29 15:33:28,767] {logging_mixin.py:115} INFO - [2023-05-29 15:33:28,766] {dagbag.py:508} INFO - Filling up the DagBag from /home/airflow/.local/lib/python3.7/site-packages/airflow/example_dags/example_branch_day_of_week_operator.py
[2023-05-29 15:33:28,773] {processor.py:651} INFO - DAG(s) dict_keys(['example_weekday_branch_operator']) retrieved from /home/airflow/.local/lib/python3.7/site-packages/airflow/example_dags/example_branch_day_of_week_operator.py
[2023-05-29 15:33:28,794] {logging_mixin.py:115} INFO - [2023-05-29 15:33:28,794] {dag.py:2420} INFO - Sync 1 DAGs
[2023-05-29 15:33:28,816] {logging_mixin.py:115} INFO - [2023-05-29 15:33:28,816] {dag.py:2972} INFO - Setting next_dagrun for example_weekday_branch_operator to 2023-05-28T00:00:00+00:00, run_after=2023-05-29T00:00:00+00:00
[2023-05-29 15:33:28,829] {processor.py:161} INFO - Processing /home/airflow/.local/lib/python3.7/site-packages/airflow/example_dags/example_branch_day_of_week_operator.py took 0.066 seconds
[2023-05-29 15:33:59,352] {processor.py:153} INFO - Started process (PID=997) to work on /home/airflow/.local/lib/python3.7/site-packages/airflow/example_dags/example_branch_day_of_week_operator.py
[2023-05-29 15:33:59,353] {processor.py:641} INFO - Processing file /home/airflow/.local/lib/python3.7/site-packages/airflow/example_dags/example_branch_day_of_week_operator.py for tasks to queue
[2023-05-29 15:33:59,353] {logging_mixin.py:115} INFO - [2023-05-29 15:33:59,353] {dagbag.py:508} INFO - Filling up the DagBag from /home/airflow/.local/lib/python3.7/site-packages/airflow/example_dags/example_branch_day_of_week_operator.py
[2023-05-29 15:33:59,360] {processor.py:651} INFO - DAG(s) dict_keys(['example_weekday_branch_operator']) retrieved from /home/airflow/.local/lib/python3.7/site-packages/airflow/example_dags/example_branch_day_of_week_operator.py
[2023-05-29 15:33:59,379] {logging_mixin.py:115} INFO - [2023-05-29 15:33:59,379] {dag.py:2420} INFO - Sync 1 DAGs
[2023-05-29 15:33:59,399] {logging_mixin.py:115} INFO - [2023-05-29 15:33:59,399] {dag.py:2972} INFO - Setting next_dagrun for example_weekday_branch_operator to 2023-05-28T00:00:00+00:00, run_after=2023-05-29T00:00:00+00:00
[2023-05-29 15:33:59,410] {processor.py:161} INFO - Processing /home/airflow/.local/lib/python3.7/site-packages/airflow/example_dags/example_branch_day_of_week_operator.py took 0.059 seconds
[2023-05-29 15:34:29,817] {processor.py:153} INFO - Started process (PID=1058) to work on /home/airflow/.local/lib/python3.7/site-packages/airflow/example_dags/example_branch_day_of_week_operator.py
[2023-05-29 15:34:29,817] {processor.py:641} INFO - Processing file /home/airflow/.local/lib/python3.7/site-packages/airflow/example_dags/example_branch_day_of_week_operator.py for tasks to queue
[2023-05-29 15:34:29,817] {logging_mixin.py:115} INFO - [2023-05-29 15:34:29,817] {dagbag.py:508} INFO - Filling up the DagBag from /home/airflow/.local/lib/python3.7/site-packages/airflow/example_dags/example_branch_day_of_week_operator.py
[2023-05-29 15:34:29,823] {processor.py:651} INFO - DAG(s) dict_keys(['example_weekday_branch_operator']) retrieved from /home/airflow/.local/lib/python3.7/site-packages/airflow/example_dags/example_branch_day_of_week_operator.py
[2023-05-29 15:34:29,842] {logging_mixin.py:115} INFO - [2023-05-29 15:34:29,842] {dag.py:2420} INFO - Sync 1 DAGs
[2023-05-29 15:34:29,861] {logging_mixin.py:115} INFO - [2023-05-29 15:34:29,861] {dag.py:2972} INFO - Setting next_dagrun for example_weekday_branch_operator to 2023-05-28T00:00:00+00:00, run_after=2023-05-29T00:00:00+00:00
[2023-05-29 15:34:29,872] {processor.py:161} INFO - Processing /home/airflow/.local/lib/python3.7/site-packages/airflow/example_dags/example_branch_day_of_week_operator.py took 0.057 seconds
[2023-05-29 15:35:00,278] {processor.py:153} INFO - Started process (PID=1119) to work on /home/airflow/.local/lib/python3.7/site-packages/airflow/example_dags/example_branch_day_of_week_operator.py
[2023-05-29 15:35:00,279] {processor.py:641} INFO - Processing file /home/airflow/.local/lib/python3.7/site-packages/airflow/example_dags/example_branch_day_of_week_operator.py for tasks to queue
[2023-05-29 15:35:00,279] {logging_mixin.py:115} INFO - [2023-05-29 15:35:00,279] {dagbag.py:508} INFO - Filling up the DagBag from /home/airflow/.local/lib/python3.7/site-packages/airflow/example_dags/example_branch_day_of_week_operator.py
[2023-05-29 15:35:00,285] {processor.py:651} INFO - DAG(s) dict_keys(['example_weekday_branch_operator']) retrieved from /home/airflow/.local/lib/python3.7/site-packages/airflow/example_dags/example_branch_day_of_week_operator.py
[2023-05-29 15:35:00,304] {logging_mixin.py:115} INFO - [2023-05-29 15:35:00,303] {dag.py:2420} INFO - Sync 1 DAGs
[2023-05-29 15:35:00,322] {logging_mixin.py:115} INFO - [2023-05-29 15:35:00,322] {dag.py:2972} INFO - Setting next_dagrun for example_weekday_branch_operator to 2023-05-28T00:00:00+00:00, run_after=2023-05-29T00:00:00+00:00
[2023-05-29 15:35:00,333] {processor.py:161} INFO - Processing /home/airflow/.local/lib/python3.7/site-packages/airflow/example_dags/example_branch_day_of_week_operator.py took 0.057 seconds
[2023-05-29 15:35:30,851] {processor.py:153} INFO - Started process (PID=1177) to work on /home/airflow/.local/lib/python3.7/site-packages/airflow/example_dags/example_branch_day_of_week_operator.py
[2023-05-29 15:35:30,851] {processor.py:641} INFO - Processing file /home/airflow/.local/lib/python3.7/site-packages/airflow/example_dags/example_branch_day_of_week_operator.py for tasks to queue
[2023-05-29 15:35:30,852] {logging_mixin.py:115} INFO - [2023-05-29 15:35:30,852] {dagbag.py:508} INFO - Filling up the DagBag from /home/airflow/.local/lib/python3.7/site-packages/airflow/example_dags/example_branch_day_of_week_operator.py
[2023-05-29 15:35:30,859] {processor.py:651} INFO - DAG(s) dict_keys(['example_weekday_branch_operator']) retrieved from /home/airflow/.local/lib/python3.7/site-packages/airflow/example_dags/example_branch_day_of_week_operator.py
[2023-05-29 15:35:30,882] {logging_mixin.py:115} INFO - [2023-05-29 15:35:30,882] {dag.py:2420} INFO - Sync 1 DAGs
[2023-05-29 15:35:30,902] {logging_mixin.py:115} INFO - [2023-05-29 15:35:30,902] {dag.py:2972} INFO - Setting next_dagrun for example_weekday_branch_operator to 2023-05-28T00:00:00+00:00, run_after=2023-05-29T00:00:00+00:00
[2023-05-29 15:35:30,913] {processor.py:161} INFO - Processing /home/airflow/.local/lib/python3.7/site-packages/airflow/example_dags/example_branch_day_of_week_operator.py took 0.066 seconds
[2023-05-29 15:36:01,513] {processor.py:153} INFO - Started process (PID=1233) to work on /home/airflow/.local/lib/python3.7/site-packages/airflow/example_dags/example_branch_day_of_week_operator.py
[2023-05-29 15:36:01,514] {processor.py:641} INFO - Processing file /home/airflow/.local/lib/python3.7/site-packages/airflow/example_dags/example_branch_day_of_week_operator.py for tasks to queue
[2023-05-29 15:36:01,514] {logging_mixin.py:115} INFO - [2023-05-29 15:36:01,514] {dagbag.py:508} INFO - Filling up the DagBag from /home/airflow/.local/lib/python3.7/site-packages/airflow/example_dags/example_branch_day_of_week_operator.py
[2023-05-29 15:36:01,520] {processor.py:651} INFO - DAG(s) dict_keys(['example_weekday_branch_operator']) retrieved from /home/airflow/.local/lib/python3.7/site-packages/airflow/example_dags/example_branch_day_of_week_operator.py
[2023-05-29 15:36:01,541] {logging_mixin.py:115} INFO - [2023-05-29 15:36:01,541] {dag.py:2420} INFO - Sync 1 DAGs
[2023-05-29 15:36:01,560] {logging_mixin.py:115} INFO - [2023-05-29 15:36:01,560] {dag.py:2972} INFO - Setting next_dagrun for example_weekday_branch_operator to 2023-05-28T00:00:00+00:00, run_after=2023-05-29T00:00:00+00:00
[2023-05-29 15:36:01,571] {processor.py:161} INFO - Processing /home/airflow/.local/lib/python3.7/site-packages/airflow/example_dags/example_branch_day_of_week_operator.py took 0.060 seconds
[2023-05-29 15:36:32,042] {processor.py:153} INFO - Started process (PID=1295) to work on /home/airflow/.local/lib/python3.7/site-packages/airflow/example_dags/example_branch_day_of_week_operator.py
[2023-05-29 15:36:32,043] {processor.py:641} INFO - Processing file /home/airflow/.local/lib/python3.7/site-packages/airflow/example_dags/example_branch_day_of_week_operator.py for tasks to queue
[2023-05-29 15:36:32,043] {logging_mixin.py:115} INFO - [2023-05-29 15:36:32,043] {dagbag.py:508} INFO - Filling up the DagBag from /home/airflow/.local/lib/python3.7/site-packages/airflow/example_dags/example_branch_day_of_week_operator.py
[2023-05-29 15:36:32,049] {processor.py:651} INFO - DAG(s) dict_keys(['example_weekday_branch_operator']) retrieved from /home/airflow/.local/lib/python3.7/site-packages/airflow/example_dags/example_branch_day_of_week_operator.py
[2023-05-29 15:36:32,069] {logging_mixin.py:115} INFO - [2023-05-29 15:36:32,069] {dag.py:2420} INFO - Sync 1 DAGs
[2023-05-29 15:36:32,087] {logging_mixin.py:115} INFO - [2023-05-29 15:36:32,087] {dag.py:2972} INFO - Setting next_dagrun for example_weekday_branch_operator to 2023-05-28T00:00:00+00:00, run_after=2023-05-29T00:00:00+00:00
[2023-05-29 15:36:32,099] {processor.py:161} INFO - Processing /home/airflow/.local/lib/python3.7/site-packages/airflow/example_dags/example_branch_day_of_week_operator.py took 0.059 seconds
[2023-05-29 15:37:02,656] {processor.py:153} INFO - Started process (PID=1357) to work on /home/airflow/.local/lib/python3.7/site-packages/airflow/example_dags/example_branch_day_of_week_operator.py
[2023-05-29 15:37:02,656] {processor.py:641} INFO - Processing file /home/airflow/.local/lib/python3.7/site-packages/airflow/example_dags/example_branch_day_of_week_operator.py for tasks to queue
[2023-05-29 15:37:02,656] {logging_mixin.py:115} INFO - [2023-05-29 15:37:02,656] {dagbag.py:508} INFO - Filling up the DagBag from /home/airflow/.local/lib/python3.7/site-packages/airflow/example_dags/example_branch_day_of_week_operator.py
[2023-05-29 15:37:02,662] {processor.py:651} INFO - DAG(s) dict_keys(['example_weekday_branch_operator']) retrieved from /home/airflow/.local/lib/python3.7/site-packages/airflow/example_dags/example_branch_day_of_week_operator.py
[2023-05-29 15:37:02,683] {logging_mixin.py:115} INFO - [2023-05-29 15:37:02,683] {dag.py:2420} INFO - Sync 1 DAGs
[2023-05-29 15:37:02,701] {logging_mixin.py:115} INFO - [2023-05-29 15:37:02,701] {dag.py:2972} INFO - Setting next_dagrun for example_weekday_branch_operator to 2023-05-28T00:00:00+00:00, run_after=2023-05-29T00:00:00+00:00
[2023-05-29 15:37:02,712] {processor.py:161} INFO - Processing /home/airflow/.local/lib/python3.7/site-packages/airflow/example_dags/example_branch_day_of_week_operator.py took 0.058 seconds
[2023-05-29 15:37:33,126] {processor.py:153} INFO - Started process (PID=1410) to work on /home/airflow/.local/lib/python3.7/site-packages/airflow/example_dags/example_branch_day_of_week_operator.py
[2023-05-29 15:37:33,127] {processor.py:641} INFO - Processing file /home/airflow/.local/lib/python3.7/site-packages/airflow/example_dags/example_branch_day_of_week_operator.py for tasks to queue
[2023-05-29 15:37:33,127] {logging_mixin.py:115} INFO - [2023-05-29 15:37:33,127] {dagbag.py:508} INFO - Filling up the DagBag from /home/airflow/.local/lib/python3.7/site-packages/airflow/example_dags/example_branch_day_of_week_operator.py
[2023-05-29 15:37:33,132] {processor.py:651} INFO - DAG(s) dict_keys(['example_weekday_branch_operator']) retrieved from /home/airflow/.local/lib/python3.7/site-packages/airflow/example_dags/example_branch_day_of_week_operator.py
[2023-05-29 15:37:33,152] {logging_mixin.py:115} INFO - [2023-05-29 15:37:33,152] {dag.py:2420} INFO - Sync 1 DAGs
[2023-05-29 15:37:33,170] {logging_mixin.py:115} INFO - [2023-05-29 15:37:33,170] {dag.py:2972} INFO - Setting next_dagrun for example_weekday_branch_operator to 2023-05-28T00:00:00+00:00, run_after=2023-05-29T00:00:00+00:00
[2023-05-29 15:37:33,180] {processor.py:161} INFO - Processing /home/airflow/.local/lib/python3.7/site-packages/airflow/example_dags/example_branch_day_of_week_operator.py took 0.056 seconds
[2023-05-29 15:38:03,684] {processor.py:153} INFO - Started process (PID=1472) to work on /home/airflow/.local/lib/python3.7/site-packages/airflow/example_dags/example_branch_day_of_week_operator.py
[2023-05-29 15:38:03,684] {processor.py:641} INFO - Processing file /home/airflow/.local/lib/python3.7/site-packages/airflow/example_dags/example_branch_day_of_week_operator.py for tasks to queue
[2023-05-29 15:38:03,684] {logging_mixin.py:115} INFO - [2023-05-29 15:38:03,684] {dagbag.py:508} INFO - Filling up the DagBag from /home/airflow/.local/lib/python3.7/site-packages/airflow/example_dags/example_branch_day_of_week_operator.py
[2023-05-29 15:38:03,690] {processor.py:651} INFO - DAG(s) dict_keys(['example_weekday_branch_operator']) retrieved from /home/airflow/.local/lib/python3.7/site-packages/airflow/example_dags/example_branch_day_of_week_operator.py
[2023-05-29 15:38:03,709] {logging_mixin.py:115} INFO - [2023-05-29 15:38:03,709] {dag.py:2420} INFO - Sync 1 DAGs
[2023-05-29 15:38:03,727] {logging_mixin.py:115} INFO - [2023-05-29 15:38:03,726] {dag.py:2972} INFO - Setting next_dagrun for example_weekday_branch_operator to 2023-05-28T00:00:00+00:00, run_after=2023-05-29T00:00:00+00:00
[2023-05-29 15:38:03,737] {processor.py:161} INFO - Processing /home/airflow/.local/lib/python3.7/site-packages/airflow/example_dags/example_branch_day_of_week_operator.py took 0.056 seconds
[2023-05-29 15:38:34,138] {processor.py:153} INFO - Started process (PID=1543) to work on /home/airflow/.local/lib/python3.7/site-packages/airflow/example_dags/example_branch_day_of_week_operator.py
[2023-05-29 15:38:34,139] {processor.py:641} INFO - Processing file /home/airflow/.local/lib/python3.7/site-packages/airflow/example_dags/example_branch_day_of_week_operator.py for tasks to queue
[2023-05-29 15:38:34,139] {logging_mixin.py:115} INFO - [2023-05-29 15:38:34,139] {dagbag.py:508} INFO - Filling up the DagBag from /home/airflow/.local/lib/python3.7/site-packages/airflow/example_dags/example_branch_day_of_week_operator.py
[2023-05-29 15:38:34,145] {processor.py:651} INFO - DAG(s) dict_keys(['example_weekday_branch_operator']) retrieved from /home/airflow/.local/lib/python3.7/site-packages/airflow/example_dags/example_branch_day_of_week_operator.py
[2023-05-29 15:38:34,166] {logging_mixin.py:115} INFO - [2023-05-29 15:38:34,166] {dag.py:2420} INFO - Sync 1 DAGs
[2023-05-29 15:38:34,186] {logging_mixin.py:115} INFO - [2023-05-29 15:38:34,186] {dag.py:2972} INFO - Setting next_dagrun for example_weekday_branch_operator to 2023-05-28T00:00:00+00:00, run_after=2023-05-29T00:00:00+00:00
[2023-05-29 15:38:34,198] {processor.py:161} INFO - Processing /home/airflow/.local/lib/python3.7/site-packages/airflow/example_dags/example_branch_day_of_week_operator.py took 0.061 seconds
[2023-05-29 15:39:04,914] {processor.py:153} INFO - Started process (PID=1609) to work on /home/airflow/.local/lib/python3.7/site-packages/airflow/example_dags/example_branch_day_of_week_operator.py
[2023-05-29 15:39:04,915] {processor.py:641} INFO - Processing file /home/airflow/.local/lib/python3.7/site-packages/airflow/example_dags/example_branch_day_of_week_operator.py for tasks to queue
[2023-05-29 15:39:04,915] {logging_mixin.py:115} INFO - [2023-05-29 15:39:04,915] {dagbag.py:508} INFO - Filling up the DagBag from /home/airflow/.local/lib/python3.7/site-packages/airflow/example_dags/example_branch_day_of_week_operator.py
[2023-05-29 15:39:04,922] {processor.py:651} INFO - DAG(s) dict_keys(['example_weekday_branch_operator']) retrieved from /home/airflow/.local/lib/python3.7/site-packages/airflow/example_dags/example_branch_day_of_week_operator.py
[2023-05-29 15:39:04,944] {logging_mixin.py:115} INFO - [2023-05-29 15:39:04,944] {dag.py:2420} INFO - Sync 1 DAGs
[2023-05-29 15:39:04,964] {logging_mixin.py:115} INFO - [2023-05-29 15:39:04,964] {dag.py:2972} INFO - Setting next_dagrun for example_weekday_branch_operator to 2023-05-28T00:00:00+00:00, run_after=2023-05-29T00:00:00+00:00
[2023-05-29 15:39:04,977] {processor.py:161} INFO - Processing /home/airflow/.local/lib/python3.7/site-packages/airflow/example_dags/example_branch_day_of_week_operator.py took 0.065 seconds
[2023-05-29 15:39:35,558] {processor.py:153} INFO - Started process (PID=1662) to work on /home/airflow/.local/lib/python3.7/site-packages/airflow/example_dags/example_branch_day_of_week_operator.py
[2023-05-29 15:39:35,559] {processor.py:641} INFO - Processing file /home/airflow/.local/lib/python3.7/site-packages/airflow/example_dags/example_branch_day_of_week_operator.py for tasks to queue
[2023-05-29 15:39:35,559] {logging_mixin.py:115} INFO - [2023-05-29 15:39:35,559] {dagbag.py:508} INFO - Filling up the DagBag from /home/airflow/.local/lib/python3.7/site-packages/airflow/example_dags/example_branch_day_of_week_operator.py
[2023-05-29 15:39:35,565] {processor.py:651} INFO - DAG(s) dict_keys(['example_weekday_branch_operator']) retrieved from /home/airflow/.local/lib/python3.7/site-packages/airflow/example_dags/example_branch_day_of_week_operator.py
[2023-05-29 15:39:35,586] {logging_mixin.py:115} INFO - [2023-05-29 15:39:35,586] {dag.py:2420} INFO - Sync 1 DAGs
[2023-05-29 15:39:35,606] {logging_mixin.py:115} INFO - [2023-05-29 15:39:35,606] {dag.py:2972} INFO - Setting next_dagrun for example_weekday_branch_operator to 2023-05-28T00:00:00+00:00, run_after=2023-05-29T00:00:00+00:00
[2023-05-29 15:39:35,618] {processor.py:161} INFO - Processing /home/airflow/.local/lib/python3.7/site-packages/airflow/example_dags/example_branch_day_of_week_operator.py took 0.062 seconds
[2023-05-29 15:40:05,929] {processor.py:153} INFO - Started process (PID=1724) to work on /home/airflow/.local/lib/python3.7/site-packages/airflow/example_dags/example_branch_day_of_week_operator.py
[2023-05-29 15:40:05,930] {processor.py:641} INFO - Processing file /home/airflow/.local/lib/python3.7/site-packages/airflow/example_dags/example_branch_day_of_week_operator.py for tasks to queue
[2023-05-29 15:40:05,930] {logging_mixin.py:115} INFO - [2023-05-29 15:40:05,930] {dagbag.py:508} INFO - Filling up the DagBag from /home/airflow/.local/lib/python3.7/site-packages/airflow/example_dags/example_branch_day_of_week_operator.py
[2023-05-29 15:40:05,935] {processor.py:651} INFO - DAG(s) dict_keys(['example_weekday_branch_operator']) retrieved from /home/airflow/.local/lib/python3.7/site-packages/airflow/example_dags/example_branch_day_of_week_operator.py
[2023-05-29 15:40:05,953] {logging_mixin.py:115} INFO - [2023-05-29 15:40:05,953] {dag.py:2420} INFO - Sync 1 DAGs
[2023-05-29 15:40:05,971] {logging_mixin.py:115} INFO - [2023-05-29 15:40:05,971] {dag.py:2972} INFO - Setting next_dagrun for example_weekday_branch_operator to 2023-05-28T00:00:00+00:00, run_after=2023-05-29T00:00:00+00:00
[2023-05-29 15:40:05,981] {processor.py:161} INFO - Processing /home/airflow/.local/lib/python3.7/site-packages/airflow/example_dags/example_branch_day_of_week_operator.py took 0.054 seconds
[2023-05-29 15:40:36,348] {processor.py:153} INFO - Started process (PID=1786) to work on /home/airflow/.local/lib/python3.7/site-packages/airflow/example_dags/example_branch_day_of_week_operator.py
[2023-05-29 15:40:36,348] {processor.py:641} INFO - Processing file /home/airflow/.local/lib/python3.7/site-packages/airflow/example_dags/example_branch_day_of_week_operator.py for tasks to queue
[2023-05-29 15:40:36,349] {logging_mixin.py:115} INFO - [2023-05-29 15:40:36,349] {dagbag.py:508} INFO - Filling up the DagBag from /home/airflow/.local/lib/python3.7/site-packages/airflow/example_dags/example_branch_day_of_week_operator.py
[2023-05-29 15:40:36,354] {processor.py:651} INFO - DAG(s) dict_keys(['example_weekday_branch_operator']) retrieved from /home/airflow/.local/lib/python3.7/site-packages/airflow/example_dags/example_branch_day_of_week_operator.py
[2023-05-29 15:40:36,373] {logging_mixin.py:115} INFO - [2023-05-29 15:40:36,373] {dag.py:2420} INFO - Sync 1 DAGs
[2023-05-29 15:40:36,392] {logging_mixin.py:115} INFO - [2023-05-29 15:40:36,392] {dag.py:2972} INFO - Setting next_dagrun for example_weekday_branch_operator to 2023-05-28T00:00:00+00:00, run_after=2023-05-29T00:00:00+00:00
[2023-05-29 15:40:36,403] {processor.py:161} INFO - Processing /home/airflow/.local/lib/python3.7/site-packages/airflow/example_dags/example_branch_day_of_week_operator.py took 0.057 seconds
[2023-05-29 15:41:06,862] {processor.py:153} INFO - Started process (PID=1848) to work on /home/airflow/.local/lib/python3.7/site-packages/airflow/example_dags/example_branch_day_of_week_operator.py
[2023-05-29 15:41:06,863] {processor.py:641} INFO - Processing file /home/airflow/.local/lib/python3.7/site-packages/airflow/example_dags/example_branch_day_of_week_operator.py for tasks to queue
[2023-05-29 15:41:06,863] {logging_mixin.py:115} INFO - [2023-05-29 15:41:06,863] {dagbag.py:508} INFO - Filling up the DagBag from /home/airflow/.local/lib/python3.7/site-packages/airflow/example_dags/example_branch_day_of_week_operator.py
[2023-05-29 15:41:06,871] {processor.py:651} INFO - DAG(s) dict_keys(['example_weekday_branch_operator']) retrieved from /home/airflow/.local/lib/python3.7/site-packages/airflow/example_dags/example_branch_day_of_week_operator.py
[2023-05-29 15:41:06,895] {logging_mixin.py:115} INFO - [2023-05-29 15:41:06,895] {dag.py:2420} INFO - Sync 1 DAGs
[2023-05-29 15:41:06,919] {logging_mixin.py:115} INFO - [2023-05-29 15:41:06,918] {dag.py:2972} INFO - Setting next_dagrun for example_weekday_branch_operator to 2023-05-28T00:00:00+00:00, run_after=2023-05-29T00:00:00+00:00
[2023-05-29 15:41:06,931] {processor.py:161} INFO - Processing /home/airflow/.local/lib/python3.7/site-packages/airflow/example_dags/example_branch_day_of_week_operator.py took 0.071 seconds
