[2023-05-29 15:18:21,060] {processor.py:153} INFO - Started process (PID=78) to work on /home/airflow/.local/lib/python3.7/site-packages/airflow/example_dags/example_task_group.py
[2023-05-29 15:18:21,061] {processor.py:641} INFO - Processing file /home/airflow/.local/lib/python3.7/site-packages/airflow/example_dags/example_task_group.py for tasks to queue
[2023-05-29 15:18:21,062] {logging_mixin.py:115} INFO - [2023-05-29 15:18:21,062] {dagbag.py:508} INFO - Filling up the DagBag from /home/airflow/.local/lib/python3.7/site-packages/airflow/example_dags/example_task_group.py
[2023-05-29 15:18:21,070] {processor.py:651} INFO - DAG(s) dict_keys(['example_task_group']) retrieved from /home/airflow/.local/lib/python3.7/site-packages/airflow/example_dags/example_task_group.py
[2023-05-29 15:18:21,173] {logging_mixin.py:115} INFO - [2023-05-29 15:18:21,173] {manager.py:508} INFO - Created Permission View: can read on DAG:example_task_group
[2023-05-29 15:18:21,185] {logging_mixin.py:115} INFO - [2023-05-29 15:18:21,185] {manager.py:508} INFO - Created Permission View: can delete on DAG:example_task_group
[2023-05-29 15:18:21,195] {logging_mixin.py:115} INFO - [2023-05-29 15:18:21,194] {manager.py:508} INFO - Created Permission View: can edit on DAG:example_task_group
[2023-05-29 15:18:21,195] {logging_mixin.py:115} INFO - [2023-05-29 15:18:21,195] {dag.py:2420} INFO - Sync 1 DAGs
[2023-05-29 15:18:21,203] {logging_mixin.py:115} INFO - [2023-05-29 15:18:21,203] {dag.py:2439} INFO - Creating ORM DAG for example_task_group
[2023-05-29 15:18:21,215] {logging_mixin.py:115} INFO - [2023-05-29 15:18:21,215] {dag.py:2972} INFO - Setting next_dagrun for example_task_group to 2023-05-28T15:18:21.214775+00:00, run_after=2023-05-29T15:18:21.214775+00:00
[2023-05-29 15:18:21,230] {processor.py:161} INFO - Processing /home/airflow/.local/lib/python3.7/site-packages/airflow/example_dags/example_task_group.py took 0.173 seconds
[2023-05-29 15:18:53,001] {processor.py:153} INFO - Started process (PID=130) to work on /home/airflow/.local/lib/python3.7/site-packages/airflow/example_dags/example_task_group.py
[2023-05-29 15:18:53,196] {processor.py:641} INFO - Processing file /home/airflow/.local/lib/python3.7/site-packages/airflow/example_dags/example_task_group.py for tasks to queue
[2023-05-29 15:18:53,197] {logging_mixin.py:115} INFO - [2023-05-29 15:18:53,197] {dagbag.py:508} INFO - Filling up the DagBag from /home/airflow/.local/lib/python3.7/site-packages/airflow/example_dags/example_task_group.py
[2023-05-29 15:18:53,363] {processor.py:651} INFO - DAG(s) dict_keys(['example_task_group']) retrieved from /home/airflow/.local/lib/python3.7/site-packages/airflow/example_dags/example_task_group.py
[2023-05-29 15:18:53,435] {logging_mixin.py:115} INFO - [2023-05-29 15:18:53,435] {dag.py:2420} INFO - Sync 1 DAGs
[2023-05-29 15:18:53,452] {logging_mixin.py:115} INFO - [2023-05-29 15:18:53,452] {dag.py:2972} INFO - Setting next_dagrun for example_task_group to 2023-05-28T15:18:53.452676+00:00, run_after=2023-05-29T15:18:53.452676+00:00
[2023-05-29 15:18:53,593] {processor.py:161} INFO - Processing /home/airflow/.local/lib/python3.7/site-packages/airflow/example_dags/example_task_group.py took 0.594 seconds
[2023-05-29 15:19:24,011] {processor.py:153} INFO - Started process (PID=191) to work on /home/airflow/.local/lib/python3.7/site-packages/airflow/example_dags/example_task_group.py
[2023-05-29 15:19:24,012] {processor.py:641} INFO - Processing file /home/airflow/.local/lib/python3.7/site-packages/airflow/example_dags/example_task_group.py for tasks to queue
[2023-05-29 15:19:24,013] {logging_mixin.py:115} INFO - [2023-05-29 15:19:24,013] {dagbag.py:508} INFO - Filling up the DagBag from /home/airflow/.local/lib/python3.7/site-packages/airflow/example_dags/example_task_group.py
[2023-05-29 15:19:24,018] {processor.py:651} INFO - DAG(s) dict_keys(['example_task_group']) retrieved from /home/airflow/.local/lib/python3.7/site-packages/airflow/example_dags/example_task_group.py
[2023-05-29 15:19:24,039] {logging_mixin.py:115} INFO - [2023-05-29 15:19:24,039] {dag.py:2420} INFO - Sync 1 DAGs
[2023-05-29 15:19:24,057] {logging_mixin.py:115} INFO - [2023-05-29 15:19:24,057] {dag.py:2972} INFO - Setting next_dagrun for example_task_group to 2023-05-28T15:19:24.057653+00:00, run_after=2023-05-29T15:19:24.057653+00:00
[2023-05-29 15:19:24,068] {processor.py:161} INFO - Processing /home/airflow/.local/lib/python3.7/site-packages/airflow/example_dags/example_task_group.py took 0.060 seconds
[2023-05-29 15:19:54,393] {processor.py:153} INFO - Started process (PID=252) to work on /home/airflow/.local/lib/python3.7/site-packages/airflow/example_dags/example_task_group.py
[2023-05-29 15:19:54,394] {processor.py:641} INFO - Processing file /home/airflow/.local/lib/python3.7/site-packages/airflow/example_dags/example_task_group.py for tasks to queue
[2023-05-29 15:19:54,395] {logging_mixin.py:115} INFO - [2023-05-29 15:19:54,395] {dagbag.py:508} INFO - Filling up the DagBag from /home/airflow/.local/lib/python3.7/site-packages/airflow/example_dags/example_task_group.py
[2023-05-29 15:19:54,403] {processor.py:651} INFO - DAG(s) dict_keys(['example_task_group']) retrieved from /home/airflow/.local/lib/python3.7/site-packages/airflow/example_dags/example_task_group.py
[2023-05-29 15:19:54,427] {logging_mixin.py:115} INFO - [2023-05-29 15:19:54,427] {dag.py:2420} INFO - Sync 1 DAGs
[2023-05-29 15:19:54,445] {logging_mixin.py:115} INFO - [2023-05-29 15:19:54,445] {dag.py:2972} INFO - Setting next_dagrun for example_task_group to 2023-05-28T15:19:54.444870+00:00, run_after=2023-05-29T15:19:54.444870+00:00
[2023-05-29 15:19:54,455] {processor.py:161} INFO - Processing /home/airflow/.local/lib/python3.7/site-packages/airflow/example_dags/example_task_group.py took 0.065 seconds
[2023-05-29 15:20:24,802] {processor.py:153} INFO - Started process (PID=313) to work on /home/airflow/.local/lib/python3.7/site-packages/airflow/example_dags/example_task_group.py
[2023-05-29 15:20:24,802] {processor.py:641} INFO - Processing file /home/airflow/.local/lib/python3.7/site-packages/airflow/example_dags/example_task_group.py for tasks to queue
[2023-05-29 15:20:24,803] {logging_mixin.py:115} INFO - [2023-05-29 15:20:24,803] {dagbag.py:508} INFO - Filling up the DagBag from /home/airflow/.local/lib/python3.7/site-packages/airflow/example_dags/example_task_group.py
[2023-05-29 15:20:24,808] {processor.py:651} INFO - DAG(s) dict_keys(['example_task_group']) retrieved from /home/airflow/.local/lib/python3.7/site-packages/airflow/example_dags/example_task_group.py
[2023-05-29 15:20:24,830] {logging_mixin.py:115} INFO - [2023-05-29 15:20:24,830] {dag.py:2420} INFO - Sync 1 DAGs
[2023-05-29 15:20:24,850] {logging_mixin.py:115} INFO - [2023-05-29 15:20:24,850] {dag.py:2972} INFO - Setting next_dagrun for example_task_group to 2023-05-28T15:20:24.849911+00:00, run_after=2023-05-29T15:20:24.849911+00:00
[2023-05-29 15:20:24,860] {processor.py:161} INFO - Processing /home/airflow/.local/lib/python3.7/site-packages/airflow/example_dags/example_task_group.py took 0.062 seconds
[2023-05-29 15:20:55,162] {processor.py:153} INFO - Started process (PID=365) to work on /home/airflow/.local/lib/python3.7/site-packages/airflow/example_dags/example_task_group.py
[2023-05-29 15:20:55,162] {processor.py:641} INFO - Processing file /home/airflow/.local/lib/python3.7/site-packages/airflow/example_dags/example_task_group.py for tasks to queue
[2023-05-29 15:20:55,162] {logging_mixin.py:115} INFO - [2023-05-29 15:20:55,162] {dagbag.py:508} INFO - Filling up the DagBag from /home/airflow/.local/lib/python3.7/site-packages/airflow/example_dags/example_task_group.py
[2023-05-29 15:20:55,167] {processor.py:651} INFO - DAG(s) dict_keys(['example_task_group']) retrieved from /home/airflow/.local/lib/python3.7/site-packages/airflow/example_dags/example_task_group.py
[2023-05-29 15:20:55,187] {logging_mixin.py:115} INFO - [2023-05-29 15:20:55,187] {dag.py:2420} INFO - Sync 1 DAGs
[2023-05-29 15:20:55,207] {logging_mixin.py:115} INFO - [2023-05-29 15:20:55,207] {dag.py:2972} INFO - Setting next_dagrun for example_task_group to 2023-05-28T15:20:55.207463+00:00, run_after=2023-05-29T15:20:55.207463+00:00
[2023-05-29 15:20:55,220] {processor.py:161} INFO - Processing /home/airflow/.local/lib/python3.7/site-packages/airflow/example_dags/example_task_group.py took 0.061 seconds
[2023-05-29 15:21:25,588] {processor.py:153} INFO - Started process (PID=427) to work on /home/airflow/.local/lib/python3.7/site-packages/airflow/example_dags/example_task_group.py
[2023-05-29 15:21:25,588] {processor.py:641} INFO - Processing file /home/airflow/.local/lib/python3.7/site-packages/airflow/example_dags/example_task_group.py for tasks to queue
[2023-05-29 15:21:25,589] {logging_mixin.py:115} INFO - [2023-05-29 15:21:25,588] {dagbag.py:508} INFO - Filling up the DagBag from /home/airflow/.local/lib/python3.7/site-packages/airflow/example_dags/example_task_group.py
[2023-05-29 15:21:25,593] {processor.py:651} INFO - DAG(s) dict_keys(['example_task_group']) retrieved from /home/airflow/.local/lib/python3.7/site-packages/airflow/example_dags/example_task_group.py
[2023-05-29 15:21:25,614] {logging_mixin.py:115} INFO - [2023-05-29 15:21:25,614] {dag.py:2420} INFO - Sync 1 DAGs
[2023-05-29 15:21:25,632] {logging_mixin.py:115} INFO - [2023-05-29 15:21:25,632] {dag.py:2972} INFO - Setting next_dagrun for example_task_group to 2023-05-28T15:21:25.632250+00:00, run_after=2023-05-29T15:21:25.632250+00:00
[2023-05-29 15:21:25,644] {processor.py:161} INFO - Processing /home/airflow/.local/lib/python3.7/site-packages/airflow/example_dags/example_task_group.py took 0.058 seconds
[2023-05-29 15:21:56,100] {processor.py:153} INFO - Started process (PID=488) to work on /home/airflow/.local/lib/python3.7/site-packages/airflow/example_dags/example_task_group.py
[2023-05-29 15:21:56,100] {processor.py:641} INFO - Processing file /home/airflow/.local/lib/python3.7/site-packages/airflow/example_dags/example_task_group.py for tasks to queue
[2023-05-29 15:21:56,100] {logging_mixin.py:115} INFO - [2023-05-29 15:21:56,100] {dagbag.py:508} INFO - Filling up the DagBag from /home/airflow/.local/lib/python3.7/site-packages/airflow/example_dags/example_task_group.py
[2023-05-29 15:21:56,105] {processor.py:651} INFO - DAG(s) dict_keys(['example_task_group']) retrieved from /home/airflow/.local/lib/python3.7/site-packages/airflow/example_dags/example_task_group.py
[2023-05-29 15:21:56,125] {logging_mixin.py:115} INFO - [2023-05-29 15:21:56,125] {dag.py:2420} INFO - Sync 1 DAGs
[2023-05-29 15:21:56,145] {logging_mixin.py:115} INFO - [2023-05-29 15:21:56,145] {dag.py:2972} INFO - Setting next_dagrun for example_task_group to 2023-05-28T15:21:56.145042+00:00, run_after=2023-05-29T15:21:56.145042+00:00
[2023-05-29 15:21:56,157] {processor.py:161} INFO - Processing /home/airflow/.local/lib/python3.7/site-packages/airflow/example_dags/example_task_group.py took 0.060 seconds
[2023-05-29 15:22:26,577] {processor.py:153} INFO - Started process (PID=548) to work on /home/airflow/.local/lib/python3.7/site-packages/airflow/example_dags/example_task_group.py
[2023-05-29 15:22:26,577] {processor.py:641} INFO - Processing file /home/airflow/.local/lib/python3.7/site-packages/airflow/example_dags/example_task_group.py for tasks to queue
[2023-05-29 15:22:26,578] {logging_mixin.py:115} INFO - [2023-05-29 15:22:26,577] {dagbag.py:508} INFO - Filling up the DagBag from /home/airflow/.local/lib/python3.7/site-packages/airflow/example_dags/example_task_group.py
[2023-05-29 15:22:26,583] {processor.py:651} INFO - DAG(s) dict_keys(['example_task_group']) retrieved from /home/airflow/.local/lib/python3.7/site-packages/airflow/example_dags/example_task_group.py
[2023-05-29 15:22:26,610] {logging_mixin.py:115} INFO - [2023-05-29 15:22:26,610] {dag.py:2420} INFO - Sync 1 DAGs
[2023-05-29 15:22:26,635] {logging_mixin.py:115} INFO - [2023-05-29 15:22:26,635] {dag.py:2972} INFO - Setting next_dagrun for example_task_group to 2023-05-28T15:22:26.635279+00:00, run_after=2023-05-29T15:22:26.635279+00:00
[2023-05-29 15:22:26,651] {processor.py:161} INFO - Processing /home/airflow/.local/lib/python3.7/site-packages/airflow/example_dags/example_task_group.py took 0.077 seconds
[2023-05-29 15:23:26,089] {processor.py:153} INFO - Started process (PID=68) to work on /home/airflow/.local/lib/python3.7/site-packages/airflow/example_dags/example_task_group.py
[2023-05-29 15:23:26,090] {processor.py:641} INFO - Processing file /home/airflow/.local/lib/python3.7/site-packages/airflow/example_dags/example_task_group.py for tasks to queue
[2023-05-29 15:23:26,090] {logging_mixin.py:115} INFO - [2023-05-29 15:23:26,090] {dagbag.py:508} INFO - Filling up the DagBag from /home/airflow/.local/lib/python3.7/site-packages/airflow/example_dags/example_task_group.py
[2023-05-29 15:23:26,098] {processor.py:651} INFO - DAG(s) dict_keys(['example_task_group']) retrieved from /home/airflow/.local/lib/python3.7/site-packages/airflow/example_dags/example_task_group.py
[2023-05-29 15:23:26,128] {logging_mixin.py:115} INFO - [2023-05-29 15:23:26,128] {dag.py:2420} INFO - Sync 1 DAGs
[2023-05-29 15:23:26,152] {logging_mixin.py:115} INFO - [2023-05-29 15:23:26,152] {dag.py:2972} INFO - Setting next_dagrun for example_task_group to 2023-05-28T15:23:26.151715+00:00, run_after=2023-05-29T15:23:26.151715+00:00
[2023-05-29 15:23:26,166] {processor.py:161} INFO - Processing /home/airflow/.local/lib/python3.7/site-packages/airflow/example_dags/example_task_group.py took 0.081 seconds
[2023-05-29 15:23:56,807] {processor.py:153} INFO - Started process (PID=129) to work on /home/airflow/.local/lib/python3.7/site-packages/airflow/example_dags/example_task_group.py
[2023-05-29 15:23:56,808] {processor.py:641} INFO - Processing file /home/airflow/.local/lib/python3.7/site-packages/airflow/example_dags/example_task_group.py for tasks to queue
[2023-05-29 15:23:56,808] {logging_mixin.py:115} INFO - [2023-05-29 15:23:56,808] {dagbag.py:508} INFO - Filling up the DagBag from /home/airflow/.local/lib/python3.7/site-packages/airflow/example_dags/example_task_group.py
[2023-05-29 15:23:56,813] {processor.py:651} INFO - DAG(s) dict_keys(['example_task_group']) retrieved from /home/airflow/.local/lib/python3.7/site-packages/airflow/example_dags/example_task_group.py
[2023-05-29 15:23:56,835] {logging_mixin.py:115} INFO - [2023-05-29 15:23:56,835] {dag.py:2420} INFO - Sync 1 DAGs
[2023-05-29 15:23:56,857] {logging_mixin.py:115} INFO - [2023-05-29 15:23:56,857] {dag.py:2972} INFO - Setting next_dagrun for example_task_group to 2023-05-28T15:23:56.856809+00:00, run_after=2023-05-29T15:23:56.856809+00:00
[2023-05-29 15:23:56,869] {processor.py:161} INFO - Processing /home/airflow/.local/lib/python3.7/site-packages/airflow/example_dags/example_task_group.py took 0.064 seconds
[2023-05-29 15:24:27,432] {processor.py:153} INFO - Started process (PID=190) to work on /home/airflow/.local/lib/python3.7/site-packages/airflow/example_dags/example_task_group.py
[2023-05-29 15:24:27,433] {processor.py:641} INFO - Processing file /home/airflow/.local/lib/python3.7/site-packages/airflow/example_dags/example_task_group.py for tasks to queue
[2023-05-29 15:24:27,433] {logging_mixin.py:115} INFO - [2023-05-29 15:24:27,433] {dagbag.py:508} INFO - Filling up the DagBag from /home/airflow/.local/lib/python3.7/site-packages/airflow/example_dags/example_task_group.py
[2023-05-29 15:24:27,438] {processor.py:651} INFO - DAG(s) dict_keys(['example_task_group']) retrieved from /home/airflow/.local/lib/python3.7/site-packages/airflow/example_dags/example_task_group.py
[2023-05-29 15:24:27,459] {logging_mixin.py:115} INFO - [2023-05-29 15:24:27,459] {dag.py:2420} INFO - Sync 1 DAGs
[2023-05-29 15:24:27,478] {logging_mixin.py:115} INFO - [2023-05-29 15:24:27,477] {dag.py:2972} INFO - Setting next_dagrun for example_task_group to 2023-05-28T15:24:27.477683+00:00, run_after=2023-05-29T15:24:27.477683+00:00
[2023-05-29 15:24:27,488] {processor.py:161} INFO - Processing /home/airflow/.local/lib/python3.7/site-packages/airflow/example_dags/example_task_group.py took 0.059 seconds
[2023-05-29 15:24:57,895] {processor.py:153} INFO - Started process (PID=251) to work on /home/airflow/.local/lib/python3.7/site-packages/airflow/example_dags/example_task_group.py
[2023-05-29 15:24:57,895] {processor.py:641} INFO - Processing file /home/airflow/.local/lib/python3.7/site-packages/airflow/example_dags/example_task_group.py for tasks to queue
[2023-05-29 15:24:57,895] {logging_mixin.py:115} INFO - [2023-05-29 15:24:57,895] {dagbag.py:508} INFO - Filling up the DagBag from /home/airflow/.local/lib/python3.7/site-packages/airflow/example_dags/example_task_group.py
[2023-05-29 15:24:57,900] {processor.py:651} INFO - DAG(s) dict_keys(['example_task_group']) retrieved from /home/airflow/.local/lib/python3.7/site-packages/airflow/example_dags/example_task_group.py
[2023-05-29 15:24:57,922] {logging_mixin.py:115} INFO - [2023-05-29 15:24:57,922] {dag.py:2420} INFO - Sync 1 DAGs
[2023-05-29 15:24:57,942] {logging_mixin.py:115} INFO - [2023-05-29 15:24:57,942] {dag.py:2972} INFO - Setting next_dagrun for example_task_group to 2023-05-28T15:24:57.942455+00:00, run_after=2023-05-29T15:24:57.942455+00:00
[2023-05-29 15:24:57,956] {processor.py:161} INFO - Processing /home/airflow/.local/lib/python3.7/site-packages/airflow/example_dags/example_task_group.py took 0.064 seconds
[2023-05-29 15:25:51,179] {processor.py:153} INFO - Started process (PID=76) to work on /home/airflow/.local/lib/python3.7/site-packages/airflow/example_dags/example_task_group.py
[2023-05-29 15:25:51,179] {processor.py:641} INFO - Processing file /home/airflow/.local/lib/python3.7/site-packages/airflow/example_dags/example_task_group.py for tasks to queue
[2023-05-29 15:25:51,180] {logging_mixin.py:115} INFO - [2023-05-29 15:25:51,180] {dagbag.py:508} INFO - Filling up the DagBag from /home/airflow/.local/lib/python3.7/site-packages/airflow/example_dags/example_task_group.py
[2023-05-29 15:25:51,187] {processor.py:651} INFO - DAG(s) dict_keys(['example_task_group']) retrieved from /home/airflow/.local/lib/python3.7/site-packages/airflow/example_dags/example_task_group.py
[2023-05-29 15:25:51,229] {logging_mixin.py:115} INFO - [2023-05-29 15:25:51,229] {dag.py:2420} INFO - Sync 1 DAGs
[2023-05-29 15:25:51,258] {logging_mixin.py:115} INFO - [2023-05-29 15:25:51,258] {dag.py:2972} INFO - Setting next_dagrun for example_task_group to 2023-05-28T15:25:51.258226+00:00, run_after=2023-05-29T15:25:51.258226+00:00
[2023-05-29 15:25:51,281] {processor.py:161} INFO - Processing /home/airflow/.local/lib/python3.7/site-packages/airflow/example_dags/example_task_group.py took 0.105 seconds
[2023-05-29 15:26:21,963] {processor.py:153} INFO - Started process (PID=130) to work on /home/airflow/.local/lib/python3.7/site-packages/airflow/example_dags/example_task_group.py
[2023-05-29 15:26:21,964] {processor.py:641} INFO - Processing file /home/airflow/.local/lib/python3.7/site-packages/airflow/example_dags/example_task_group.py for tasks to queue
[2023-05-29 15:26:21,964] {logging_mixin.py:115} INFO - [2023-05-29 15:26:21,964] {dagbag.py:508} INFO - Filling up the DagBag from /home/airflow/.local/lib/python3.7/site-packages/airflow/example_dags/example_task_group.py
[2023-05-29 15:26:21,971] {processor.py:651} INFO - DAG(s) dict_keys(['example_task_group']) retrieved from /home/airflow/.local/lib/python3.7/site-packages/airflow/example_dags/example_task_group.py
[2023-05-29 15:26:21,994] {logging_mixin.py:115} INFO - [2023-05-29 15:26:21,994] {dag.py:2420} INFO - Sync 1 DAGs
[2023-05-29 15:26:22,014] {logging_mixin.py:115} INFO - [2023-05-29 15:26:22,014] {dag.py:2972} INFO - Setting next_dagrun for example_task_group to 2023-05-28T15:26:22.014265+00:00, run_after=2023-05-29T15:26:22.014265+00:00
[2023-05-29 15:26:22,026] {processor.py:161} INFO - Processing /home/airflow/.local/lib/python3.7/site-packages/airflow/example_dags/example_task_group.py took 0.067 seconds
[2023-05-29 15:26:52,501] {processor.py:153} INFO - Started process (PID=191) to work on /home/airflow/.local/lib/python3.7/site-packages/airflow/example_dags/example_task_group.py
[2023-05-29 15:26:52,501] {processor.py:641} INFO - Processing file /home/airflow/.local/lib/python3.7/site-packages/airflow/example_dags/example_task_group.py for tasks to queue
[2023-05-29 15:26:52,501] {logging_mixin.py:115} INFO - [2023-05-29 15:26:52,501] {dagbag.py:508} INFO - Filling up the DagBag from /home/airflow/.local/lib/python3.7/site-packages/airflow/example_dags/example_task_group.py
[2023-05-29 15:26:52,506] {processor.py:651} INFO - DAG(s) dict_keys(['example_task_group']) retrieved from /home/airflow/.local/lib/python3.7/site-packages/airflow/example_dags/example_task_group.py
[2023-05-29 15:26:52,525] {logging_mixin.py:115} INFO - [2023-05-29 15:26:52,524] {dag.py:2420} INFO - Sync 1 DAGs
[2023-05-29 15:26:52,543] {logging_mixin.py:115} INFO - [2023-05-29 15:26:52,543] {dag.py:2972} INFO - Setting next_dagrun for example_task_group to 2023-05-28T15:26:52.543210+00:00, run_after=2023-05-29T15:26:52.543210+00:00
[2023-05-29 15:26:52,554] {processor.py:161} INFO - Processing /home/airflow/.local/lib/python3.7/site-packages/airflow/example_dags/example_task_group.py took 0.055 seconds
[2023-05-29 15:27:23,106] {processor.py:153} INFO - Started process (PID=252) to work on /home/airflow/.local/lib/python3.7/site-packages/airflow/example_dags/example_task_group.py
[2023-05-29 15:27:23,107] {processor.py:641} INFO - Processing file /home/airflow/.local/lib/python3.7/site-packages/airflow/example_dags/example_task_group.py for tasks to queue
[2023-05-29 15:27:23,108] {logging_mixin.py:115} INFO - [2023-05-29 15:27:23,108] {dagbag.py:508} INFO - Filling up the DagBag from /home/airflow/.local/lib/python3.7/site-packages/airflow/example_dags/example_task_group.py
[2023-05-29 15:27:23,116] {processor.py:651} INFO - DAG(s) dict_keys(['example_task_group']) retrieved from /home/airflow/.local/lib/python3.7/site-packages/airflow/example_dags/example_task_group.py
[2023-05-29 15:27:23,142] {logging_mixin.py:115} INFO - [2023-05-29 15:27:23,142] {dag.py:2420} INFO - Sync 1 DAGs
[2023-05-29 15:27:23,164] {logging_mixin.py:115} INFO - [2023-05-29 15:27:23,164] {dag.py:2972} INFO - Setting next_dagrun for example_task_group to 2023-05-28T15:27:23.163813+00:00, run_after=2023-05-29T15:27:23.163813+00:00
[2023-05-29 15:27:23,176] {processor.py:161} INFO - Processing /home/airflow/.local/lib/python3.7/site-packages/airflow/example_dags/example_task_group.py took 0.073 seconds
[2023-05-29 15:27:53,633] {processor.py:153} INFO - Started process (PID=304) to work on /home/airflow/.local/lib/python3.7/site-packages/airflow/example_dags/example_task_group.py
[2023-05-29 15:27:53,634] {processor.py:641} INFO - Processing file /home/airflow/.local/lib/python3.7/site-packages/airflow/example_dags/example_task_group.py for tasks to queue
[2023-05-29 15:27:53,634] {logging_mixin.py:115} INFO - [2023-05-29 15:27:53,634] {dagbag.py:508} INFO - Filling up the DagBag from /home/airflow/.local/lib/python3.7/site-packages/airflow/example_dags/example_task_group.py
[2023-05-29 15:27:53,639] {processor.py:651} INFO - DAG(s) dict_keys(['example_task_group']) retrieved from /home/airflow/.local/lib/python3.7/site-packages/airflow/example_dags/example_task_group.py
[2023-05-29 15:27:53,658] {logging_mixin.py:115} INFO - [2023-05-29 15:27:53,658] {dag.py:2420} INFO - Sync 1 DAGs
[2023-05-29 15:27:53,675] {logging_mixin.py:115} INFO - [2023-05-29 15:27:53,675] {dag.py:2972} INFO - Setting next_dagrun for example_task_group to 2023-05-28T15:27:53.675378+00:00, run_after=2023-05-29T15:27:53.675378+00:00
[2023-05-29 15:27:53,687] {processor.py:161} INFO - Processing /home/airflow/.local/lib/python3.7/site-packages/airflow/example_dags/example_task_group.py took 0.055 seconds
[2023-05-29 15:28:24,072] {processor.py:153} INFO - Started process (PID=365) to work on /home/airflow/.local/lib/python3.7/site-packages/airflow/example_dags/example_task_group.py
[2023-05-29 15:28:24,073] {processor.py:641} INFO - Processing file /home/airflow/.local/lib/python3.7/site-packages/airflow/example_dags/example_task_group.py for tasks to queue
[2023-05-29 15:28:24,073] {logging_mixin.py:115} INFO - [2023-05-29 15:28:24,073] {dagbag.py:508} INFO - Filling up the DagBag from /home/airflow/.local/lib/python3.7/site-packages/airflow/example_dags/example_task_group.py
[2023-05-29 15:28:24,077] {processor.py:651} INFO - DAG(s) dict_keys(['example_task_group']) retrieved from /home/airflow/.local/lib/python3.7/site-packages/airflow/example_dags/example_task_group.py
[2023-05-29 15:28:24,098] {logging_mixin.py:115} INFO - [2023-05-29 15:28:24,098] {dag.py:2420} INFO - Sync 1 DAGs
[2023-05-29 15:28:24,117] {logging_mixin.py:115} INFO - [2023-05-29 15:28:24,117] {dag.py:2972} INFO - Setting next_dagrun for example_task_group to 2023-05-28T15:28:24.117117+00:00, run_after=2023-05-29T15:28:24.117117+00:00
[2023-05-29 15:28:24,127] {processor.py:161} INFO - Processing /home/airflow/.local/lib/python3.7/site-packages/airflow/example_dags/example_task_group.py took 0.057 seconds
[2023-05-29 15:28:54,609] {processor.py:153} INFO - Started process (PID=426) to work on /home/airflow/.local/lib/python3.7/site-packages/airflow/example_dags/example_task_group.py
[2023-05-29 15:28:54,609] {processor.py:641} INFO - Processing file /home/airflow/.local/lib/python3.7/site-packages/airflow/example_dags/example_task_group.py for tasks to queue
[2023-05-29 15:28:54,610] {logging_mixin.py:115} INFO - [2023-05-29 15:28:54,610] {dagbag.py:508} INFO - Filling up the DagBag from /home/airflow/.local/lib/python3.7/site-packages/airflow/example_dags/example_task_group.py
[2023-05-29 15:28:54,614] {processor.py:651} INFO - DAG(s) dict_keys(['example_task_group']) retrieved from /home/airflow/.local/lib/python3.7/site-packages/airflow/example_dags/example_task_group.py
[2023-05-29 15:28:54,634] {logging_mixin.py:115} INFO - [2023-05-29 15:28:54,634] {dag.py:2420} INFO - Sync 1 DAGs
[2023-05-29 15:28:54,652] {logging_mixin.py:115} INFO - [2023-05-29 15:28:54,652] {dag.py:2972} INFO - Setting next_dagrun for example_task_group to 2023-05-28T15:28:54.652204+00:00, run_after=2023-05-29T15:28:54.652204+00:00
[2023-05-29 15:28:54,664] {processor.py:161} INFO - Processing /home/airflow/.local/lib/python3.7/site-packages/airflow/example_dags/example_task_group.py took 0.058 seconds
[2023-05-29 15:29:25,149] {processor.py:153} INFO - Started process (PID=488) to work on /home/airflow/.local/lib/python3.7/site-packages/airflow/example_dags/example_task_group.py
[2023-05-29 15:29:25,150] {processor.py:641} INFO - Processing file /home/airflow/.local/lib/python3.7/site-packages/airflow/example_dags/example_task_group.py for tasks to queue
[2023-05-29 15:29:25,150] {logging_mixin.py:115} INFO - [2023-05-29 15:29:25,150] {dagbag.py:508} INFO - Filling up the DagBag from /home/airflow/.local/lib/python3.7/site-packages/airflow/example_dags/example_task_group.py
[2023-05-29 15:29:25,154] {processor.py:651} INFO - DAG(s) dict_keys(['example_task_group']) retrieved from /home/airflow/.local/lib/python3.7/site-packages/airflow/example_dags/example_task_group.py
[2023-05-29 15:29:25,175] {logging_mixin.py:115} INFO - [2023-05-29 15:29:25,175] {dag.py:2420} INFO - Sync 1 DAGs
[2023-05-29 15:29:25,192] {logging_mixin.py:115} INFO - [2023-05-29 15:29:25,192] {dag.py:2972} INFO - Setting next_dagrun for example_task_group to 2023-05-28T15:29:25.192059+00:00, run_after=2023-05-29T15:29:25.192059+00:00
[2023-05-29 15:29:25,202] {processor.py:161} INFO - Processing /home/airflow/.local/lib/python3.7/site-packages/airflow/example_dags/example_task_group.py took 0.056 seconds
[2023-05-29 15:29:55,652] {processor.py:153} INFO - Started process (PID=540) to work on /home/airflow/.local/lib/python3.7/site-packages/airflow/example_dags/example_task_group.py
[2023-05-29 15:29:55,652] {processor.py:641} INFO - Processing file /home/airflow/.local/lib/python3.7/site-packages/airflow/example_dags/example_task_group.py for tasks to queue
[2023-05-29 15:29:55,652] {logging_mixin.py:115} INFO - [2023-05-29 15:29:55,652] {dagbag.py:508} INFO - Filling up the DagBag from /home/airflow/.local/lib/python3.7/site-packages/airflow/example_dags/example_task_group.py
[2023-05-29 15:29:55,657] {processor.py:651} INFO - DAG(s) dict_keys(['example_task_group']) retrieved from /home/airflow/.local/lib/python3.7/site-packages/airflow/example_dags/example_task_group.py
[2023-05-29 15:29:55,676] {logging_mixin.py:115} INFO - [2023-05-29 15:29:55,676] {dag.py:2420} INFO - Sync 1 DAGs
[2023-05-29 15:29:55,697] {logging_mixin.py:115} INFO - [2023-05-29 15:29:55,697] {dag.py:2972} INFO - Setting next_dagrun for example_task_group to 2023-05-28T15:29:55.697196+00:00, run_after=2023-05-29T15:29:55.697196+00:00
[2023-05-29 15:29:55,708] {processor.py:161} INFO - Processing /home/airflow/.local/lib/python3.7/site-packages/airflow/example_dags/example_task_group.py took 0.058 seconds
[2023-05-29 15:30:26,297] {processor.py:153} INFO - Started process (PID=601) to work on /home/airflow/.local/lib/python3.7/site-packages/airflow/example_dags/example_task_group.py
[2023-05-29 15:30:26,306] {processor.py:641} INFO - Processing file /home/airflow/.local/lib/python3.7/site-packages/airflow/example_dags/example_task_group.py for tasks to queue
[2023-05-29 15:30:26,307] {logging_mixin.py:115} INFO - [2023-05-29 15:30:26,307] {dagbag.py:508} INFO - Filling up the DagBag from /home/airflow/.local/lib/python3.7/site-packages/airflow/example_dags/example_task_group.py
[2023-05-29 15:30:26,311] {processor.py:651} INFO - DAG(s) dict_keys(['example_task_group']) retrieved from /home/airflow/.local/lib/python3.7/site-packages/airflow/example_dags/example_task_group.py
[2023-05-29 15:30:26,330] {logging_mixin.py:115} INFO - [2023-05-29 15:30:26,330] {dag.py:2420} INFO - Sync 1 DAGs
[2023-05-29 15:30:26,346] {logging_mixin.py:115} INFO - [2023-05-29 15:30:26,346] {dag.py:2972} INFO - Setting next_dagrun for example_task_group to 2023-05-28T15:30:26.345867+00:00, run_after=2023-05-29T15:30:26.345867+00:00
[2023-05-29 15:30:26,366] {processor.py:161} INFO - Processing /home/airflow/.local/lib/python3.7/site-packages/airflow/example_dags/example_task_group.py took 0.071 seconds
[2023-05-29 15:30:56,920] {processor.py:153} INFO - Started process (PID=662) to work on /home/airflow/.local/lib/python3.7/site-packages/airflow/example_dags/example_task_group.py
[2023-05-29 15:30:56,920] {processor.py:641} INFO - Processing file /home/airflow/.local/lib/python3.7/site-packages/airflow/example_dags/example_task_group.py for tasks to queue
[2023-05-29 15:30:56,921] {logging_mixin.py:115} INFO - [2023-05-29 15:30:56,921] {dagbag.py:508} INFO - Filling up the DagBag from /home/airflow/.local/lib/python3.7/site-packages/airflow/example_dags/example_task_group.py
[2023-05-29 15:30:56,926] {processor.py:651} INFO - DAG(s) dict_keys(['example_task_group']) retrieved from /home/airflow/.local/lib/python3.7/site-packages/airflow/example_dags/example_task_group.py
[2023-05-29 15:30:56,947] {logging_mixin.py:115} INFO - [2023-05-29 15:30:56,947] {dag.py:2420} INFO - Sync 1 DAGs
[2023-05-29 15:30:56,964] {logging_mixin.py:115} INFO - [2023-05-29 15:30:56,964] {dag.py:2972} INFO - Setting next_dagrun for example_task_group to 2023-05-28T15:30:56.964000+00:00, run_after=2023-05-29T15:30:56.964000+00:00
[2023-05-29 15:30:56,974] {processor.py:161} INFO - Processing /home/airflow/.local/lib/python3.7/site-packages/airflow/example_dags/example_task_group.py took 0.056 seconds
[2023-05-29 15:31:27,423] {processor.py:153} INFO - Started process (PID=723) to work on /home/airflow/.local/lib/python3.7/site-packages/airflow/example_dags/example_task_group.py
[2023-05-29 15:31:27,424] {processor.py:641} INFO - Processing file /home/airflow/.local/lib/python3.7/site-packages/airflow/example_dags/example_task_group.py for tasks to queue
[2023-05-29 15:31:27,424] {logging_mixin.py:115} INFO - [2023-05-29 15:31:27,424] {dagbag.py:508} INFO - Filling up the DagBag from /home/airflow/.local/lib/python3.7/site-packages/airflow/example_dags/example_task_group.py
[2023-05-29 15:31:27,429] {processor.py:651} INFO - DAG(s) dict_keys(['example_task_group']) retrieved from /home/airflow/.local/lib/python3.7/site-packages/airflow/example_dags/example_task_group.py
[2023-05-29 15:31:27,449] {logging_mixin.py:115} INFO - [2023-05-29 15:31:27,449] {dag.py:2420} INFO - Sync 1 DAGs
[2023-05-29 15:31:27,466] {logging_mixin.py:115} INFO - [2023-05-29 15:31:27,466] {dag.py:2972} INFO - Setting next_dagrun for example_task_group to 2023-05-28T15:31:27.466061+00:00, run_after=2023-05-29T15:31:27.466061+00:00
[2023-05-29 15:31:27,476] {processor.py:161} INFO - Processing /home/airflow/.local/lib/python3.7/site-packages/airflow/example_dags/example_task_group.py took 0.054 seconds
[2023-05-29 15:31:57,863] {processor.py:153} INFO - Started process (PID=774) to work on /home/airflow/.local/lib/python3.7/site-packages/airflow/example_dags/example_task_group.py
[2023-05-29 15:31:57,863] {processor.py:641} INFO - Processing file /home/airflow/.local/lib/python3.7/site-packages/airflow/example_dags/example_task_group.py for tasks to queue
[2023-05-29 15:31:57,863] {logging_mixin.py:115} INFO - [2023-05-29 15:31:57,863] {dagbag.py:508} INFO - Filling up the DagBag from /home/airflow/.local/lib/python3.7/site-packages/airflow/example_dags/example_task_group.py
[2023-05-29 15:31:57,868] {processor.py:651} INFO - DAG(s) dict_keys(['example_task_group']) retrieved from /home/airflow/.local/lib/python3.7/site-packages/airflow/example_dags/example_task_group.py
[2023-05-29 15:31:57,889] {logging_mixin.py:115} INFO - [2023-05-29 15:31:57,889] {dag.py:2420} INFO - Sync 1 DAGs
[2023-05-29 15:31:57,908] {logging_mixin.py:115} INFO - [2023-05-29 15:31:57,908] {dag.py:2972} INFO - Setting next_dagrun for example_task_group to 2023-05-28T15:31:57.907925+00:00, run_after=2023-05-29T15:31:57.907925+00:00
[2023-05-29 15:31:57,918] {processor.py:161} INFO - Processing /home/airflow/.local/lib/python3.7/site-packages/airflow/example_dags/example_task_group.py took 0.057 seconds
[2023-05-29 15:32:28,372] {processor.py:153} INFO - Started process (PID=835) to work on /home/airflow/.local/lib/python3.7/site-packages/airflow/example_dags/example_task_group.py
[2023-05-29 15:32:28,372] {processor.py:641} INFO - Processing file /home/airflow/.local/lib/python3.7/site-packages/airflow/example_dags/example_task_group.py for tasks to queue
[2023-05-29 15:32:28,372] {logging_mixin.py:115} INFO - [2023-05-29 15:32:28,372] {dagbag.py:508} INFO - Filling up the DagBag from /home/airflow/.local/lib/python3.7/site-packages/airflow/example_dags/example_task_group.py
[2023-05-29 15:32:28,377] {processor.py:651} INFO - DAG(s) dict_keys(['example_task_group']) retrieved from /home/airflow/.local/lib/python3.7/site-packages/airflow/example_dags/example_task_group.py
[2023-05-29 15:32:28,396] {logging_mixin.py:115} INFO - [2023-05-29 15:32:28,396] {dag.py:2420} INFO - Sync 1 DAGs
[2023-05-29 15:32:28,414] {logging_mixin.py:115} INFO - [2023-05-29 15:32:28,414] {dag.py:2972} INFO - Setting next_dagrun for example_task_group to 2023-05-28T15:32:28.414352+00:00, run_after=2023-05-29T15:32:28.414352+00:00
[2023-05-29 15:32:28,424] {processor.py:161} INFO - Processing /home/airflow/.local/lib/python3.7/site-packages/airflow/example_dags/example_task_group.py took 0.055 seconds
[2023-05-29 15:32:58,785] {processor.py:153} INFO - Started process (PID=896) to work on /home/airflow/.local/lib/python3.7/site-packages/airflow/example_dags/example_task_group.py
[2023-05-29 15:32:58,785] {processor.py:641} INFO - Processing file /home/airflow/.local/lib/python3.7/site-packages/airflow/example_dags/example_task_group.py for tasks to queue
[2023-05-29 15:32:58,785] {logging_mixin.py:115} INFO - [2023-05-29 15:32:58,785] {dagbag.py:508} INFO - Filling up the DagBag from /home/airflow/.local/lib/python3.7/site-packages/airflow/example_dags/example_task_group.py
[2023-05-29 15:32:58,790] {processor.py:651} INFO - DAG(s) dict_keys(['example_task_group']) retrieved from /home/airflow/.local/lib/python3.7/site-packages/airflow/example_dags/example_task_group.py
[2023-05-29 15:32:58,811] {logging_mixin.py:115} INFO - [2023-05-29 15:32:58,811] {dag.py:2420} INFO - Sync 1 DAGs
[2023-05-29 15:32:58,828] {logging_mixin.py:115} INFO - [2023-05-29 15:32:58,827] {dag.py:2972} INFO - Setting next_dagrun for example_task_group to 2023-05-28T15:32:58.827799+00:00, run_after=2023-05-29T15:32:58.827799+00:00
[2023-05-29 15:32:58,837] {processor.py:161} INFO - Processing /home/airflow/.local/lib/python3.7/site-packages/airflow/example_dags/example_task_group.py took 0.054 seconds
[2023-05-29 15:33:29,408] {processor.py:153} INFO - Started process (PID=957) to work on /home/airflow/.local/lib/python3.7/site-packages/airflow/example_dags/example_task_group.py
[2023-05-29 15:33:29,409] {processor.py:641} INFO - Processing file /home/airflow/.local/lib/python3.7/site-packages/airflow/example_dags/example_task_group.py for tasks to queue
[2023-05-29 15:33:29,409] {logging_mixin.py:115} INFO - [2023-05-29 15:33:29,409] {dagbag.py:508} INFO - Filling up the DagBag from /home/airflow/.local/lib/python3.7/site-packages/airflow/example_dags/example_task_group.py
[2023-05-29 15:33:29,416] {processor.py:651} INFO - DAG(s) dict_keys(['example_task_group']) retrieved from /home/airflow/.local/lib/python3.7/site-packages/airflow/example_dags/example_task_group.py
[2023-05-29 15:33:29,440] {logging_mixin.py:115} INFO - [2023-05-29 15:33:29,439] {dag.py:2420} INFO - Sync 1 DAGs
[2023-05-29 15:33:29,462] {logging_mixin.py:115} INFO - [2023-05-29 15:33:29,462] {dag.py:2972} INFO - Setting next_dagrun for example_task_group to 2023-05-28T15:33:29.462439+00:00, run_after=2023-05-29T15:33:29.462439+00:00
[2023-05-29 15:33:29,484] {processor.py:161} INFO - Processing /home/airflow/.local/lib/python3.7/site-packages/airflow/example_dags/example_task_group.py took 0.078 seconds
[2023-05-29 15:33:59,885] {processor.py:153} INFO - Started process (PID=1009) to work on /home/airflow/.local/lib/python3.7/site-packages/airflow/example_dags/example_task_group.py
[2023-05-29 15:33:59,886] {processor.py:641} INFO - Processing file /home/airflow/.local/lib/python3.7/site-packages/airflow/example_dags/example_task_group.py for tasks to queue
[2023-05-29 15:33:59,886] {logging_mixin.py:115} INFO - [2023-05-29 15:33:59,886] {dagbag.py:508} INFO - Filling up the DagBag from /home/airflow/.local/lib/python3.7/site-packages/airflow/example_dags/example_task_group.py
[2023-05-29 15:33:59,892] {processor.py:651} INFO - DAG(s) dict_keys(['example_task_group']) retrieved from /home/airflow/.local/lib/python3.7/site-packages/airflow/example_dags/example_task_group.py
[2023-05-29 15:33:59,911] {logging_mixin.py:115} INFO - [2023-05-29 15:33:59,911] {dag.py:2420} INFO - Sync 1 DAGs
[2023-05-29 15:33:59,928] {logging_mixin.py:115} INFO - [2023-05-29 15:33:59,928] {dag.py:2972} INFO - Setting next_dagrun for example_task_group to 2023-05-28T15:33:59.927946+00:00, run_after=2023-05-29T15:33:59.927946+00:00
[2023-05-29 15:33:59,938] {processor.py:161} INFO - Processing /home/airflow/.local/lib/python3.7/site-packages/airflow/example_dags/example_task_group.py took 0.055 seconds
[2023-05-29 15:34:30,329] {processor.py:153} INFO - Started process (PID=1070) to work on /home/airflow/.local/lib/python3.7/site-packages/airflow/example_dags/example_task_group.py
[2023-05-29 15:34:30,330] {processor.py:641} INFO - Processing file /home/airflow/.local/lib/python3.7/site-packages/airflow/example_dags/example_task_group.py for tasks to queue
[2023-05-29 15:34:30,330] {logging_mixin.py:115} INFO - [2023-05-29 15:34:30,330] {dagbag.py:508} INFO - Filling up the DagBag from /home/airflow/.local/lib/python3.7/site-packages/airflow/example_dags/example_task_group.py
[2023-05-29 15:34:30,334] {processor.py:651} INFO - DAG(s) dict_keys(['example_task_group']) retrieved from /home/airflow/.local/lib/python3.7/site-packages/airflow/example_dags/example_task_group.py
[2023-05-29 15:34:30,354] {logging_mixin.py:115} INFO - [2023-05-29 15:34:30,354] {dag.py:2420} INFO - Sync 1 DAGs
[2023-05-29 15:34:30,372] {logging_mixin.py:115} INFO - [2023-05-29 15:34:30,371] {dag.py:2972} INFO - Setting next_dagrun for example_task_group to 2023-05-28T15:34:30.371803+00:00, run_after=2023-05-29T15:34:30.371803+00:00
[2023-05-29 15:34:30,382] {processor.py:161} INFO - Processing /home/airflow/.local/lib/python3.7/site-packages/airflow/example_dags/example_task_group.py took 0.055 seconds
[2023-05-29 15:35:00,837] {processor.py:153} INFO - Started process (PID=1131) to work on /home/airflow/.local/lib/python3.7/site-packages/airflow/example_dags/example_task_group.py
[2023-05-29 15:35:00,837] {processor.py:641} INFO - Processing file /home/airflow/.local/lib/python3.7/site-packages/airflow/example_dags/example_task_group.py for tasks to queue
[2023-05-29 15:35:00,838] {logging_mixin.py:115} INFO - [2023-05-29 15:35:00,838] {dagbag.py:508} INFO - Filling up the DagBag from /home/airflow/.local/lib/python3.7/site-packages/airflow/example_dags/example_task_group.py
[2023-05-29 15:35:00,843] {processor.py:651} INFO - DAG(s) dict_keys(['example_task_group']) retrieved from /home/airflow/.local/lib/python3.7/site-packages/airflow/example_dags/example_task_group.py
[2023-05-29 15:35:00,863] {logging_mixin.py:115} INFO - [2023-05-29 15:35:00,863] {dag.py:2420} INFO - Sync 1 DAGs
[2023-05-29 15:35:00,879] {logging_mixin.py:115} INFO - [2023-05-29 15:35:00,879] {dag.py:2972} INFO - Setting next_dagrun for example_task_group to 2023-05-28T15:35:00.879409+00:00, run_after=2023-05-29T15:35:00.879409+00:00
[2023-05-29 15:35:00,889] {processor.py:161} INFO - Processing /home/airflow/.local/lib/python3.7/site-packages/airflow/example_dags/example_task_group.py took 0.054 seconds
[2023-05-29 15:35:31,471] {processor.py:153} INFO - Started process (PID=1192) to work on /home/airflow/.local/lib/python3.7/site-packages/airflow/example_dags/example_task_group.py
[2023-05-29 15:35:31,471] {processor.py:641} INFO - Processing file /home/airflow/.local/lib/python3.7/site-packages/airflow/example_dags/example_task_group.py for tasks to queue
[2023-05-29 15:35:31,472] {logging_mixin.py:115} INFO - [2023-05-29 15:35:31,472] {dagbag.py:508} INFO - Filling up the DagBag from /home/airflow/.local/lib/python3.7/site-packages/airflow/example_dags/example_task_group.py
[2023-05-29 15:35:31,477] {processor.py:651} INFO - DAG(s) dict_keys(['example_task_group']) retrieved from /home/airflow/.local/lib/python3.7/site-packages/airflow/example_dags/example_task_group.py
[2023-05-29 15:35:31,498] {logging_mixin.py:115} INFO - [2023-05-29 15:35:31,498] {dag.py:2420} INFO - Sync 1 DAGs
[2023-05-29 15:35:31,518] {logging_mixin.py:115} INFO - [2023-05-29 15:35:31,518] {dag.py:2972} INFO - Setting next_dagrun for example_task_group to 2023-05-28T15:35:31.518487+00:00, run_after=2023-05-29T15:35:31.518487+00:00
[2023-05-29 15:35:31,531] {processor.py:161} INFO - Processing /home/airflow/.local/lib/python3.7/site-packages/airflow/example_dags/example_task_group.py took 0.063 seconds
[2023-05-29 15:36:02,079] {processor.py:153} INFO - Started process (PID=1245) to work on /home/airflow/.local/lib/python3.7/site-packages/airflow/example_dags/example_task_group.py
[2023-05-29 15:36:02,080] {processor.py:641} INFO - Processing file /home/airflow/.local/lib/python3.7/site-packages/airflow/example_dags/example_task_group.py for tasks to queue
[2023-05-29 15:36:02,080] {logging_mixin.py:115} INFO - [2023-05-29 15:36:02,080] {dagbag.py:508} INFO - Filling up the DagBag from /home/airflow/.local/lib/python3.7/site-packages/airflow/example_dags/example_task_group.py
[2023-05-29 15:36:02,085] {processor.py:651} INFO - DAG(s) dict_keys(['example_task_group']) retrieved from /home/airflow/.local/lib/python3.7/site-packages/airflow/example_dags/example_task_group.py
[2023-05-29 15:36:02,108] {logging_mixin.py:115} INFO - [2023-05-29 15:36:02,108] {dag.py:2420} INFO - Sync 1 DAGs
[2023-05-29 15:36:02,127] {logging_mixin.py:115} INFO - [2023-05-29 15:36:02,127] {dag.py:2972} INFO - Setting next_dagrun for example_task_group to 2023-05-28T15:36:02.127377+00:00, run_after=2023-05-29T15:36:02.127377+00:00
[2023-05-29 15:36:02,141] {processor.py:161} INFO - Processing /home/airflow/.local/lib/python3.7/site-packages/airflow/example_dags/example_task_group.py took 0.064 seconds
[2023-05-29 15:36:32,636] {processor.py:153} INFO - Started process (PID=1307) to work on /home/airflow/.local/lib/python3.7/site-packages/airflow/example_dags/example_task_group.py
[2023-05-29 15:36:32,636] {processor.py:641} INFO - Processing file /home/airflow/.local/lib/python3.7/site-packages/airflow/example_dags/example_task_group.py for tasks to queue
[2023-05-29 15:36:32,637] {logging_mixin.py:115} INFO - [2023-05-29 15:36:32,637] {dagbag.py:508} INFO - Filling up the DagBag from /home/airflow/.local/lib/python3.7/site-packages/airflow/example_dags/example_task_group.py
[2023-05-29 15:36:32,641] {processor.py:651} INFO - DAG(s) dict_keys(['example_task_group']) retrieved from /home/airflow/.local/lib/python3.7/site-packages/airflow/example_dags/example_task_group.py
[2023-05-29 15:36:32,663] {logging_mixin.py:115} INFO - [2023-05-29 15:36:32,663] {dag.py:2420} INFO - Sync 1 DAGs
[2023-05-29 15:36:32,681] {logging_mixin.py:115} INFO - [2023-05-29 15:36:32,681] {dag.py:2972} INFO - Setting next_dagrun for example_task_group to 2023-05-28T15:36:32.680907+00:00, run_after=2023-05-29T15:36:32.680907+00:00
[2023-05-29 15:36:32,693] {processor.py:161} INFO - Processing /home/airflow/.local/lib/python3.7/site-packages/airflow/example_dags/example_task_group.py took 0.059 seconds
[2023-05-29 15:37:03,138] {processor.py:153} INFO - Started process (PID=1369) to work on /home/airflow/.local/lib/python3.7/site-packages/airflow/example_dags/example_task_group.py
[2023-05-29 15:37:03,138] {processor.py:641} INFO - Processing file /home/airflow/.local/lib/python3.7/site-packages/airflow/example_dags/example_task_group.py for tasks to queue
[2023-05-29 15:37:03,138] {logging_mixin.py:115} INFO - [2023-05-29 15:37:03,138] {dagbag.py:508} INFO - Filling up the DagBag from /home/airflow/.local/lib/python3.7/site-packages/airflow/example_dags/example_task_group.py
[2023-05-29 15:37:03,143] {processor.py:651} INFO - DAG(s) dict_keys(['example_task_group']) retrieved from /home/airflow/.local/lib/python3.7/site-packages/airflow/example_dags/example_task_group.py
[2023-05-29 15:37:03,165] {logging_mixin.py:115} INFO - [2023-05-29 15:37:03,165] {dag.py:2420} INFO - Sync 1 DAGs
[2023-05-29 15:37:03,184] {logging_mixin.py:115} INFO - [2023-05-29 15:37:03,184] {dag.py:2972} INFO - Setting next_dagrun for example_task_group to 2023-05-28T15:37:03.184342+00:00, run_after=2023-05-29T15:37:03.184342+00:00
[2023-05-29 15:37:03,196] {processor.py:161} INFO - Processing /home/airflow/.local/lib/python3.7/site-packages/airflow/example_dags/example_task_group.py took 0.061 seconds
[2023-05-29 15:37:33,671] {processor.py:153} INFO - Started process (PID=1429) to work on /home/airflow/.local/lib/python3.7/site-packages/airflow/example_dags/example_task_group.py
[2023-05-29 15:37:33,671] {processor.py:641} INFO - Processing file /home/airflow/.local/lib/python3.7/site-packages/airflow/example_dags/example_task_group.py for tasks to queue
[2023-05-29 15:37:33,672] {logging_mixin.py:115} INFO - [2023-05-29 15:37:33,672] {dagbag.py:508} INFO - Filling up the DagBag from /home/airflow/.local/lib/python3.7/site-packages/airflow/example_dags/example_task_group.py
[2023-05-29 15:37:33,677] {processor.py:651} INFO - DAG(s) dict_keys(['example_task_group']) retrieved from /home/airflow/.local/lib/python3.7/site-packages/airflow/example_dags/example_task_group.py
[2023-05-29 15:37:33,700] {logging_mixin.py:115} INFO - [2023-05-29 15:37:33,700] {dag.py:2420} INFO - Sync 1 DAGs
[2023-05-29 15:37:33,721] {logging_mixin.py:115} INFO - [2023-05-29 15:37:33,721] {dag.py:2972} INFO - Setting next_dagrun for example_task_group to 2023-05-28T15:37:33.721058+00:00, run_after=2023-05-29T15:37:33.721058+00:00
[2023-05-29 15:37:33,732] {processor.py:161} INFO - Processing /home/airflow/.local/lib/python3.7/site-packages/airflow/example_dags/example_task_group.py took 0.064 seconds
[2023-05-29 15:38:04,167] {processor.py:153} INFO - Started process (PID=1484) to work on /home/airflow/.local/lib/python3.7/site-packages/airflow/example_dags/example_task_group.py
[2023-05-29 15:38:04,168] {processor.py:641} INFO - Processing file /home/airflow/.local/lib/python3.7/site-packages/airflow/example_dags/example_task_group.py for tasks to queue
[2023-05-29 15:38:04,168] {logging_mixin.py:115} INFO - [2023-05-29 15:38:04,168] {dagbag.py:508} INFO - Filling up the DagBag from /home/airflow/.local/lib/python3.7/site-packages/airflow/example_dags/example_task_group.py
[2023-05-29 15:38:04,173] {processor.py:651} INFO - DAG(s) dict_keys(['example_task_group']) retrieved from /home/airflow/.local/lib/python3.7/site-packages/airflow/example_dags/example_task_group.py
[2023-05-29 15:38:04,195] {logging_mixin.py:115} INFO - [2023-05-29 15:38:04,195] {dag.py:2420} INFO - Sync 1 DAGs
[2023-05-29 15:38:04,214] {logging_mixin.py:115} INFO - [2023-05-29 15:38:04,214] {dag.py:2972} INFO - Setting next_dagrun for example_task_group to 2023-05-28T15:38:04.214220+00:00, run_after=2023-05-29T15:38:04.214220+00:00
[2023-05-29 15:38:04,225] {processor.py:161} INFO - Processing /home/airflow/.local/lib/python3.7/site-packages/airflow/example_dags/example_task_group.py took 0.060 seconds
[2023-05-29 15:38:34,721] {processor.py:153} INFO - Started process (PID=1555) to work on /home/airflow/.local/lib/python3.7/site-packages/airflow/example_dags/example_task_group.py
[2023-05-29 15:38:34,721] {processor.py:641} INFO - Processing file /home/airflow/.local/lib/python3.7/site-packages/airflow/example_dags/example_task_group.py for tasks to queue
[2023-05-29 15:38:34,722] {logging_mixin.py:115} INFO - [2023-05-29 15:38:34,722] {dagbag.py:508} INFO - Filling up the DagBag from /home/airflow/.local/lib/python3.7/site-packages/airflow/example_dags/example_task_group.py
[2023-05-29 15:38:34,726] {processor.py:651} INFO - DAG(s) dict_keys(['example_task_group']) retrieved from /home/airflow/.local/lib/python3.7/site-packages/airflow/example_dags/example_task_group.py
[2023-05-29 15:38:34,747] {logging_mixin.py:115} INFO - [2023-05-29 15:38:34,747] {dag.py:2420} INFO - Sync 1 DAGs
[2023-05-29 15:38:34,766] {logging_mixin.py:115} INFO - [2023-05-29 15:38:34,766] {dag.py:2972} INFO - Setting next_dagrun for example_task_group to 2023-05-28T15:38:34.766101+00:00, run_after=2023-05-29T15:38:34.766101+00:00
[2023-05-29 15:38:34,778] {processor.py:161} INFO - Processing /home/airflow/.local/lib/python3.7/site-packages/airflow/example_dags/example_task_group.py took 0.059 seconds
[2023-05-29 15:39:05,504] {processor.py:153} INFO - Started process (PID=1621) to work on /home/airflow/.local/lib/python3.7/site-packages/airflow/example_dags/example_task_group.py
[2023-05-29 15:39:05,505] {processor.py:641} INFO - Processing file /home/airflow/.local/lib/python3.7/site-packages/airflow/example_dags/example_task_group.py for tasks to queue
[2023-05-29 15:39:05,505] {logging_mixin.py:115} INFO - [2023-05-29 15:39:05,505] {dagbag.py:508} INFO - Filling up the DagBag from /home/airflow/.local/lib/python3.7/site-packages/airflow/example_dags/example_task_group.py
[2023-05-29 15:39:05,510] {processor.py:651} INFO - DAG(s) dict_keys(['example_task_group']) retrieved from /home/airflow/.local/lib/python3.7/site-packages/airflow/example_dags/example_task_group.py
[2023-05-29 15:39:05,536] {logging_mixin.py:115} INFO - [2023-05-29 15:39:05,536] {dag.py:2420} INFO - Sync 1 DAGs
[2023-05-29 15:39:05,562] {logging_mixin.py:115} INFO - [2023-05-29 15:39:05,562] {dag.py:2972} INFO - Setting next_dagrun for example_task_group to 2023-05-28T15:39:05.562165+00:00, run_after=2023-05-29T15:39:05.562165+00:00
[2023-05-29 15:39:05,574] {processor.py:161} INFO - Processing /home/airflow/.local/lib/python3.7/site-packages/airflow/example_dags/example_task_group.py took 0.072 seconds
[2023-05-29 15:39:36,050] {processor.py:153} INFO - Started process (PID=1674) to work on /home/airflow/.local/lib/python3.7/site-packages/airflow/example_dags/example_task_group.py
[2023-05-29 15:39:36,050] {processor.py:641} INFO - Processing file /home/airflow/.local/lib/python3.7/site-packages/airflow/example_dags/example_task_group.py for tasks to queue
[2023-05-29 15:39:36,051] {logging_mixin.py:115} INFO - [2023-05-29 15:39:36,051] {dagbag.py:508} INFO - Filling up the DagBag from /home/airflow/.local/lib/python3.7/site-packages/airflow/example_dags/example_task_group.py
[2023-05-29 15:39:36,055] {processor.py:651} INFO - DAG(s) dict_keys(['example_task_group']) retrieved from /home/airflow/.local/lib/python3.7/site-packages/airflow/example_dags/example_task_group.py
[2023-05-29 15:39:36,075] {logging_mixin.py:115} INFO - [2023-05-29 15:39:36,075] {dag.py:2420} INFO - Sync 1 DAGs
[2023-05-29 15:39:36,093] {logging_mixin.py:115} INFO - [2023-05-29 15:39:36,093] {dag.py:2972} INFO - Setting next_dagrun for example_task_group to 2023-05-28T15:39:36.093297+00:00, run_after=2023-05-29T15:39:36.093297+00:00
[2023-05-29 15:39:36,104] {processor.py:161} INFO - Processing /home/airflow/.local/lib/python3.7/site-packages/airflow/example_dags/example_task_group.py took 0.057 seconds
[2023-05-29 15:40:06,422] {processor.py:153} INFO - Started process (PID=1736) to work on /home/airflow/.local/lib/python3.7/site-packages/airflow/example_dags/example_task_group.py
[2023-05-29 15:40:06,422] {processor.py:641} INFO - Processing file /home/airflow/.local/lib/python3.7/site-packages/airflow/example_dags/example_task_group.py for tasks to queue
[2023-05-29 15:40:06,422] {logging_mixin.py:115} INFO - [2023-05-29 15:40:06,422] {dagbag.py:508} INFO - Filling up the DagBag from /home/airflow/.local/lib/python3.7/site-packages/airflow/example_dags/example_task_group.py
[2023-05-29 15:40:06,427] {processor.py:651} INFO - DAG(s) dict_keys(['example_task_group']) retrieved from /home/airflow/.local/lib/python3.7/site-packages/airflow/example_dags/example_task_group.py
[2023-05-29 15:40:06,446] {logging_mixin.py:115} INFO - [2023-05-29 15:40:06,446] {dag.py:2420} INFO - Sync 1 DAGs
[2023-05-29 15:40:06,464] {logging_mixin.py:115} INFO - [2023-05-29 15:40:06,463] {dag.py:2972} INFO - Setting next_dagrun for example_task_group to 2023-05-28T15:40:06.463789+00:00, run_after=2023-05-29T15:40:06.463789+00:00
[2023-05-29 15:40:06,473] {processor.py:161} INFO - Processing /home/airflow/.local/lib/python3.7/site-packages/airflow/example_dags/example_task_group.py took 0.054 seconds
[2023-05-29 15:40:36,795] {processor.py:153} INFO - Started process (PID=1798) to work on /home/airflow/.local/lib/python3.7/site-packages/airflow/example_dags/example_task_group.py
[2023-05-29 15:40:36,795] {processor.py:641} INFO - Processing file /home/airflow/.local/lib/python3.7/site-packages/airflow/example_dags/example_task_group.py for tasks to queue
[2023-05-29 15:40:36,795] {logging_mixin.py:115} INFO - [2023-05-29 15:40:36,795] {dagbag.py:508} INFO - Filling up the DagBag from /home/airflow/.local/lib/python3.7/site-packages/airflow/example_dags/example_task_group.py
[2023-05-29 15:40:36,800] {processor.py:651} INFO - DAG(s) dict_keys(['example_task_group']) retrieved from /home/airflow/.local/lib/python3.7/site-packages/airflow/example_dags/example_task_group.py
[2023-05-29 15:40:36,819] {logging_mixin.py:115} INFO - [2023-05-29 15:40:36,819] {dag.py:2420} INFO - Sync 1 DAGs
[2023-05-29 15:40:36,836] {logging_mixin.py:115} INFO - [2023-05-29 15:40:36,836] {dag.py:2972} INFO - Setting next_dagrun for example_task_group to 2023-05-28T15:40:36.835956+00:00, run_after=2023-05-29T15:40:36.835956+00:00
[2023-05-29 15:40:36,846] {processor.py:161} INFO - Processing /home/airflow/.local/lib/python3.7/site-packages/airflow/example_dags/example_task_group.py took 0.054 seconds
[2023-05-29 15:41:07,504] {processor.py:153} INFO - Started process (PID=1860) to work on /home/airflow/.local/lib/python3.7/site-packages/airflow/example_dags/example_task_group.py
[2023-05-29 15:41:07,505] {processor.py:641} INFO - Processing file /home/airflow/.local/lib/python3.7/site-packages/airflow/example_dags/example_task_group.py for tasks to queue
[2023-05-29 15:41:07,506] {logging_mixin.py:115} INFO - [2023-05-29 15:41:07,506] {dagbag.py:508} INFO - Filling up the DagBag from /home/airflow/.local/lib/python3.7/site-packages/airflow/example_dags/example_task_group.py
[2023-05-29 15:41:07,512] {processor.py:651} INFO - DAG(s) dict_keys(['example_task_group']) retrieved from /home/airflow/.local/lib/python3.7/site-packages/airflow/example_dags/example_task_group.py
[2023-05-29 15:41:07,539] {logging_mixin.py:115} INFO - [2023-05-29 15:41:07,538] {dag.py:2420} INFO - Sync 1 DAGs
[2023-05-29 15:41:07,566] {logging_mixin.py:115} INFO - [2023-05-29 15:41:07,566] {dag.py:2972} INFO - Setting next_dagrun for example_task_group to 2023-05-28T15:41:07.565924+00:00, run_after=2023-05-29T15:41:07.565924+00:00
[2023-05-29 15:41:07,582] {processor.py:161} INFO - Processing /home/airflow/.local/lib/python3.7/site-packages/airflow/example_dags/example_task_group.py took 0.080 seconds
