[2023-05-29 15:18:19,735] {processor.py:153} INFO - Started process (PID=69) to work on /home/airflow/.local/lib/python3.7/site-packages/airflow/example_dags/example_python_operator.py
[2023-05-29 15:18:19,735] {processor.py:641} INFO - Processing file /home/airflow/.local/lib/python3.7/site-packages/airflow/example_dags/example_python_operator.py for tasks to queue
[2023-05-29 15:18:19,736] {logging_mixin.py:115} INFO - [2023-05-29 15:18:19,736] {dagbag.py:508} INFO - Filling up the DagBag from /home/airflow/.local/lib/python3.7/site-packages/airflow/example_dags/example_python_operator.py
[2023-05-29 15:18:19,758] {processor.py:651} INFO - DAG(s) dict_keys(['example_python_operator']) retrieved from /home/airflow/.local/lib/python3.7/site-packages/airflow/example_dags/example_python_operator.py
[2023-05-29 15:18:19,895] {logging_mixin.py:115} INFO - [2023-05-29 15:18:19,895] {manager.py:508} INFO - Created Permission View: can read on DAG:example_python_operator
[2023-05-29 15:18:19,908] {logging_mixin.py:115} INFO - [2023-05-29 15:18:19,908] {manager.py:508} INFO - Created Permission View: can delete on DAG:example_python_operator
[2023-05-29 15:18:19,920] {logging_mixin.py:115} INFO - [2023-05-29 15:18:19,919] {manager.py:508} INFO - Created Permission View: can edit on DAG:example_python_operator
[2023-05-29 15:18:19,920] {logging_mixin.py:115} INFO - [2023-05-29 15:18:19,920] {dag.py:2420} INFO - Sync 1 DAGs
[2023-05-29 15:18:19,930] {logging_mixin.py:115} INFO - [2023-05-29 15:18:19,929] {dag.py:2439} INFO - Creating ORM DAG for example_python_operator
[2023-05-29 15:18:19,941] {logging_mixin.py:115} INFO - [2023-05-29 15:18:19,941] {dag.py:2972} INFO - Setting next_dagrun for example_python_operator to None, run_after=None
[2023-05-29 15:18:19,962] {processor.py:161} INFO - Processing /home/airflow/.local/lib/python3.7/site-packages/airflow/example_dags/example_python_operator.py took 0.231 seconds
[2023-05-29 15:18:50,032] {processor.py:153} INFO - Started process (PID=121) to work on /home/airflow/.local/lib/python3.7/site-packages/airflow/example_dags/example_python_operator.py
[2023-05-29 15:18:50,038] {processor.py:641} INFO - Processing file /home/airflow/.local/lib/python3.7/site-packages/airflow/example_dags/example_python_operator.py for tasks to queue
[2023-05-29 15:18:50,038] {logging_mixin.py:115} INFO - [2023-05-29 15:18:50,038] {dagbag.py:508} INFO - Filling up the DagBag from /home/airflow/.local/lib/python3.7/site-packages/airflow/example_dags/example_python_operator.py
[2023-05-29 15:18:50,050] {processor.py:651} INFO - DAG(s) dict_keys(['example_python_operator']) retrieved from /home/airflow/.local/lib/python3.7/site-packages/airflow/example_dags/example_python_operator.py
[2023-05-29 15:18:50,071] {logging_mixin.py:115} INFO - [2023-05-29 15:18:50,071] {dag.py:2420} INFO - Sync 1 DAGs
[2023-05-29 15:18:50,088] {logging_mixin.py:115} INFO - [2023-05-29 15:18:50,087] {dag.py:2972} INFO - Setting next_dagrun for example_python_operator to None, run_after=None
[2023-05-29 15:18:50,122] {processor.py:161} INFO - Processing /home/airflow/.local/lib/python3.7/site-packages/airflow/example_dags/example_python_operator.py took 0.092 seconds
[2023-05-29 15:19:20,617] {processor.py:153} INFO - Started process (PID=182) to work on /home/airflow/.local/lib/python3.7/site-packages/airflow/example_dags/example_python_operator.py
[2023-05-29 15:19:20,617] {processor.py:641} INFO - Processing file /home/airflow/.local/lib/python3.7/site-packages/airflow/example_dags/example_python_operator.py for tasks to queue
[2023-05-29 15:19:20,617] {logging_mixin.py:115} INFO - [2023-05-29 15:19:20,617] {dagbag.py:508} INFO - Filling up the DagBag from /home/airflow/.local/lib/python3.7/site-packages/airflow/example_dags/example_python_operator.py
[2023-05-29 15:19:20,628] {processor.py:651} INFO - DAG(s) dict_keys(['example_python_operator']) retrieved from /home/airflow/.local/lib/python3.7/site-packages/airflow/example_dags/example_python_operator.py
[2023-05-29 15:19:20,647] {logging_mixin.py:115} INFO - [2023-05-29 15:19:20,647] {dag.py:2420} INFO - Sync 1 DAGs
[2023-05-29 15:19:20,665] {logging_mixin.py:115} INFO - [2023-05-29 15:19:20,665] {dag.py:2972} INFO - Setting next_dagrun for example_python_operator to None, run_after=None
[2023-05-29 15:19:20,676] {processor.py:161} INFO - Processing /home/airflow/.local/lib/python3.7/site-packages/airflow/example_dags/example_python_operator.py took 0.061 seconds
[2023-05-29 15:19:50,997] {processor.py:153} INFO - Started process (PID=243) to work on /home/airflow/.local/lib/python3.7/site-packages/airflow/example_dags/example_python_operator.py
[2023-05-29 15:19:50,998] {processor.py:641} INFO - Processing file /home/airflow/.local/lib/python3.7/site-packages/airflow/example_dags/example_python_operator.py for tasks to queue
[2023-05-29 15:19:50,998] {logging_mixin.py:115} INFO - [2023-05-29 15:19:50,998] {dagbag.py:508} INFO - Filling up the DagBag from /home/airflow/.local/lib/python3.7/site-packages/airflow/example_dags/example_python_operator.py
[2023-05-29 15:19:51,009] {processor.py:651} INFO - DAG(s) dict_keys(['example_python_operator']) retrieved from /home/airflow/.local/lib/python3.7/site-packages/airflow/example_dags/example_python_operator.py
[2023-05-29 15:19:51,028] {logging_mixin.py:115} INFO - [2023-05-29 15:19:51,028] {dag.py:2420} INFO - Sync 1 DAGs
[2023-05-29 15:19:51,046] {logging_mixin.py:115} INFO - [2023-05-29 15:19:51,046] {dag.py:2972} INFO - Setting next_dagrun for example_python_operator to None, run_after=None
[2023-05-29 15:19:51,055] {processor.py:161} INFO - Processing /home/airflow/.local/lib/python3.7/site-packages/airflow/example_dags/example_python_operator.py took 0.060 seconds
[2023-05-29 15:20:21,397] {processor.py:153} INFO - Started process (PID=295) to work on /home/airflow/.local/lib/python3.7/site-packages/airflow/example_dags/example_python_operator.py
[2023-05-29 15:20:21,397] {processor.py:641} INFO - Processing file /home/airflow/.local/lib/python3.7/site-packages/airflow/example_dags/example_python_operator.py for tasks to queue
[2023-05-29 15:20:21,398] {logging_mixin.py:115} INFO - [2023-05-29 15:20:21,398] {dagbag.py:508} INFO - Filling up the DagBag from /home/airflow/.local/lib/python3.7/site-packages/airflow/example_dags/example_python_operator.py
[2023-05-29 15:20:21,408] {processor.py:651} INFO - DAG(s) dict_keys(['example_python_operator']) retrieved from /home/airflow/.local/lib/python3.7/site-packages/airflow/example_dags/example_python_operator.py
[2023-05-29 15:20:21,427] {logging_mixin.py:115} INFO - [2023-05-29 15:20:21,427] {dag.py:2420} INFO - Sync 1 DAGs
[2023-05-29 15:20:21,444] {logging_mixin.py:115} INFO - [2023-05-29 15:20:21,444] {dag.py:2972} INFO - Setting next_dagrun for example_python_operator to None, run_after=None
[2023-05-29 15:20:21,455] {processor.py:161} INFO - Processing /home/airflow/.local/lib/python3.7/site-packages/airflow/example_dags/example_python_operator.py took 0.060 seconds
[2023-05-29 15:20:51,803] {processor.py:153} INFO - Started process (PID=356) to work on /home/airflow/.local/lib/python3.7/site-packages/airflow/example_dags/example_python_operator.py
[2023-05-29 15:20:51,803] {processor.py:641} INFO - Processing file /home/airflow/.local/lib/python3.7/site-packages/airflow/example_dags/example_python_operator.py for tasks to queue
[2023-05-29 15:20:51,803] {logging_mixin.py:115} INFO - [2023-05-29 15:20:51,803] {dagbag.py:508} INFO - Filling up the DagBag from /home/airflow/.local/lib/python3.7/site-packages/airflow/example_dags/example_python_operator.py
[2023-05-29 15:20:51,814] {processor.py:651} INFO - DAG(s) dict_keys(['example_python_operator']) retrieved from /home/airflow/.local/lib/python3.7/site-packages/airflow/example_dags/example_python_operator.py
[2023-05-29 15:20:51,833] {logging_mixin.py:115} INFO - [2023-05-29 15:20:51,833] {dag.py:2420} INFO - Sync 1 DAGs
[2023-05-29 15:20:51,851] {logging_mixin.py:115} INFO - [2023-05-29 15:20:51,851] {dag.py:2972} INFO - Setting next_dagrun for example_python_operator to None, run_after=None
[2023-05-29 15:20:51,861] {processor.py:161} INFO - Processing /home/airflow/.local/lib/python3.7/site-packages/airflow/example_dags/example_python_operator.py took 0.061 seconds
[2023-05-29 15:21:22,213] {processor.py:153} INFO - Started process (PID=418) to work on /home/airflow/.local/lib/python3.7/site-packages/airflow/example_dags/example_python_operator.py
[2023-05-29 15:21:22,213] {processor.py:641} INFO - Processing file /home/airflow/.local/lib/python3.7/site-packages/airflow/example_dags/example_python_operator.py for tasks to queue
[2023-05-29 15:21:22,213] {logging_mixin.py:115} INFO - [2023-05-29 15:21:22,213] {dagbag.py:508} INFO - Filling up the DagBag from /home/airflow/.local/lib/python3.7/site-packages/airflow/example_dags/example_python_operator.py
[2023-05-29 15:21:22,224] {processor.py:651} INFO - DAG(s) dict_keys(['example_python_operator']) retrieved from /home/airflow/.local/lib/python3.7/site-packages/airflow/example_dags/example_python_operator.py
[2023-05-29 15:21:22,244] {logging_mixin.py:115} INFO - [2023-05-29 15:21:22,244] {dag.py:2420} INFO - Sync 1 DAGs
[2023-05-29 15:21:22,262] {logging_mixin.py:115} INFO - [2023-05-29 15:21:22,262] {dag.py:2972} INFO - Setting next_dagrun for example_python_operator to None, run_after=None
[2023-05-29 15:21:22,273] {processor.py:161} INFO - Processing /home/airflow/.local/lib/python3.7/site-packages/airflow/example_dags/example_python_operator.py took 0.062 seconds
[2023-05-29 15:21:52,711] {processor.py:153} INFO - Started process (PID=479) to work on /home/airflow/.local/lib/python3.7/site-packages/airflow/example_dags/example_python_operator.py
[2023-05-29 15:21:52,711] {processor.py:641} INFO - Processing file /home/airflow/.local/lib/python3.7/site-packages/airflow/example_dags/example_python_operator.py for tasks to queue
[2023-05-29 15:21:52,712] {logging_mixin.py:115} INFO - [2023-05-29 15:21:52,712] {dagbag.py:508} INFO - Filling up the DagBag from /home/airflow/.local/lib/python3.7/site-packages/airflow/example_dags/example_python_operator.py
[2023-05-29 15:21:52,725] {processor.py:651} INFO - DAG(s) dict_keys(['example_python_operator']) retrieved from /home/airflow/.local/lib/python3.7/site-packages/airflow/example_dags/example_python_operator.py
[2023-05-29 15:21:52,747] {logging_mixin.py:115} INFO - [2023-05-29 15:21:52,747] {dag.py:2420} INFO - Sync 1 DAGs
[2023-05-29 15:21:52,778] {logging_mixin.py:115} INFO - [2023-05-29 15:21:52,778] {dag.py:2972} INFO - Setting next_dagrun for example_python_operator to None, run_after=None
[2023-05-29 15:21:52,798] {processor.py:161} INFO - Processing /home/airflow/.local/lib/python3.7/site-packages/airflow/example_dags/example_python_operator.py took 0.090 seconds
[2023-05-29 15:22:23,161] {processor.py:153} INFO - Started process (PID=530) to work on /home/airflow/.local/lib/python3.7/site-packages/airflow/example_dags/example_python_operator.py
[2023-05-29 15:22:23,161] {processor.py:641} INFO - Processing file /home/airflow/.local/lib/python3.7/site-packages/airflow/example_dags/example_python_operator.py for tasks to queue
[2023-05-29 15:22:23,161] {logging_mixin.py:115} INFO - [2023-05-29 15:22:23,161] {dagbag.py:508} INFO - Filling up the DagBag from /home/airflow/.local/lib/python3.7/site-packages/airflow/example_dags/example_python_operator.py
[2023-05-29 15:22:23,173] {processor.py:651} INFO - DAG(s) dict_keys(['example_python_operator']) retrieved from /home/airflow/.local/lib/python3.7/site-packages/airflow/example_dags/example_python_operator.py
[2023-05-29 15:22:23,192] {logging_mixin.py:115} INFO - [2023-05-29 15:22:23,192] {dag.py:2420} INFO - Sync 1 DAGs
[2023-05-29 15:22:23,211] {logging_mixin.py:115} INFO - [2023-05-29 15:22:23,211] {dag.py:2972} INFO - Setting next_dagrun for example_python_operator to None, run_after=None
[2023-05-29 15:22:23,221] {processor.py:161} INFO - Processing /home/airflow/.local/lib/python3.7/site-packages/airflow/example_dags/example_python_operator.py took 0.063 seconds
[2023-05-29 15:23:25,427] {processor.py:153} INFO - Started process (PID=59) to work on /home/airflow/.local/lib/python3.7/site-packages/airflow/example_dags/example_python_operator.py
[2023-05-29 15:23:25,427] {processor.py:641} INFO - Processing file /home/airflow/.local/lib/python3.7/site-packages/airflow/example_dags/example_python_operator.py for tasks to queue
[2023-05-29 15:23:25,428] {logging_mixin.py:115} INFO - [2023-05-29 15:23:25,427] {dagbag.py:508} INFO - Filling up the DagBag from /home/airflow/.local/lib/python3.7/site-packages/airflow/example_dags/example_python_operator.py
[2023-05-29 15:23:25,442] {processor.py:651} INFO - DAG(s) dict_keys(['example_python_operator']) retrieved from /home/airflow/.local/lib/python3.7/site-packages/airflow/example_dags/example_python_operator.py
[2023-05-29 15:23:25,470] {logging_mixin.py:115} INFO - [2023-05-29 15:23:25,470] {dag.py:2420} INFO - Sync 1 DAGs
[2023-05-29 15:23:25,495] {logging_mixin.py:115} INFO - [2023-05-29 15:23:25,495] {dag.py:2972} INFO - Setting next_dagrun for example_python_operator to None, run_after=None
[2023-05-29 15:23:25,510] {processor.py:161} INFO - Processing /home/airflow/.local/lib/python3.7/site-packages/airflow/example_dags/example_python_operator.py took 0.086 seconds
[2023-05-29 15:23:56,330] {processor.py:153} INFO - Started process (PID=120) to work on /home/airflow/.local/lib/python3.7/site-packages/airflow/example_dags/example_python_operator.py
[2023-05-29 15:23:56,330] {processor.py:641} INFO - Processing file /home/airflow/.local/lib/python3.7/site-packages/airflow/example_dags/example_python_operator.py for tasks to queue
[2023-05-29 15:23:56,331] {logging_mixin.py:115} INFO - [2023-05-29 15:23:56,331] {dagbag.py:508} INFO - Filling up the DagBag from /home/airflow/.local/lib/python3.7/site-packages/airflow/example_dags/example_python_operator.py
[2023-05-29 15:23:56,341] {processor.py:651} INFO - DAG(s) dict_keys(['example_python_operator']) retrieved from /home/airflow/.local/lib/python3.7/site-packages/airflow/example_dags/example_python_operator.py
[2023-05-29 15:23:56,359] {logging_mixin.py:115} INFO - [2023-05-29 15:23:56,359] {dag.py:2420} INFO - Sync 1 DAGs
[2023-05-29 15:23:56,376] {logging_mixin.py:115} INFO - [2023-05-29 15:23:56,376] {dag.py:2972} INFO - Setting next_dagrun for example_python_operator to None, run_after=None
[2023-05-29 15:23:56,386] {processor.py:161} INFO - Processing /home/airflow/.local/lib/python3.7/site-packages/airflow/example_dags/example_python_operator.py took 0.058 seconds
[2023-05-29 15:24:26,989] {processor.py:153} INFO - Started process (PID=181) to work on /home/airflow/.local/lib/python3.7/site-packages/airflow/example_dags/example_python_operator.py
[2023-05-29 15:24:26,989] {processor.py:641} INFO - Processing file /home/airflow/.local/lib/python3.7/site-packages/airflow/example_dags/example_python_operator.py for tasks to queue
[2023-05-29 15:24:26,990] {logging_mixin.py:115} INFO - [2023-05-29 15:24:26,990] {dagbag.py:508} INFO - Filling up the DagBag from /home/airflow/.local/lib/python3.7/site-packages/airflow/example_dags/example_python_operator.py
[2023-05-29 15:24:27,001] {processor.py:651} INFO - DAG(s) dict_keys(['example_python_operator']) retrieved from /home/airflow/.local/lib/python3.7/site-packages/airflow/example_dags/example_python_operator.py
[2023-05-29 15:24:27,021] {logging_mixin.py:115} INFO - [2023-05-29 15:24:27,021] {dag.py:2420} INFO - Sync 1 DAGs
[2023-05-29 15:24:27,040] {logging_mixin.py:115} INFO - [2023-05-29 15:24:27,040] {dag.py:2972} INFO - Setting next_dagrun for example_python_operator to None, run_after=None
[2023-05-29 15:24:27,051] {processor.py:161} INFO - Processing /home/airflow/.local/lib/python3.7/site-packages/airflow/example_dags/example_python_operator.py took 0.064 seconds
[2023-05-29 15:24:57,465] {processor.py:153} INFO - Started process (PID=242) to work on /home/airflow/.local/lib/python3.7/site-packages/airflow/example_dags/example_python_operator.py
[2023-05-29 15:24:57,466] {processor.py:641} INFO - Processing file /home/airflow/.local/lib/python3.7/site-packages/airflow/example_dags/example_python_operator.py for tasks to queue
[2023-05-29 15:24:57,466] {logging_mixin.py:115} INFO - [2023-05-29 15:24:57,466] {dagbag.py:508} INFO - Filling up the DagBag from /home/airflow/.local/lib/python3.7/site-packages/airflow/example_dags/example_python_operator.py
[2023-05-29 15:24:57,477] {processor.py:651} INFO - DAG(s) dict_keys(['example_python_operator']) retrieved from /home/airflow/.local/lib/python3.7/site-packages/airflow/example_dags/example_python_operator.py
[2023-05-29 15:24:57,495] {logging_mixin.py:115} INFO - [2023-05-29 15:24:57,495] {dag.py:2420} INFO - Sync 1 DAGs
[2023-05-29 15:24:57,513] {logging_mixin.py:115} INFO - [2023-05-29 15:24:57,512] {dag.py:2972} INFO - Setting next_dagrun for example_python_operator to None, run_after=None
[2023-05-29 15:24:57,524] {processor.py:161} INFO - Processing /home/airflow/.local/lib/python3.7/site-packages/airflow/example_dags/example_python_operator.py took 0.060 seconds
[2023-05-29 15:25:50,592] {processor.py:153} INFO - Started process (PID=60) to work on /home/airflow/.local/lib/python3.7/site-packages/airflow/example_dags/example_python_operator.py
[2023-05-29 15:25:50,593] {processor.py:641} INFO - Processing file /home/airflow/.local/lib/python3.7/site-packages/airflow/example_dags/example_python_operator.py for tasks to queue
[2023-05-29 15:25:50,593] {logging_mixin.py:115} INFO - [2023-05-29 15:25:50,593] {dagbag.py:508} INFO - Filling up the DagBag from /home/airflow/.local/lib/python3.7/site-packages/airflow/example_dags/example_python_operator.py
[2023-05-29 15:25:50,609] {processor.py:651} INFO - DAG(s) dict_keys(['example_python_operator']) retrieved from /home/airflow/.local/lib/python3.7/site-packages/airflow/example_dags/example_python_operator.py
[2023-05-29 15:25:50,638] {logging_mixin.py:115} INFO - [2023-05-29 15:25:50,638] {dag.py:2420} INFO - Sync 1 DAGs
[2023-05-29 15:25:50,663] {logging_mixin.py:115} INFO - [2023-05-29 15:25:50,663] {dag.py:2972} INFO - Setting next_dagrun for example_python_operator to None, run_after=None
[2023-05-29 15:25:50,677] {processor.py:161} INFO - Processing /home/airflow/.local/lib/python3.7/site-packages/airflow/example_dags/example_python_operator.py took 0.088 seconds
[2023-05-29 15:26:21,499] {processor.py:153} INFO - Started process (PID=121) to work on /home/airflow/.local/lib/python3.7/site-packages/airflow/example_dags/example_python_operator.py
[2023-05-29 15:26:21,500] {processor.py:641} INFO - Processing file /home/airflow/.local/lib/python3.7/site-packages/airflow/example_dags/example_python_operator.py for tasks to queue
[2023-05-29 15:26:21,500] {logging_mixin.py:115} INFO - [2023-05-29 15:26:21,500] {dagbag.py:508} INFO - Filling up the DagBag from /home/airflow/.local/lib/python3.7/site-packages/airflow/example_dags/example_python_operator.py
[2023-05-29 15:26:21,512] {processor.py:651} INFO - DAG(s) dict_keys(['example_python_operator']) retrieved from /home/airflow/.local/lib/python3.7/site-packages/airflow/example_dags/example_python_operator.py
[2023-05-29 15:26:21,531] {logging_mixin.py:115} INFO - [2023-05-29 15:26:21,531] {dag.py:2420} INFO - Sync 1 DAGs
[2023-05-29 15:26:21,551] {logging_mixin.py:115} INFO - [2023-05-29 15:26:21,551] {dag.py:2972} INFO - Setting next_dagrun for example_python_operator to None, run_after=None
[2023-05-29 15:26:21,562] {processor.py:161} INFO - Processing /home/airflow/.local/lib/python3.7/site-packages/airflow/example_dags/example_python_operator.py took 0.065 seconds
[2023-05-29 15:26:52,085] {processor.py:153} INFO - Started process (PID=182) to work on /home/airflow/.local/lib/python3.7/site-packages/airflow/example_dags/example_python_operator.py
[2023-05-29 15:26:52,086] {processor.py:641} INFO - Processing file /home/airflow/.local/lib/python3.7/site-packages/airflow/example_dags/example_python_operator.py for tasks to queue
[2023-05-29 15:26:52,086] {logging_mixin.py:115} INFO - [2023-05-29 15:26:52,086] {dagbag.py:508} INFO - Filling up the DagBag from /home/airflow/.local/lib/python3.7/site-packages/airflow/example_dags/example_python_operator.py
[2023-05-29 15:26:52,097] {processor.py:651} INFO - DAG(s) dict_keys(['example_python_operator']) retrieved from /home/airflow/.local/lib/python3.7/site-packages/airflow/example_dags/example_python_operator.py
[2023-05-29 15:26:52,116] {logging_mixin.py:115} INFO - [2023-05-29 15:26:52,116] {dag.py:2420} INFO - Sync 1 DAGs
[2023-05-29 15:26:52,133] {logging_mixin.py:115} INFO - [2023-05-29 15:26:52,133] {dag.py:2972} INFO - Setting next_dagrun for example_python_operator to None, run_after=None
[2023-05-29 15:26:52,143] {processor.py:161} INFO - Processing /home/airflow/.local/lib/python3.7/site-packages/airflow/example_dags/example_python_operator.py took 0.060 seconds
[2023-05-29 15:27:22,580] {processor.py:153} INFO - Started process (PID=243) to work on /home/airflow/.local/lib/python3.7/site-packages/airflow/example_dags/example_python_operator.py
[2023-05-29 15:27:22,580] {processor.py:641} INFO - Processing file /home/airflow/.local/lib/python3.7/site-packages/airflow/example_dags/example_python_operator.py for tasks to queue
[2023-05-29 15:27:22,581] {logging_mixin.py:115} INFO - [2023-05-29 15:27:22,581] {dagbag.py:508} INFO - Filling up the DagBag from /home/airflow/.local/lib/python3.7/site-packages/airflow/example_dags/example_python_operator.py
[2023-05-29 15:27:22,591] {processor.py:651} INFO - DAG(s) dict_keys(['example_python_operator']) retrieved from /home/airflow/.local/lib/python3.7/site-packages/airflow/example_dags/example_python_operator.py
[2023-05-29 15:27:22,610] {logging_mixin.py:115} INFO - [2023-05-29 15:27:22,610] {dag.py:2420} INFO - Sync 1 DAGs
[2023-05-29 15:27:22,627] {logging_mixin.py:115} INFO - [2023-05-29 15:27:22,627] {dag.py:2972} INFO - Setting next_dagrun for example_python_operator to None, run_after=None
[2023-05-29 15:27:22,637] {processor.py:161} INFO - Processing /home/airflow/.local/lib/python3.7/site-packages/airflow/example_dags/example_python_operator.py took 0.060 seconds
[2023-05-29 15:27:53,183] {processor.py:153} INFO - Started process (PID=295) to work on /home/airflow/.local/lib/python3.7/site-packages/airflow/example_dags/example_python_operator.py
[2023-05-29 15:27:53,183] {processor.py:641} INFO - Processing file /home/airflow/.local/lib/python3.7/site-packages/airflow/example_dags/example_python_operator.py for tasks to queue
[2023-05-29 15:27:53,183] {logging_mixin.py:115} INFO - [2023-05-29 15:27:53,183] {dagbag.py:508} INFO - Filling up the DagBag from /home/airflow/.local/lib/python3.7/site-packages/airflow/example_dags/example_python_operator.py
[2023-05-29 15:27:53,194] {processor.py:651} INFO - DAG(s) dict_keys(['example_python_operator']) retrieved from /home/airflow/.local/lib/python3.7/site-packages/airflow/example_dags/example_python_operator.py
[2023-05-29 15:27:53,212] {logging_mixin.py:115} INFO - [2023-05-29 15:27:53,212] {dag.py:2420} INFO - Sync 1 DAGs
[2023-05-29 15:27:53,228] {logging_mixin.py:115} INFO - [2023-05-29 15:27:53,228] {dag.py:2972} INFO - Setting next_dagrun for example_python_operator to None, run_after=None
[2023-05-29 15:27:53,239] {processor.py:161} INFO - Processing /home/airflow/.local/lib/python3.7/site-packages/airflow/example_dags/example_python_operator.py took 0.058 seconds
[2023-05-29 15:28:23,650] {processor.py:153} INFO - Started process (PID=356) to work on /home/airflow/.local/lib/python3.7/site-packages/airflow/example_dags/example_python_operator.py
[2023-05-29 15:28:23,650] {processor.py:641} INFO - Processing file /home/airflow/.local/lib/python3.7/site-packages/airflow/example_dags/example_python_operator.py for tasks to queue
[2023-05-29 15:28:23,651] {logging_mixin.py:115} INFO - [2023-05-29 15:28:23,651] {dagbag.py:508} INFO - Filling up the DagBag from /home/airflow/.local/lib/python3.7/site-packages/airflow/example_dags/example_python_operator.py
[2023-05-29 15:28:23,662] {processor.py:651} INFO - DAG(s) dict_keys(['example_python_operator']) retrieved from /home/airflow/.local/lib/python3.7/site-packages/airflow/example_dags/example_python_operator.py
[2023-05-29 15:28:23,686] {logging_mixin.py:115} INFO - [2023-05-29 15:28:23,686] {dag.py:2420} INFO - Sync 1 DAGs
[2023-05-29 15:28:23,709] {logging_mixin.py:115} INFO - [2023-05-29 15:28:23,709] {dag.py:2972} INFO - Setting next_dagrun for example_python_operator to None, run_after=None
[2023-05-29 15:28:23,724] {processor.py:161} INFO - Processing /home/airflow/.local/lib/python3.7/site-packages/airflow/example_dags/example_python_operator.py took 0.076 seconds
[2023-05-29 15:28:54,195] {processor.py:153} INFO - Started process (PID=417) to work on /home/airflow/.local/lib/python3.7/site-packages/airflow/example_dags/example_python_operator.py
[2023-05-29 15:28:54,196] {processor.py:641} INFO - Processing file /home/airflow/.local/lib/python3.7/site-packages/airflow/example_dags/example_python_operator.py for tasks to queue
[2023-05-29 15:28:54,196] {logging_mixin.py:115} INFO - [2023-05-29 15:28:54,196] {dagbag.py:508} INFO - Filling up the DagBag from /home/airflow/.local/lib/python3.7/site-packages/airflow/example_dags/example_python_operator.py
[2023-05-29 15:28:54,208] {processor.py:651} INFO - DAG(s) dict_keys(['example_python_operator']) retrieved from /home/airflow/.local/lib/python3.7/site-packages/airflow/example_dags/example_python_operator.py
[2023-05-29 15:28:54,228] {logging_mixin.py:115} INFO - [2023-05-29 15:28:54,228] {dag.py:2420} INFO - Sync 1 DAGs
[2023-05-29 15:28:54,245] {logging_mixin.py:115} INFO - [2023-05-29 15:28:54,245] {dag.py:2972} INFO - Setting next_dagrun for example_python_operator to None, run_after=None
[2023-05-29 15:28:54,256] {processor.py:161} INFO - Processing /home/airflow/.local/lib/python3.7/site-packages/airflow/example_dags/example_python_operator.py took 0.063 seconds
[2023-05-29 15:29:24,754] {processor.py:153} INFO - Started process (PID=479) to work on /home/airflow/.local/lib/python3.7/site-packages/airflow/example_dags/example_python_operator.py
[2023-05-29 15:29:24,755] {processor.py:641} INFO - Processing file /home/airflow/.local/lib/python3.7/site-packages/airflow/example_dags/example_python_operator.py for tasks to queue
[2023-05-29 15:29:24,755] {logging_mixin.py:115} INFO - [2023-05-29 15:29:24,755] {dagbag.py:508} INFO - Filling up the DagBag from /home/airflow/.local/lib/python3.7/site-packages/airflow/example_dags/example_python_operator.py
[2023-05-29 15:29:24,766] {processor.py:651} INFO - DAG(s) dict_keys(['example_python_operator']) retrieved from /home/airflow/.local/lib/python3.7/site-packages/airflow/example_dags/example_python_operator.py
[2023-05-29 15:29:24,785] {logging_mixin.py:115} INFO - [2023-05-29 15:29:24,785] {dag.py:2420} INFO - Sync 1 DAGs
[2023-05-29 15:29:24,803] {logging_mixin.py:115} INFO - [2023-05-29 15:29:24,803] {dag.py:2972} INFO - Setting next_dagrun for example_python_operator to None, run_after=None
[2023-05-29 15:29:24,814] {processor.py:161} INFO - Processing /home/airflow/.local/lib/python3.7/site-packages/airflow/example_dags/example_python_operator.py took 0.062 seconds
[2023-05-29 15:29:55,194] {processor.py:153} INFO - Started process (PID=531) to work on /home/airflow/.local/lib/python3.7/site-packages/airflow/example_dags/example_python_operator.py
[2023-05-29 15:29:55,195] {processor.py:641} INFO - Processing file /home/airflow/.local/lib/python3.7/site-packages/airflow/example_dags/example_python_operator.py for tasks to queue
[2023-05-29 15:29:55,195] {logging_mixin.py:115} INFO - [2023-05-29 15:29:55,195] {dagbag.py:508} INFO - Filling up the DagBag from /home/airflow/.local/lib/python3.7/site-packages/airflow/example_dags/example_python_operator.py
[2023-05-29 15:29:55,206] {processor.py:651} INFO - DAG(s) dict_keys(['example_python_operator']) retrieved from /home/airflow/.local/lib/python3.7/site-packages/airflow/example_dags/example_python_operator.py
[2023-05-29 15:29:55,224] {logging_mixin.py:115} INFO - [2023-05-29 15:29:55,224] {dag.py:2420} INFO - Sync 1 DAGs
[2023-05-29 15:29:55,241] {logging_mixin.py:115} INFO - [2023-05-29 15:29:55,241] {dag.py:2972} INFO - Setting next_dagrun for example_python_operator to None, run_after=None
[2023-05-29 15:29:55,251] {processor.py:161} INFO - Processing /home/airflow/.local/lib/python3.7/site-packages/airflow/example_dags/example_python_operator.py took 0.059 seconds
[2023-05-29 15:30:25,761] {processor.py:153} INFO - Started process (PID=592) to work on /home/airflow/.local/lib/python3.7/site-packages/airflow/example_dags/example_python_operator.py
[2023-05-29 15:30:25,772] {processor.py:641} INFO - Processing file /home/airflow/.local/lib/python3.7/site-packages/airflow/example_dags/example_python_operator.py for tasks to queue
[2023-05-29 15:30:25,772] {logging_mixin.py:115} INFO - [2023-05-29 15:30:25,772] {dagbag.py:508} INFO - Filling up the DagBag from /home/airflow/.local/lib/python3.7/site-packages/airflow/example_dags/example_python_operator.py
[2023-05-29 15:30:25,783] {processor.py:651} INFO - DAG(s) dict_keys(['example_python_operator']) retrieved from /home/airflow/.local/lib/python3.7/site-packages/airflow/example_dags/example_python_operator.py
[2023-05-29 15:30:25,802] {logging_mixin.py:115} INFO - [2023-05-29 15:30:25,802] {dag.py:2420} INFO - Sync 1 DAGs
[2023-05-29 15:30:25,819] {logging_mixin.py:115} INFO - [2023-05-29 15:30:25,819] {dag.py:2972} INFO - Setting next_dagrun for example_python_operator to None, run_after=None
[2023-05-29 15:30:25,857] {processor.py:161} INFO - Processing /home/airflow/.local/lib/python3.7/site-packages/airflow/example_dags/example_python_operator.py took 0.098 seconds
[2023-05-29 15:30:56,518] {processor.py:153} INFO - Started process (PID=653) to work on /home/airflow/.local/lib/python3.7/site-packages/airflow/example_dags/example_python_operator.py
[2023-05-29 15:30:56,518] {processor.py:641} INFO - Processing file /home/airflow/.local/lib/python3.7/site-packages/airflow/example_dags/example_python_operator.py for tasks to queue
[2023-05-29 15:30:56,519] {logging_mixin.py:115} INFO - [2023-05-29 15:30:56,519] {dagbag.py:508} INFO - Filling up the DagBag from /home/airflow/.local/lib/python3.7/site-packages/airflow/example_dags/example_python_operator.py
[2023-05-29 15:30:56,531] {processor.py:651} INFO - DAG(s) dict_keys(['example_python_operator']) retrieved from /home/airflow/.local/lib/python3.7/site-packages/airflow/example_dags/example_python_operator.py
[2023-05-29 15:30:56,549] {logging_mixin.py:115} INFO - [2023-05-29 15:30:56,549] {dag.py:2420} INFO - Sync 1 DAGs
[2023-05-29 15:30:56,566] {logging_mixin.py:115} INFO - [2023-05-29 15:30:56,566] {dag.py:2972} INFO - Setting next_dagrun for example_python_operator to None, run_after=None
[2023-05-29 15:30:56,578] {processor.py:161} INFO - Processing /home/airflow/.local/lib/python3.7/site-packages/airflow/example_dags/example_python_operator.py took 0.062 seconds
[2023-05-29 15:31:27,040] {processor.py:153} INFO - Started process (PID=714) to work on /home/airflow/.local/lib/python3.7/site-packages/airflow/example_dags/example_python_operator.py
[2023-05-29 15:31:27,041] {processor.py:641} INFO - Processing file /home/airflow/.local/lib/python3.7/site-packages/airflow/example_dags/example_python_operator.py for tasks to queue
[2023-05-29 15:31:27,041] {logging_mixin.py:115} INFO - [2023-05-29 15:31:27,041] {dagbag.py:508} INFO - Filling up the DagBag from /home/airflow/.local/lib/python3.7/site-packages/airflow/example_dags/example_python_operator.py
[2023-05-29 15:31:27,052] {processor.py:651} INFO - DAG(s) dict_keys(['example_python_operator']) retrieved from /home/airflow/.local/lib/python3.7/site-packages/airflow/example_dags/example_python_operator.py
[2023-05-29 15:31:27,071] {logging_mixin.py:115} INFO - [2023-05-29 15:31:27,071] {dag.py:2420} INFO - Sync 1 DAGs
[2023-05-29 15:31:27,088] {logging_mixin.py:115} INFO - [2023-05-29 15:31:27,088] {dag.py:2972} INFO - Setting next_dagrun for example_python_operator to None, run_after=None
[2023-05-29 15:31:27,100] {processor.py:161} INFO - Processing /home/airflow/.local/lib/python3.7/site-packages/airflow/example_dags/example_python_operator.py took 0.061 seconds
[2023-05-29 15:31:57,464] {processor.py:153} INFO - Started process (PID=765) to work on /home/airflow/.local/lib/python3.7/site-packages/airflow/example_dags/example_python_operator.py
[2023-05-29 15:31:57,465] {processor.py:641} INFO - Processing file /home/airflow/.local/lib/python3.7/site-packages/airflow/example_dags/example_python_operator.py for tasks to queue
[2023-05-29 15:31:57,465] {logging_mixin.py:115} INFO - [2023-05-29 15:31:57,465] {dagbag.py:508} INFO - Filling up the DagBag from /home/airflow/.local/lib/python3.7/site-packages/airflow/example_dags/example_python_operator.py
[2023-05-29 15:31:57,476] {processor.py:651} INFO - DAG(s) dict_keys(['example_python_operator']) retrieved from /home/airflow/.local/lib/python3.7/site-packages/airflow/example_dags/example_python_operator.py
[2023-05-29 15:31:57,494] {logging_mixin.py:115} INFO - [2023-05-29 15:31:57,494] {dag.py:2420} INFO - Sync 1 DAGs
[2023-05-29 15:31:57,512] {logging_mixin.py:115} INFO - [2023-05-29 15:31:57,512] {dag.py:2972} INFO - Setting next_dagrun for example_python_operator to None, run_after=None
[2023-05-29 15:31:57,521] {processor.py:161} INFO - Processing /home/airflow/.local/lib/python3.7/site-packages/airflow/example_dags/example_python_operator.py took 0.059 seconds
[2023-05-29 15:32:27,967] {processor.py:153} INFO - Started process (PID=826) to work on /home/airflow/.local/lib/python3.7/site-packages/airflow/example_dags/example_python_operator.py
[2023-05-29 15:32:27,967] {processor.py:641} INFO - Processing file /home/airflow/.local/lib/python3.7/site-packages/airflow/example_dags/example_python_operator.py for tasks to queue
[2023-05-29 15:32:27,967] {logging_mixin.py:115} INFO - [2023-05-29 15:32:27,967] {dagbag.py:508} INFO - Filling up the DagBag from /home/airflow/.local/lib/python3.7/site-packages/airflow/example_dags/example_python_operator.py
[2023-05-29 15:32:27,979] {processor.py:651} INFO - DAG(s) dict_keys(['example_python_operator']) retrieved from /home/airflow/.local/lib/python3.7/site-packages/airflow/example_dags/example_python_operator.py
[2023-05-29 15:32:28,000] {logging_mixin.py:115} INFO - [2023-05-29 15:32:28,000] {dag.py:2420} INFO - Sync 1 DAGs
[2023-05-29 15:32:28,018] {logging_mixin.py:115} INFO - [2023-05-29 15:32:28,018] {dag.py:2972} INFO - Setting next_dagrun for example_python_operator to None, run_after=None
[2023-05-29 15:32:28,029] {processor.py:161} INFO - Processing /home/airflow/.local/lib/python3.7/site-packages/airflow/example_dags/example_python_operator.py took 0.065 seconds
[2023-05-29 15:32:58,393] {processor.py:153} INFO - Started process (PID=887) to work on /home/airflow/.local/lib/python3.7/site-packages/airflow/example_dags/example_python_operator.py
[2023-05-29 15:32:58,394] {processor.py:641} INFO - Processing file /home/airflow/.local/lib/python3.7/site-packages/airflow/example_dags/example_python_operator.py for tasks to queue
[2023-05-29 15:32:58,394] {logging_mixin.py:115} INFO - [2023-05-29 15:32:58,394] {dagbag.py:508} INFO - Filling up the DagBag from /home/airflow/.local/lib/python3.7/site-packages/airflow/example_dags/example_python_operator.py
[2023-05-29 15:32:58,404] {processor.py:651} INFO - DAG(s) dict_keys(['example_python_operator']) retrieved from /home/airflow/.local/lib/python3.7/site-packages/airflow/example_dags/example_python_operator.py
[2023-05-29 15:32:58,423] {logging_mixin.py:115} INFO - [2023-05-29 15:32:58,423] {dag.py:2420} INFO - Sync 1 DAGs
[2023-05-29 15:32:58,440] {logging_mixin.py:115} INFO - [2023-05-29 15:32:58,440] {dag.py:2972} INFO - Setting next_dagrun for example_python_operator to None, run_after=None
[2023-05-29 15:32:58,450] {processor.py:161} INFO - Processing /home/airflow/.local/lib/python3.7/site-packages/airflow/example_dags/example_python_operator.py took 0.059 seconds
[2023-05-29 15:33:28,888] {processor.py:153} INFO - Started process (PID=948) to work on /home/airflow/.local/lib/python3.7/site-packages/airflow/example_dags/example_python_operator.py
[2023-05-29 15:33:28,889] {processor.py:641} INFO - Processing file /home/airflow/.local/lib/python3.7/site-packages/airflow/example_dags/example_python_operator.py for tasks to queue
[2023-05-29 15:33:28,889] {logging_mixin.py:115} INFO - [2023-05-29 15:33:28,889] {dagbag.py:508} INFO - Filling up the DagBag from /home/airflow/.local/lib/python3.7/site-packages/airflow/example_dags/example_python_operator.py
[2023-05-29 15:33:28,901] {processor.py:651} INFO - DAG(s) dict_keys(['example_python_operator']) retrieved from /home/airflow/.local/lib/python3.7/site-packages/airflow/example_dags/example_python_operator.py
[2023-05-29 15:33:28,923] {logging_mixin.py:115} INFO - [2023-05-29 15:33:28,923] {dag.py:2420} INFO - Sync 1 DAGs
[2023-05-29 15:33:28,944] {logging_mixin.py:115} INFO - [2023-05-29 15:33:28,944] {dag.py:2972} INFO - Setting next_dagrun for example_python_operator to None, run_after=None
[2023-05-29 15:33:28,956] {processor.py:161} INFO - Processing /home/airflow/.local/lib/python3.7/site-packages/airflow/example_dags/example_python_operator.py took 0.070 seconds
[2023-05-29 15:33:59,464] {processor.py:153} INFO - Started process (PID=1000) to work on /home/airflow/.local/lib/python3.7/site-packages/airflow/example_dags/example_python_operator.py
[2023-05-29 15:33:59,465] {processor.py:641} INFO - Processing file /home/airflow/.local/lib/python3.7/site-packages/airflow/example_dags/example_python_operator.py for tasks to queue
[2023-05-29 15:33:59,465] {logging_mixin.py:115} INFO - [2023-05-29 15:33:59,465] {dagbag.py:508} INFO - Filling up the DagBag from /home/airflow/.local/lib/python3.7/site-packages/airflow/example_dags/example_python_operator.py
[2023-05-29 15:33:59,476] {processor.py:651} INFO - DAG(s) dict_keys(['example_python_operator']) retrieved from /home/airflow/.local/lib/python3.7/site-packages/airflow/example_dags/example_python_operator.py
[2023-05-29 15:33:59,495] {logging_mixin.py:115} INFO - [2023-05-29 15:33:59,495] {dag.py:2420} INFO - Sync 1 DAGs
[2023-05-29 15:33:59,512] {logging_mixin.py:115} INFO - [2023-05-29 15:33:59,512] {dag.py:2972} INFO - Setting next_dagrun for example_python_operator to None, run_after=None
[2023-05-29 15:33:59,523] {processor.py:161} INFO - Processing /home/airflow/.local/lib/python3.7/site-packages/airflow/example_dags/example_python_operator.py took 0.060 seconds
[2023-05-29 15:34:29,916] {processor.py:153} INFO - Started process (PID=1061) to work on /home/airflow/.local/lib/python3.7/site-packages/airflow/example_dags/example_python_operator.py
[2023-05-29 15:34:29,916] {processor.py:641} INFO - Processing file /home/airflow/.local/lib/python3.7/site-packages/airflow/example_dags/example_python_operator.py for tasks to queue
[2023-05-29 15:34:29,916] {logging_mixin.py:115} INFO - [2023-05-29 15:34:29,916] {dagbag.py:508} INFO - Filling up the DagBag from /home/airflow/.local/lib/python3.7/site-packages/airflow/example_dags/example_python_operator.py
[2023-05-29 15:34:29,928] {processor.py:651} INFO - DAG(s) dict_keys(['example_python_operator']) retrieved from /home/airflow/.local/lib/python3.7/site-packages/airflow/example_dags/example_python_operator.py
[2023-05-29 15:34:29,947] {logging_mixin.py:115} INFO - [2023-05-29 15:34:29,947] {dag.py:2420} INFO - Sync 1 DAGs
[2023-05-29 15:34:29,964] {logging_mixin.py:115} INFO - [2023-05-29 15:34:29,964] {dag.py:2972} INFO - Setting next_dagrun for example_python_operator to None, run_after=None
[2023-05-29 15:34:29,974] {processor.py:161} INFO - Processing /home/airflow/.local/lib/python3.7/site-packages/airflow/example_dags/example_python_operator.py took 0.062 seconds
[2023-05-29 15:35:00,388] {processor.py:153} INFO - Started process (PID=1122) to work on /home/airflow/.local/lib/python3.7/site-packages/airflow/example_dags/example_python_operator.py
[2023-05-29 15:35:00,389] {processor.py:641} INFO - Processing file /home/airflow/.local/lib/python3.7/site-packages/airflow/example_dags/example_python_operator.py for tasks to queue
[2023-05-29 15:35:00,389] {logging_mixin.py:115} INFO - [2023-05-29 15:35:00,389] {dagbag.py:508} INFO - Filling up the DagBag from /home/airflow/.local/lib/python3.7/site-packages/airflow/example_dags/example_python_operator.py
[2023-05-29 15:35:00,400] {processor.py:651} INFO - DAG(s) dict_keys(['example_python_operator']) retrieved from /home/airflow/.local/lib/python3.7/site-packages/airflow/example_dags/example_python_operator.py
[2023-05-29 15:35:00,419] {logging_mixin.py:115} INFO - [2023-05-29 15:35:00,419] {dag.py:2420} INFO - Sync 1 DAGs
[2023-05-29 15:35:00,435] {logging_mixin.py:115} INFO - [2023-05-29 15:35:00,435] {dag.py:2972} INFO - Setting next_dagrun for example_python_operator to None, run_after=None
[2023-05-29 15:35:00,446] {processor.py:161} INFO - Processing /home/airflow/.local/lib/python3.7/site-packages/airflow/example_dags/example_python_operator.py took 0.060 seconds
[2023-05-29 15:35:30,935] {processor.py:153} INFO - Started process (PID=1181) to work on /home/airflow/.local/lib/python3.7/site-packages/airflow/example_dags/example_python_operator.py
[2023-05-29 15:35:30,935] {processor.py:641} INFO - Processing file /home/airflow/.local/lib/python3.7/site-packages/airflow/example_dags/example_python_operator.py for tasks to queue
[2023-05-29 15:35:30,936] {logging_mixin.py:115} INFO - [2023-05-29 15:35:30,936] {dagbag.py:508} INFO - Filling up the DagBag from /home/airflow/.local/lib/python3.7/site-packages/airflow/example_dags/example_python_operator.py
[2023-05-29 15:35:30,948] {processor.py:651} INFO - DAG(s) dict_keys(['example_python_operator']) retrieved from /home/airflow/.local/lib/python3.7/site-packages/airflow/example_dags/example_python_operator.py
[2023-05-29 15:35:30,971] {logging_mixin.py:115} INFO - [2023-05-29 15:35:30,970] {dag.py:2420} INFO - Sync 1 DAGs
[2023-05-29 15:35:30,991] {logging_mixin.py:115} INFO - [2023-05-29 15:35:30,991] {dag.py:2972} INFO - Setting next_dagrun for example_python_operator to None, run_after=None
[2023-05-29 15:35:31,004] {processor.py:161} INFO - Processing /home/airflow/.local/lib/python3.7/site-packages/airflow/example_dags/example_python_operator.py took 0.072 seconds
[2023-05-29 15:36:01,662] {processor.py:153} INFO - Started process (PID=1236) to work on /home/airflow/.local/lib/python3.7/site-packages/airflow/example_dags/example_python_operator.py
[2023-05-29 15:36:01,663] {processor.py:641} INFO - Processing file /home/airflow/.local/lib/python3.7/site-packages/airflow/example_dags/example_python_operator.py for tasks to queue
[2023-05-29 15:36:01,664] {logging_mixin.py:115} INFO - [2023-05-29 15:36:01,663] {dagbag.py:508} INFO - Filling up the DagBag from /home/airflow/.local/lib/python3.7/site-packages/airflow/example_dags/example_python_operator.py
[2023-05-29 15:36:01,680] {processor.py:651} INFO - DAG(s) dict_keys(['example_python_operator']) retrieved from /home/airflow/.local/lib/python3.7/site-packages/airflow/example_dags/example_python_operator.py
[2023-05-29 15:36:01,703] {logging_mixin.py:115} INFO - [2023-05-29 15:36:01,703] {dag.py:2420} INFO - Sync 1 DAGs
[2023-05-29 15:36:01,721] {logging_mixin.py:115} INFO - [2023-05-29 15:36:01,721] {dag.py:2972} INFO - Setting next_dagrun for example_python_operator to None, run_after=None
[2023-05-29 15:36:01,732] {processor.py:161} INFO - Processing /home/airflow/.local/lib/python3.7/site-packages/airflow/example_dags/example_python_operator.py took 0.073 seconds
[2023-05-29 15:36:32,170] {processor.py:153} INFO - Started process (PID=1298) to work on /home/airflow/.local/lib/python3.7/site-packages/airflow/example_dags/example_python_operator.py
[2023-05-29 15:36:32,170] {processor.py:641} INFO - Processing file /home/airflow/.local/lib/python3.7/site-packages/airflow/example_dags/example_python_operator.py for tasks to queue
[2023-05-29 15:36:32,171] {logging_mixin.py:115} INFO - [2023-05-29 15:36:32,171] {dagbag.py:508} INFO - Filling up the DagBag from /home/airflow/.local/lib/python3.7/site-packages/airflow/example_dags/example_python_operator.py
[2023-05-29 15:36:32,181] {processor.py:651} INFO - DAG(s) dict_keys(['example_python_operator']) retrieved from /home/airflow/.local/lib/python3.7/site-packages/airflow/example_dags/example_python_operator.py
[2023-05-29 15:36:32,202] {logging_mixin.py:115} INFO - [2023-05-29 15:36:32,202] {dag.py:2420} INFO - Sync 1 DAGs
[2023-05-29 15:36:32,219] {logging_mixin.py:115} INFO - [2023-05-29 15:36:32,219] {dag.py:2972} INFO - Setting next_dagrun for example_python_operator to None, run_after=None
[2023-05-29 15:36:32,229] {processor.py:161} INFO - Processing /home/airflow/.local/lib/python3.7/site-packages/airflow/example_dags/example_python_operator.py took 0.062 seconds
[2023-05-29 15:37:02,743] {processor.py:153} INFO - Started process (PID=1360) to work on /home/airflow/.local/lib/python3.7/site-packages/airflow/example_dags/example_python_operator.py
[2023-05-29 15:37:02,743] {processor.py:641} INFO - Processing file /home/airflow/.local/lib/python3.7/site-packages/airflow/example_dags/example_python_operator.py for tasks to queue
[2023-05-29 15:37:02,744] {logging_mixin.py:115} INFO - [2023-05-29 15:37:02,744] {dagbag.py:508} INFO - Filling up the DagBag from /home/airflow/.local/lib/python3.7/site-packages/airflow/example_dags/example_python_operator.py
[2023-05-29 15:37:02,755] {processor.py:651} INFO - DAG(s) dict_keys(['example_python_operator']) retrieved from /home/airflow/.local/lib/python3.7/site-packages/airflow/example_dags/example_python_operator.py
[2023-05-29 15:37:02,774] {logging_mixin.py:115} INFO - [2023-05-29 15:37:02,773] {dag.py:2420} INFO - Sync 1 DAGs
[2023-05-29 15:37:02,790] {logging_mixin.py:115} INFO - [2023-05-29 15:37:02,790] {dag.py:2972} INFO - Setting next_dagrun for example_python_operator to None, run_after=None
[2023-05-29 15:37:02,801] {processor.py:161} INFO - Processing /home/airflow/.local/lib/python3.7/site-packages/airflow/example_dags/example_python_operator.py took 0.060 seconds
[2023-05-29 15:37:33,218] {processor.py:153} INFO - Started process (PID=1413) to work on /home/airflow/.local/lib/python3.7/site-packages/airflow/example_dags/example_python_operator.py
[2023-05-29 15:37:33,219] {processor.py:641} INFO - Processing file /home/airflow/.local/lib/python3.7/site-packages/airflow/example_dags/example_python_operator.py for tasks to queue
[2023-05-29 15:37:33,219] {logging_mixin.py:115} INFO - [2023-05-29 15:37:33,219] {dagbag.py:508} INFO - Filling up the DagBag from /home/airflow/.local/lib/python3.7/site-packages/airflow/example_dags/example_python_operator.py
[2023-05-29 15:37:33,230] {processor.py:651} INFO - DAG(s) dict_keys(['example_python_operator']) retrieved from /home/airflow/.local/lib/python3.7/site-packages/airflow/example_dags/example_python_operator.py
[2023-05-29 15:37:33,248] {logging_mixin.py:115} INFO - [2023-05-29 15:37:33,248] {dag.py:2420} INFO - Sync 1 DAGs
[2023-05-29 15:37:33,265] {logging_mixin.py:115} INFO - [2023-05-29 15:37:33,265] {dag.py:2972} INFO - Setting next_dagrun for example_python_operator to None, run_after=None
[2023-05-29 15:37:33,275] {processor.py:161} INFO - Processing /home/airflow/.local/lib/python3.7/site-packages/airflow/example_dags/example_python_operator.py took 0.059 seconds
[2023-05-29 15:38:03,813] {processor.py:153} INFO - Started process (PID=1475) to work on /home/airflow/.local/lib/python3.7/site-packages/airflow/example_dags/example_python_operator.py
[2023-05-29 15:38:03,813] {processor.py:641} INFO - Processing file /home/airflow/.local/lib/python3.7/site-packages/airflow/example_dags/example_python_operator.py for tasks to queue
[2023-05-29 15:38:03,814] {logging_mixin.py:115} INFO - [2023-05-29 15:38:03,813] {dagbag.py:508} INFO - Filling up the DagBag from /home/airflow/.local/lib/python3.7/site-packages/airflow/example_dags/example_python_operator.py
[2023-05-29 15:38:03,825] {processor.py:651} INFO - DAG(s) dict_keys(['example_python_operator']) retrieved from /home/airflow/.local/lib/python3.7/site-packages/airflow/example_dags/example_python_operator.py
[2023-05-29 15:38:03,845] {logging_mixin.py:115} INFO - [2023-05-29 15:38:03,845] {dag.py:2420} INFO - Sync 1 DAGs
[2023-05-29 15:38:03,862] {logging_mixin.py:115} INFO - [2023-05-29 15:38:03,862] {dag.py:2972} INFO - Setting next_dagrun for example_python_operator to None, run_after=None
[2023-05-29 15:38:03,874] {processor.py:161} INFO - Processing /home/airflow/.local/lib/python3.7/site-packages/airflow/example_dags/example_python_operator.py took 0.063 seconds
[2023-05-29 15:38:34,220] {processor.py:153} INFO - Started process (PID=1546) to work on /home/airflow/.local/lib/python3.7/site-packages/airflow/example_dags/example_python_operator.py
[2023-05-29 15:38:34,220] {processor.py:641} INFO - Processing file /home/airflow/.local/lib/python3.7/site-packages/airflow/example_dags/example_python_operator.py for tasks to queue
[2023-05-29 15:38:34,221] {logging_mixin.py:115} INFO - [2023-05-29 15:38:34,221] {dagbag.py:508} INFO - Filling up the DagBag from /home/airflow/.local/lib/python3.7/site-packages/airflow/example_dags/example_python_operator.py
[2023-05-29 15:38:34,232] {processor.py:651} INFO - DAG(s) dict_keys(['example_python_operator']) retrieved from /home/airflow/.local/lib/python3.7/site-packages/airflow/example_dags/example_python_operator.py
[2023-05-29 15:38:34,253] {logging_mixin.py:115} INFO - [2023-05-29 15:38:34,252] {dag.py:2420} INFO - Sync 1 DAGs
[2023-05-29 15:38:34,269] {logging_mixin.py:115} INFO - [2023-05-29 15:38:34,269] {dag.py:2972} INFO - Setting next_dagrun for example_python_operator to None, run_after=None
[2023-05-29 15:38:34,280] {processor.py:161} INFO - Processing /home/airflow/.local/lib/python3.7/site-packages/airflow/example_dags/example_python_operator.py took 0.063 seconds
[2023-05-29 15:39:05,071] {processor.py:153} INFO - Started process (PID=1612) to work on /home/airflow/.local/lib/python3.7/site-packages/airflow/example_dags/example_python_operator.py
[2023-05-29 15:39:05,072] {processor.py:641} INFO - Processing file /home/airflow/.local/lib/python3.7/site-packages/airflow/example_dags/example_python_operator.py for tasks to queue
[2023-05-29 15:39:05,072] {logging_mixin.py:115} INFO - [2023-05-29 15:39:05,072] {dagbag.py:508} INFO - Filling up the DagBag from /home/airflow/.local/lib/python3.7/site-packages/airflow/example_dags/example_python_operator.py
[2023-05-29 15:39:05,084] {processor.py:651} INFO - DAG(s) dict_keys(['example_python_operator']) retrieved from /home/airflow/.local/lib/python3.7/site-packages/airflow/example_dags/example_python_operator.py
[2023-05-29 15:39:05,103] {logging_mixin.py:115} INFO - [2023-05-29 15:39:05,103] {dag.py:2420} INFO - Sync 1 DAGs
[2023-05-29 15:39:05,119] {logging_mixin.py:115} INFO - [2023-05-29 15:39:05,119] {dag.py:2972} INFO - Setting next_dagrun for example_python_operator to None, run_after=None
[2023-05-29 15:39:05,130] {processor.py:161} INFO - Processing /home/airflow/.local/lib/python3.7/site-packages/airflow/example_dags/example_python_operator.py took 0.061 seconds
[2023-05-29 15:39:35,655] {processor.py:153} INFO - Started process (PID=1665) to work on /home/airflow/.local/lib/python3.7/site-packages/airflow/example_dags/example_python_operator.py
[2023-05-29 15:39:35,656] {processor.py:641} INFO - Processing file /home/airflow/.local/lib/python3.7/site-packages/airflow/example_dags/example_python_operator.py for tasks to queue
[2023-05-29 15:39:35,656] {logging_mixin.py:115} INFO - [2023-05-29 15:39:35,656] {dagbag.py:508} INFO - Filling up the DagBag from /home/airflow/.local/lib/python3.7/site-packages/airflow/example_dags/example_python_operator.py
[2023-05-29 15:39:35,668] {processor.py:651} INFO - DAG(s) dict_keys(['example_python_operator']) retrieved from /home/airflow/.local/lib/python3.7/site-packages/airflow/example_dags/example_python_operator.py
[2023-05-29 15:39:35,688] {logging_mixin.py:115} INFO - [2023-05-29 15:39:35,688] {dag.py:2420} INFO - Sync 1 DAGs
[2023-05-29 15:39:35,706] {logging_mixin.py:115} INFO - [2023-05-29 15:39:35,706] {dag.py:2972} INFO - Setting next_dagrun for example_python_operator to None, run_after=None
[2023-05-29 15:39:35,720] {processor.py:161} INFO - Processing /home/airflow/.local/lib/python3.7/site-packages/airflow/example_dags/example_python_operator.py took 0.067 seconds
[2023-05-29 15:40:06,038] {processor.py:153} INFO - Started process (PID=1727) to work on /home/airflow/.local/lib/python3.7/site-packages/airflow/example_dags/example_python_operator.py
[2023-05-29 15:40:06,038] {processor.py:641} INFO - Processing file /home/airflow/.local/lib/python3.7/site-packages/airflow/example_dags/example_python_operator.py for tasks to queue
[2023-05-29 15:40:06,038] {logging_mixin.py:115} INFO - [2023-05-29 15:40:06,038] {dagbag.py:508} INFO - Filling up the DagBag from /home/airflow/.local/lib/python3.7/site-packages/airflow/example_dags/example_python_operator.py
[2023-05-29 15:40:06,049] {processor.py:651} INFO - DAG(s) dict_keys(['example_python_operator']) retrieved from /home/airflow/.local/lib/python3.7/site-packages/airflow/example_dags/example_python_operator.py
[2023-05-29 15:40:06,067] {logging_mixin.py:115} INFO - [2023-05-29 15:40:06,067] {dag.py:2420} INFO - Sync 1 DAGs
[2023-05-29 15:40:06,083] {logging_mixin.py:115} INFO - [2023-05-29 15:40:06,083] {dag.py:2972} INFO - Setting next_dagrun for example_python_operator to None, run_after=None
[2023-05-29 15:40:06,094] {processor.py:161} INFO - Processing /home/airflow/.local/lib/python3.7/site-packages/airflow/example_dags/example_python_operator.py took 0.058 seconds
[2023-05-29 15:40:36,457] {processor.py:153} INFO - Started process (PID=1789) to work on /home/airflow/.local/lib/python3.7/site-packages/airflow/example_dags/example_python_operator.py
[2023-05-29 15:40:36,458] {processor.py:641} INFO - Processing file /home/airflow/.local/lib/python3.7/site-packages/airflow/example_dags/example_python_operator.py for tasks to queue
[2023-05-29 15:40:36,458] {logging_mixin.py:115} INFO - [2023-05-29 15:40:36,458] {dagbag.py:508} INFO - Filling up the DagBag from /home/airflow/.local/lib/python3.7/site-packages/airflow/example_dags/example_python_operator.py
[2023-05-29 15:40:36,469] {processor.py:651} INFO - DAG(s) dict_keys(['example_python_operator']) retrieved from /home/airflow/.local/lib/python3.7/site-packages/airflow/example_dags/example_python_operator.py
[2023-05-29 15:40:36,488] {logging_mixin.py:115} INFO - [2023-05-29 15:40:36,488] {dag.py:2420} INFO - Sync 1 DAGs
[2023-05-29 15:40:36,506] {logging_mixin.py:115} INFO - [2023-05-29 15:40:36,506] {dag.py:2972} INFO - Setting next_dagrun for example_python_operator to None, run_after=None
[2023-05-29 15:40:36,517] {processor.py:161} INFO - Processing /home/airflow/.local/lib/python3.7/site-packages/airflow/example_dags/example_python_operator.py took 0.062 seconds
[2023-05-29 15:41:06,989] {processor.py:153} INFO - Started process (PID=1851) to work on /home/airflow/.local/lib/python3.7/site-packages/airflow/example_dags/example_python_operator.py
[2023-05-29 15:41:06,990] {processor.py:641} INFO - Processing file /home/airflow/.local/lib/python3.7/site-packages/airflow/example_dags/example_python_operator.py for tasks to queue
[2023-05-29 15:41:06,990] {logging_mixin.py:115} INFO - [2023-05-29 15:41:06,990] {dagbag.py:508} INFO - Filling up the DagBag from /home/airflow/.local/lib/python3.7/site-packages/airflow/example_dags/example_python_operator.py
[2023-05-29 15:41:07,003] {processor.py:651} INFO - DAG(s) dict_keys(['example_python_operator']) retrieved from /home/airflow/.local/lib/python3.7/site-packages/airflow/example_dags/example_python_operator.py
[2023-05-29 15:41:07,024] {logging_mixin.py:115} INFO - [2023-05-29 15:41:07,024] {dag.py:2420} INFO - Sync 1 DAGs
[2023-05-29 15:41:07,040] {logging_mixin.py:115} INFO - [2023-05-29 15:41:07,040] {dag.py:2972} INFO - Setting next_dagrun for example_python_operator to None, run_after=None
[2023-05-29 15:41:07,051] {processor.py:161} INFO - Processing /home/airflow/.local/lib/python3.7/site-packages/airflow/example_dags/example_python_operator.py took 0.064 seconds
