[2023-05-29 15:18:18,466] {processor.py:153} INFO - Started process (PID=48) to work on /home/airflow/.local/lib/python3.7/site-packages/airflow/example_dags/example_external_task_marker_dag.py
[2023-05-29 15:18:18,467] {processor.py:641} INFO - Processing file /home/airflow/.local/lib/python3.7/site-packages/airflow/example_dags/example_external_task_marker_dag.py for tasks to queue
[2023-05-29 15:18:18,467] {logging_mixin.py:115} INFO - [2023-05-29 15:18:18,467] {dagbag.py:508} INFO - Filling up the DagBag from /home/airflow/.local/lib/python3.7/site-packages/airflow/example_dags/example_external_task_marker_dag.py
[2023-05-29 15:18:18,471] {processor.py:651} INFO - DAG(s) dict_keys(['example_external_task_marker_parent', 'example_external_task_marker_child']) retrieved from /home/airflow/.local/lib/python3.7/site-packages/airflow/example_dags/example_external_task_marker_dag.py
[2023-05-29 15:18:18,546] {logging_mixin.py:115} INFO - [2023-05-29 15:18:18,546] {manager.py:508} INFO - Created Permission View: can read on DAG:example_external_task_marker_parent
[2023-05-29 15:18:18,557] {logging_mixin.py:115} INFO - [2023-05-29 15:18:18,557] {manager.py:508} INFO - Created Permission View: can delete on DAG:example_external_task_marker_parent
[2023-05-29 15:18:18,566] {logging_mixin.py:115} INFO - [2023-05-29 15:18:18,566] {manager.py:508} INFO - Created Permission View: can edit on DAG:example_external_task_marker_parent
[2023-05-29 15:18:18,593] {logging_mixin.py:115} INFO - [2023-05-29 15:18:18,593] {manager.py:508} INFO - Created Permission View: can read on DAG:example_external_task_marker_child
[2023-05-29 15:18:18,603] {logging_mixin.py:115} INFO - [2023-05-29 15:18:18,603] {manager.py:508} INFO - Created Permission View: can delete on DAG:example_external_task_marker_child
[2023-05-29 15:18:18,612] {logging_mixin.py:115} INFO - [2023-05-29 15:18:18,612] {manager.py:508} INFO - Created Permission View: can edit on DAG:example_external_task_marker_child
[2023-05-29 15:18:18,612] {logging_mixin.py:115} INFO - [2023-05-29 15:18:18,612] {dag.py:2420} INFO - Sync 2 DAGs
[2023-05-29 15:18:18,621] {logging_mixin.py:115} INFO - [2023-05-29 15:18:18,621] {dag.py:2439} INFO - Creating ORM DAG for example_external_task_marker_parent
[2023-05-29 15:18:18,621] {logging_mixin.py:115} INFO - [2023-05-29 15:18:18,621] {dag.py:2439} INFO - Creating ORM DAG for example_external_task_marker_child
[2023-05-29 15:18:18,633] {logging_mixin.py:115} INFO - [2023-05-29 15:18:18,633] {dag.py:2972} INFO - Setting next_dagrun for example_external_task_marker_child to None, run_after=None
[2023-05-29 15:18:18,633] {logging_mixin.py:115} INFO - [2023-05-29 15:18:18,633] {dag.py:2972} INFO - Setting next_dagrun for example_external_task_marker_parent to None, run_after=None
[2023-05-29 15:18:18,651] {processor.py:161} INFO - Processing /home/airflow/.local/lib/python3.7/site-packages/airflow/example_dags/example_external_task_marker_dag.py took 0.187 seconds
[2023-05-29 15:18:49,267] {processor.py:153} INFO - Started process (PID=109) to work on /home/airflow/.local/lib/python3.7/site-packages/airflow/example_dags/example_external_task_marker_dag.py
[2023-05-29 15:18:49,283] {processor.py:641} INFO - Processing file /home/airflow/.local/lib/python3.7/site-packages/airflow/example_dags/example_external_task_marker_dag.py for tasks to queue
[2023-05-29 15:18:49,283] {logging_mixin.py:115} INFO - [2023-05-29 15:18:49,283] {dagbag.py:508} INFO - Filling up the DagBag from /home/airflow/.local/lib/python3.7/site-packages/airflow/example_dags/example_external_task_marker_dag.py
[2023-05-29 15:18:49,316] {processor.py:651} INFO - DAG(s) dict_keys(['example_external_task_marker_parent', 'example_external_task_marker_child']) retrieved from /home/airflow/.local/lib/python3.7/site-packages/airflow/example_dags/example_external_task_marker_dag.py
[2023-05-29 15:18:49,347] {logging_mixin.py:115} INFO - [2023-05-29 15:18:49,347] {dag.py:2420} INFO - Sync 2 DAGs
[2023-05-29 15:18:49,364] {logging_mixin.py:115} INFO - [2023-05-29 15:18:49,364] {dag.py:2972} INFO - Setting next_dagrun for example_external_task_marker_child to None, run_after=None
[2023-05-29 15:18:49,364] {logging_mixin.py:115} INFO - [2023-05-29 15:18:49,364] {dag.py:2972} INFO - Setting next_dagrun for example_external_task_marker_parent to None, run_after=None
[2023-05-29 15:18:49,377] {processor.py:161} INFO - Processing /home/airflow/.local/lib/python3.7/site-packages/airflow/example_dags/example_external_task_marker_dag.py took 0.112 seconds
[2023-05-29 15:19:20,180] {processor.py:153} INFO - Started process (PID=170) to work on /home/airflow/.local/lib/python3.7/site-packages/airflow/example_dags/example_external_task_marker_dag.py
[2023-05-29 15:19:20,181] {processor.py:641} INFO - Processing file /home/airflow/.local/lib/python3.7/site-packages/airflow/example_dags/example_external_task_marker_dag.py for tasks to queue
[2023-05-29 15:19:20,181] {logging_mixin.py:115} INFO - [2023-05-29 15:19:20,181] {dagbag.py:508} INFO - Filling up the DagBag from /home/airflow/.local/lib/python3.7/site-packages/airflow/example_dags/example_external_task_marker_dag.py
[2023-05-29 15:19:20,184] {processor.py:651} INFO - DAG(s) dict_keys(['example_external_task_marker_parent', 'example_external_task_marker_child']) retrieved from /home/airflow/.local/lib/python3.7/site-packages/airflow/example_dags/example_external_task_marker_dag.py
[2023-05-29 15:19:20,214] {logging_mixin.py:115} INFO - [2023-05-29 15:19:20,214] {dag.py:2420} INFO - Sync 2 DAGs
[2023-05-29 15:19:20,233] {logging_mixin.py:115} INFO - [2023-05-29 15:19:20,233] {dag.py:2972} INFO - Setting next_dagrun for example_external_task_marker_child to None, run_after=None
[2023-05-29 15:19:20,234] {logging_mixin.py:115} INFO - [2023-05-29 15:19:20,234] {dag.py:2972} INFO - Setting next_dagrun for example_external_task_marker_parent to None, run_after=None
[2023-05-29 15:19:20,246] {processor.py:161} INFO - Processing /home/airflow/.local/lib/python3.7/site-packages/airflow/example_dags/example_external_task_marker_dag.py took 0.067 seconds
[2023-05-29 15:19:50,566] {processor.py:153} INFO - Started process (PID=231) to work on /home/airflow/.local/lib/python3.7/site-packages/airflow/example_dags/example_external_task_marker_dag.py
[2023-05-29 15:19:50,567] {processor.py:641} INFO - Processing file /home/airflow/.local/lib/python3.7/site-packages/airflow/example_dags/example_external_task_marker_dag.py for tasks to queue
[2023-05-29 15:19:50,567] {logging_mixin.py:115} INFO - [2023-05-29 15:19:50,567] {dagbag.py:508} INFO - Filling up the DagBag from /home/airflow/.local/lib/python3.7/site-packages/airflow/example_dags/example_external_task_marker_dag.py
[2023-05-29 15:19:50,569] {processor.py:651} INFO - DAG(s) dict_keys(['example_external_task_marker_parent', 'example_external_task_marker_child']) retrieved from /home/airflow/.local/lib/python3.7/site-packages/airflow/example_dags/example_external_task_marker_dag.py
[2023-05-29 15:19:50,599] {logging_mixin.py:115} INFO - [2023-05-29 15:19:50,599] {dag.py:2420} INFO - Sync 2 DAGs
[2023-05-29 15:19:50,618] {logging_mixin.py:115} INFO - [2023-05-29 15:19:50,618] {dag.py:2972} INFO - Setting next_dagrun for example_external_task_marker_child to None, run_after=None
[2023-05-29 15:19:50,618] {logging_mixin.py:115} INFO - [2023-05-29 15:19:50,618] {dag.py:2972} INFO - Setting next_dagrun for example_external_task_marker_parent to None, run_after=None
[2023-05-29 15:19:50,629] {processor.py:161} INFO - Processing /home/airflow/.local/lib/python3.7/site-packages/airflow/example_dags/example_external_task_marker_dag.py took 0.065 seconds
[2023-05-29 15:20:20,962] {processor.py:153} INFO - Started process (PID=283) to work on /home/airflow/.local/lib/python3.7/site-packages/airflow/example_dags/example_external_task_marker_dag.py
[2023-05-29 15:20:20,962] {processor.py:641} INFO - Processing file /home/airflow/.local/lib/python3.7/site-packages/airflow/example_dags/example_external_task_marker_dag.py for tasks to queue
[2023-05-29 15:20:20,962] {logging_mixin.py:115} INFO - [2023-05-29 15:20:20,962] {dagbag.py:508} INFO - Filling up the DagBag from /home/airflow/.local/lib/python3.7/site-packages/airflow/example_dags/example_external_task_marker_dag.py
[2023-05-29 15:20:20,965] {processor.py:651} INFO - DAG(s) dict_keys(['example_external_task_marker_parent', 'example_external_task_marker_child']) retrieved from /home/airflow/.local/lib/python3.7/site-packages/airflow/example_dags/example_external_task_marker_dag.py
[2023-05-29 15:20:20,997] {logging_mixin.py:115} INFO - [2023-05-29 15:20:20,997] {dag.py:2420} INFO - Sync 2 DAGs
[2023-05-29 15:20:21,016] {logging_mixin.py:115} INFO - [2023-05-29 15:20:21,016] {dag.py:2972} INFO - Setting next_dagrun for example_external_task_marker_child to None, run_after=None
[2023-05-29 15:20:21,016] {logging_mixin.py:115} INFO - [2023-05-29 15:20:21,016] {dag.py:2972} INFO - Setting next_dagrun for example_external_task_marker_parent to None, run_after=None
[2023-05-29 15:20:21,027] {processor.py:161} INFO - Processing /home/airflow/.local/lib/python3.7/site-packages/airflow/example_dags/example_external_task_marker_dag.py took 0.067 seconds
[2023-05-29 15:20:51,368] {processor.py:153} INFO - Started process (PID=344) to work on /home/airflow/.local/lib/python3.7/site-packages/airflow/example_dags/example_external_task_marker_dag.py
[2023-05-29 15:20:51,368] {processor.py:641} INFO - Processing file /home/airflow/.local/lib/python3.7/site-packages/airflow/example_dags/example_external_task_marker_dag.py for tasks to queue
[2023-05-29 15:20:51,368] {logging_mixin.py:115} INFO - [2023-05-29 15:20:51,368] {dagbag.py:508} INFO - Filling up the DagBag from /home/airflow/.local/lib/python3.7/site-packages/airflow/example_dags/example_external_task_marker_dag.py
[2023-05-29 15:20:51,371] {processor.py:651} INFO - DAG(s) dict_keys(['example_external_task_marker_parent', 'example_external_task_marker_child']) retrieved from /home/airflow/.local/lib/python3.7/site-packages/airflow/example_dags/example_external_task_marker_dag.py
[2023-05-29 15:20:51,401] {logging_mixin.py:115} INFO - [2023-05-29 15:20:51,401] {dag.py:2420} INFO - Sync 2 DAGs
[2023-05-29 15:20:51,421] {logging_mixin.py:115} INFO - [2023-05-29 15:20:51,420] {dag.py:2972} INFO - Setting next_dagrun for example_external_task_marker_child to None, run_after=None
[2023-05-29 15:20:51,421] {logging_mixin.py:115} INFO - [2023-05-29 15:20:51,421] {dag.py:2972} INFO - Setting next_dagrun for example_external_task_marker_parent to None, run_after=None
[2023-05-29 15:20:51,432] {processor.py:161} INFO - Processing /home/airflow/.local/lib/python3.7/site-packages/airflow/example_dags/example_external_task_marker_dag.py took 0.066 seconds
[2023-05-29 15:21:21,759] {processor.py:153} INFO - Started process (PID=406) to work on /home/airflow/.local/lib/python3.7/site-packages/airflow/example_dags/example_external_task_marker_dag.py
[2023-05-29 15:21:21,759] {processor.py:641} INFO - Processing file /home/airflow/.local/lib/python3.7/site-packages/airflow/example_dags/example_external_task_marker_dag.py for tasks to queue
[2023-05-29 15:21:21,759] {logging_mixin.py:115} INFO - [2023-05-29 15:21:21,759] {dagbag.py:508} INFO - Filling up the DagBag from /home/airflow/.local/lib/python3.7/site-packages/airflow/example_dags/example_external_task_marker_dag.py
[2023-05-29 15:21:21,762] {processor.py:651} INFO - DAG(s) dict_keys(['example_external_task_marker_parent', 'example_external_task_marker_child']) retrieved from /home/airflow/.local/lib/python3.7/site-packages/airflow/example_dags/example_external_task_marker_dag.py
[2023-05-29 15:21:21,793] {logging_mixin.py:115} INFO - [2023-05-29 15:21:21,793] {dag.py:2420} INFO - Sync 2 DAGs
[2023-05-29 15:21:21,814] {logging_mixin.py:115} INFO - [2023-05-29 15:21:21,814] {dag.py:2972} INFO - Setting next_dagrun for example_external_task_marker_child to None, run_after=None
[2023-05-29 15:21:21,814] {logging_mixin.py:115} INFO - [2023-05-29 15:21:21,814] {dag.py:2972} INFO - Setting next_dagrun for example_external_task_marker_parent to None, run_after=None
[2023-05-29 15:21:21,825] {processor.py:161} INFO - Processing /home/airflow/.local/lib/python3.7/site-packages/airflow/example_dags/example_external_task_marker_dag.py took 0.069 seconds
[2023-05-29 15:21:52,195] {processor.py:153} INFO - Started process (PID=467) to work on /home/airflow/.local/lib/python3.7/site-packages/airflow/example_dags/example_external_task_marker_dag.py
[2023-05-29 15:21:52,196] {processor.py:641} INFO - Processing file /home/airflow/.local/lib/python3.7/site-packages/airflow/example_dags/example_external_task_marker_dag.py for tasks to queue
[2023-05-29 15:21:52,196] {logging_mixin.py:115} INFO - [2023-05-29 15:21:52,196] {dagbag.py:508} INFO - Filling up the DagBag from /home/airflow/.local/lib/python3.7/site-packages/airflow/example_dags/example_external_task_marker_dag.py
[2023-05-29 15:21:52,199] {processor.py:651} INFO - DAG(s) dict_keys(['example_external_task_marker_parent', 'example_external_task_marker_child']) retrieved from /home/airflow/.local/lib/python3.7/site-packages/airflow/example_dags/example_external_task_marker_dag.py
[2023-05-29 15:21:52,235] {logging_mixin.py:115} INFO - [2023-05-29 15:21:52,235] {dag.py:2420} INFO - Sync 2 DAGs
[2023-05-29 15:21:52,259] {logging_mixin.py:115} INFO - [2023-05-29 15:21:52,259] {dag.py:2972} INFO - Setting next_dagrun for example_external_task_marker_child to None, run_after=None
[2023-05-29 15:21:52,260] {logging_mixin.py:115} INFO - [2023-05-29 15:21:52,260] {dag.py:2972} INFO - Setting next_dagrun for example_external_task_marker_parent to None, run_after=None
[2023-05-29 15:21:52,275] {processor.py:161} INFO - Processing /home/airflow/.local/lib/python3.7/site-packages/airflow/example_dags/example_external_task_marker_dag.py took 0.081 seconds
[2023-05-29 15:22:22,700] {processor.py:153} INFO - Started process (PID=518) to work on /home/airflow/.local/lib/python3.7/site-packages/airflow/example_dags/example_external_task_marker_dag.py
[2023-05-29 15:22:22,701] {processor.py:641} INFO - Processing file /home/airflow/.local/lib/python3.7/site-packages/airflow/example_dags/example_external_task_marker_dag.py for tasks to queue
[2023-05-29 15:22:22,701] {logging_mixin.py:115} INFO - [2023-05-29 15:22:22,701] {dagbag.py:508} INFO - Filling up the DagBag from /home/airflow/.local/lib/python3.7/site-packages/airflow/example_dags/example_external_task_marker_dag.py
[2023-05-29 15:22:22,705] {processor.py:651} INFO - DAG(s) dict_keys(['example_external_task_marker_parent', 'example_external_task_marker_child']) retrieved from /home/airflow/.local/lib/python3.7/site-packages/airflow/example_dags/example_external_task_marker_dag.py
[2023-05-29 15:22:22,738] {logging_mixin.py:115} INFO - [2023-05-29 15:22:22,738] {dag.py:2420} INFO - Sync 2 DAGs
[2023-05-29 15:22:22,757] {logging_mixin.py:115} INFO - [2023-05-29 15:22:22,757] {dag.py:2972} INFO - Setting next_dagrun for example_external_task_marker_child to None, run_after=None
[2023-05-29 15:22:22,758] {logging_mixin.py:115} INFO - [2023-05-29 15:22:22,758] {dag.py:2972} INFO - Setting next_dagrun for example_external_task_marker_parent to None, run_after=None
[2023-05-29 15:22:22,769] {processor.py:161} INFO - Processing /home/airflow/.local/lib/python3.7/site-packages/airflow/example_dags/example_external_task_marker_dag.py took 0.071 seconds
[2023-05-29 15:23:24,877] {processor.py:153} INFO - Started process (PID=47) to work on /home/airflow/.local/lib/python3.7/site-packages/airflow/example_dags/example_external_task_marker_dag.py
[2023-05-29 15:23:24,877] {processor.py:641} INFO - Processing file /home/airflow/.local/lib/python3.7/site-packages/airflow/example_dags/example_external_task_marker_dag.py for tasks to queue
[2023-05-29 15:23:24,878] {logging_mixin.py:115} INFO - [2023-05-29 15:23:24,877] {dagbag.py:508} INFO - Filling up the DagBag from /home/airflow/.local/lib/python3.7/site-packages/airflow/example_dags/example_external_task_marker_dag.py
[2023-05-29 15:23:24,882] {processor.py:651} INFO - DAG(s) dict_keys(['example_external_task_marker_parent', 'example_external_task_marker_child']) retrieved from /home/airflow/.local/lib/python3.7/site-packages/airflow/example_dags/example_external_task_marker_dag.py
[2023-05-29 15:23:24,921] {logging_mixin.py:115} INFO - [2023-05-29 15:23:24,921] {dag.py:2420} INFO - Sync 2 DAGs
[2023-05-29 15:23:24,946] {logging_mixin.py:115} INFO - [2023-05-29 15:23:24,946] {dag.py:2972} INFO - Setting next_dagrun for example_external_task_marker_child to None, run_after=None
[2023-05-29 15:23:24,947] {logging_mixin.py:115} INFO - [2023-05-29 15:23:24,947] {dag.py:2972} INFO - Setting next_dagrun for example_external_task_marker_parent to None, run_after=None
[2023-05-29 15:23:24,961] {processor.py:161} INFO - Processing /home/airflow/.local/lib/python3.7/site-packages/airflow/example_dags/example_external_task_marker_dag.py took 0.087 seconds
[2023-05-29 15:23:55,884] {processor.py:153} INFO - Started process (PID=108) to work on /home/airflow/.local/lib/python3.7/site-packages/airflow/example_dags/example_external_task_marker_dag.py
[2023-05-29 15:23:55,884] {processor.py:641} INFO - Processing file /home/airflow/.local/lib/python3.7/site-packages/airflow/example_dags/example_external_task_marker_dag.py for tasks to queue
[2023-05-29 15:23:55,885] {logging_mixin.py:115} INFO - [2023-05-29 15:23:55,885] {dagbag.py:508} INFO - Filling up the DagBag from /home/airflow/.local/lib/python3.7/site-packages/airflow/example_dags/example_external_task_marker_dag.py
[2023-05-29 15:23:55,888] {processor.py:651} INFO - DAG(s) dict_keys(['example_external_task_marker_parent', 'example_external_task_marker_child']) retrieved from /home/airflow/.local/lib/python3.7/site-packages/airflow/example_dags/example_external_task_marker_dag.py
[2023-05-29 15:23:55,918] {logging_mixin.py:115} INFO - [2023-05-29 15:23:55,918] {dag.py:2420} INFO - Sync 2 DAGs
[2023-05-29 15:23:55,935] {logging_mixin.py:115} INFO - [2023-05-29 15:23:55,935] {dag.py:2972} INFO - Setting next_dagrun for example_external_task_marker_child to None, run_after=None
[2023-05-29 15:23:55,935] {logging_mixin.py:115} INFO - [2023-05-29 15:23:55,935] {dag.py:2972} INFO - Setting next_dagrun for example_external_task_marker_parent to None, run_after=None
[2023-05-29 15:23:55,946] {processor.py:161} INFO - Processing /home/airflow/.local/lib/python3.7/site-packages/airflow/example_dags/example_external_task_marker_dag.py took 0.064 seconds
[2023-05-29 15:24:26,427] {processor.py:153} INFO - Started process (PID=169) to work on /home/airflow/.local/lib/python3.7/site-packages/airflow/example_dags/example_external_task_marker_dag.py
[2023-05-29 15:24:26,428] {processor.py:641} INFO - Processing file /home/airflow/.local/lib/python3.7/site-packages/airflow/example_dags/example_external_task_marker_dag.py for tasks to queue
[2023-05-29 15:24:26,428] {logging_mixin.py:115} INFO - [2023-05-29 15:24:26,428] {dagbag.py:508} INFO - Filling up the DagBag from /home/airflow/.local/lib/python3.7/site-packages/airflow/example_dags/example_external_task_marker_dag.py
[2023-05-29 15:24:26,432] {processor.py:651} INFO - DAG(s) dict_keys(['example_external_task_marker_parent', 'example_external_task_marker_child']) retrieved from /home/airflow/.local/lib/python3.7/site-packages/airflow/example_dags/example_external_task_marker_dag.py
[2023-05-29 15:24:26,467] {logging_mixin.py:115} INFO - [2023-05-29 15:24:26,467] {dag.py:2420} INFO - Sync 2 DAGs
[2023-05-29 15:24:26,491] {logging_mixin.py:115} INFO - [2023-05-29 15:24:26,490] {dag.py:2972} INFO - Setting next_dagrun for example_external_task_marker_child to None, run_after=None
[2023-05-29 15:24:26,491] {logging_mixin.py:115} INFO - [2023-05-29 15:24:26,491] {dag.py:2972} INFO - Setting next_dagrun for example_external_task_marker_parent to None, run_after=None
[2023-05-29 15:24:26,508] {processor.py:161} INFO - Processing /home/airflow/.local/lib/python3.7/site-packages/airflow/example_dags/example_external_task_marker_dag.py took 0.083 seconds
[2023-05-29 15:24:57,033] {processor.py:153} INFO - Started process (PID=230) to work on /home/airflow/.local/lib/python3.7/site-packages/airflow/example_dags/example_external_task_marker_dag.py
[2023-05-29 15:24:57,033] {processor.py:641} INFO - Processing file /home/airflow/.local/lib/python3.7/site-packages/airflow/example_dags/example_external_task_marker_dag.py for tasks to queue
[2023-05-29 15:24:57,034] {logging_mixin.py:115} INFO - [2023-05-29 15:24:57,034] {dagbag.py:508} INFO - Filling up the DagBag from /home/airflow/.local/lib/python3.7/site-packages/airflow/example_dags/example_external_task_marker_dag.py
[2023-05-29 15:24:57,037] {processor.py:651} INFO - DAG(s) dict_keys(['example_external_task_marker_parent', 'example_external_task_marker_child']) retrieved from /home/airflow/.local/lib/python3.7/site-packages/airflow/example_dags/example_external_task_marker_dag.py
[2023-05-29 15:24:57,069] {logging_mixin.py:115} INFO - [2023-05-29 15:24:57,069] {dag.py:2420} INFO - Sync 2 DAGs
[2023-05-29 15:24:57,090] {logging_mixin.py:115} INFO - [2023-05-29 15:24:57,090] {dag.py:2972} INFO - Setting next_dagrun for example_external_task_marker_child to None, run_after=None
[2023-05-29 15:24:57,090] {logging_mixin.py:115} INFO - [2023-05-29 15:24:57,090] {dag.py:2972} INFO - Setting next_dagrun for example_external_task_marker_parent to None, run_after=None
[2023-05-29 15:24:57,101] {processor.py:161} INFO - Processing /home/airflow/.local/lib/python3.7/site-packages/airflow/example_dags/example_external_task_marker_dag.py took 0.071 seconds
[2023-05-29 15:25:50,015] {processor.py:153} INFO - Started process (PID=48) to work on /home/airflow/.local/lib/python3.7/site-packages/airflow/example_dags/example_external_task_marker_dag.py
[2023-05-29 15:25:50,016] {processor.py:641} INFO - Processing file /home/airflow/.local/lib/python3.7/site-packages/airflow/example_dags/example_external_task_marker_dag.py for tasks to queue
[2023-05-29 15:25:50,016] {logging_mixin.py:115} INFO - [2023-05-29 15:25:50,016] {dagbag.py:508} INFO - Filling up the DagBag from /home/airflow/.local/lib/python3.7/site-packages/airflow/example_dags/example_external_task_marker_dag.py
[2023-05-29 15:25:50,019] {processor.py:651} INFO - DAG(s) dict_keys(['example_external_task_marker_parent', 'example_external_task_marker_child']) retrieved from /home/airflow/.local/lib/python3.7/site-packages/airflow/example_dags/example_external_task_marker_dag.py
[2023-05-29 15:25:50,059] {logging_mixin.py:115} INFO - [2023-05-29 15:25:50,059] {dag.py:2420} INFO - Sync 2 DAGs
[2023-05-29 15:25:50,082] {logging_mixin.py:115} INFO - [2023-05-29 15:25:50,082] {dag.py:2972} INFO - Setting next_dagrun for example_external_task_marker_child to None, run_after=None
[2023-05-29 15:25:50,083] {logging_mixin.py:115} INFO - [2023-05-29 15:25:50,083] {dag.py:2972} INFO - Setting next_dagrun for example_external_task_marker_parent to None, run_after=None
[2023-05-29 15:25:50,096] {processor.py:161} INFO - Processing /home/airflow/.local/lib/python3.7/site-packages/airflow/example_dags/example_external_task_marker_dag.py took 0.084 seconds
[2023-05-29 15:26:21,028] {processor.py:153} INFO - Started process (PID=109) to work on /home/airflow/.local/lib/python3.7/site-packages/airflow/example_dags/example_external_task_marker_dag.py
[2023-05-29 15:26:21,029] {processor.py:641} INFO - Processing file /home/airflow/.local/lib/python3.7/site-packages/airflow/example_dags/example_external_task_marker_dag.py for tasks to queue
[2023-05-29 15:26:21,029] {logging_mixin.py:115} INFO - [2023-05-29 15:26:21,029] {dagbag.py:508} INFO - Filling up the DagBag from /home/airflow/.local/lib/python3.7/site-packages/airflow/example_dags/example_external_task_marker_dag.py
[2023-05-29 15:26:21,032] {processor.py:651} INFO - DAG(s) dict_keys(['example_external_task_marker_parent', 'example_external_task_marker_child']) retrieved from /home/airflow/.local/lib/python3.7/site-packages/airflow/example_dags/example_external_task_marker_dag.py
[2023-05-29 15:26:21,064] {logging_mixin.py:115} INFO - [2023-05-29 15:26:21,064] {dag.py:2420} INFO - Sync 2 DAGs
[2023-05-29 15:26:21,082] {logging_mixin.py:115} INFO - [2023-05-29 15:26:21,081] {dag.py:2972} INFO - Setting next_dagrun for example_external_task_marker_child to None, run_after=None
[2023-05-29 15:26:21,082] {logging_mixin.py:115} INFO - [2023-05-29 15:26:21,082] {dag.py:2972} INFO - Setting next_dagrun for example_external_task_marker_parent to None, run_after=None
[2023-05-29 15:26:21,093] {processor.py:161} INFO - Processing /home/airflow/.local/lib/python3.7/site-packages/airflow/example_dags/example_external_task_marker_dag.py took 0.067 seconds
[2023-05-29 15:26:51,559] {processor.py:153} INFO - Started process (PID=170) to work on /home/airflow/.local/lib/python3.7/site-packages/airflow/example_dags/example_external_task_marker_dag.py
[2023-05-29 15:26:51,559] {processor.py:641} INFO - Processing file /home/airflow/.local/lib/python3.7/site-packages/airflow/example_dags/example_external_task_marker_dag.py for tasks to queue
[2023-05-29 15:26:51,560] {logging_mixin.py:115} INFO - [2023-05-29 15:26:51,560] {dagbag.py:508} INFO - Filling up the DagBag from /home/airflow/.local/lib/python3.7/site-packages/airflow/example_dags/example_external_task_marker_dag.py
[2023-05-29 15:26:51,563] {processor.py:651} INFO - DAG(s) dict_keys(['example_external_task_marker_parent', 'example_external_task_marker_child']) retrieved from /home/airflow/.local/lib/python3.7/site-packages/airflow/example_dags/example_external_task_marker_dag.py
[2023-05-29 15:26:51,593] {logging_mixin.py:115} INFO - [2023-05-29 15:26:51,593] {dag.py:2420} INFO - Sync 2 DAGs
[2023-05-29 15:26:51,611] {logging_mixin.py:115} INFO - [2023-05-29 15:26:51,611] {dag.py:2972} INFO - Setting next_dagrun for example_external_task_marker_child to None, run_after=None
[2023-05-29 15:26:51,611] {logging_mixin.py:115} INFO - [2023-05-29 15:26:51,611] {dag.py:2972} INFO - Setting next_dagrun for example_external_task_marker_parent to None, run_after=None
[2023-05-29 15:26:51,624] {processor.py:161} INFO - Processing /home/airflow/.local/lib/python3.7/site-packages/airflow/example_dags/example_external_task_marker_dag.py took 0.067 seconds
[2023-05-29 15:27:22,132] {processor.py:153} INFO - Started process (PID=231) to work on /home/airflow/.local/lib/python3.7/site-packages/airflow/example_dags/example_external_task_marker_dag.py
[2023-05-29 15:27:22,132] {processor.py:641} INFO - Processing file /home/airflow/.local/lib/python3.7/site-packages/airflow/example_dags/example_external_task_marker_dag.py for tasks to queue
[2023-05-29 15:27:22,133] {logging_mixin.py:115} INFO - [2023-05-29 15:27:22,133] {dagbag.py:508} INFO - Filling up the DagBag from /home/airflow/.local/lib/python3.7/site-packages/airflow/example_dags/example_external_task_marker_dag.py
[2023-05-29 15:27:22,138] {processor.py:651} INFO - DAG(s) dict_keys(['example_external_task_marker_parent', 'example_external_task_marker_child']) retrieved from /home/airflow/.local/lib/python3.7/site-packages/airflow/example_dags/example_external_task_marker_dag.py
[2023-05-29 15:27:22,177] {logging_mixin.py:115} INFO - [2023-05-29 15:27:22,177] {dag.py:2420} INFO - Sync 2 DAGs
[2023-05-29 15:27:22,197] {logging_mixin.py:115} INFO - [2023-05-29 15:27:22,196] {dag.py:2972} INFO - Setting next_dagrun for example_external_task_marker_child to None, run_after=None
[2023-05-29 15:27:22,197] {logging_mixin.py:115} INFO - [2023-05-29 15:27:22,197] {dag.py:2972} INFO - Setting next_dagrun for example_external_task_marker_parent to None, run_after=None
[2023-05-29 15:27:22,208] {processor.py:161} INFO - Processing /home/airflow/.local/lib/python3.7/site-packages/airflow/example_dags/example_external_task_marker_dag.py took 0.079 seconds
[2023-05-29 15:27:52,717] {processor.py:153} INFO - Started process (PID=283) to work on /home/airflow/.local/lib/python3.7/site-packages/airflow/example_dags/example_external_task_marker_dag.py
[2023-05-29 15:27:52,717] {processor.py:641} INFO - Processing file /home/airflow/.local/lib/python3.7/site-packages/airflow/example_dags/example_external_task_marker_dag.py for tasks to queue
[2023-05-29 15:27:52,717] {logging_mixin.py:115} INFO - [2023-05-29 15:27:52,717] {dagbag.py:508} INFO - Filling up the DagBag from /home/airflow/.local/lib/python3.7/site-packages/airflow/example_dags/example_external_task_marker_dag.py
[2023-05-29 15:27:52,720] {processor.py:651} INFO - DAG(s) dict_keys(['example_external_task_marker_parent', 'example_external_task_marker_child']) retrieved from /home/airflow/.local/lib/python3.7/site-packages/airflow/example_dags/example_external_task_marker_dag.py
[2023-05-29 15:27:52,752] {logging_mixin.py:115} INFO - [2023-05-29 15:27:52,752] {dag.py:2420} INFO - Sync 2 DAGs
[2023-05-29 15:27:52,771] {logging_mixin.py:115} INFO - [2023-05-29 15:27:52,771] {dag.py:2972} INFO - Setting next_dagrun for example_external_task_marker_child to None, run_after=None
[2023-05-29 15:27:52,771] {logging_mixin.py:115} INFO - [2023-05-29 15:27:52,771] {dag.py:2972} INFO - Setting next_dagrun for example_external_task_marker_parent to None, run_after=None
[2023-05-29 15:27:52,783] {processor.py:161} INFO - Processing /home/airflow/.local/lib/python3.7/site-packages/airflow/example_dags/example_external_task_marker_dag.py took 0.068 seconds
[2023-05-29 15:28:23,228] {processor.py:153} INFO - Started process (PID=344) to work on /home/airflow/.local/lib/python3.7/site-packages/airflow/example_dags/example_external_task_marker_dag.py
[2023-05-29 15:28:23,228] {processor.py:641} INFO - Processing file /home/airflow/.local/lib/python3.7/site-packages/airflow/example_dags/example_external_task_marker_dag.py for tasks to queue
[2023-05-29 15:28:23,228] {logging_mixin.py:115} INFO - [2023-05-29 15:28:23,228] {dagbag.py:508} INFO - Filling up the DagBag from /home/airflow/.local/lib/python3.7/site-packages/airflow/example_dags/example_external_task_marker_dag.py
[2023-05-29 15:28:23,231] {processor.py:651} INFO - DAG(s) dict_keys(['example_external_task_marker_parent', 'example_external_task_marker_child']) retrieved from /home/airflow/.local/lib/python3.7/site-packages/airflow/example_dags/example_external_task_marker_dag.py
[2023-05-29 15:28:23,263] {logging_mixin.py:115} INFO - [2023-05-29 15:28:23,263] {dag.py:2420} INFO - Sync 2 DAGs
[2023-05-29 15:28:23,280] {logging_mixin.py:115} INFO - [2023-05-29 15:28:23,280] {dag.py:2972} INFO - Setting next_dagrun for example_external_task_marker_child to None, run_after=None
[2023-05-29 15:28:23,280] {logging_mixin.py:115} INFO - [2023-05-29 15:28:23,280] {dag.py:2972} INFO - Setting next_dagrun for example_external_task_marker_parent to None, run_after=None
[2023-05-29 15:28:23,292] {processor.py:161} INFO - Processing /home/airflow/.local/lib/python3.7/site-packages/airflow/example_dags/example_external_task_marker_dag.py took 0.066 seconds
[2023-05-29 15:28:53,684] {processor.py:153} INFO - Started process (PID=405) to work on /home/airflow/.local/lib/python3.7/site-packages/airflow/example_dags/example_external_task_marker_dag.py
[2023-05-29 15:28:53,685] {processor.py:641} INFO - Processing file /home/airflow/.local/lib/python3.7/site-packages/airflow/example_dags/example_external_task_marker_dag.py for tasks to queue
[2023-05-29 15:28:53,685] {logging_mixin.py:115} INFO - [2023-05-29 15:28:53,685] {dagbag.py:508} INFO - Filling up the DagBag from /home/airflow/.local/lib/python3.7/site-packages/airflow/example_dags/example_external_task_marker_dag.py
[2023-05-29 15:28:53,688] {processor.py:651} INFO - DAG(s) dict_keys(['example_external_task_marker_parent', 'example_external_task_marker_child']) retrieved from /home/airflow/.local/lib/python3.7/site-packages/airflow/example_dags/example_external_task_marker_dag.py
[2023-05-29 15:28:53,720] {logging_mixin.py:115} INFO - [2023-05-29 15:28:53,720] {dag.py:2420} INFO - Sync 2 DAGs
[2023-05-29 15:28:53,739] {logging_mixin.py:115} INFO - [2023-05-29 15:28:53,739] {dag.py:2972} INFO - Setting next_dagrun for example_external_task_marker_child to None, run_after=None
[2023-05-29 15:28:53,739] {logging_mixin.py:115} INFO - [2023-05-29 15:28:53,739] {dag.py:2972} INFO - Setting next_dagrun for example_external_task_marker_parent to None, run_after=None
[2023-05-29 15:28:53,751] {processor.py:161} INFO - Processing /home/airflow/.local/lib/python3.7/site-packages/airflow/example_dags/example_external_task_marker_dag.py took 0.069 seconds
[2023-05-29 15:29:24,239] {processor.py:153} INFO - Started process (PID=467) to work on /home/airflow/.local/lib/python3.7/site-packages/airflow/example_dags/example_external_task_marker_dag.py
[2023-05-29 15:29:24,239] {processor.py:641} INFO - Processing file /home/airflow/.local/lib/python3.7/site-packages/airflow/example_dags/example_external_task_marker_dag.py for tasks to queue
[2023-05-29 15:29:24,240] {logging_mixin.py:115} INFO - [2023-05-29 15:29:24,239] {dagbag.py:508} INFO - Filling up the DagBag from /home/airflow/.local/lib/python3.7/site-packages/airflow/example_dags/example_external_task_marker_dag.py
[2023-05-29 15:29:24,242] {processor.py:651} INFO - DAG(s) dict_keys(['example_external_task_marker_parent', 'example_external_task_marker_child']) retrieved from /home/airflow/.local/lib/python3.7/site-packages/airflow/example_dags/example_external_task_marker_dag.py
[2023-05-29 15:29:24,275] {logging_mixin.py:115} INFO - [2023-05-29 15:29:24,275] {dag.py:2420} INFO - Sync 2 DAGs
[2023-05-29 15:29:24,295] {logging_mixin.py:115} INFO - [2023-05-29 15:29:24,295] {dag.py:2972} INFO - Setting next_dagrun for example_external_task_marker_child to None, run_after=None
[2023-05-29 15:29:24,295] {logging_mixin.py:115} INFO - [2023-05-29 15:29:24,295] {dag.py:2972} INFO - Setting next_dagrun for example_external_task_marker_parent to None, run_after=None
[2023-05-29 15:29:24,308] {processor.py:161} INFO - Processing /home/airflow/.local/lib/python3.7/site-packages/airflow/example_dags/example_external_task_marker_dag.py took 0.072 seconds
[2023-05-29 15:29:54,766] {processor.py:153} INFO - Started process (PID=519) to work on /home/airflow/.local/lib/python3.7/site-packages/airflow/example_dags/example_external_task_marker_dag.py
[2023-05-29 15:29:54,766] {processor.py:641} INFO - Processing file /home/airflow/.local/lib/python3.7/site-packages/airflow/example_dags/example_external_task_marker_dag.py for tasks to queue
[2023-05-29 15:29:54,766] {logging_mixin.py:115} INFO - [2023-05-29 15:29:54,766] {dagbag.py:508} INFO - Filling up the DagBag from /home/airflow/.local/lib/python3.7/site-packages/airflow/example_dags/example_external_task_marker_dag.py
[2023-05-29 15:29:54,769] {processor.py:651} INFO - DAG(s) dict_keys(['example_external_task_marker_parent', 'example_external_task_marker_child']) retrieved from /home/airflow/.local/lib/python3.7/site-packages/airflow/example_dags/example_external_task_marker_dag.py
[2023-05-29 15:29:54,799] {logging_mixin.py:115} INFO - [2023-05-29 15:29:54,799] {dag.py:2420} INFO - Sync 2 DAGs
[2023-05-29 15:29:54,816] {logging_mixin.py:115} INFO - [2023-05-29 15:29:54,816] {dag.py:2972} INFO - Setting next_dagrun for example_external_task_marker_child to None, run_after=None
[2023-05-29 15:29:54,816] {logging_mixin.py:115} INFO - [2023-05-29 15:29:54,816] {dag.py:2972} INFO - Setting next_dagrun for example_external_task_marker_parent to None, run_after=None
[2023-05-29 15:29:54,826] {processor.py:161} INFO - Processing /home/airflow/.local/lib/python3.7/site-packages/airflow/example_dags/example_external_task_marker_dag.py took 0.063 seconds
[2023-05-29 15:30:25,209] {processor.py:153} INFO - Started process (PID=580) to work on /home/airflow/.local/lib/python3.7/site-packages/airflow/example_dags/example_external_task_marker_dag.py
[2023-05-29 15:30:25,219] {processor.py:641} INFO - Processing file /home/airflow/.local/lib/python3.7/site-packages/airflow/example_dags/example_external_task_marker_dag.py for tasks to queue
[2023-05-29 15:30:25,220] {logging_mixin.py:115} INFO - [2023-05-29 15:30:25,220] {dagbag.py:508} INFO - Filling up the DagBag from /home/airflow/.local/lib/python3.7/site-packages/airflow/example_dags/example_external_task_marker_dag.py
[2023-05-29 15:30:25,223] {processor.py:651} INFO - DAG(s) dict_keys(['example_external_task_marker_parent', 'example_external_task_marker_child']) retrieved from /home/airflow/.local/lib/python3.7/site-packages/airflow/example_dags/example_external_task_marker_dag.py
[2023-05-29 15:30:25,255] {logging_mixin.py:115} INFO - [2023-05-29 15:30:25,255] {dag.py:2420} INFO - Sync 2 DAGs
[2023-05-29 15:30:25,272] {logging_mixin.py:115} INFO - [2023-05-29 15:30:25,272] {dag.py:2972} INFO - Setting next_dagrun for example_external_task_marker_child to None, run_after=None
[2023-05-29 15:30:25,272] {logging_mixin.py:115} INFO - [2023-05-29 15:30:25,272] {dag.py:2972} INFO - Setting next_dagrun for example_external_task_marker_parent to None, run_after=None
[2023-05-29 15:30:25,283] {processor.py:161} INFO - Processing /home/airflow/.local/lib/python3.7/site-packages/airflow/example_dags/example_external_task_marker_dag.py took 0.076 seconds
[2023-05-29 15:30:56,095] {processor.py:153} INFO - Started process (PID=641) to work on /home/airflow/.local/lib/python3.7/site-packages/airflow/example_dags/example_external_task_marker_dag.py
[2023-05-29 15:30:56,095] {processor.py:641} INFO - Processing file /home/airflow/.local/lib/python3.7/site-packages/airflow/example_dags/example_external_task_marker_dag.py for tasks to queue
[2023-05-29 15:30:56,095] {logging_mixin.py:115} INFO - [2023-05-29 15:30:56,095] {dagbag.py:508} INFO - Filling up the DagBag from /home/airflow/.local/lib/python3.7/site-packages/airflow/example_dags/example_external_task_marker_dag.py
[2023-05-29 15:30:56,098] {processor.py:651} INFO - DAG(s) dict_keys(['example_external_task_marker_parent', 'example_external_task_marker_child']) retrieved from /home/airflow/.local/lib/python3.7/site-packages/airflow/example_dags/example_external_task_marker_dag.py
[2023-05-29 15:30:56,127] {logging_mixin.py:115} INFO - [2023-05-29 15:30:56,127] {dag.py:2420} INFO - Sync 2 DAGs
[2023-05-29 15:30:56,145] {logging_mixin.py:115} INFO - [2023-05-29 15:30:56,145] {dag.py:2972} INFO - Setting next_dagrun for example_external_task_marker_child to None, run_after=None
[2023-05-29 15:30:56,145] {logging_mixin.py:115} INFO - [2023-05-29 15:30:56,145] {dag.py:2972} INFO - Setting next_dagrun for example_external_task_marker_parent to None, run_after=None
[2023-05-29 15:30:56,156] {processor.py:161} INFO - Processing /home/airflow/.local/lib/python3.7/site-packages/airflow/example_dags/example_external_task_marker_dag.py took 0.064 seconds
[2023-05-29 15:31:26,539] {processor.py:153} INFO - Started process (PID=702) to work on /home/airflow/.local/lib/python3.7/site-packages/airflow/example_dags/example_external_task_marker_dag.py
[2023-05-29 15:31:26,539] {processor.py:641} INFO - Processing file /home/airflow/.local/lib/python3.7/site-packages/airflow/example_dags/example_external_task_marker_dag.py for tasks to queue
[2023-05-29 15:31:26,540] {logging_mixin.py:115} INFO - [2023-05-29 15:31:26,540] {dagbag.py:508} INFO - Filling up the DagBag from /home/airflow/.local/lib/python3.7/site-packages/airflow/example_dags/example_external_task_marker_dag.py
[2023-05-29 15:31:26,544] {processor.py:651} INFO - DAG(s) dict_keys(['example_external_task_marker_parent', 'example_external_task_marker_child']) retrieved from /home/airflow/.local/lib/python3.7/site-packages/airflow/example_dags/example_external_task_marker_dag.py
[2023-05-29 15:31:26,586] {logging_mixin.py:115} INFO - [2023-05-29 15:31:26,585] {dag.py:2420} INFO - Sync 2 DAGs
[2023-05-29 15:31:26,609] {logging_mixin.py:115} INFO - [2023-05-29 15:31:26,608] {dag.py:2972} INFO - Setting next_dagrun for example_external_task_marker_child to None, run_after=None
[2023-05-29 15:31:26,609] {logging_mixin.py:115} INFO - [2023-05-29 15:31:26,609] {dag.py:2972} INFO - Setting next_dagrun for example_external_task_marker_parent to None, run_after=None
[2023-05-29 15:31:26,621] {processor.py:161} INFO - Processing /home/airflow/.local/lib/python3.7/site-packages/airflow/example_dags/example_external_task_marker_dag.py took 0.086 seconds
[2023-05-29 15:31:56,989] {processor.py:153} INFO - Started process (PID=753) to work on /home/airflow/.local/lib/python3.7/site-packages/airflow/example_dags/example_external_task_marker_dag.py
[2023-05-29 15:31:56,990] {processor.py:641} INFO - Processing file /home/airflow/.local/lib/python3.7/site-packages/airflow/example_dags/example_external_task_marker_dag.py for tasks to queue
[2023-05-29 15:31:56,990] {logging_mixin.py:115} INFO - [2023-05-29 15:31:56,990] {dagbag.py:508} INFO - Filling up the DagBag from /home/airflow/.local/lib/python3.7/site-packages/airflow/example_dags/example_external_task_marker_dag.py
[2023-05-29 15:31:56,993] {processor.py:651} INFO - DAG(s) dict_keys(['example_external_task_marker_parent', 'example_external_task_marker_child']) retrieved from /home/airflow/.local/lib/python3.7/site-packages/airflow/example_dags/example_external_task_marker_dag.py
[2023-05-29 15:31:57,024] {logging_mixin.py:115} INFO - [2023-05-29 15:31:57,023] {dag.py:2420} INFO - Sync 2 DAGs
[2023-05-29 15:31:57,038] {logging_mixin.py:115} INFO - [2023-05-29 15:31:57,038] {dag.py:2972} INFO - Setting next_dagrun for example_external_task_marker_child to None, run_after=None
[2023-05-29 15:31:57,038] {logging_mixin.py:115} INFO - [2023-05-29 15:31:57,038] {dag.py:2972} INFO - Setting next_dagrun for example_external_task_marker_parent to None, run_after=None
[2023-05-29 15:31:57,049] {processor.py:161} INFO - Processing /home/airflow/.local/lib/python3.7/site-packages/airflow/example_dags/example_external_task_marker_dag.py took 0.062 seconds
[2023-05-29 15:32:27,494] {processor.py:153} INFO - Started process (PID=814) to work on /home/airflow/.local/lib/python3.7/site-packages/airflow/example_dags/example_external_task_marker_dag.py
[2023-05-29 15:32:27,494] {processor.py:641} INFO - Processing file /home/airflow/.local/lib/python3.7/site-packages/airflow/example_dags/example_external_task_marker_dag.py for tasks to queue
[2023-05-29 15:32:27,495] {logging_mixin.py:115} INFO - [2023-05-29 15:32:27,495] {dagbag.py:508} INFO - Filling up the DagBag from /home/airflow/.local/lib/python3.7/site-packages/airflow/example_dags/example_external_task_marker_dag.py
[2023-05-29 15:32:27,498] {processor.py:651} INFO - DAG(s) dict_keys(['example_external_task_marker_parent', 'example_external_task_marker_child']) retrieved from /home/airflow/.local/lib/python3.7/site-packages/airflow/example_dags/example_external_task_marker_dag.py
[2023-05-29 15:32:27,533] {logging_mixin.py:115} INFO - [2023-05-29 15:32:27,533] {dag.py:2420} INFO - Sync 2 DAGs
[2023-05-29 15:32:27,550] {logging_mixin.py:115} INFO - [2023-05-29 15:32:27,549] {dag.py:2972} INFO - Setting next_dagrun for example_external_task_marker_child to None, run_after=None
[2023-05-29 15:32:27,550] {logging_mixin.py:115} INFO - [2023-05-29 15:32:27,550] {dag.py:2972} INFO - Setting next_dagrun for example_external_task_marker_parent to None, run_after=None
[2023-05-29 15:32:27,560] {processor.py:161} INFO - Processing /home/airflow/.local/lib/python3.7/site-packages/airflow/example_dags/example_external_task_marker_dag.py took 0.068 seconds
[2023-05-29 15:32:57,966] {processor.py:153} INFO - Started process (PID=875) to work on /home/airflow/.local/lib/python3.7/site-packages/airflow/example_dags/example_external_task_marker_dag.py
[2023-05-29 15:32:57,966] {processor.py:641} INFO - Processing file /home/airflow/.local/lib/python3.7/site-packages/airflow/example_dags/example_external_task_marker_dag.py for tasks to queue
[2023-05-29 15:32:57,966] {logging_mixin.py:115} INFO - [2023-05-29 15:32:57,966] {dagbag.py:508} INFO - Filling up the DagBag from /home/airflow/.local/lib/python3.7/site-packages/airflow/example_dags/example_external_task_marker_dag.py
[2023-05-29 15:32:57,969] {processor.py:651} INFO - DAG(s) dict_keys(['example_external_task_marker_parent', 'example_external_task_marker_child']) retrieved from /home/airflow/.local/lib/python3.7/site-packages/airflow/example_dags/example_external_task_marker_dag.py
[2023-05-29 15:32:57,997] {logging_mixin.py:115} INFO - [2023-05-29 15:32:57,997] {dag.py:2420} INFO - Sync 2 DAGs
[2023-05-29 15:32:58,015] {logging_mixin.py:115} INFO - [2023-05-29 15:32:58,015] {dag.py:2972} INFO - Setting next_dagrun for example_external_task_marker_child to None, run_after=None
[2023-05-29 15:32:58,015] {logging_mixin.py:115} INFO - [2023-05-29 15:32:58,015] {dag.py:2972} INFO - Setting next_dagrun for example_external_task_marker_parent to None, run_after=None
[2023-05-29 15:32:58,027] {processor.py:161} INFO - Processing /home/airflow/.local/lib/python3.7/site-packages/airflow/example_dags/example_external_task_marker_dag.py took 0.064 seconds
[2023-05-29 15:33:28,404] {processor.py:153} INFO - Started process (PID=936) to work on /home/airflow/.local/lib/python3.7/site-packages/airflow/example_dags/example_external_task_marker_dag.py
[2023-05-29 15:33:28,405] {processor.py:641} INFO - Processing file /home/airflow/.local/lib/python3.7/site-packages/airflow/example_dags/example_external_task_marker_dag.py for tasks to queue
[2023-05-29 15:33:28,405] {logging_mixin.py:115} INFO - [2023-05-29 15:33:28,405] {dagbag.py:508} INFO - Filling up the DagBag from /home/airflow/.local/lib/python3.7/site-packages/airflow/example_dags/example_external_task_marker_dag.py
[2023-05-29 15:33:28,408] {processor.py:651} INFO - DAG(s) dict_keys(['example_external_task_marker_parent', 'example_external_task_marker_child']) retrieved from /home/airflow/.local/lib/python3.7/site-packages/airflow/example_dags/example_external_task_marker_dag.py
[2023-05-29 15:33:28,442] {logging_mixin.py:115} INFO - [2023-05-29 15:33:28,442] {dag.py:2420} INFO - Sync 2 DAGs
[2023-05-29 15:33:28,462] {logging_mixin.py:115} INFO - [2023-05-29 15:33:28,462] {dag.py:2972} INFO - Setting next_dagrun for example_external_task_marker_child to None, run_after=None
[2023-05-29 15:33:28,462] {logging_mixin.py:115} INFO - [2023-05-29 15:33:28,462] {dag.py:2972} INFO - Setting next_dagrun for example_external_task_marker_parent to None, run_after=None
[2023-05-29 15:33:28,476] {processor.py:161} INFO - Processing /home/airflow/.local/lib/python3.7/site-packages/airflow/example_dags/example_external_task_marker_dag.py took 0.074 seconds
[2023-05-29 15:33:59,044] {processor.py:153} INFO - Started process (PID=988) to work on /home/airflow/.local/lib/python3.7/site-packages/airflow/example_dags/example_external_task_marker_dag.py
[2023-05-29 15:33:59,044] {processor.py:641} INFO - Processing file /home/airflow/.local/lib/python3.7/site-packages/airflow/example_dags/example_external_task_marker_dag.py for tasks to queue
[2023-05-29 15:33:59,045] {logging_mixin.py:115} INFO - [2023-05-29 15:33:59,045] {dagbag.py:508} INFO - Filling up the DagBag from /home/airflow/.local/lib/python3.7/site-packages/airflow/example_dags/example_external_task_marker_dag.py
[2023-05-29 15:33:59,047] {processor.py:651} INFO - DAG(s) dict_keys(['example_external_task_marker_parent', 'example_external_task_marker_child']) retrieved from /home/airflow/.local/lib/python3.7/site-packages/airflow/example_dags/example_external_task_marker_dag.py
[2023-05-29 15:33:59,077] {logging_mixin.py:115} INFO - [2023-05-29 15:33:59,077] {dag.py:2420} INFO - Sync 2 DAGs
[2023-05-29 15:33:59,094] {logging_mixin.py:115} INFO - [2023-05-29 15:33:59,094] {dag.py:2972} INFO - Setting next_dagrun for example_external_task_marker_child to None, run_after=None
[2023-05-29 15:33:59,095] {logging_mixin.py:115} INFO - [2023-05-29 15:33:59,095] {dag.py:2972} INFO - Setting next_dagrun for example_external_task_marker_parent to None, run_after=None
[2023-05-29 15:33:59,105] {processor.py:161} INFO - Processing /home/airflow/.local/lib/python3.7/site-packages/airflow/example_dags/example_external_task_marker_dag.py took 0.063 seconds
[2023-05-29 15:34:29,494] {processor.py:153} INFO - Started process (PID=1049) to work on /home/airflow/.local/lib/python3.7/site-packages/airflow/example_dags/example_external_task_marker_dag.py
[2023-05-29 15:34:29,495] {processor.py:641} INFO - Processing file /home/airflow/.local/lib/python3.7/site-packages/airflow/example_dags/example_external_task_marker_dag.py for tasks to queue
[2023-05-29 15:34:29,495] {logging_mixin.py:115} INFO - [2023-05-29 15:34:29,495] {dagbag.py:508} INFO - Filling up the DagBag from /home/airflow/.local/lib/python3.7/site-packages/airflow/example_dags/example_external_task_marker_dag.py
[2023-05-29 15:34:29,497] {processor.py:651} INFO - DAG(s) dict_keys(['example_external_task_marker_parent', 'example_external_task_marker_child']) retrieved from /home/airflow/.local/lib/python3.7/site-packages/airflow/example_dags/example_external_task_marker_dag.py
[2023-05-29 15:34:29,527] {logging_mixin.py:115} INFO - [2023-05-29 15:34:29,527] {dag.py:2420} INFO - Sync 2 DAGs
[2023-05-29 15:34:29,545] {logging_mixin.py:115} INFO - [2023-05-29 15:34:29,545] {dag.py:2972} INFO - Setting next_dagrun for example_external_task_marker_child to None, run_after=None
[2023-05-29 15:34:29,545] {logging_mixin.py:115} INFO - [2023-05-29 15:34:29,545] {dag.py:2972} INFO - Setting next_dagrun for example_external_task_marker_parent to None, run_after=None
[2023-05-29 15:34:29,556] {processor.py:161} INFO - Processing /home/airflow/.local/lib/python3.7/site-packages/airflow/example_dags/example_external_task_marker_dag.py took 0.064 seconds
[2023-05-29 15:34:59,967] {processor.py:153} INFO - Started process (PID=1110) to work on /home/airflow/.local/lib/python3.7/site-packages/airflow/example_dags/example_external_task_marker_dag.py
[2023-05-29 15:34:59,968] {processor.py:641} INFO - Processing file /home/airflow/.local/lib/python3.7/site-packages/airflow/example_dags/example_external_task_marker_dag.py for tasks to queue
[2023-05-29 15:34:59,968] {logging_mixin.py:115} INFO - [2023-05-29 15:34:59,968] {dagbag.py:508} INFO - Filling up the DagBag from /home/airflow/.local/lib/python3.7/site-packages/airflow/example_dags/example_external_task_marker_dag.py
[2023-05-29 15:34:59,971] {processor.py:651} INFO - DAG(s) dict_keys(['example_external_task_marker_parent', 'example_external_task_marker_child']) retrieved from /home/airflow/.local/lib/python3.7/site-packages/airflow/example_dags/example_external_task_marker_dag.py
[2023-05-29 15:35:00,000] {logging_mixin.py:115} INFO - [2023-05-29 15:35:00,000] {dag.py:2420} INFO - Sync 2 DAGs
[2023-05-29 15:35:00,018] {logging_mixin.py:115} INFO - [2023-05-29 15:35:00,018] {dag.py:2972} INFO - Setting next_dagrun for example_external_task_marker_child to None, run_after=None
[2023-05-29 15:35:00,018] {logging_mixin.py:115} INFO - [2023-05-29 15:35:00,018] {dag.py:2972} INFO - Setting next_dagrun for example_external_task_marker_parent to None, run_after=None
[2023-05-29 15:35:00,029] {processor.py:161} INFO - Processing /home/airflow/.local/lib/python3.7/site-packages/airflow/example_dags/example_external_task_marker_dag.py took 0.064 seconds
[2023-05-29 15:35:30,422] {processor.py:153} INFO - Started process (PID=1162) to work on /home/airflow/.local/lib/python3.7/site-packages/airflow/example_dags/example_external_task_marker_dag.py
[2023-05-29 15:35:30,422] {processor.py:641} INFO - Processing file /home/airflow/.local/lib/python3.7/site-packages/airflow/example_dags/example_external_task_marker_dag.py for tasks to queue
[2023-05-29 15:35:30,422] {logging_mixin.py:115} INFO - [2023-05-29 15:35:30,422] {dagbag.py:508} INFO - Filling up the DagBag from /home/airflow/.local/lib/python3.7/site-packages/airflow/example_dags/example_external_task_marker_dag.py
[2023-05-29 15:35:30,425] {processor.py:651} INFO - DAG(s) dict_keys(['example_external_task_marker_parent', 'example_external_task_marker_child']) retrieved from /home/airflow/.local/lib/python3.7/site-packages/airflow/example_dags/example_external_task_marker_dag.py
[2023-05-29 15:35:30,457] {logging_mixin.py:115} INFO - [2023-05-29 15:35:30,457] {dag.py:2420} INFO - Sync 2 DAGs
[2023-05-29 15:35:30,474] {logging_mixin.py:115} INFO - [2023-05-29 15:35:30,474] {dag.py:2972} INFO - Setting next_dagrun for example_external_task_marker_child to None, run_after=None
[2023-05-29 15:35:30,474] {logging_mixin.py:115} INFO - [2023-05-29 15:35:30,474] {dag.py:2972} INFO - Setting next_dagrun for example_external_task_marker_parent to None, run_after=None
[2023-05-29 15:35:30,485] {processor.py:161} INFO - Processing /home/airflow/.local/lib/python3.7/site-packages/airflow/example_dags/example_external_task_marker_dag.py took 0.066 seconds
[2023-05-29 15:36:01,161] {processor.py:153} INFO - Started process (PID=1224) to work on /home/airflow/.local/lib/python3.7/site-packages/airflow/example_dags/example_external_task_marker_dag.py
[2023-05-29 15:36:01,162] {processor.py:641} INFO - Processing file /home/airflow/.local/lib/python3.7/site-packages/airflow/example_dags/example_external_task_marker_dag.py for tasks to queue
[2023-05-29 15:36:01,162] {logging_mixin.py:115} INFO - [2023-05-29 15:36:01,162] {dagbag.py:508} INFO - Filling up the DagBag from /home/airflow/.local/lib/python3.7/site-packages/airflow/example_dags/example_external_task_marker_dag.py
[2023-05-29 15:36:01,165] {processor.py:651} INFO - DAG(s) dict_keys(['example_external_task_marker_parent', 'example_external_task_marker_child']) retrieved from /home/airflow/.local/lib/python3.7/site-packages/airflow/example_dags/example_external_task_marker_dag.py
[2023-05-29 15:36:01,201] {logging_mixin.py:115} INFO - [2023-05-29 15:36:01,201] {dag.py:2420} INFO - Sync 2 DAGs
[2023-05-29 15:36:01,221] {logging_mixin.py:115} INFO - [2023-05-29 15:36:01,221] {dag.py:2972} INFO - Setting next_dagrun for example_external_task_marker_child to None, run_after=None
[2023-05-29 15:36:01,221] {logging_mixin.py:115} INFO - [2023-05-29 15:36:01,221] {dag.py:2972} INFO - Setting next_dagrun for example_external_task_marker_parent to None, run_after=None
[2023-05-29 15:36:01,234] {processor.py:161} INFO - Processing /home/airflow/.local/lib/python3.7/site-packages/airflow/example_dags/example_external_task_marker_dag.py took 0.076 seconds
[2023-05-29 15:36:31,694] {processor.py:153} INFO - Started process (PID=1286) to work on /home/airflow/.local/lib/python3.7/site-packages/airflow/example_dags/example_external_task_marker_dag.py
[2023-05-29 15:36:31,695] {processor.py:641} INFO - Processing file /home/airflow/.local/lib/python3.7/site-packages/airflow/example_dags/example_external_task_marker_dag.py for tasks to queue
[2023-05-29 15:36:31,695] {logging_mixin.py:115} INFO - [2023-05-29 15:36:31,695] {dagbag.py:508} INFO - Filling up the DagBag from /home/airflow/.local/lib/python3.7/site-packages/airflow/example_dags/example_external_task_marker_dag.py
[2023-05-29 15:36:31,698] {processor.py:651} INFO - DAG(s) dict_keys(['example_external_task_marker_parent', 'example_external_task_marker_child']) retrieved from /home/airflow/.local/lib/python3.7/site-packages/airflow/example_dags/example_external_task_marker_dag.py
[2023-05-29 15:36:31,731] {logging_mixin.py:115} INFO - [2023-05-29 15:36:31,730] {dag.py:2420} INFO - Sync 2 DAGs
[2023-05-29 15:36:31,748] {logging_mixin.py:115} INFO - [2023-05-29 15:36:31,748] {dag.py:2972} INFO - Setting next_dagrun for example_external_task_marker_child to None, run_after=None
[2023-05-29 15:36:31,749] {logging_mixin.py:115} INFO - [2023-05-29 15:36:31,749] {dag.py:2972} INFO - Setting next_dagrun for example_external_task_marker_parent to None, run_after=None
[2023-05-29 15:36:31,760] {processor.py:161} INFO - Processing /home/airflow/.local/lib/python3.7/site-packages/airflow/example_dags/example_external_task_marker_dag.py took 0.068 seconds
[2023-05-29 15:37:02,294] {processor.py:153} INFO - Started process (PID=1348) to work on /home/airflow/.local/lib/python3.7/site-packages/airflow/example_dags/example_external_task_marker_dag.py
[2023-05-29 15:37:02,295] {processor.py:641} INFO - Processing file /home/airflow/.local/lib/python3.7/site-packages/airflow/example_dags/example_external_task_marker_dag.py for tasks to queue
[2023-05-29 15:37:02,295] {logging_mixin.py:115} INFO - [2023-05-29 15:37:02,295] {dagbag.py:508} INFO - Filling up the DagBag from /home/airflow/.local/lib/python3.7/site-packages/airflow/example_dags/example_external_task_marker_dag.py
[2023-05-29 15:37:02,297] {processor.py:651} INFO - DAG(s) dict_keys(['example_external_task_marker_parent', 'example_external_task_marker_child']) retrieved from /home/airflow/.local/lib/python3.7/site-packages/airflow/example_dags/example_external_task_marker_dag.py
[2023-05-29 15:37:02,327] {logging_mixin.py:115} INFO - [2023-05-29 15:37:02,327] {dag.py:2420} INFO - Sync 2 DAGs
[2023-05-29 15:37:02,344] {logging_mixin.py:115} INFO - [2023-05-29 15:37:02,344] {dag.py:2972} INFO - Setting next_dagrun for example_external_task_marker_child to None, run_after=None
[2023-05-29 15:37:02,344] {logging_mixin.py:115} INFO - [2023-05-29 15:37:02,344] {dag.py:2972} INFO - Setting next_dagrun for example_external_task_marker_parent to None, run_after=None
[2023-05-29 15:37:02,354] {processor.py:161} INFO - Processing /home/airflow/.local/lib/python3.7/site-packages/airflow/example_dags/example_external_task_marker_dag.py took 0.062 seconds
[2023-05-29 15:37:32,772] {processor.py:153} INFO - Started process (PID=1401) to work on /home/airflow/.local/lib/python3.7/site-packages/airflow/example_dags/example_external_task_marker_dag.py
[2023-05-29 15:37:32,773] {processor.py:641} INFO - Processing file /home/airflow/.local/lib/python3.7/site-packages/airflow/example_dags/example_external_task_marker_dag.py for tasks to queue
[2023-05-29 15:37:32,773] {logging_mixin.py:115} INFO - [2023-05-29 15:37:32,773] {dagbag.py:508} INFO - Filling up the DagBag from /home/airflow/.local/lib/python3.7/site-packages/airflow/example_dags/example_external_task_marker_dag.py
[2023-05-29 15:37:32,775] {processor.py:651} INFO - DAG(s) dict_keys(['example_external_task_marker_parent', 'example_external_task_marker_child']) retrieved from /home/airflow/.local/lib/python3.7/site-packages/airflow/example_dags/example_external_task_marker_dag.py
[2023-05-29 15:37:32,807] {logging_mixin.py:115} INFO - [2023-05-29 15:37:32,807] {dag.py:2420} INFO - Sync 2 DAGs
[2023-05-29 15:37:32,824] {logging_mixin.py:115} INFO - [2023-05-29 15:37:32,824] {dag.py:2972} INFO - Setting next_dagrun for example_external_task_marker_child to None, run_after=None
[2023-05-29 15:37:32,824] {logging_mixin.py:115} INFO - [2023-05-29 15:37:32,824] {dag.py:2972} INFO - Setting next_dagrun for example_external_task_marker_parent to None, run_after=None
[2023-05-29 15:37:32,837] {processor.py:161} INFO - Processing /home/airflow/.local/lib/python3.7/site-packages/airflow/example_dags/example_external_task_marker_dag.py took 0.067 seconds
[2023-05-29 15:38:03,362] {processor.py:153} INFO - Started process (PID=1463) to work on /home/airflow/.local/lib/python3.7/site-packages/airflow/example_dags/example_external_task_marker_dag.py
[2023-05-29 15:38:03,362] {processor.py:641} INFO - Processing file /home/airflow/.local/lib/python3.7/site-packages/airflow/example_dags/example_external_task_marker_dag.py for tasks to queue
[2023-05-29 15:38:03,362] {logging_mixin.py:115} INFO - [2023-05-29 15:38:03,362] {dagbag.py:508} INFO - Filling up the DagBag from /home/airflow/.local/lib/python3.7/site-packages/airflow/example_dags/example_external_task_marker_dag.py
[2023-05-29 15:38:03,366] {processor.py:651} INFO - DAG(s) dict_keys(['example_external_task_marker_parent', 'example_external_task_marker_child']) retrieved from /home/airflow/.local/lib/python3.7/site-packages/airflow/example_dags/example_external_task_marker_dag.py
[2023-05-29 15:38:03,399] {logging_mixin.py:115} INFO - [2023-05-29 15:38:03,399] {dag.py:2420} INFO - Sync 2 DAGs
[2023-05-29 15:38:03,419] {logging_mixin.py:115} INFO - [2023-05-29 15:38:03,418] {dag.py:2972} INFO - Setting next_dagrun for example_external_task_marker_child to None, run_after=None
[2023-05-29 15:38:03,419] {logging_mixin.py:115} INFO - [2023-05-29 15:38:03,419] {dag.py:2972} INFO - Setting next_dagrun for example_external_task_marker_parent to None, run_after=None
[2023-05-29 15:38:03,433] {processor.py:161} INFO - Processing /home/airflow/.local/lib/python3.7/site-packages/airflow/example_dags/example_external_task_marker_dag.py took 0.074 seconds
[2023-05-29 15:38:33,723] {processor.py:153} INFO - Started process (PID=1534) to work on /home/airflow/.local/lib/python3.7/site-packages/airflow/example_dags/example_external_task_marker_dag.py
[2023-05-29 15:38:33,724] {processor.py:641} INFO - Processing file /home/airflow/.local/lib/python3.7/site-packages/airflow/example_dags/example_external_task_marker_dag.py for tasks to queue
[2023-05-29 15:38:33,724] {logging_mixin.py:115} INFO - [2023-05-29 15:38:33,724] {dagbag.py:508} INFO - Filling up the DagBag from /home/airflow/.local/lib/python3.7/site-packages/airflow/example_dags/example_external_task_marker_dag.py
[2023-05-29 15:38:33,727] {processor.py:651} INFO - DAG(s) dict_keys(['example_external_task_marker_parent', 'example_external_task_marker_child']) retrieved from /home/airflow/.local/lib/python3.7/site-packages/airflow/example_dags/example_external_task_marker_dag.py
[2023-05-29 15:38:33,758] {logging_mixin.py:115} INFO - [2023-05-29 15:38:33,758] {dag.py:2420} INFO - Sync 2 DAGs
[2023-05-29 15:38:33,777] {logging_mixin.py:115} INFO - [2023-05-29 15:38:33,777] {dag.py:2972} INFO - Setting next_dagrun for example_external_task_marker_child to None, run_after=None
[2023-05-29 15:38:33,778] {logging_mixin.py:115} INFO - [2023-05-29 15:38:33,778] {dag.py:2972} INFO - Setting next_dagrun for example_external_task_marker_parent to None, run_after=None
[2023-05-29 15:38:33,789] {processor.py:161} INFO - Processing /home/airflow/.local/lib/python3.7/site-packages/airflow/example_dags/example_external_task_marker_dag.py took 0.068 seconds
[2023-05-29 15:39:04,436] {processor.py:153} INFO - Started process (PID=1600) to work on /home/airflow/.local/lib/python3.7/site-packages/airflow/example_dags/example_external_task_marker_dag.py
[2023-05-29 15:39:04,437] {processor.py:641} INFO - Processing file /home/airflow/.local/lib/python3.7/site-packages/airflow/example_dags/example_external_task_marker_dag.py for tasks to queue
[2023-05-29 15:39:04,438] {logging_mixin.py:115} INFO - [2023-05-29 15:39:04,438] {dagbag.py:508} INFO - Filling up the DagBag from /home/airflow/.local/lib/python3.7/site-packages/airflow/example_dags/example_external_task_marker_dag.py
[2023-05-29 15:39:04,443] {processor.py:651} INFO - DAG(s) dict_keys(['example_external_task_marker_parent', 'example_external_task_marker_child']) retrieved from /home/airflow/.local/lib/python3.7/site-packages/airflow/example_dags/example_external_task_marker_dag.py
[2023-05-29 15:39:04,508] {logging_mixin.py:115} INFO - [2023-05-29 15:39:04,508] {dag.py:2420} INFO - Sync 2 DAGs
[2023-05-29 15:39:04,543] {logging_mixin.py:115} INFO - [2023-05-29 15:39:04,543] {dag.py:2972} INFO - Setting next_dagrun for example_external_task_marker_child to None, run_after=None
[2023-05-29 15:39:04,543] {logging_mixin.py:115} INFO - [2023-05-29 15:39:04,543] {dag.py:2972} INFO - Setting next_dagrun for example_external_task_marker_parent to None, run_after=None
[2023-05-29 15:39:04,563] {processor.py:161} INFO - Processing /home/airflow/.local/lib/python3.7/site-packages/airflow/example_dags/example_external_task_marker_dag.py took 0.132 seconds
[2023-05-29 15:39:35,204] {processor.py:153} INFO - Started process (PID=1653) to work on /home/airflow/.local/lib/python3.7/site-packages/airflow/example_dags/example_external_task_marker_dag.py
[2023-05-29 15:39:35,205] {processor.py:641} INFO - Processing file /home/airflow/.local/lib/python3.7/site-packages/airflow/example_dags/example_external_task_marker_dag.py for tasks to queue
[2023-05-29 15:39:35,205] {logging_mixin.py:115} INFO - [2023-05-29 15:39:35,205] {dagbag.py:508} INFO - Filling up the DagBag from /home/airflow/.local/lib/python3.7/site-packages/airflow/example_dags/example_external_task_marker_dag.py
[2023-05-29 15:39:35,207] {processor.py:651} INFO - DAG(s) dict_keys(['example_external_task_marker_parent', 'example_external_task_marker_child']) retrieved from /home/airflow/.local/lib/python3.7/site-packages/airflow/example_dags/example_external_task_marker_dag.py
[2023-05-29 15:39:35,237] {logging_mixin.py:115} INFO - [2023-05-29 15:39:35,237] {dag.py:2420} INFO - Sync 2 DAGs
[2023-05-29 15:39:35,256] {logging_mixin.py:115} INFO - [2023-05-29 15:39:35,255] {dag.py:2972} INFO - Setting next_dagrun for example_external_task_marker_child to None, run_after=None
[2023-05-29 15:39:35,256] {logging_mixin.py:115} INFO - [2023-05-29 15:39:35,256] {dag.py:2972} INFO - Setting next_dagrun for example_external_task_marker_parent to None, run_after=None
[2023-05-29 15:39:35,267] {processor.py:161} INFO - Processing /home/airflow/.local/lib/python3.7/site-packages/airflow/example_dags/example_external_task_marker_dag.py took 0.065 seconds
[2023-05-29 15:40:05,616] {processor.py:153} INFO - Started process (PID=1715) to work on /home/airflow/.local/lib/python3.7/site-packages/airflow/example_dags/example_external_task_marker_dag.py
[2023-05-29 15:40:05,616] {processor.py:641} INFO - Processing file /home/airflow/.local/lib/python3.7/site-packages/airflow/example_dags/example_external_task_marker_dag.py for tasks to queue
[2023-05-29 15:40:05,616] {logging_mixin.py:115} INFO - [2023-05-29 15:40:05,616] {dagbag.py:508} INFO - Filling up the DagBag from /home/airflow/.local/lib/python3.7/site-packages/airflow/example_dags/example_external_task_marker_dag.py
[2023-05-29 15:40:05,619] {processor.py:651} INFO - DAG(s) dict_keys(['example_external_task_marker_parent', 'example_external_task_marker_child']) retrieved from /home/airflow/.local/lib/python3.7/site-packages/airflow/example_dags/example_external_task_marker_dag.py
[2023-05-29 15:40:05,648] {logging_mixin.py:115} INFO - [2023-05-29 15:40:05,648] {dag.py:2420} INFO - Sync 2 DAGs
[2023-05-29 15:40:05,666] {logging_mixin.py:115} INFO - [2023-05-29 15:40:05,666] {dag.py:2972} INFO - Setting next_dagrun for example_external_task_marker_child to None, run_after=None
[2023-05-29 15:40:05,666] {logging_mixin.py:115} INFO - [2023-05-29 15:40:05,666] {dag.py:2972} INFO - Setting next_dagrun for example_external_task_marker_parent to None, run_after=None
[2023-05-29 15:40:05,676] {processor.py:161} INFO - Processing /home/airflow/.local/lib/python3.7/site-packages/airflow/example_dags/example_external_task_marker_dag.py took 0.063 seconds
[2023-05-29 15:40:36,029] {processor.py:153} INFO - Started process (PID=1777) to work on /home/airflow/.local/lib/python3.7/site-packages/airflow/example_dags/example_external_task_marker_dag.py
[2023-05-29 15:40:36,029] {processor.py:641} INFO - Processing file /home/airflow/.local/lib/python3.7/site-packages/airflow/example_dags/example_external_task_marker_dag.py for tasks to queue
[2023-05-29 15:40:36,030] {logging_mixin.py:115} INFO - [2023-05-29 15:40:36,030] {dagbag.py:508} INFO - Filling up the DagBag from /home/airflow/.local/lib/python3.7/site-packages/airflow/example_dags/example_external_task_marker_dag.py
[2023-05-29 15:40:36,032] {processor.py:651} INFO - DAG(s) dict_keys(['example_external_task_marker_parent', 'example_external_task_marker_child']) retrieved from /home/airflow/.local/lib/python3.7/site-packages/airflow/example_dags/example_external_task_marker_dag.py
[2023-05-29 15:40:36,063] {logging_mixin.py:115} INFO - [2023-05-29 15:40:36,063] {dag.py:2420} INFO - Sync 2 DAGs
[2023-05-29 15:40:36,081] {logging_mixin.py:115} INFO - [2023-05-29 15:40:36,080] {dag.py:2972} INFO - Setting next_dagrun for example_external_task_marker_child to None, run_after=None
[2023-05-29 15:40:36,081] {logging_mixin.py:115} INFO - [2023-05-29 15:40:36,081] {dag.py:2972} INFO - Setting next_dagrun for example_external_task_marker_parent to None, run_after=None
[2023-05-29 15:40:36,091] {processor.py:161} INFO - Processing /home/airflow/.local/lib/python3.7/site-packages/airflow/example_dags/example_external_task_marker_dag.py took 0.065 seconds
[2023-05-29 15:41:06,457] {processor.py:153} INFO - Started process (PID=1837) to work on /home/airflow/.local/lib/python3.7/site-packages/airflow/example_dags/example_external_task_marker_dag.py
[2023-05-29 15:41:06,457] {processor.py:641} INFO - Processing file /home/airflow/.local/lib/python3.7/site-packages/airflow/example_dags/example_external_task_marker_dag.py for tasks to queue
[2023-05-29 15:41:06,458] {logging_mixin.py:115} INFO - [2023-05-29 15:41:06,457] {dagbag.py:508} INFO - Filling up the DagBag from /home/airflow/.local/lib/python3.7/site-packages/airflow/example_dags/example_external_task_marker_dag.py
[2023-05-29 15:41:06,461] {processor.py:651} INFO - DAG(s) dict_keys(['example_external_task_marker_parent', 'example_external_task_marker_child']) retrieved from /home/airflow/.local/lib/python3.7/site-packages/airflow/example_dags/example_external_task_marker_dag.py
[2023-05-29 15:41:06,496] {logging_mixin.py:115} INFO - [2023-05-29 15:41:06,496] {dag.py:2420} INFO - Sync 2 DAGs
[2023-05-29 15:41:06,517] {logging_mixin.py:115} INFO - [2023-05-29 15:41:06,517] {dag.py:2972} INFO - Setting next_dagrun for example_external_task_marker_child to None, run_after=None
[2023-05-29 15:41:06,517] {logging_mixin.py:115} INFO - [2023-05-29 15:41:06,517] {dag.py:2972} INFO - Setting next_dagrun for example_external_task_marker_parent to None, run_after=None
[2023-05-29 15:41:06,531] {processor.py:161} INFO - Processing /home/airflow/.local/lib/python3.7/site-packages/airflow/example_dags/example_external_task_marker_dag.py took 0.077 seconds
