[2023-05-29 15:18:19,021] {processor.py:153} INFO - Started process (PID=54) to work on /home/airflow/.local/lib/python3.7/site-packages/airflow/example_dags/example_latest_only.py
[2023-05-29 15:18:19,022] {processor.py:641} INFO - Processing file /home/airflow/.local/lib/python3.7/site-packages/airflow/example_dags/example_latest_only.py for tasks to queue
[2023-05-29 15:18:19,022] {logging_mixin.py:115} INFO - [2023-05-29 15:18:19,022] {dagbag.py:508} INFO - Filling up the DagBag from /home/airflow/.local/lib/python3.7/site-packages/airflow/example_dags/example_latest_only.py
[2023-05-29 15:18:19,032] {processor.py:651} INFO - DAG(s) dict_keys(['latest_only']) retrieved from /home/airflow/.local/lib/python3.7/site-packages/airflow/example_dags/example_latest_only.py
[2023-05-29 15:18:19,123] {logging_mixin.py:115} INFO - [2023-05-29 15:18:19,123] {manager.py:508} INFO - Created Permission View: can read on DAG:latest_only
[2023-05-29 15:18:19,136] {logging_mixin.py:115} INFO - [2023-05-29 15:18:19,135] {manager.py:508} INFO - Created Permission View: can delete on DAG:latest_only
[2023-05-29 15:18:19,152] {logging_mixin.py:115} INFO - [2023-05-29 15:18:19,152] {manager.py:508} INFO - Created Permission View: can edit on DAG:latest_only
[2023-05-29 15:18:19,152] {logging_mixin.py:115} INFO - [2023-05-29 15:18:19,152] {dag.py:2420} INFO - Sync 1 DAGs
[2023-05-29 15:18:19,161] {logging_mixin.py:115} INFO - [2023-05-29 15:18:19,161] {dag.py:2439} INFO - Creating ORM DAG for latest_only
[2023-05-29 15:18:19,176] {logging_mixin.py:115} INFO - [2023-05-29 15:18:19,176] {dag.py:2972} INFO - Setting next_dagrun for latest_only to 2023-05-29T11:18:19.175751+00:00, run_after=2023-05-29T15:18:19.175751+00:00
[2023-05-29 15:18:19,198] {processor.py:161} INFO - Processing /home/airflow/.local/lib/python3.7/site-packages/airflow/example_dags/example_latest_only.py took 0.180 seconds
[2023-05-29 15:18:49,639] {processor.py:153} INFO - Started process (PID=115) to work on /home/airflow/.local/lib/python3.7/site-packages/airflow/example_dags/example_latest_only.py
[2023-05-29 15:18:49,646] {processor.py:641} INFO - Processing file /home/airflow/.local/lib/python3.7/site-packages/airflow/example_dags/example_latest_only.py for tasks to queue
[2023-05-29 15:18:49,647] {logging_mixin.py:115} INFO - [2023-05-29 15:18:49,647] {dagbag.py:508} INFO - Filling up the DagBag from /home/airflow/.local/lib/python3.7/site-packages/airflow/example_dags/example_latest_only.py
[2023-05-29 15:18:49,676] {processor.py:651} INFO - DAG(s) dict_keys(['latest_only']) retrieved from /home/airflow/.local/lib/python3.7/site-packages/airflow/example_dags/example_latest_only.py
[2023-05-29 15:18:49,698] {logging_mixin.py:115} INFO - [2023-05-29 15:18:49,698] {dag.py:2420} INFO - Sync 1 DAGs
[2023-05-29 15:18:49,716] {logging_mixin.py:115} INFO - [2023-05-29 15:18:49,716] {dag.py:2972} INFO - Setting next_dagrun for latest_only to 2023-05-29T11:18:49.716206+00:00, run_after=2023-05-29T15:18:49.716206+00:00
[2023-05-29 15:18:49,734] {processor.py:161} INFO - Processing /home/airflow/.local/lib/python3.7/site-packages/airflow/example_dags/example_latest_only.py took 0.097 seconds
[2023-05-29 15:19:20,407] {processor.py:153} INFO - Started process (PID=176) to work on /home/airflow/.local/lib/python3.7/site-packages/airflow/example_dags/example_latest_only.py
[2023-05-29 15:19:20,408] {processor.py:641} INFO - Processing file /home/airflow/.local/lib/python3.7/site-packages/airflow/example_dags/example_latest_only.py for tasks to queue
[2023-05-29 15:19:20,408] {logging_mixin.py:115} INFO - [2023-05-29 15:19:20,408] {dagbag.py:508} INFO - Filling up the DagBag from /home/airflow/.local/lib/python3.7/site-packages/airflow/example_dags/example_latest_only.py
[2023-05-29 15:19:20,411] {processor.py:651} INFO - DAG(s) dict_keys(['latest_only']) retrieved from /home/airflow/.local/lib/python3.7/site-packages/airflow/example_dags/example_latest_only.py
[2023-05-29 15:19:20,432] {logging_mixin.py:115} INFO - [2023-05-29 15:19:20,432] {dag.py:2420} INFO - Sync 1 DAGs
[2023-05-29 15:19:20,450] {logging_mixin.py:115} INFO - [2023-05-29 15:19:20,450] {dag.py:2972} INFO - Setting next_dagrun for latest_only to 2023-05-29T11:19:20.450645+00:00, run_after=2023-05-29T15:19:20.450645+00:00
[2023-05-29 15:19:20,461] {processor.py:161} INFO - Processing /home/airflow/.local/lib/python3.7/site-packages/airflow/example_dags/example_latest_only.py took 0.055 seconds
[2023-05-29 15:19:50,787] {processor.py:153} INFO - Started process (PID=237) to work on /home/airflow/.local/lib/python3.7/site-packages/airflow/example_dags/example_latest_only.py
[2023-05-29 15:19:50,788] {processor.py:641} INFO - Processing file /home/airflow/.local/lib/python3.7/site-packages/airflow/example_dags/example_latest_only.py for tasks to queue
[2023-05-29 15:19:50,788] {logging_mixin.py:115} INFO - [2023-05-29 15:19:50,788] {dagbag.py:508} INFO - Filling up the DagBag from /home/airflow/.local/lib/python3.7/site-packages/airflow/example_dags/example_latest_only.py
[2023-05-29 15:19:50,792] {processor.py:651} INFO - DAG(s) dict_keys(['latest_only']) retrieved from /home/airflow/.local/lib/python3.7/site-packages/airflow/example_dags/example_latest_only.py
[2023-05-29 15:19:50,812] {logging_mixin.py:115} INFO - [2023-05-29 15:19:50,812] {dag.py:2420} INFO - Sync 1 DAGs
[2023-05-29 15:19:50,830] {logging_mixin.py:115} INFO - [2023-05-29 15:19:50,830] {dag.py:2972} INFO - Setting next_dagrun for latest_only to 2023-05-29T11:19:50.830309+00:00, run_after=2023-05-29T15:19:50.830309+00:00
[2023-05-29 15:19:50,840] {processor.py:161} INFO - Processing /home/airflow/.local/lib/python3.7/site-packages/airflow/example_dags/example_latest_only.py took 0.055 seconds
[2023-05-29 15:20:21,188] {processor.py:153} INFO - Started process (PID=289) to work on /home/airflow/.local/lib/python3.7/site-packages/airflow/example_dags/example_latest_only.py
[2023-05-29 15:20:21,188] {processor.py:641} INFO - Processing file /home/airflow/.local/lib/python3.7/site-packages/airflow/example_dags/example_latest_only.py for tasks to queue
[2023-05-29 15:20:21,189] {logging_mixin.py:115} INFO - [2023-05-29 15:20:21,189] {dagbag.py:508} INFO - Filling up the DagBag from /home/airflow/.local/lib/python3.7/site-packages/airflow/example_dags/example_latest_only.py
[2023-05-29 15:20:21,192] {processor.py:651} INFO - DAG(s) dict_keys(['latest_only']) retrieved from /home/airflow/.local/lib/python3.7/site-packages/airflow/example_dags/example_latest_only.py
[2023-05-29 15:20:21,211] {logging_mixin.py:115} INFO - [2023-05-29 15:20:21,211] {dag.py:2420} INFO - Sync 1 DAGs
[2023-05-29 15:20:21,229] {logging_mixin.py:115} INFO - [2023-05-29 15:20:21,229] {dag.py:2972} INFO - Setting next_dagrun for latest_only to 2023-05-29T11:20:21.228934+00:00, run_after=2023-05-29T15:20:21.228934+00:00
[2023-05-29 15:20:21,240] {processor.py:161} INFO - Processing /home/airflow/.local/lib/python3.7/site-packages/airflow/example_dags/example_latest_only.py took 0.054 seconds
[2023-05-29 15:20:51,590] {processor.py:153} INFO - Started process (PID=350) to work on /home/airflow/.local/lib/python3.7/site-packages/airflow/example_dags/example_latest_only.py
[2023-05-29 15:20:51,590] {processor.py:641} INFO - Processing file /home/airflow/.local/lib/python3.7/site-packages/airflow/example_dags/example_latest_only.py for tasks to queue
[2023-05-29 15:20:51,591] {logging_mixin.py:115} INFO - [2023-05-29 15:20:51,591] {dagbag.py:508} INFO - Filling up the DagBag from /home/airflow/.local/lib/python3.7/site-packages/airflow/example_dags/example_latest_only.py
[2023-05-29 15:20:51,594] {processor.py:651} INFO - DAG(s) dict_keys(['latest_only']) retrieved from /home/airflow/.local/lib/python3.7/site-packages/airflow/example_dags/example_latest_only.py
[2023-05-29 15:20:51,614] {logging_mixin.py:115} INFO - [2023-05-29 15:20:51,614] {dag.py:2420} INFO - Sync 1 DAGs
[2023-05-29 15:20:51,634] {logging_mixin.py:115} INFO - [2023-05-29 15:20:51,634] {dag.py:2972} INFO - Setting next_dagrun for latest_only to 2023-05-29T11:20:51.634556+00:00, run_after=2023-05-29T15:20:51.634556+00:00
[2023-05-29 15:20:51,646] {processor.py:161} INFO - Processing /home/airflow/.local/lib/python3.7/site-packages/airflow/example_dags/example_latest_only.py took 0.058 seconds
[2023-05-29 15:21:21,990] {processor.py:153} INFO - Started process (PID=412) to work on /home/airflow/.local/lib/python3.7/site-packages/airflow/example_dags/example_latest_only.py
[2023-05-29 15:21:21,990] {processor.py:641} INFO - Processing file /home/airflow/.local/lib/python3.7/site-packages/airflow/example_dags/example_latest_only.py for tasks to queue
[2023-05-29 15:21:21,991] {logging_mixin.py:115} INFO - [2023-05-29 15:21:21,991] {dagbag.py:508} INFO - Filling up the DagBag from /home/airflow/.local/lib/python3.7/site-packages/airflow/example_dags/example_latest_only.py
[2023-05-29 15:21:21,994] {processor.py:651} INFO - DAG(s) dict_keys(['latest_only']) retrieved from /home/airflow/.local/lib/python3.7/site-packages/airflow/example_dags/example_latest_only.py
[2023-05-29 15:21:22,015] {logging_mixin.py:115} INFO - [2023-05-29 15:21:22,015] {dag.py:2420} INFO - Sync 1 DAGs
[2023-05-29 15:21:22,034] {logging_mixin.py:115} INFO - [2023-05-29 15:21:22,034] {dag.py:2972} INFO - Setting next_dagrun for latest_only to 2023-05-29T11:21:22.034003+00:00, run_after=2023-05-29T15:21:22.034003+00:00
[2023-05-29 15:21:22,045] {processor.py:161} INFO - Processing /home/airflow/.local/lib/python3.7/site-packages/airflow/example_dags/example_latest_only.py took 0.057 seconds
[2023-05-29 15:21:52,467] {processor.py:153} INFO - Started process (PID=473) to work on /home/airflow/.local/lib/python3.7/site-packages/airflow/example_dags/example_latest_only.py
[2023-05-29 15:21:52,468] {processor.py:641} INFO - Processing file /home/airflow/.local/lib/python3.7/site-packages/airflow/example_dags/example_latest_only.py for tasks to queue
[2023-05-29 15:21:52,468] {logging_mixin.py:115} INFO - [2023-05-29 15:21:52,468] {dagbag.py:508} INFO - Filling up the DagBag from /home/airflow/.local/lib/python3.7/site-packages/airflow/example_dags/example_latest_only.py
[2023-05-29 15:21:52,472] {processor.py:651} INFO - DAG(s) dict_keys(['latest_only']) retrieved from /home/airflow/.local/lib/python3.7/site-packages/airflow/example_dags/example_latest_only.py
[2023-05-29 15:21:52,493] {logging_mixin.py:115} INFO - [2023-05-29 15:21:52,493] {dag.py:2420} INFO - Sync 1 DAGs
[2023-05-29 15:21:52,515] {logging_mixin.py:115} INFO - [2023-05-29 15:21:52,515] {dag.py:2972} INFO - Setting next_dagrun for latest_only to 2023-05-29T11:21:52.514840+00:00, run_after=2023-05-29T15:21:52.514840+00:00
[2023-05-29 15:21:52,528] {processor.py:161} INFO - Processing /home/airflow/.local/lib/python3.7/site-packages/airflow/example_dags/example_latest_only.py took 0.064 seconds
[2023-05-29 15:22:22,939] {processor.py:153} INFO - Started process (PID=524) to work on /home/airflow/.local/lib/python3.7/site-packages/airflow/example_dags/example_latest_only.py
[2023-05-29 15:22:22,939] {processor.py:641} INFO - Processing file /home/airflow/.local/lib/python3.7/site-packages/airflow/example_dags/example_latest_only.py for tasks to queue
[2023-05-29 15:22:22,940] {logging_mixin.py:115} INFO - [2023-05-29 15:22:22,939] {dagbag.py:508} INFO - Filling up the DagBag from /home/airflow/.local/lib/python3.7/site-packages/airflow/example_dags/example_latest_only.py
[2023-05-29 15:22:22,943] {processor.py:651} INFO - DAG(s) dict_keys(['latest_only']) retrieved from /home/airflow/.local/lib/python3.7/site-packages/airflow/example_dags/example_latest_only.py
[2023-05-29 15:22:22,965] {logging_mixin.py:115} INFO - [2023-05-29 15:22:22,965] {dag.py:2420} INFO - Sync 1 DAGs
[2023-05-29 15:22:22,984] {logging_mixin.py:115} INFO - [2023-05-29 15:22:22,984] {dag.py:2972} INFO - Setting next_dagrun for latest_only to 2023-05-29T11:22:22.984532+00:00, run_after=2023-05-29T15:22:22.984532+00:00
[2023-05-29 15:22:22,996] {processor.py:161} INFO - Processing /home/airflow/.local/lib/python3.7/site-packages/airflow/example_dags/example_latest_only.py took 0.059 seconds
[2023-05-29 15:23:25,160] {processor.py:153} INFO - Started process (PID=53) to work on /home/airflow/.local/lib/python3.7/site-packages/airflow/example_dags/example_latest_only.py
[2023-05-29 15:23:25,161] {processor.py:641} INFO - Processing file /home/airflow/.local/lib/python3.7/site-packages/airflow/example_dags/example_latest_only.py for tasks to queue
[2023-05-29 15:23:25,161] {logging_mixin.py:115} INFO - [2023-05-29 15:23:25,161] {dagbag.py:508} INFO - Filling up the DagBag from /home/airflow/.local/lib/python3.7/site-packages/airflow/example_dags/example_latest_only.py
[2023-05-29 15:23:25,166] {processor.py:651} INFO - DAG(s) dict_keys(['latest_only']) retrieved from /home/airflow/.local/lib/python3.7/site-packages/airflow/example_dags/example_latest_only.py
[2023-05-29 15:23:25,189] {logging_mixin.py:115} INFO - [2023-05-29 15:23:25,189] {dag.py:2420} INFO - Sync 1 DAGs
[2023-05-29 15:23:25,211] {logging_mixin.py:115} INFO - [2023-05-29 15:23:25,211] {dag.py:2972} INFO - Setting next_dagrun for latest_only to 2023-05-29T11:23:25.210850+00:00, run_after=2023-05-29T15:23:25.210850+00:00
[2023-05-29 15:23:25,226] {processor.py:161} INFO - Processing /home/airflow/.local/lib/python3.7/site-packages/airflow/example_dags/example_latest_only.py took 0.068 seconds
[2023-05-29 15:23:56,106] {processor.py:153} INFO - Started process (PID=114) to work on /home/airflow/.local/lib/python3.7/site-packages/airflow/example_dags/example_latest_only.py
[2023-05-29 15:23:56,106] {processor.py:641} INFO - Processing file /home/airflow/.local/lib/python3.7/site-packages/airflow/example_dags/example_latest_only.py for tasks to queue
[2023-05-29 15:23:56,107] {logging_mixin.py:115} INFO - [2023-05-29 15:23:56,107] {dagbag.py:508} INFO - Filling up the DagBag from /home/airflow/.local/lib/python3.7/site-packages/airflow/example_dags/example_latest_only.py
[2023-05-29 15:23:56,112] {processor.py:651} INFO - DAG(s) dict_keys(['latest_only']) retrieved from /home/airflow/.local/lib/python3.7/site-packages/airflow/example_dags/example_latest_only.py
[2023-05-29 15:23:56,133] {logging_mixin.py:115} INFO - [2023-05-29 15:23:56,133] {dag.py:2420} INFO - Sync 1 DAGs
[2023-05-29 15:23:56,153] {logging_mixin.py:115} INFO - [2023-05-29 15:23:56,153] {dag.py:2972} INFO - Setting next_dagrun for latest_only to 2023-05-29T11:23:56.153090+00:00, run_after=2023-05-29T15:23:56.153090+00:00
[2023-05-29 15:23:56,167] {processor.py:161} INFO - Processing /home/airflow/.local/lib/python3.7/site-packages/airflow/example_dags/example_latest_only.py took 0.063 seconds
[2023-05-29 15:24:26,700] {processor.py:153} INFO - Started process (PID=175) to work on /home/airflow/.local/lib/python3.7/site-packages/airflow/example_dags/example_latest_only.py
[2023-05-29 15:24:26,701] {processor.py:641} INFO - Processing file /home/airflow/.local/lib/python3.7/site-packages/airflow/example_dags/example_latest_only.py for tasks to queue
[2023-05-29 15:24:26,701] {logging_mixin.py:115} INFO - [2023-05-29 15:24:26,701] {dagbag.py:508} INFO - Filling up the DagBag from /home/airflow/.local/lib/python3.7/site-packages/airflow/example_dags/example_latest_only.py
[2023-05-29 15:24:26,704] {processor.py:651} INFO - DAG(s) dict_keys(['latest_only']) retrieved from /home/airflow/.local/lib/python3.7/site-packages/airflow/example_dags/example_latest_only.py
[2023-05-29 15:24:26,724] {logging_mixin.py:115} INFO - [2023-05-29 15:24:26,724] {dag.py:2420} INFO - Sync 1 DAGs
[2023-05-29 15:24:26,741] {logging_mixin.py:115} INFO - [2023-05-29 15:24:26,741] {dag.py:2972} INFO - Setting next_dagrun for latest_only to 2023-05-29T11:24:26.741207+00:00, run_after=2023-05-29T15:24:26.741207+00:00
[2023-05-29 15:24:26,752] {processor.py:161} INFO - Processing /home/airflow/.local/lib/python3.7/site-packages/airflow/example_dags/example_latest_only.py took 0.053 seconds
[2023-05-29 15:24:57,258] {processor.py:153} INFO - Started process (PID=236) to work on /home/airflow/.local/lib/python3.7/site-packages/airflow/example_dags/example_latest_only.py
[2023-05-29 15:24:57,259] {processor.py:641} INFO - Processing file /home/airflow/.local/lib/python3.7/site-packages/airflow/example_dags/example_latest_only.py for tasks to queue
[2023-05-29 15:24:57,259] {logging_mixin.py:115} INFO - [2023-05-29 15:24:57,259] {dagbag.py:508} INFO - Filling up the DagBag from /home/airflow/.local/lib/python3.7/site-packages/airflow/example_dags/example_latest_only.py
[2023-05-29 15:24:57,262] {processor.py:651} INFO - DAG(s) dict_keys(['latest_only']) retrieved from /home/airflow/.local/lib/python3.7/site-packages/airflow/example_dags/example_latest_only.py
[2023-05-29 15:24:57,283] {logging_mixin.py:115} INFO - [2023-05-29 15:24:57,282] {dag.py:2420} INFO - Sync 1 DAGs
[2023-05-29 15:24:57,301] {logging_mixin.py:115} INFO - [2023-05-29 15:24:57,301] {dag.py:2972} INFO - Setting next_dagrun for latest_only to 2023-05-29T11:24:57.301229+00:00, run_after=2023-05-29T15:24:57.301229+00:00
[2023-05-29 15:24:57,311] {processor.py:161} INFO - Processing /home/airflow/.local/lib/python3.7/site-packages/airflow/example_dags/example_latest_only.py took 0.055 seconds
[2023-05-29 15:25:50,313] {processor.py:153} INFO - Started process (PID=54) to work on /home/airflow/.local/lib/python3.7/site-packages/airflow/example_dags/example_latest_only.py
[2023-05-29 15:25:50,314] {processor.py:641} INFO - Processing file /home/airflow/.local/lib/python3.7/site-packages/airflow/example_dags/example_latest_only.py for tasks to queue
[2023-05-29 15:25:50,314] {logging_mixin.py:115} INFO - [2023-05-29 15:25:50,314] {dagbag.py:508} INFO - Filling up the DagBag from /home/airflow/.local/lib/python3.7/site-packages/airflow/example_dags/example_latest_only.py
[2023-05-29 15:25:50,319] {processor.py:651} INFO - DAG(s) dict_keys(['latest_only']) retrieved from /home/airflow/.local/lib/python3.7/site-packages/airflow/example_dags/example_latest_only.py
[2023-05-29 15:25:50,342] {logging_mixin.py:115} INFO - [2023-05-29 15:25:50,342] {dag.py:2420} INFO - Sync 1 DAGs
[2023-05-29 15:25:50,363] {logging_mixin.py:115} INFO - [2023-05-29 15:25:50,363] {dag.py:2972} INFO - Setting next_dagrun for latest_only to 2023-05-29T11:25:50.363341+00:00, run_after=2023-05-29T15:25:50.363341+00:00
[2023-05-29 15:25:50,378] {processor.py:161} INFO - Processing /home/airflow/.local/lib/python3.7/site-packages/airflow/example_dags/example_latest_only.py took 0.067 seconds
[2023-05-29 15:26:21,279] {processor.py:153} INFO - Started process (PID=115) to work on /home/airflow/.local/lib/python3.7/site-packages/airflow/example_dags/example_latest_only.py
[2023-05-29 15:26:21,280] {processor.py:641} INFO - Processing file /home/airflow/.local/lib/python3.7/site-packages/airflow/example_dags/example_latest_only.py for tasks to queue
[2023-05-29 15:26:21,280] {logging_mixin.py:115} INFO - [2023-05-29 15:26:21,280] {dagbag.py:508} INFO - Filling up the DagBag from /home/airflow/.local/lib/python3.7/site-packages/airflow/example_dags/example_latest_only.py
[2023-05-29 15:26:21,285] {processor.py:651} INFO - DAG(s) dict_keys(['latest_only']) retrieved from /home/airflow/.local/lib/python3.7/site-packages/airflow/example_dags/example_latest_only.py
[2023-05-29 15:26:21,306] {logging_mixin.py:115} INFO - [2023-05-29 15:26:21,306] {dag.py:2420} INFO - Sync 1 DAGs
[2023-05-29 15:26:21,324] {logging_mixin.py:115} INFO - [2023-05-29 15:26:21,324] {dag.py:2972} INFO - Setting next_dagrun for latest_only to 2023-05-29T11:26:21.324728+00:00, run_after=2023-05-29T15:26:21.324728+00:00
[2023-05-29 15:26:21,336] {processor.py:161} INFO - Processing /home/airflow/.local/lib/python3.7/site-packages/airflow/example_dags/example_latest_only.py took 0.061 seconds
[2023-05-29 15:26:51,788] {processor.py:153} INFO - Started process (PID=176) to work on /home/airflow/.local/lib/python3.7/site-packages/airflow/example_dags/example_latest_only.py
[2023-05-29 15:26:51,788] {processor.py:641} INFO - Processing file /home/airflow/.local/lib/python3.7/site-packages/airflow/example_dags/example_latest_only.py for tasks to queue
[2023-05-29 15:26:51,789] {logging_mixin.py:115} INFO - [2023-05-29 15:26:51,788] {dagbag.py:508} INFO - Filling up the DagBag from /home/airflow/.local/lib/python3.7/site-packages/airflow/example_dags/example_latest_only.py
[2023-05-29 15:26:51,792] {processor.py:651} INFO - DAG(s) dict_keys(['latest_only']) retrieved from /home/airflow/.local/lib/python3.7/site-packages/airflow/example_dags/example_latest_only.py
[2023-05-29 15:26:51,812] {logging_mixin.py:115} INFO - [2023-05-29 15:26:51,812] {dag.py:2420} INFO - Sync 1 DAGs
[2023-05-29 15:26:51,831] {logging_mixin.py:115} INFO - [2023-05-29 15:26:51,831] {dag.py:2972} INFO - Setting next_dagrun for latest_only to 2023-05-29T11:26:51.830878+00:00, run_after=2023-05-29T15:26:51.830878+00:00
[2023-05-29 15:26:51,842] {processor.py:161} INFO - Processing /home/airflow/.local/lib/python3.7/site-packages/airflow/example_dags/example_latest_only.py took 0.056 seconds
[2023-05-29 15:27:22,373] {processor.py:153} INFO - Started process (PID=237) to work on /home/airflow/.local/lib/python3.7/site-packages/airflow/example_dags/example_latest_only.py
[2023-05-29 15:27:22,373] {processor.py:641} INFO - Processing file /home/airflow/.local/lib/python3.7/site-packages/airflow/example_dags/example_latest_only.py for tasks to queue
[2023-05-29 15:27:22,374] {logging_mixin.py:115} INFO - [2023-05-29 15:27:22,374] {dagbag.py:508} INFO - Filling up the DagBag from /home/airflow/.local/lib/python3.7/site-packages/airflow/example_dags/example_latest_only.py
[2023-05-29 15:27:22,377] {processor.py:651} INFO - DAG(s) dict_keys(['latest_only']) retrieved from /home/airflow/.local/lib/python3.7/site-packages/airflow/example_dags/example_latest_only.py
[2023-05-29 15:27:22,398] {logging_mixin.py:115} INFO - [2023-05-29 15:27:22,397] {dag.py:2420} INFO - Sync 1 DAGs
[2023-05-29 15:27:22,414] {logging_mixin.py:115} INFO - [2023-05-29 15:27:22,414] {dag.py:2972} INFO - Setting next_dagrun for latest_only to 2023-05-29T11:27:22.413804+00:00, run_after=2023-05-29T15:27:22.413804+00:00
[2023-05-29 15:27:22,424] {processor.py:161} INFO - Processing /home/airflow/.local/lib/python3.7/site-packages/airflow/example_dags/example_latest_only.py took 0.054 seconds
[2023-05-29 15:27:52,964] {processor.py:153} INFO - Started process (PID=289) to work on /home/airflow/.local/lib/python3.7/site-packages/airflow/example_dags/example_latest_only.py
[2023-05-29 15:27:52,964] {processor.py:641} INFO - Processing file /home/airflow/.local/lib/python3.7/site-packages/airflow/example_dags/example_latest_only.py for tasks to queue
[2023-05-29 15:27:52,965] {logging_mixin.py:115} INFO - [2023-05-29 15:27:52,965] {dagbag.py:508} INFO - Filling up the DagBag from /home/airflow/.local/lib/python3.7/site-packages/airflow/example_dags/example_latest_only.py
[2023-05-29 15:27:52,968] {processor.py:651} INFO - DAG(s) dict_keys(['latest_only']) retrieved from /home/airflow/.local/lib/python3.7/site-packages/airflow/example_dags/example_latest_only.py
[2023-05-29 15:27:52,989] {logging_mixin.py:115} INFO - [2023-05-29 15:27:52,989] {dag.py:2420} INFO - Sync 1 DAGs
[2023-05-29 15:27:53,008] {logging_mixin.py:115} INFO - [2023-05-29 15:27:53,008] {dag.py:2972} INFO - Setting next_dagrun for latest_only to 2023-05-29T11:27:53.008384+00:00, run_after=2023-05-29T15:27:53.008384+00:00
[2023-05-29 15:27:53,018] {processor.py:161} INFO - Processing /home/airflow/.local/lib/python3.7/site-packages/airflow/example_dags/example_latest_only.py took 0.057 seconds
[2023-05-29 15:28:23,447] {processor.py:153} INFO - Started process (PID=350) to work on /home/airflow/.local/lib/python3.7/site-packages/airflow/example_dags/example_latest_only.py
[2023-05-29 15:28:23,448] {processor.py:641} INFO - Processing file /home/airflow/.local/lib/python3.7/site-packages/airflow/example_dags/example_latest_only.py for tasks to queue
[2023-05-29 15:28:23,448] {logging_mixin.py:115} INFO - [2023-05-29 15:28:23,448] {dagbag.py:508} INFO - Filling up the DagBag from /home/airflow/.local/lib/python3.7/site-packages/airflow/example_dags/example_latest_only.py
[2023-05-29 15:28:23,452] {processor.py:651} INFO - DAG(s) dict_keys(['latest_only']) retrieved from /home/airflow/.local/lib/python3.7/site-packages/airflow/example_dags/example_latest_only.py
[2023-05-29 15:28:23,471] {logging_mixin.py:115} INFO - [2023-05-29 15:28:23,471] {dag.py:2420} INFO - Sync 1 DAGs
[2023-05-29 15:28:23,487] {logging_mixin.py:115} INFO - [2023-05-29 15:28:23,487] {dag.py:2972} INFO - Setting next_dagrun for latest_only to 2023-05-29T11:28:23.486901+00:00, run_after=2023-05-29T15:28:23.486901+00:00
[2023-05-29 15:28:23,497] {processor.py:161} INFO - Processing /home/airflow/.local/lib/python3.7/site-packages/airflow/example_dags/example_latest_only.py took 0.051 seconds
[2023-05-29 15:28:53,923] {processor.py:153} INFO - Started process (PID=411) to work on /home/airflow/.local/lib/python3.7/site-packages/airflow/example_dags/example_latest_only.py
[2023-05-29 15:28:53,923] {processor.py:641} INFO - Processing file /home/airflow/.local/lib/python3.7/site-packages/airflow/example_dags/example_latest_only.py for tasks to queue
[2023-05-29 15:28:53,923] {logging_mixin.py:115} INFO - [2023-05-29 15:28:53,923] {dagbag.py:508} INFO - Filling up the DagBag from /home/airflow/.local/lib/python3.7/site-packages/airflow/example_dags/example_latest_only.py
[2023-05-29 15:28:53,927] {processor.py:651} INFO - DAG(s) dict_keys(['latest_only']) retrieved from /home/airflow/.local/lib/python3.7/site-packages/airflow/example_dags/example_latest_only.py
[2023-05-29 15:28:53,951] {logging_mixin.py:115} INFO - [2023-05-29 15:28:53,951] {dag.py:2420} INFO - Sync 1 DAGs
[2023-05-29 15:28:53,972] {logging_mixin.py:115} INFO - [2023-05-29 15:28:53,971] {dag.py:2972} INFO - Setting next_dagrun for latest_only to 2023-05-29T11:28:53.971735+00:00, run_after=2023-05-29T15:28:53.971735+00:00
[2023-05-29 15:28:53,984] {processor.py:161} INFO - Processing /home/airflow/.local/lib/python3.7/site-packages/airflow/example_dags/example_latest_only.py took 0.063 seconds
[2023-05-29 15:29:24,495] {processor.py:153} INFO - Started process (PID=473) to work on /home/airflow/.local/lib/python3.7/site-packages/airflow/example_dags/example_latest_only.py
[2023-05-29 15:29:24,495] {processor.py:641} INFO - Processing file /home/airflow/.local/lib/python3.7/site-packages/airflow/example_dags/example_latest_only.py for tasks to queue
[2023-05-29 15:29:24,495] {logging_mixin.py:115} INFO - [2023-05-29 15:29:24,495] {dagbag.py:508} INFO - Filling up the DagBag from /home/airflow/.local/lib/python3.7/site-packages/airflow/example_dags/example_latest_only.py
[2023-05-29 15:29:24,501] {processor.py:651} INFO - DAG(s) dict_keys(['latest_only']) retrieved from /home/airflow/.local/lib/python3.7/site-packages/airflow/example_dags/example_latest_only.py
[2023-05-29 15:29:24,567] {logging_mixin.py:115} INFO - [2023-05-29 15:29:24,567] {dag.py:2420} INFO - Sync 1 DAGs
[2023-05-29 15:29:24,587] {logging_mixin.py:115} INFO - [2023-05-29 15:29:24,587] {dag.py:2972} INFO - Setting next_dagrun for latest_only to 2023-05-29T11:29:24.586933+00:00, run_after=2023-05-29T15:29:24.586933+00:00
[2023-05-29 15:29:24,599] {processor.py:161} INFO - Processing /home/airflow/.local/lib/python3.7/site-packages/airflow/example_dags/example_latest_only.py took 0.107 seconds
[2023-05-29 15:29:54,986] {processor.py:153} INFO - Started process (PID=525) to work on /home/airflow/.local/lib/python3.7/site-packages/airflow/example_dags/example_latest_only.py
[2023-05-29 15:29:54,987] {processor.py:641} INFO - Processing file /home/airflow/.local/lib/python3.7/site-packages/airflow/example_dags/example_latest_only.py for tasks to queue
[2023-05-29 15:29:54,987] {logging_mixin.py:115} INFO - [2023-05-29 15:29:54,987] {dagbag.py:508} INFO - Filling up the DagBag from /home/airflow/.local/lib/python3.7/site-packages/airflow/example_dags/example_latest_only.py
[2023-05-29 15:29:54,991] {processor.py:651} INFO - DAG(s) dict_keys(['latest_only']) retrieved from /home/airflow/.local/lib/python3.7/site-packages/airflow/example_dags/example_latest_only.py
[2023-05-29 15:29:55,012] {logging_mixin.py:115} INFO - [2023-05-29 15:29:55,012] {dag.py:2420} INFO - Sync 1 DAGs
[2023-05-29 15:29:55,031] {logging_mixin.py:115} INFO - [2023-05-29 15:29:55,031] {dag.py:2972} INFO - Setting next_dagrun for latest_only to 2023-05-29T11:29:55.031036+00:00, run_after=2023-05-29T15:29:55.031036+00:00
[2023-05-29 15:29:55,041] {processor.py:161} INFO - Processing /home/airflow/.local/lib/python3.7/site-packages/airflow/example_dags/example_latest_only.py took 0.058 seconds
[2023-05-29 15:30:25,486] {processor.py:153} INFO - Started process (PID=586) to work on /home/airflow/.local/lib/python3.7/site-packages/airflow/example_dags/example_latest_only.py
[2023-05-29 15:30:25,509] {processor.py:641} INFO - Processing file /home/airflow/.local/lib/python3.7/site-packages/airflow/example_dags/example_latest_only.py for tasks to queue
[2023-05-29 15:30:25,510] {logging_mixin.py:115} INFO - [2023-05-29 15:30:25,510] {dagbag.py:508} INFO - Filling up the DagBag from /home/airflow/.local/lib/python3.7/site-packages/airflow/example_dags/example_latest_only.py
[2023-05-29 15:30:25,514] {processor.py:651} INFO - DAG(s) dict_keys(['latest_only']) retrieved from /home/airflow/.local/lib/python3.7/site-packages/airflow/example_dags/example_latest_only.py
[2023-05-29 15:30:25,533] {logging_mixin.py:115} INFO - [2023-05-29 15:30:25,533] {dag.py:2420} INFO - Sync 1 DAGs
[2023-05-29 15:30:25,551] {logging_mixin.py:115} INFO - [2023-05-29 15:30:25,551] {dag.py:2972} INFO - Setting next_dagrun for latest_only to 2023-05-29T11:30:25.551118+00:00, run_after=2023-05-29T15:30:25.551118+00:00
[2023-05-29 15:30:25,583] {processor.py:161} INFO - Processing /home/airflow/.local/lib/python3.7/site-packages/airflow/example_dags/example_latest_only.py took 0.100 seconds
[2023-05-29 15:30:56,312] {processor.py:153} INFO - Started process (PID=647) to work on /home/airflow/.local/lib/python3.7/site-packages/airflow/example_dags/example_latest_only.py
[2023-05-29 15:30:56,312] {processor.py:641} INFO - Processing file /home/airflow/.local/lib/python3.7/site-packages/airflow/example_dags/example_latest_only.py for tasks to queue
[2023-05-29 15:30:56,313] {logging_mixin.py:115} INFO - [2023-05-29 15:30:56,313] {dagbag.py:508} INFO - Filling up the DagBag from /home/airflow/.local/lib/python3.7/site-packages/airflow/example_dags/example_latest_only.py
[2023-05-29 15:30:56,316] {processor.py:651} INFO - DAG(s) dict_keys(['latest_only']) retrieved from /home/airflow/.local/lib/python3.7/site-packages/airflow/example_dags/example_latest_only.py
[2023-05-29 15:30:56,335] {logging_mixin.py:115} INFO - [2023-05-29 15:30:56,335] {dag.py:2420} INFO - Sync 1 DAGs
[2023-05-29 15:30:56,352] {logging_mixin.py:115} INFO - [2023-05-29 15:30:56,352] {dag.py:2972} INFO - Setting next_dagrun for latest_only to 2023-05-29T11:30:56.352546+00:00, run_after=2023-05-29T15:30:56.352546+00:00
[2023-05-29 15:30:56,362] {processor.py:161} INFO - Processing /home/airflow/.local/lib/python3.7/site-packages/airflow/example_dags/example_latest_only.py took 0.052 seconds
[2023-05-29 15:31:26,804] {processor.py:153} INFO - Started process (PID=708) to work on /home/airflow/.local/lib/python3.7/site-packages/airflow/example_dags/example_latest_only.py
[2023-05-29 15:31:26,805] {processor.py:641} INFO - Processing file /home/airflow/.local/lib/python3.7/site-packages/airflow/example_dags/example_latest_only.py for tasks to queue
[2023-05-29 15:31:26,805] {logging_mixin.py:115} INFO - [2023-05-29 15:31:26,805] {dagbag.py:508} INFO - Filling up the DagBag from /home/airflow/.local/lib/python3.7/site-packages/airflow/example_dags/example_latest_only.py
[2023-05-29 15:31:26,808] {processor.py:651} INFO - DAG(s) dict_keys(['latest_only']) retrieved from /home/airflow/.local/lib/python3.7/site-packages/airflow/example_dags/example_latest_only.py
[2023-05-29 15:31:26,833] {logging_mixin.py:115} INFO - [2023-05-29 15:31:26,833] {dag.py:2420} INFO - Sync 1 DAGs
[2023-05-29 15:31:26,854] {logging_mixin.py:115} INFO - [2023-05-29 15:31:26,854] {dag.py:2972} INFO - Setting next_dagrun for latest_only to 2023-05-29T11:31:26.854443+00:00, run_after=2023-05-29T15:31:26.854443+00:00
[2023-05-29 15:31:26,867] {processor.py:161} INFO - Processing /home/airflow/.local/lib/python3.7/site-packages/airflow/example_dags/example_latest_only.py took 0.065 seconds
[2023-05-29 15:31:57,200] {processor.py:153} INFO - Started process (PID=759) to work on /home/airflow/.local/lib/python3.7/site-packages/airflow/example_dags/example_latest_only.py
[2023-05-29 15:31:57,200] {processor.py:641} INFO - Processing file /home/airflow/.local/lib/python3.7/site-packages/airflow/example_dags/example_latest_only.py for tasks to queue
[2023-05-29 15:31:57,201] {logging_mixin.py:115} INFO - [2023-05-29 15:31:57,201] {dagbag.py:508} INFO - Filling up the DagBag from /home/airflow/.local/lib/python3.7/site-packages/airflow/example_dags/example_latest_only.py
[2023-05-29 15:31:57,204] {processor.py:651} INFO - DAG(s) dict_keys(['latest_only']) retrieved from /home/airflow/.local/lib/python3.7/site-packages/airflow/example_dags/example_latest_only.py
[2023-05-29 15:31:57,223] {logging_mixin.py:115} INFO - [2023-05-29 15:31:57,223] {dag.py:2420} INFO - Sync 1 DAGs
[2023-05-29 15:31:57,239] {logging_mixin.py:115} INFO - [2023-05-29 15:31:57,239] {dag.py:2972} INFO - Setting next_dagrun for latest_only to 2023-05-29T11:31:57.239288+00:00, run_after=2023-05-29T15:31:57.239288+00:00
[2023-05-29 15:31:57,249] {processor.py:161} INFO - Processing /home/airflow/.local/lib/python3.7/site-packages/airflow/example_dags/example_latest_only.py took 0.052 seconds
[2023-05-29 15:32:27,738] {processor.py:153} INFO - Started process (PID=820) to work on /home/airflow/.local/lib/python3.7/site-packages/airflow/example_dags/example_latest_only.py
[2023-05-29 15:32:27,738] {processor.py:641} INFO - Processing file /home/airflow/.local/lib/python3.7/site-packages/airflow/example_dags/example_latest_only.py for tasks to queue
[2023-05-29 15:32:27,739] {logging_mixin.py:115} INFO - [2023-05-29 15:32:27,739] {dagbag.py:508} INFO - Filling up the DagBag from /home/airflow/.local/lib/python3.7/site-packages/airflow/example_dags/example_latest_only.py
[2023-05-29 15:32:27,743] {processor.py:651} INFO - DAG(s) dict_keys(['latest_only']) retrieved from /home/airflow/.local/lib/python3.7/site-packages/airflow/example_dags/example_latest_only.py
[2023-05-29 15:32:27,765] {logging_mixin.py:115} INFO - [2023-05-29 15:32:27,765] {dag.py:2420} INFO - Sync 1 DAGs
[2023-05-29 15:32:27,784] {logging_mixin.py:115} INFO - [2023-05-29 15:32:27,784] {dag.py:2972} INFO - Setting next_dagrun for latest_only to 2023-05-29T11:32:27.784445+00:00, run_after=2023-05-29T15:32:27.784445+00:00
[2023-05-29 15:32:27,798] {processor.py:161} INFO - Processing /home/airflow/.local/lib/python3.7/site-packages/airflow/example_dags/example_latest_only.py took 0.063 seconds
[2023-05-29 15:32:58,191] {processor.py:153} INFO - Started process (PID=881) to work on /home/airflow/.local/lib/python3.7/site-packages/airflow/example_dags/example_latest_only.py
[2023-05-29 15:32:58,192] {processor.py:641} INFO - Processing file /home/airflow/.local/lib/python3.7/site-packages/airflow/example_dags/example_latest_only.py for tasks to queue
[2023-05-29 15:32:58,192] {logging_mixin.py:115} INFO - [2023-05-29 15:32:58,192] {dagbag.py:508} INFO - Filling up the DagBag from /home/airflow/.local/lib/python3.7/site-packages/airflow/example_dags/example_latest_only.py
[2023-05-29 15:32:58,195] {processor.py:651} INFO - DAG(s) dict_keys(['latest_only']) retrieved from /home/airflow/.local/lib/python3.7/site-packages/airflow/example_dags/example_latest_only.py
[2023-05-29 15:32:58,215] {logging_mixin.py:115} INFO - [2023-05-29 15:32:58,215] {dag.py:2420} INFO - Sync 1 DAGs
[2023-05-29 15:32:58,232] {logging_mixin.py:115} INFO - [2023-05-29 15:32:58,232] {dag.py:2972} INFO - Setting next_dagrun for latest_only to 2023-05-29T11:32:58.232621+00:00, run_after=2023-05-29T15:32:58.232621+00:00
[2023-05-29 15:32:58,242] {processor.py:161} INFO - Processing /home/airflow/.local/lib/python3.7/site-packages/airflow/example_dags/example_latest_only.py took 0.053 seconds
[2023-05-29 15:33:28,651] {processor.py:153} INFO - Started process (PID=942) to work on /home/airflow/.local/lib/python3.7/site-packages/airflow/example_dags/example_latest_only.py
[2023-05-29 15:33:28,651] {processor.py:641} INFO - Processing file /home/airflow/.local/lib/python3.7/site-packages/airflow/example_dags/example_latest_only.py for tasks to queue
[2023-05-29 15:33:28,652] {logging_mixin.py:115} INFO - [2023-05-29 15:33:28,652] {dagbag.py:508} INFO - Filling up the DagBag from /home/airflow/.local/lib/python3.7/site-packages/airflow/example_dags/example_latest_only.py
[2023-05-29 15:33:28,655] {processor.py:651} INFO - DAG(s) dict_keys(['latest_only']) retrieved from /home/airflow/.local/lib/python3.7/site-packages/airflow/example_dags/example_latest_only.py
[2023-05-29 15:33:28,677] {logging_mixin.py:115} INFO - [2023-05-29 15:33:28,677] {dag.py:2420} INFO - Sync 1 DAGs
[2023-05-29 15:33:28,698] {logging_mixin.py:115} INFO - [2023-05-29 15:33:28,698] {dag.py:2972} INFO - Setting next_dagrun for latest_only to 2023-05-29T11:33:28.697690+00:00, run_after=2023-05-29T15:33:28.697690+00:00
[2023-05-29 15:33:28,711] {processor.py:161} INFO - Processing /home/airflow/.local/lib/python3.7/site-packages/airflow/example_dags/example_latest_only.py took 0.062 seconds
[2023-05-29 15:33:59,259] {processor.py:153} INFO - Started process (PID=994) to work on /home/airflow/.local/lib/python3.7/site-packages/airflow/example_dags/example_latest_only.py
[2023-05-29 15:33:59,260] {processor.py:641} INFO - Processing file /home/airflow/.local/lib/python3.7/site-packages/airflow/example_dags/example_latest_only.py for tasks to queue
[2023-05-29 15:33:59,260] {logging_mixin.py:115} INFO - [2023-05-29 15:33:59,260] {dagbag.py:508} INFO - Filling up the DagBag from /home/airflow/.local/lib/python3.7/site-packages/airflow/example_dags/example_latest_only.py
[2023-05-29 15:33:59,263] {processor.py:651} INFO - DAG(s) dict_keys(['latest_only']) retrieved from /home/airflow/.local/lib/python3.7/site-packages/airflow/example_dags/example_latest_only.py
[2023-05-29 15:33:59,283] {logging_mixin.py:115} INFO - [2023-05-29 15:33:59,282] {dag.py:2420} INFO - Sync 1 DAGs
[2023-05-29 15:33:59,300] {logging_mixin.py:115} INFO - [2023-05-29 15:33:59,300] {dag.py:2972} INFO - Setting next_dagrun for latest_only to 2023-05-29T11:33:59.300365+00:00, run_after=2023-05-29T15:33:59.300365+00:00
[2023-05-29 15:33:59,310] {processor.py:161} INFO - Processing /home/airflow/.local/lib/python3.7/site-packages/airflow/example_dags/example_latest_only.py took 0.053 seconds
[2023-05-29 15:34:29,713] {processor.py:153} INFO - Started process (PID=1055) to work on /home/airflow/.local/lib/python3.7/site-packages/airflow/example_dags/example_latest_only.py
[2023-05-29 15:34:29,714] {processor.py:641} INFO - Processing file /home/airflow/.local/lib/python3.7/site-packages/airflow/example_dags/example_latest_only.py for tasks to queue
[2023-05-29 15:34:29,714] {logging_mixin.py:115} INFO - [2023-05-29 15:34:29,714] {dagbag.py:508} INFO - Filling up the DagBag from /home/airflow/.local/lib/python3.7/site-packages/airflow/example_dags/example_latest_only.py
[2023-05-29 15:34:29,717] {processor.py:651} INFO - DAG(s) dict_keys(['latest_only']) retrieved from /home/airflow/.local/lib/python3.7/site-packages/airflow/example_dags/example_latest_only.py
[2023-05-29 15:34:29,737] {logging_mixin.py:115} INFO - [2023-05-29 15:34:29,737] {dag.py:2420} INFO - Sync 1 DAGs
[2023-05-29 15:34:29,756] {logging_mixin.py:115} INFO - [2023-05-29 15:34:29,755] {dag.py:2972} INFO - Setting next_dagrun for latest_only to 2023-05-29T11:34:29.755752+00:00, run_after=2023-05-29T15:34:29.755752+00:00
[2023-05-29 15:34:29,766] {processor.py:161} INFO - Processing /home/airflow/.local/lib/python3.7/site-packages/airflow/example_dags/example_latest_only.py took 0.055 seconds
[2023-05-29 15:35:00,183] {processor.py:153} INFO - Started process (PID=1116) to work on /home/airflow/.local/lib/python3.7/site-packages/airflow/example_dags/example_latest_only.py
[2023-05-29 15:35:00,183] {processor.py:641} INFO - Processing file /home/airflow/.local/lib/python3.7/site-packages/airflow/example_dags/example_latest_only.py for tasks to queue
[2023-05-29 15:35:00,184] {logging_mixin.py:115} INFO - [2023-05-29 15:35:00,183] {dagbag.py:508} INFO - Filling up the DagBag from /home/airflow/.local/lib/python3.7/site-packages/airflow/example_dags/example_latest_only.py
[2023-05-29 15:35:00,187] {processor.py:651} INFO - DAG(s) dict_keys(['latest_only']) retrieved from /home/airflow/.local/lib/python3.7/site-packages/airflow/example_dags/example_latest_only.py
[2023-05-29 15:35:00,206] {logging_mixin.py:115} INFO - [2023-05-29 15:35:00,206] {dag.py:2420} INFO - Sync 1 DAGs
[2023-05-29 15:35:00,223] {logging_mixin.py:115} INFO - [2023-05-29 15:35:00,223] {dag.py:2972} INFO - Setting next_dagrun for latest_only to 2023-05-29T11:35:00.223270+00:00, run_after=2023-05-29T15:35:00.223270+00:00
[2023-05-29 15:35:00,234] {processor.py:161} INFO - Processing /home/airflow/.local/lib/python3.7/site-packages/airflow/example_dags/example_latest_only.py took 0.053 seconds
[2023-05-29 15:35:30,641] {processor.py:153} INFO - Started process (PID=1168) to work on /home/airflow/.local/lib/python3.7/site-packages/airflow/example_dags/example_latest_only.py
[2023-05-29 15:35:30,642] {processor.py:641} INFO - Processing file /home/airflow/.local/lib/python3.7/site-packages/airflow/example_dags/example_latest_only.py for tasks to queue
[2023-05-29 15:35:30,642] {logging_mixin.py:115} INFO - [2023-05-29 15:35:30,642] {dagbag.py:508} INFO - Filling up the DagBag from /home/airflow/.local/lib/python3.7/site-packages/airflow/example_dags/example_latest_only.py
[2023-05-29 15:35:30,645] {processor.py:651} INFO - DAG(s) dict_keys(['latest_only']) retrieved from /home/airflow/.local/lib/python3.7/site-packages/airflow/example_dags/example_latest_only.py
[2023-05-29 15:35:30,664] {logging_mixin.py:115} INFO - [2023-05-29 15:35:30,664] {dag.py:2420} INFO - Sync 1 DAGs
[2023-05-29 15:35:30,681] {logging_mixin.py:115} INFO - [2023-05-29 15:35:30,681] {dag.py:2972} INFO - Setting next_dagrun for latest_only to 2023-05-29T11:35:30.681237+00:00, run_after=2023-05-29T15:35:30.681237+00:00
[2023-05-29 15:35:30,691] {processor.py:161} INFO - Processing /home/airflow/.local/lib/python3.7/site-packages/airflow/example_dags/example_latest_only.py took 0.052 seconds
[2023-05-29 15:36:01,416] {processor.py:153} INFO - Started process (PID=1230) to work on /home/airflow/.local/lib/python3.7/site-packages/airflow/example_dags/example_latest_only.py
[2023-05-29 15:36:01,416] {processor.py:641} INFO - Processing file /home/airflow/.local/lib/python3.7/site-packages/airflow/example_dags/example_latest_only.py for tasks to queue
[2023-05-29 15:36:01,417] {logging_mixin.py:115} INFO - [2023-05-29 15:36:01,417] {dagbag.py:508} INFO - Filling up the DagBag from /home/airflow/.local/lib/python3.7/site-packages/airflow/example_dags/example_latest_only.py
[2023-05-29 15:36:01,421] {processor.py:651} INFO - DAG(s) dict_keys(['latest_only']) retrieved from /home/airflow/.local/lib/python3.7/site-packages/airflow/example_dags/example_latest_only.py
[2023-05-29 15:36:01,444] {logging_mixin.py:115} INFO - [2023-05-29 15:36:01,444] {dag.py:2420} INFO - Sync 1 DAGs
[2023-05-29 15:36:01,464] {logging_mixin.py:115} INFO - [2023-05-29 15:36:01,464] {dag.py:2972} INFO - Setting next_dagrun for latest_only to 2023-05-29T11:36:01.464120+00:00, run_after=2023-05-29T15:36:01.464120+00:00
[2023-05-29 15:36:01,475] {processor.py:161} INFO - Processing /home/airflow/.local/lib/python3.7/site-packages/airflow/example_dags/example_latest_only.py took 0.062 seconds
[2023-05-29 15:36:31,919] {processor.py:153} INFO - Started process (PID=1292) to work on /home/airflow/.local/lib/python3.7/site-packages/airflow/example_dags/example_latest_only.py
[2023-05-29 15:36:31,919] {processor.py:641} INFO - Processing file /home/airflow/.local/lib/python3.7/site-packages/airflow/example_dags/example_latest_only.py for tasks to queue
[2023-05-29 15:36:31,920] {logging_mixin.py:115} INFO - [2023-05-29 15:36:31,920] {dagbag.py:508} INFO - Filling up the DagBag from /home/airflow/.local/lib/python3.7/site-packages/airflow/example_dags/example_latest_only.py
[2023-05-29 15:36:31,923] {processor.py:651} INFO - DAG(s) dict_keys(['latest_only']) retrieved from /home/airflow/.local/lib/python3.7/site-packages/airflow/example_dags/example_latest_only.py
[2023-05-29 15:36:31,943] {logging_mixin.py:115} INFO - [2023-05-29 15:36:31,943] {dag.py:2420} INFO - Sync 1 DAGs
[2023-05-29 15:36:31,962] {logging_mixin.py:115} INFO - [2023-05-29 15:36:31,962] {dag.py:2972} INFO - Setting next_dagrun for latest_only to 2023-05-29T11:36:31.962459+00:00, run_after=2023-05-29T15:36:31.962459+00:00
[2023-05-29 15:36:31,973] {processor.py:161} INFO - Processing /home/airflow/.local/lib/python3.7/site-packages/airflow/example_dags/example_latest_only.py took 0.057 seconds
[2023-05-29 15:37:02,536] {processor.py:153} INFO - Started process (PID=1354) to work on /home/airflow/.local/lib/python3.7/site-packages/airflow/example_dags/example_latest_only.py
[2023-05-29 15:37:02,537] {processor.py:641} INFO - Processing file /home/airflow/.local/lib/python3.7/site-packages/airflow/example_dags/example_latest_only.py for tasks to queue
[2023-05-29 15:37:02,537] {logging_mixin.py:115} INFO - [2023-05-29 15:37:02,537] {dagbag.py:508} INFO - Filling up the DagBag from /home/airflow/.local/lib/python3.7/site-packages/airflow/example_dags/example_latest_only.py
[2023-05-29 15:37:02,542] {processor.py:651} INFO - DAG(s) dict_keys(['latest_only']) retrieved from /home/airflow/.local/lib/python3.7/site-packages/airflow/example_dags/example_latest_only.py
[2023-05-29 15:37:02,560] {logging_mixin.py:115} INFO - [2023-05-29 15:37:02,560] {dag.py:2420} INFO - Sync 1 DAGs
[2023-05-29 15:37:02,578] {logging_mixin.py:115} INFO - [2023-05-29 15:37:02,578] {dag.py:2972} INFO - Setting next_dagrun for latest_only to 2023-05-29T11:37:02.577939+00:00, run_after=2023-05-29T15:37:02.577939+00:00
[2023-05-29 15:37:02,588] {processor.py:161} INFO - Processing /home/airflow/.local/lib/python3.7/site-packages/airflow/example_dags/example_latest_only.py took 0.055 seconds
[2023-05-29 15:37:33,015] {processor.py:153} INFO - Started process (PID=1407) to work on /home/airflow/.local/lib/python3.7/site-packages/airflow/example_dags/example_latest_only.py
[2023-05-29 15:37:33,016] {processor.py:641} INFO - Processing file /home/airflow/.local/lib/python3.7/site-packages/airflow/example_dags/example_latest_only.py for tasks to queue
[2023-05-29 15:37:33,016] {logging_mixin.py:115} INFO - [2023-05-29 15:37:33,016] {dagbag.py:508} INFO - Filling up the DagBag from /home/airflow/.local/lib/python3.7/site-packages/airflow/example_dags/example_latest_only.py
[2023-05-29 15:37:33,019] {processor.py:651} INFO - DAG(s) dict_keys(['latest_only']) retrieved from /home/airflow/.local/lib/python3.7/site-packages/airflow/example_dags/example_latest_only.py
[2023-05-29 15:37:33,037] {logging_mixin.py:115} INFO - [2023-05-29 15:37:33,037] {dag.py:2420} INFO - Sync 1 DAGs
[2023-05-29 15:37:33,053] {logging_mixin.py:115} INFO - [2023-05-29 15:37:33,053] {dag.py:2972} INFO - Setting next_dagrun for latest_only to 2023-05-29T11:37:33.053371+00:00, run_after=2023-05-29T15:37:33.053371+00:00
[2023-05-29 15:37:33,064] {processor.py:161} INFO - Processing /home/airflow/.local/lib/python3.7/site-packages/airflow/example_dags/example_latest_only.py took 0.050 seconds
[2023-05-29 15:38:03,598] {processor.py:153} INFO - Started process (PID=1469) to work on /home/airflow/.local/lib/python3.7/site-packages/airflow/example_dags/example_latest_only.py
[2023-05-29 15:38:03,598] {processor.py:641} INFO - Processing file /home/airflow/.local/lib/python3.7/site-packages/airflow/example_dags/example_latest_only.py for tasks to queue
[2023-05-29 15:38:03,598] {logging_mixin.py:115} INFO - [2023-05-29 15:38:03,598] {dagbag.py:508} INFO - Filling up the DagBag from /home/airflow/.local/lib/python3.7/site-packages/airflow/example_dags/example_latest_only.py
[2023-05-29 15:38:03,602] {processor.py:651} INFO - DAG(s) dict_keys(['latest_only']) retrieved from /home/airflow/.local/lib/python3.7/site-packages/airflow/example_dags/example_latest_only.py
[2023-05-29 15:38:03,622] {logging_mixin.py:115} INFO - [2023-05-29 15:38:03,622] {dag.py:2420} INFO - Sync 1 DAGs
[2023-05-29 15:38:03,641] {logging_mixin.py:115} INFO - [2023-05-29 15:38:03,641] {dag.py:2972} INFO - Setting next_dagrun for latest_only to 2023-05-29T11:38:03.640993+00:00, run_after=2023-05-29T15:38:03.640993+00:00
[2023-05-29 15:38:03,652] {processor.py:161} INFO - Processing /home/airflow/.local/lib/python3.7/site-packages/airflow/example_dags/example_latest_only.py took 0.056 seconds
[2023-05-29 15:38:33,995] {processor.py:153} INFO - Started process (PID=1540) to work on /home/airflow/.local/lib/python3.7/site-packages/airflow/example_dags/example_latest_only.py
[2023-05-29 15:38:33,995] {processor.py:641} INFO - Processing file /home/airflow/.local/lib/python3.7/site-packages/airflow/example_dags/example_latest_only.py for tasks to queue
[2023-05-29 15:38:33,996] {logging_mixin.py:115} INFO - [2023-05-29 15:38:33,995] {dagbag.py:508} INFO - Filling up the DagBag from /home/airflow/.local/lib/python3.7/site-packages/airflow/example_dags/example_latest_only.py
[2023-05-29 15:38:33,998] {processor.py:651} INFO - DAG(s) dict_keys(['latest_only']) retrieved from /home/airflow/.local/lib/python3.7/site-packages/airflow/example_dags/example_latest_only.py
[2023-05-29 15:38:34,018] {logging_mixin.py:115} INFO - [2023-05-29 15:38:34,018] {dag.py:2420} INFO - Sync 1 DAGs
[2023-05-29 15:38:34,034] {logging_mixin.py:115} INFO - [2023-05-29 15:38:34,034] {dag.py:2972} INFO - Setting next_dagrun for latest_only to 2023-05-29T11:38:34.034370+00:00, run_after=2023-05-29T15:38:34.034370+00:00
[2023-05-29 15:38:34,045] {processor.py:161} INFO - Processing /home/airflow/.local/lib/python3.7/site-packages/airflow/example_dags/example_latest_only.py took 0.052 seconds
[2023-05-29 15:39:04,796] {processor.py:153} INFO - Started process (PID=1606) to work on /home/airflow/.local/lib/python3.7/site-packages/airflow/example_dags/example_latest_only.py
[2023-05-29 15:39:04,797] {processor.py:641} INFO - Processing file /home/airflow/.local/lib/python3.7/site-packages/airflow/example_dags/example_latest_only.py for tasks to queue
[2023-05-29 15:39:04,798] {logging_mixin.py:115} INFO - [2023-05-29 15:39:04,798] {dagbag.py:508} INFO - Filling up the DagBag from /home/airflow/.local/lib/python3.7/site-packages/airflow/example_dags/example_latest_only.py
[2023-05-29 15:39:04,803] {processor.py:651} INFO - DAG(s) dict_keys(['latest_only']) retrieved from /home/airflow/.local/lib/python3.7/site-packages/airflow/example_dags/example_latest_only.py
[2023-05-29 15:39:04,835] {logging_mixin.py:115} INFO - [2023-05-29 15:39:04,835] {dag.py:2420} INFO - Sync 1 DAGs
[2023-05-29 15:39:04,856] {logging_mixin.py:115} INFO - [2023-05-29 15:39:04,856] {dag.py:2972} INFO - Setting next_dagrun for latest_only to 2023-05-29T11:39:04.856345+00:00, run_after=2023-05-29T15:39:04.856345+00:00
[2023-05-29 15:39:04,871] {processor.py:161} INFO - Processing /home/airflow/.local/lib/python3.7/site-packages/airflow/example_dags/example_latest_only.py took 0.079 seconds
[2023-05-29 15:39:35,434] {processor.py:153} INFO - Started process (PID=1659) to work on /home/airflow/.local/lib/python3.7/site-packages/airflow/example_dags/example_latest_only.py
[2023-05-29 15:39:35,434] {processor.py:641} INFO - Processing file /home/airflow/.local/lib/python3.7/site-packages/airflow/example_dags/example_latest_only.py for tasks to queue
[2023-05-29 15:39:35,434] {logging_mixin.py:115} INFO - [2023-05-29 15:39:35,434] {dagbag.py:508} INFO - Filling up the DagBag from /home/airflow/.local/lib/python3.7/site-packages/airflow/example_dags/example_latest_only.py
[2023-05-29 15:39:35,438] {processor.py:651} INFO - DAG(s) dict_keys(['latest_only']) retrieved from /home/airflow/.local/lib/python3.7/site-packages/airflow/example_dags/example_latest_only.py
[2023-05-29 15:39:35,457] {logging_mixin.py:115} INFO - [2023-05-29 15:39:35,457] {dag.py:2420} INFO - Sync 1 DAGs
[2023-05-29 15:39:35,477] {logging_mixin.py:115} INFO - [2023-05-29 15:39:35,476] {dag.py:2972} INFO - Setting next_dagrun for latest_only to 2023-05-29T11:39:35.476733+00:00, run_after=2023-05-29T15:39:35.476733+00:00
[2023-05-29 15:39:35,488] {processor.py:161} INFO - Processing /home/airflow/.local/lib/python3.7/site-packages/airflow/example_dags/example_latest_only.py took 0.057 seconds
[2023-05-29 15:40:05,836] {processor.py:153} INFO - Started process (PID=1721) to work on /home/airflow/.local/lib/python3.7/site-packages/airflow/example_dags/example_latest_only.py
[2023-05-29 15:40:05,836] {processor.py:641} INFO - Processing file /home/airflow/.local/lib/python3.7/site-packages/airflow/example_dags/example_latest_only.py for tasks to queue
[2023-05-29 15:40:05,837] {logging_mixin.py:115} INFO - [2023-05-29 15:40:05,837] {dagbag.py:508} INFO - Filling up the DagBag from /home/airflow/.local/lib/python3.7/site-packages/airflow/example_dags/example_latest_only.py
[2023-05-29 15:40:05,840] {processor.py:651} INFO - DAG(s) dict_keys(['latest_only']) retrieved from /home/airflow/.local/lib/python3.7/site-packages/airflow/example_dags/example_latest_only.py
[2023-05-29 15:40:05,859] {logging_mixin.py:115} INFO - [2023-05-29 15:40:05,859] {dag.py:2420} INFO - Sync 1 DAGs
[2023-05-29 15:40:05,877] {logging_mixin.py:115} INFO - [2023-05-29 15:40:05,877] {dag.py:2972} INFO - Setting next_dagrun for latest_only to 2023-05-29T11:40:05.876974+00:00, run_after=2023-05-29T15:40:05.876974+00:00
[2023-05-29 15:40:05,887] {processor.py:161} INFO - Processing /home/airflow/.local/lib/python3.7/site-packages/airflow/example_dags/example_latest_only.py took 0.053 seconds
[2023-05-29 15:40:36,251] {processor.py:153} INFO - Started process (PID=1783) to work on /home/airflow/.local/lib/python3.7/site-packages/airflow/example_dags/example_latest_only.py
[2023-05-29 15:40:36,251] {processor.py:641} INFO - Processing file /home/airflow/.local/lib/python3.7/site-packages/airflow/example_dags/example_latest_only.py for tasks to queue
[2023-05-29 15:40:36,252] {logging_mixin.py:115} INFO - [2023-05-29 15:40:36,252] {dagbag.py:508} INFO - Filling up the DagBag from /home/airflow/.local/lib/python3.7/site-packages/airflow/example_dags/example_latest_only.py
[2023-05-29 15:40:36,255] {processor.py:651} INFO - DAG(s) dict_keys(['latest_only']) retrieved from /home/airflow/.local/lib/python3.7/site-packages/airflow/example_dags/example_latest_only.py
[2023-05-29 15:40:36,274] {logging_mixin.py:115} INFO - [2023-05-29 15:40:36,274] {dag.py:2420} INFO - Sync 1 DAGs
[2023-05-29 15:40:36,291] {logging_mixin.py:115} INFO - [2023-05-29 15:40:36,291] {dag.py:2972} INFO - Setting next_dagrun for latest_only to 2023-05-29T11:40:36.290918+00:00, run_after=2023-05-29T15:40:36.290918+00:00
[2023-05-29 15:40:36,301] {processor.py:161} INFO - Processing /home/airflow/.local/lib/python3.7/site-packages/airflow/example_dags/example_latest_only.py took 0.052 seconds
[2023-05-29 15:41:06,731] {processor.py:153} INFO - Started process (PID=1845) to work on /home/airflow/.local/lib/python3.7/site-packages/airflow/example_dags/example_latest_only.py
[2023-05-29 15:41:06,731] {processor.py:641} INFO - Processing file /home/airflow/.local/lib/python3.7/site-packages/airflow/example_dags/example_latest_only.py for tasks to queue
[2023-05-29 15:41:06,732] {logging_mixin.py:115} INFO - [2023-05-29 15:41:06,731] {dagbag.py:508} INFO - Filling up the DagBag from /home/airflow/.local/lib/python3.7/site-packages/airflow/example_dags/example_latest_only.py
[2023-05-29 15:41:06,736] {processor.py:651} INFO - DAG(s) dict_keys(['latest_only']) retrieved from /home/airflow/.local/lib/python3.7/site-packages/airflow/example_dags/example_latest_only.py
[2023-05-29 15:41:06,758] {logging_mixin.py:115} INFO - [2023-05-29 15:41:06,758] {dag.py:2420} INFO - Sync 1 DAGs
[2023-05-29 15:41:06,780] {logging_mixin.py:115} INFO - [2023-05-29 15:41:06,780] {dag.py:2972} INFO - Setting next_dagrun for latest_only to 2023-05-29T11:41:06.780458+00:00, run_after=2023-05-29T15:41:06.780458+00:00
[2023-05-29 15:41:06,793] {processor.py:161} INFO - Processing /home/airflow/.local/lib/python3.7/site-packages/airflow/example_dags/example_latest_only.py took 0.065 seconds
