[2023-05-29 15:18:18,289] {processor.py:153} INFO - Started process (PID=47) to work on /home/airflow/.local/lib/python3.7/site-packages/airflow/example_dags/example_nested_branch_dag.py
[2023-05-29 15:18:18,290] {processor.py:641} INFO - Processing file /home/airflow/.local/lib/python3.7/site-packages/airflow/example_dags/example_nested_branch_dag.py for tasks to queue
[2023-05-29 15:18:18,290] {logging_mixin.py:115} INFO - [2023-05-29 15:18:18,290] {dagbag.py:508} INFO - Filling up the DagBag from /home/airflow/.local/lib/python3.7/site-packages/airflow/example_dags/example_nested_branch_dag.py
[2023-05-29 15:18:18,303] {processor.py:651} INFO - DAG(s) dict_keys(['example_nested_branch_dag']) retrieved from /home/airflow/.local/lib/python3.7/site-packages/airflow/example_dags/example_nested_branch_dag.py
[2023-05-29 15:18:18,397] {logging_mixin.py:115} INFO - [2023-05-29 15:18:18,397] {manager.py:508} INFO - Created Permission View: can read on DAG:example_nested_branch_dag
[2023-05-29 15:18:18,408] {logging_mixin.py:115} INFO - [2023-05-29 15:18:18,408] {manager.py:508} INFO - Created Permission View: can delete on DAG:example_nested_branch_dag
[2023-05-29 15:18:18,418] {logging_mixin.py:115} INFO - [2023-05-29 15:18:18,418] {manager.py:508} INFO - Created Permission View: can edit on DAG:example_nested_branch_dag
[2023-05-29 15:18:18,418] {logging_mixin.py:115} INFO - [2023-05-29 15:18:18,418] {dag.py:2420} INFO - Sync 1 DAGs
[2023-05-29 15:18:18,426] {logging_mixin.py:115} INFO - [2023-05-29 15:18:18,426] {dag.py:2439} INFO - Creating ORM DAG for example_nested_branch_dag
[2023-05-29 15:18:18,438] {logging_mixin.py:115} INFO - [2023-05-29 15:18:18,438] {dag.py:2972} INFO - Setting next_dagrun for example_nested_branch_dag to 2023-05-28T00:00:00+00:00, run_after=2023-05-29T00:00:00+00:00
[2023-05-29 15:18:18,455] {processor.py:161} INFO - Processing /home/airflow/.local/lib/python3.7/site-packages/airflow/example_dags/example_nested_branch_dag.py took 0.168 seconds
[2023-05-29 15:18:49,121] {processor.py:153} INFO - Started process (PID=108) to work on /home/airflow/.local/lib/python3.7/site-packages/airflow/example_dags/example_nested_branch_dag.py
[2023-05-29 15:18:49,122] {processor.py:641} INFO - Processing file /home/airflow/.local/lib/python3.7/site-packages/airflow/example_dags/example_nested_branch_dag.py for tasks to queue
[2023-05-29 15:18:49,122] {logging_mixin.py:115} INFO - [2023-05-29 15:18:49,122] {dagbag.py:508} INFO - Filling up the DagBag from /home/airflow/.local/lib/python3.7/site-packages/airflow/example_dags/example_nested_branch_dag.py
[2023-05-29 15:18:49,184] {processor.py:651} INFO - DAG(s) dict_keys(['example_nested_branch_dag']) retrieved from /home/airflow/.local/lib/python3.7/site-packages/airflow/example_dags/example_nested_branch_dag.py
[2023-05-29 15:18:49,203] {logging_mixin.py:115} INFO - [2023-05-29 15:18:49,203] {dag.py:2420} INFO - Sync 1 DAGs
[2023-05-29 15:18:49,222] {logging_mixin.py:115} INFO - [2023-05-29 15:18:49,221] {dag.py:2972} INFO - Setting next_dagrun for example_nested_branch_dag to 2023-05-28T00:00:00+00:00, run_after=2023-05-29T00:00:00+00:00
[2023-05-29 15:18:49,237] {processor.py:161} INFO - Processing /home/airflow/.local/lib/python3.7/site-packages/airflow/example_dags/example_nested_branch_dag.py took 0.118 seconds
[2023-05-29 15:19:20,110] {processor.py:153} INFO - Started process (PID=169) to work on /home/airflow/.local/lib/python3.7/site-packages/airflow/example_dags/example_nested_branch_dag.py
[2023-05-29 15:19:20,110] {processor.py:641} INFO - Processing file /home/airflow/.local/lib/python3.7/site-packages/airflow/example_dags/example_nested_branch_dag.py for tasks to queue
[2023-05-29 15:19:20,110] {logging_mixin.py:115} INFO - [2023-05-29 15:19:20,110] {dagbag.py:508} INFO - Filling up the DagBag from /home/airflow/.local/lib/python3.7/site-packages/airflow/example_dags/example_nested_branch_dag.py
[2023-05-29 15:19:20,117] {processor.py:651} INFO - DAG(s) dict_keys(['example_nested_branch_dag']) retrieved from /home/airflow/.local/lib/python3.7/site-packages/airflow/example_dags/example_nested_branch_dag.py
[2023-05-29 15:19:20,136] {logging_mixin.py:115} INFO - [2023-05-29 15:19:20,136] {dag.py:2420} INFO - Sync 1 DAGs
[2023-05-29 15:19:20,155] {logging_mixin.py:115} INFO - [2023-05-29 15:19:20,155] {dag.py:2972} INFO - Setting next_dagrun for example_nested_branch_dag to 2023-05-28T00:00:00+00:00, run_after=2023-05-29T00:00:00+00:00
[2023-05-29 15:19:20,166] {processor.py:161} INFO - Processing /home/airflow/.local/lib/python3.7/site-packages/airflow/example_dags/example_nested_branch_dag.py took 0.059 seconds
[2023-05-29 15:19:50,487] {processor.py:153} INFO - Started process (PID=230) to work on /home/airflow/.local/lib/python3.7/site-packages/airflow/example_dags/example_nested_branch_dag.py
[2023-05-29 15:19:50,496] {processor.py:641} INFO - Processing file /home/airflow/.local/lib/python3.7/site-packages/airflow/example_dags/example_nested_branch_dag.py for tasks to queue
[2023-05-29 15:19:50,496] {logging_mixin.py:115} INFO - [2023-05-29 15:19:50,496] {dagbag.py:508} INFO - Filling up the DagBag from /home/airflow/.local/lib/python3.7/site-packages/airflow/example_dags/example_nested_branch_dag.py
[2023-05-29 15:19:50,504] {processor.py:651} INFO - DAG(s) dict_keys(['example_nested_branch_dag']) retrieved from /home/airflow/.local/lib/python3.7/site-packages/airflow/example_dags/example_nested_branch_dag.py
[2023-05-29 15:19:50,523] {logging_mixin.py:115} INFO - [2023-05-29 15:19:50,523] {dag.py:2420} INFO - Sync 1 DAGs
[2023-05-29 15:19:50,541] {logging_mixin.py:115} INFO - [2023-05-29 15:19:50,541] {dag.py:2972} INFO - Setting next_dagrun for example_nested_branch_dag to 2023-05-28T00:00:00+00:00, run_after=2023-05-29T00:00:00+00:00
[2023-05-29 15:19:50,551] {processor.py:161} INFO - Processing /home/airflow/.local/lib/python3.7/site-packages/airflow/example_dags/example_nested_branch_dag.py took 0.065 seconds
[2023-05-29 15:20:20,884] {processor.py:153} INFO - Started process (PID=282) to work on /home/airflow/.local/lib/python3.7/site-packages/airflow/example_dags/example_nested_branch_dag.py
[2023-05-29 15:20:20,889] {processor.py:641} INFO - Processing file /home/airflow/.local/lib/python3.7/site-packages/airflow/example_dags/example_nested_branch_dag.py for tasks to queue
[2023-05-29 15:20:20,889] {logging_mixin.py:115} INFO - [2023-05-29 15:20:20,889] {dagbag.py:508} INFO - Filling up the DagBag from /home/airflow/.local/lib/python3.7/site-packages/airflow/example_dags/example_nested_branch_dag.py
[2023-05-29 15:20:20,898] {processor.py:651} INFO - DAG(s) dict_keys(['example_nested_branch_dag']) retrieved from /home/airflow/.local/lib/python3.7/site-packages/airflow/example_dags/example_nested_branch_dag.py
[2023-05-29 15:20:20,919] {logging_mixin.py:115} INFO - [2023-05-29 15:20:20,919] {dag.py:2420} INFO - Sync 1 DAGs
[2023-05-29 15:20:20,937] {logging_mixin.py:115} INFO - [2023-05-29 15:20:20,937] {dag.py:2972} INFO - Setting next_dagrun for example_nested_branch_dag to 2023-05-28T00:00:00+00:00, run_after=2023-05-29T00:00:00+00:00
[2023-05-29 15:20:20,947] {processor.py:161} INFO - Processing /home/airflow/.local/lib/python3.7/site-packages/airflow/example_dags/example_nested_branch_dag.py took 0.065 seconds
[2023-05-29 15:20:51,284] {processor.py:153} INFO - Started process (PID=343) to work on /home/airflow/.local/lib/python3.7/site-packages/airflow/example_dags/example_nested_branch_dag.py
[2023-05-29 15:20:51,290] {processor.py:641} INFO - Processing file /home/airflow/.local/lib/python3.7/site-packages/airflow/example_dags/example_nested_branch_dag.py for tasks to queue
[2023-05-29 15:20:51,291] {logging_mixin.py:115} INFO - [2023-05-29 15:20:51,291] {dagbag.py:508} INFO - Filling up the DagBag from /home/airflow/.local/lib/python3.7/site-packages/airflow/example_dags/example_nested_branch_dag.py
[2023-05-29 15:20:51,300] {processor.py:651} INFO - DAG(s) dict_keys(['example_nested_branch_dag']) retrieved from /home/airflow/.local/lib/python3.7/site-packages/airflow/example_dags/example_nested_branch_dag.py
[2023-05-29 15:20:51,322] {logging_mixin.py:115} INFO - [2023-05-29 15:20:51,322] {dag.py:2420} INFO - Sync 1 DAGs
[2023-05-29 15:20:51,342] {logging_mixin.py:115} INFO - [2023-05-29 15:20:51,342] {dag.py:2972} INFO - Setting next_dagrun for example_nested_branch_dag to 2023-05-28T00:00:00+00:00, run_after=2023-05-29T00:00:00+00:00
[2023-05-29 15:20:51,353] {processor.py:161} INFO - Processing /home/airflow/.local/lib/python3.7/site-packages/airflow/example_dags/example_nested_branch_dag.py took 0.071 seconds
[2023-05-29 15:21:21,671] {processor.py:153} INFO - Started process (PID=405) to work on /home/airflow/.local/lib/python3.7/site-packages/airflow/example_dags/example_nested_branch_dag.py
[2023-05-29 15:21:21,677] {processor.py:641} INFO - Processing file /home/airflow/.local/lib/python3.7/site-packages/airflow/example_dags/example_nested_branch_dag.py for tasks to queue
[2023-05-29 15:21:21,677] {logging_mixin.py:115} INFO - [2023-05-29 15:21:21,677] {dagbag.py:508} INFO - Filling up the DagBag from /home/airflow/.local/lib/python3.7/site-packages/airflow/example_dags/example_nested_branch_dag.py
[2023-05-29 15:21:21,691] {processor.py:651} INFO - DAG(s) dict_keys(['example_nested_branch_dag']) retrieved from /home/airflow/.local/lib/python3.7/site-packages/airflow/example_dags/example_nested_branch_dag.py
[2023-05-29 15:21:21,713] {logging_mixin.py:115} INFO - [2023-05-29 15:21:21,712] {dag.py:2420} INFO - Sync 1 DAGs
[2023-05-29 15:21:21,733] {logging_mixin.py:115} INFO - [2023-05-29 15:21:21,733] {dag.py:2972} INFO - Setting next_dagrun for example_nested_branch_dag to 2023-05-28T00:00:00+00:00, run_after=2023-05-29T00:00:00+00:00
[2023-05-29 15:21:21,744] {processor.py:161} INFO - Processing /home/airflow/.local/lib/python3.7/site-packages/airflow/example_dags/example_nested_branch_dag.py took 0.075 seconds
[2023-05-29 15:21:52,108] {processor.py:153} INFO - Started process (PID=466) to work on /home/airflow/.local/lib/python3.7/site-packages/airflow/example_dags/example_nested_branch_dag.py
[2023-05-29 15:21:52,115] {processor.py:641} INFO - Processing file /home/airflow/.local/lib/python3.7/site-packages/airflow/example_dags/example_nested_branch_dag.py for tasks to queue
[2023-05-29 15:21:52,115] {logging_mixin.py:115} INFO - [2023-05-29 15:21:52,115] {dagbag.py:508} INFO - Filling up the DagBag from /home/airflow/.local/lib/python3.7/site-packages/airflow/example_dags/example_nested_branch_dag.py
[2023-05-29 15:21:52,123] {processor.py:651} INFO - DAG(s) dict_keys(['example_nested_branch_dag']) retrieved from /home/airflow/.local/lib/python3.7/site-packages/airflow/example_dags/example_nested_branch_dag.py
[2023-05-29 15:21:52,146] {logging_mixin.py:115} INFO - [2023-05-29 15:21:52,146] {dag.py:2420} INFO - Sync 1 DAGs
[2023-05-29 15:21:52,166] {logging_mixin.py:115} INFO - [2023-05-29 15:21:52,166] {dag.py:2972} INFO - Setting next_dagrun for example_nested_branch_dag to 2023-05-28T00:00:00+00:00, run_after=2023-05-29T00:00:00+00:00
[2023-05-29 15:21:52,179] {processor.py:161} INFO - Processing /home/airflow/.local/lib/python3.7/site-packages/airflow/example_dags/example_nested_branch_dag.py took 0.072 seconds
[2023-05-29 15:22:22,621] {processor.py:153} INFO - Started process (PID=517) to work on /home/airflow/.local/lib/python3.7/site-packages/airflow/example_dags/example_nested_branch_dag.py
[2023-05-29 15:22:22,627] {processor.py:641} INFO - Processing file /home/airflow/.local/lib/python3.7/site-packages/airflow/example_dags/example_nested_branch_dag.py for tasks to queue
[2023-05-29 15:22:22,628] {logging_mixin.py:115} INFO - [2023-05-29 15:22:22,628] {dagbag.py:508} INFO - Filling up the DagBag from /home/airflow/.local/lib/python3.7/site-packages/airflow/example_dags/example_nested_branch_dag.py
[2023-05-29 15:22:22,635] {processor.py:651} INFO - DAG(s) dict_keys(['example_nested_branch_dag']) retrieved from /home/airflow/.local/lib/python3.7/site-packages/airflow/example_dags/example_nested_branch_dag.py
[2023-05-29 15:22:22,655] {logging_mixin.py:115} INFO - [2023-05-29 15:22:22,655] {dag.py:2420} INFO - Sync 1 DAGs
[2023-05-29 15:22:22,674] {logging_mixin.py:115} INFO - [2023-05-29 15:22:22,674] {dag.py:2972} INFO - Setting next_dagrun for example_nested_branch_dag to 2023-05-28T00:00:00+00:00, run_after=2023-05-29T00:00:00+00:00
[2023-05-29 15:22:22,685] {processor.py:161} INFO - Processing /home/airflow/.local/lib/python3.7/site-packages/airflow/example_dags/example_nested_branch_dag.py took 0.068 seconds
[2023-05-29 15:23:24,787] {processor.py:153} INFO - Started process (PID=46) to work on /home/airflow/.local/lib/python3.7/site-packages/airflow/example_dags/example_nested_branch_dag.py
[2023-05-29 15:23:24,788] {processor.py:641} INFO - Processing file /home/airflow/.local/lib/python3.7/site-packages/airflow/example_dags/example_nested_branch_dag.py for tasks to queue
[2023-05-29 15:23:24,788] {logging_mixin.py:115} INFO - [2023-05-29 15:23:24,788] {dagbag.py:508} INFO - Filling up the DagBag from /home/airflow/.local/lib/python3.7/site-packages/airflow/example_dags/example_nested_branch_dag.py
[2023-05-29 15:23:24,801] {processor.py:651} INFO - DAG(s) dict_keys(['example_nested_branch_dag']) retrieved from /home/airflow/.local/lib/python3.7/site-packages/airflow/example_dags/example_nested_branch_dag.py
[2023-05-29 15:23:24,829] {logging_mixin.py:115} INFO - [2023-05-29 15:23:24,828] {dag.py:2420} INFO - Sync 1 DAGs
[2023-05-29 15:23:24,849] {logging_mixin.py:115} INFO - [2023-05-29 15:23:24,849] {dag.py:2972} INFO - Setting next_dagrun for example_nested_branch_dag to 2023-05-28T00:00:00+00:00, run_after=2023-05-29T00:00:00+00:00
[2023-05-29 15:23:24,861] {processor.py:161} INFO - Processing /home/airflow/.local/lib/python3.7/site-packages/airflow/example_dags/example_nested_branch_dag.py took 0.077 seconds
[2023-05-29 15:23:55,814] {processor.py:153} INFO - Started process (PID=107) to work on /home/airflow/.local/lib/python3.7/site-packages/airflow/example_dags/example_nested_branch_dag.py
[2023-05-29 15:23:55,814] {processor.py:641} INFO - Processing file /home/airflow/.local/lib/python3.7/site-packages/airflow/example_dags/example_nested_branch_dag.py for tasks to queue
[2023-05-29 15:23:55,814] {logging_mixin.py:115} INFO - [2023-05-29 15:23:55,814] {dagbag.py:508} INFO - Filling up the DagBag from /home/airflow/.local/lib/python3.7/site-packages/airflow/example_dags/example_nested_branch_dag.py
[2023-05-29 15:23:55,821] {processor.py:651} INFO - DAG(s) dict_keys(['example_nested_branch_dag']) retrieved from /home/airflow/.local/lib/python3.7/site-packages/airflow/example_dags/example_nested_branch_dag.py
[2023-05-29 15:23:55,840] {logging_mixin.py:115} INFO - [2023-05-29 15:23:55,840] {dag.py:2420} INFO - Sync 1 DAGs
[2023-05-29 15:23:55,859] {logging_mixin.py:115} INFO - [2023-05-29 15:23:55,859] {dag.py:2972} INFO - Setting next_dagrun for example_nested_branch_dag to 2023-05-28T00:00:00+00:00, run_after=2023-05-29T00:00:00+00:00
[2023-05-29 15:23:55,870] {processor.py:161} INFO - Processing /home/airflow/.local/lib/python3.7/site-packages/airflow/example_dags/example_nested_branch_dag.py took 0.058 seconds
[2023-05-29 15:24:26,349] {processor.py:153} INFO - Started process (PID=168) to work on /home/airflow/.local/lib/python3.7/site-packages/airflow/example_dags/example_nested_branch_dag.py
[2023-05-29 15:24:26,350] {processor.py:641} INFO - Processing file /home/airflow/.local/lib/python3.7/site-packages/airflow/example_dags/example_nested_branch_dag.py for tasks to queue
[2023-05-29 15:24:26,350] {logging_mixin.py:115} INFO - [2023-05-29 15:24:26,350] {dagbag.py:508} INFO - Filling up the DagBag from /home/airflow/.local/lib/python3.7/site-packages/airflow/example_dags/example_nested_branch_dag.py
[2023-05-29 15:24:26,357] {processor.py:651} INFO - DAG(s) dict_keys(['example_nested_branch_dag']) retrieved from /home/airflow/.local/lib/python3.7/site-packages/airflow/example_dags/example_nested_branch_dag.py
[2023-05-29 15:24:26,377] {logging_mixin.py:115} INFO - [2023-05-29 15:24:26,377] {dag.py:2420} INFO - Sync 1 DAGs
[2023-05-29 15:24:26,400] {logging_mixin.py:115} INFO - [2023-05-29 15:24:26,400] {dag.py:2972} INFO - Setting next_dagrun for example_nested_branch_dag to 2023-05-28T00:00:00+00:00, run_after=2023-05-29T00:00:00+00:00
[2023-05-29 15:24:26,412] {processor.py:161} INFO - Processing /home/airflow/.local/lib/python3.7/site-packages/airflow/example_dags/example_nested_branch_dag.py took 0.065 seconds
[2023-05-29 15:24:56,913] {processor.py:153} INFO - Started process (PID=229) to work on /home/airflow/.local/lib/python3.7/site-packages/airflow/example_dags/example_nested_branch_dag.py
[2023-05-29 15:24:56,914] {processor.py:641} INFO - Processing file /home/airflow/.local/lib/python3.7/site-packages/airflow/example_dags/example_nested_branch_dag.py for tasks to queue
[2023-05-29 15:24:56,914] {logging_mixin.py:115} INFO - [2023-05-29 15:24:56,914] {dagbag.py:508} INFO - Filling up the DagBag from /home/airflow/.local/lib/python3.7/site-packages/airflow/example_dags/example_nested_branch_dag.py
[2023-05-29 15:24:56,923] {processor.py:651} INFO - DAG(s) dict_keys(['example_nested_branch_dag']) retrieved from /home/airflow/.local/lib/python3.7/site-packages/airflow/example_dags/example_nested_branch_dag.py
[2023-05-29 15:24:56,981] {logging_mixin.py:115} INFO - [2023-05-29 15:24:56,981] {dag.py:2420} INFO - Sync 1 DAGs
[2023-05-29 15:24:57,002] {logging_mixin.py:115} INFO - [2023-05-29 15:24:57,002] {dag.py:2972} INFO - Setting next_dagrun for example_nested_branch_dag to 2023-05-28T00:00:00+00:00, run_after=2023-05-29T00:00:00+00:00
[2023-05-29 15:24:57,016] {processor.py:161} INFO - Processing /home/airflow/.local/lib/python3.7/site-packages/airflow/example_dags/example_nested_branch_dag.py took 0.105 seconds
[2023-05-29 15:25:49,931] {processor.py:153} INFO - Started process (PID=47) to work on /home/airflow/.local/lib/python3.7/site-packages/airflow/example_dags/example_nested_branch_dag.py
[2023-05-29 15:25:49,931] {processor.py:641} INFO - Processing file /home/airflow/.local/lib/python3.7/site-packages/airflow/example_dags/example_nested_branch_dag.py for tasks to queue
[2023-05-29 15:25:49,932] {logging_mixin.py:115} INFO - [2023-05-29 15:25:49,932] {dagbag.py:508} INFO - Filling up the DagBag from /home/airflow/.local/lib/python3.7/site-packages/airflow/example_dags/example_nested_branch_dag.py
[2023-05-29 15:25:49,944] {processor.py:651} INFO - DAG(s) dict_keys(['example_nested_branch_dag']) retrieved from /home/airflow/.local/lib/python3.7/site-packages/airflow/example_dags/example_nested_branch_dag.py
[2023-05-29 15:25:49,970] {logging_mixin.py:115} INFO - [2023-05-29 15:25:49,970] {dag.py:2420} INFO - Sync 1 DAGs
[2023-05-29 15:25:49,989] {logging_mixin.py:115} INFO - [2023-05-29 15:25:49,989] {dag.py:2972} INFO - Setting next_dagrun for example_nested_branch_dag to 2023-05-28T00:00:00+00:00, run_after=2023-05-29T00:00:00+00:00
[2023-05-29 15:25:49,999] {processor.py:161} INFO - Processing /home/airflow/.local/lib/python3.7/site-packages/airflow/example_dags/example_nested_branch_dag.py took 0.071 seconds
[2023-05-29 15:26:20,950] {processor.py:153} INFO - Started process (PID=108) to work on /home/airflow/.local/lib/python3.7/site-packages/airflow/example_dags/example_nested_branch_dag.py
[2023-05-29 15:26:20,956] {processor.py:641} INFO - Processing file /home/airflow/.local/lib/python3.7/site-packages/airflow/example_dags/example_nested_branch_dag.py for tasks to queue
[2023-05-29 15:26:20,957] {logging_mixin.py:115} INFO - [2023-05-29 15:26:20,957] {dagbag.py:508} INFO - Filling up the DagBag from /home/airflow/.local/lib/python3.7/site-packages/airflow/example_dags/example_nested_branch_dag.py
[2023-05-29 15:26:20,964] {processor.py:651} INFO - DAG(s) dict_keys(['example_nested_branch_dag']) retrieved from /home/airflow/.local/lib/python3.7/site-packages/airflow/example_dags/example_nested_branch_dag.py
[2023-05-29 15:26:20,984] {logging_mixin.py:115} INFO - [2023-05-29 15:26:20,984] {dag.py:2420} INFO - Sync 1 DAGs
[2023-05-29 15:26:21,003] {logging_mixin.py:115} INFO - [2023-05-29 15:26:21,003] {dag.py:2972} INFO - Setting next_dagrun for example_nested_branch_dag to 2023-05-28T00:00:00+00:00, run_after=2023-05-29T00:00:00+00:00
[2023-05-29 15:26:21,013] {processor.py:161} INFO - Processing /home/airflow/.local/lib/python3.7/site-packages/airflow/example_dags/example_nested_branch_dag.py took 0.065 seconds
[2023-05-29 15:26:51,475] {processor.py:153} INFO - Started process (PID=169) to work on /home/airflow/.local/lib/python3.7/site-packages/airflow/example_dags/example_nested_branch_dag.py
[2023-05-29 15:26:51,481] {processor.py:641} INFO - Processing file /home/airflow/.local/lib/python3.7/site-packages/airflow/example_dags/example_nested_branch_dag.py for tasks to queue
[2023-05-29 15:26:51,482] {logging_mixin.py:115} INFO - [2023-05-29 15:26:51,482] {dagbag.py:508} INFO - Filling up the DagBag from /home/airflow/.local/lib/python3.7/site-packages/airflow/example_dags/example_nested_branch_dag.py
[2023-05-29 15:26:51,492] {processor.py:651} INFO - DAG(s) dict_keys(['example_nested_branch_dag']) retrieved from /home/airflow/.local/lib/python3.7/site-packages/airflow/example_dags/example_nested_branch_dag.py
[2023-05-29 15:26:51,514] {logging_mixin.py:115} INFO - [2023-05-29 15:26:51,514] {dag.py:2420} INFO - Sync 1 DAGs
[2023-05-29 15:26:51,534] {logging_mixin.py:115} INFO - [2023-05-29 15:26:51,534] {dag.py:2972} INFO - Setting next_dagrun for example_nested_branch_dag to 2023-05-28T00:00:00+00:00, run_after=2023-05-29T00:00:00+00:00
[2023-05-29 15:26:51,544] {processor.py:161} INFO - Processing /home/airflow/.local/lib/python3.7/site-packages/airflow/example_dags/example_nested_branch_dag.py took 0.072 seconds
[2023-05-29 15:27:21,996] {processor.py:153} INFO - Started process (PID=230) to work on /home/airflow/.local/lib/python3.7/site-packages/airflow/example_dags/example_nested_branch_dag.py
[2023-05-29 15:27:22,001] {processor.py:641} INFO - Processing file /home/airflow/.local/lib/python3.7/site-packages/airflow/example_dags/example_nested_branch_dag.py for tasks to queue
[2023-05-29 15:27:22,001] {logging_mixin.py:115} INFO - [2023-05-29 15:27:22,001] {dagbag.py:508} INFO - Filling up the DagBag from /home/airflow/.local/lib/python3.7/site-packages/airflow/example_dags/example_nested_branch_dag.py
[2023-05-29 15:27:22,011] {processor.py:651} INFO - DAG(s) dict_keys(['example_nested_branch_dag']) retrieved from /home/airflow/.local/lib/python3.7/site-packages/airflow/example_dags/example_nested_branch_dag.py
[2023-05-29 15:27:22,035] {logging_mixin.py:115} INFO - [2023-05-29 15:27:22,035] {dag.py:2420} INFO - Sync 1 DAGs
[2023-05-29 15:27:22,058] {logging_mixin.py:115} INFO - [2023-05-29 15:27:22,058] {dag.py:2972} INFO - Setting next_dagrun for example_nested_branch_dag to 2023-05-28T00:00:00+00:00, run_after=2023-05-29T00:00:00+00:00
[2023-05-29 15:27:22,072] {processor.py:161} INFO - Processing /home/airflow/.local/lib/python3.7/site-packages/airflow/example_dags/example_nested_branch_dag.py took 0.078 seconds
[2023-05-29 15:27:52,638] {processor.py:153} INFO - Started process (PID=282) to work on /home/airflow/.local/lib/python3.7/site-packages/airflow/example_dags/example_nested_branch_dag.py
[2023-05-29 15:27:52,645] {processor.py:641} INFO - Processing file /home/airflow/.local/lib/python3.7/site-packages/airflow/example_dags/example_nested_branch_dag.py for tasks to queue
[2023-05-29 15:27:52,646] {logging_mixin.py:115} INFO - [2023-05-29 15:27:52,646] {dagbag.py:508} INFO - Filling up the DagBag from /home/airflow/.local/lib/python3.7/site-packages/airflow/example_dags/example_nested_branch_dag.py
[2023-05-29 15:27:52,653] {processor.py:651} INFO - DAG(s) dict_keys(['example_nested_branch_dag']) retrieved from /home/airflow/.local/lib/python3.7/site-packages/airflow/example_dags/example_nested_branch_dag.py
[2023-05-29 15:27:52,673] {logging_mixin.py:115} INFO - [2023-05-29 15:27:52,673] {dag.py:2420} INFO - Sync 1 DAGs
[2023-05-29 15:27:52,693] {logging_mixin.py:115} INFO - [2023-05-29 15:27:52,692] {dag.py:2972} INFO - Setting next_dagrun for example_nested_branch_dag to 2023-05-28T00:00:00+00:00, run_after=2023-05-29T00:00:00+00:00
[2023-05-29 15:27:52,703] {processor.py:161} INFO - Processing /home/airflow/.local/lib/python3.7/site-packages/airflow/example_dags/example_nested_branch_dag.py took 0.067 seconds
[2023-05-29 15:28:23,156] {processor.py:153} INFO - Started process (PID=343) to work on /home/airflow/.local/lib/python3.7/site-packages/airflow/example_dags/example_nested_branch_dag.py
[2023-05-29 15:28:23,157] {processor.py:641} INFO - Processing file /home/airflow/.local/lib/python3.7/site-packages/airflow/example_dags/example_nested_branch_dag.py for tasks to queue
[2023-05-29 15:28:23,157] {logging_mixin.py:115} INFO - [2023-05-29 15:28:23,157] {dagbag.py:508} INFO - Filling up the DagBag from /home/airflow/.local/lib/python3.7/site-packages/airflow/example_dags/example_nested_branch_dag.py
[2023-05-29 15:28:23,165] {processor.py:651} INFO - DAG(s) dict_keys(['example_nested_branch_dag']) retrieved from /home/airflow/.local/lib/python3.7/site-packages/airflow/example_dags/example_nested_branch_dag.py
[2023-05-29 15:28:23,185] {logging_mixin.py:115} INFO - [2023-05-29 15:28:23,184] {dag.py:2420} INFO - Sync 1 DAGs
[2023-05-29 15:28:23,203] {logging_mixin.py:115} INFO - [2023-05-29 15:28:23,203] {dag.py:2972} INFO - Setting next_dagrun for example_nested_branch_dag to 2023-05-28T00:00:00+00:00, run_after=2023-05-29T00:00:00+00:00
[2023-05-29 15:28:23,213] {processor.py:161} INFO - Processing /home/airflow/.local/lib/python3.7/site-packages/airflow/example_dags/example_nested_branch_dag.py took 0.059 seconds
[2023-05-29 15:28:53,593] {processor.py:153} INFO - Started process (PID=404) to work on /home/airflow/.local/lib/python3.7/site-packages/airflow/example_dags/example_nested_branch_dag.py
[2023-05-29 15:28:53,600] {processor.py:641} INFO - Processing file /home/airflow/.local/lib/python3.7/site-packages/airflow/example_dags/example_nested_branch_dag.py for tasks to queue
[2023-05-29 15:28:53,601] {logging_mixin.py:115} INFO - [2023-05-29 15:28:53,601] {dagbag.py:508} INFO - Filling up the DagBag from /home/airflow/.local/lib/python3.7/site-packages/airflow/example_dags/example_nested_branch_dag.py
[2023-05-29 15:28:53,608] {processor.py:651} INFO - DAG(s) dict_keys(['example_nested_branch_dag']) retrieved from /home/airflow/.local/lib/python3.7/site-packages/airflow/example_dags/example_nested_branch_dag.py
[2023-05-29 15:28:53,630] {logging_mixin.py:115} INFO - [2023-05-29 15:28:53,630] {dag.py:2420} INFO - Sync 1 DAGs
[2023-05-29 15:28:53,655] {logging_mixin.py:115} INFO - [2023-05-29 15:28:53,655] {dag.py:2972} INFO - Setting next_dagrun for example_nested_branch_dag to 2023-05-28T00:00:00+00:00, run_after=2023-05-29T00:00:00+00:00
[2023-05-29 15:28:53,668] {processor.py:161} INFO - Processing /home/airflow/.local/lib/python3.7/site-packages/airflow/example_dags/example_nested_branch_dag.py took 0.076 seconds
[2023-05-29 15:29:24,152] {processor.py:153} INFO - Started process (PID=466) to work on /home/airflow/.local/lib/python3.7/site-packages/airflow/example_dags/example_nested_branch_dag.py
[2023-05-29 15:29:24,159] {processor.py:641} INFO - Processing file /home/airflow/.local/lib/python3.7/site-packages/airflow/example_dags/example_nested_branch_dag.py for tasks to queue
[2023-05-29 15:29:24,159] {logging_mixin.py:115} INFO - [2023-05-29 15:29:24,159] {dagbag.py:508} INFO - Filling up the DagBag from /home/airflow/.local/lib/python3.7/site-packages/airflow/example_dags/example_nested_branch_dag.py
[2023-05-29 15:29:24,167] {processor.py:651} INFO - DAG(s) dict_keys(['example_nested_branch_dag']) retrieved from /home/airflow/.local/lib/python3.7/site-packages/airflow/example_dags/example_nested_branch_dag.py
[2023-05-29 15:29:24,191] {logging_mixin.py:115} INFO - [2023-05-29 15:29:24,191] {dag.py:2420} INFO - Sync 1 DAGs
[2023-05-29 15:29:24,212] {logging_mixin.py:115} INFO - [2023-05-29 15:29:24,212] {dag.py:2972} INFO - Setting next_dagrun for example_nested_branch_dag to 2023-05-28T00:00:00+00:00, run_after=2023-05-29T00:00:00+00:00
[2023-05-29 15:29:24,224] {processor.py:161} INFO - Processing /home/airflow/.local/lib/python3.7/site-packages/airflow/example_dags/example_nested_branch_dag.py took 0.074 seconds
[2023-05-29 15:29:54,692] {processor.py:153} INFO - Started process (PID=518) to work on /home/airflow/.local/lib/python3.7/site-packages/airflow/example_dags/example_nested_branch_dag.py
[2023-05-29 15:29:54,693] {processor.py:641} INFO - Processing file /home/airflow/.local/lib/python3.7/site-packages/airflow/example_dags/example_nested_branch_dag.py for tasks to queue
[2023-05-29 15:29:54,693] {logging_mixin.py:115} INFO - [2023-05-29 15:29:54,693] {dagbag.py:508} INFO - Filling up the DagBag from /home/airflow/.local/lib/python3.7/site-packages/airflow/example_dags/example_nested_branch_dag.py
[2023-05-29 15:29:54,700] {processor.py:651} INFO - DAG(s) dict_keys(['example_nested_branch_dag']) retrieved from /home/airflow/.local/lib/python3.7/site-packages/airflow/example_dags/example_nested_branch_dag.py
[2023-05-29 15:29:54,721] {logging_mixin.py:115} INFO - [2023-05-29 15:29:54,721] {dag.py:2420} INFO - Sync 1 DAGs
[2023-05-29 15:29:54,741] {logging_mixin.py:115} INFO - [2023-05-29 15:29:54,741] {dag.py:2972} INFO - Setting next_dagrun for example_nested_branch_dag to 2023-05-28T00:00:00+00:00, run_after=2023-05-29T00:00:00+00:00
[2023-05-29 15:29:54,751] {processor.py:161} INFO - Processing /home/airflow/.local/lib/python3.7/site-packages/airflow/example_dags/example_nested_branch_dag.py took 0.061 seconds
[2023-05-29 15:30:25,120] {processor.py:153} INFO - Started process (PID=579) to work on /home/airflow/.local/lib/python3.7/site-packages/airflow/example_dags/example_nested_branch_dag.py
[2023-05-29 15:30:25,138] {processor.py:641} INFO - Processing file /home/airflow/.local/lib/python3.7/site-packages/airflow/example_dags/example_nested_branch_dag.py for tasks to queue
[2023-05-29 15:30:25,139] {logging_mixin.py:115} INFO - [2023-05-29 15:30:25,139] {dagbag.py:508} INFO - Filling up the DagBag from /home/airflow/.local/lib/python3.7/site-packages/airflow/example_dags/example_nested_branch_dag.py
[2023-05-29 15:30:25,145] {processor.py:651} INFO - DAG(s) dict_keys(['example_nested_branch_dag']) retrieved from /home/airflow/.local/lib/python3.7/site-packages/airflow/example_dags/example_nested_branch_dag.py
[2023-05-29 15:30:25,166] {logging_mixin.py:115} INFO - [2023-05-29 15:30:25,166] {dag.py:2420} INFO - Sync 1 DAGs
[2023-05-29 15:30:25,183] {logging_mixin.py:115} INFO - [2023-05-29 15:30:25,183] {dag.py:2972} INFO - Setting next_dagrun for example_nested_branch_dag to 2023-05-28T00:00:00+00:00, run_after=2023-05-29T00:00:00+00:00
[2023-05-29 15:30:25,195] {processor.py:161} INFO - Processing /home/airflow/.local/lib/python3.7/site-packages/airflow/example_dags/example_nested_branch_dag.py took 0.077 seconds
[2023-05-29 15:30:56,013] {processor.py:153} INFO - Started process (PID=640) to work on /home/airflow/.local/lib/python3.7/site-packages/airflow/example_dags/example_nested_branch_dag.py
[2023-05-29 15:30:56,021] {processor.py:641} INFO - Processing file /home/airflow/.local/lib/python3.7/site-packages/airflow/example_dags/example_nested_branch_dag.py for tasks to queue
[2023-05-29 15:30:56,021] {logging_mixin.py:115} INFO - [2023-05-29 15:30:56,021] {dagbag.py:508} INFO - Filling up the DagBag from /home/airflow/.local/lib/python3.7/site-packages/airflow/example_dags/example_nested_branch_dag.py
[2023-05-29 15:30:56,030] {processor.py:651} INFO - DAG(s) dict_keys(['example_nested_branch_dag']) retrieved from /home/airflow/.local/lib/python3.7/site-packages/airflow/example_dags/example_nested_branch_dag.py
[2023-05-29 15:30:56,050] {logging_mixin.py:115} INFO - [2023-05-29 15:30:56,050] {dag.py:2420} INFO - Sync 1 DAGs
[2023-05-29 15:30:56,068] {logging_mixin.py:115} INFO - [2023-05-29 15:30:56,068] {dag.py:2972} INFO - Setting next_dagrun for example_nested_branch_dag to 2023-05-28T00:00:00+00:00, run_after=2023-05-29T00:00:00+00:00
[2023-05-29 15:30:56,079] {processor.py:161} INFO - Processing /home/airflow/.local/lib/python3.7/site-packages/airflow/example_dags/example_nested_branch_dag.py took 0.068 seconds
[2023-05-29 15:31:26,454] {processor.py:153} INFO - Started process (PID=701) to work on /home/airflow/.local/lib/python3.7/site-packages/airflow/example_dags/example_nested_branch_dag.py
[2023-05-29 15:31:26,460] {processor.py:641} INFO - Processing file /home/airflow/.local/lib/python3.7/site-packages/airflow/example_dags/example_nested_branch_dag.py for tasks to queue
[2023-05-29 15:31:26,460] {logging_mixin.py:115} INFO - [2023-05-29 15:31:26,460] {dagbag.py:508} INFO - Filling up the DagBag from /home/airflow/.local/lib/python3.7/site-packages/airflow/example_dags/example_nested_branch_dag.py
[2023-05-29 15:31:26,468] {processor.py:651} INFO - DAG(s) dict_keys(['example_nested_branch_dag']) retrieved from /home/airflow/.local/lib/python3.7/site-packages/airflow/example_dags/example_nested_branch_dag.py
[2023-05-29 15:31:26,490] {logging_mixin.py:115} INFO - [2023-05-29 15:31:26,490] {dag.py:2420} INFO - Sync 1 DAGs
[2023-05-29 15:31:26,511] {logging_mixin.py:115} INFO - [2023-05-29 15:31:26,510] {dag.py:2972} INFO - Setting next_dagrun for example_nested_branch_dag to 2023-05-28T00:00:00+00:00, run_after=2023-05-29T00:00:00+00:00
[2023-05-29 15:31:26,523] {processor.py:161} INFO - Processing /home/airflow/.local/lib/python3.7/site-packages/airflow/example_dags/example_nested_branch_dag.py took 0.071 seconds
[2023-05-29 15:31:56,917] {processor.py:153} INFO - Started process (PID=752) to work on /home/airflow/.local/lib/python3.7/site-packages/airflow/example_dags/example_nested_branch_dag.py
[2023-05-29 15:31:56,917] {processor.py:641} INFO - Processing file /home/airflow/.local/lib/python3.7/site-packages/airflow/example_dags/example_nested_branch_dag.py for tasks to queue
[2023-05-29 15:31:56,917] {logging_mixin.py:115} INFO - [2023-05-29 15:31:56,917] {dagbag.py:508} INFO - Filling up the DagBag from /home/airflow/.local/lib/python3.7/site-packages/airflow/example_dags/example_nested_branch_dag.py
[2023-05-29 15:31:56,925] {processor.py:651} INFO - DAG(s) dict_keys(['example_nested_branch_dag']) retrieved from /home/airflow/.local/lib/python3.7/site-packages/airflow/example_dags/example_nested_branch_dag.py
[2023-05-29 15:31:56,945] {logging_mixin.py:115} INFO - [2023-05-29 15:31:56,945] {dag.py:2420} INFO - Sync 1 DAGs
[2023-05-29 15:31:56,964] {logging_mixin.py:115} INFO - [2023-05-29 15:31:56,964] {dag.py:2972} INFO - Setting next_dagrun for example_nested_branch_dag to 2023-05-28T00:00:00+00:00, run_after=2023-05-29T00:00:00+00:00
[2023-05-29 15:31:56,975] {processor.py:161} INFO - Processing /home/airflow/.local/lib/python3.7/site-packages/airflow/example_dags/example_nested_branch_dag.py took 0.061 seconds
[2023-05-29 15:32:27,410] {processor.py:153} INFO - Started process (PID=813) to work on /home/airflow/.local/lib/python3.7/site-packages/airflow/example_dags/example_nested_branch_dag.py
[2023-05-29 15:32:27,418] {processor.py:641} INFO - Processing file /home/airflow/.local/lib/python3.7/site-packages/airflow/example_dags/example_nested_branch_dag.py for tasks to queue
[2023-05-29 15:32:27,418] {logging_mixin.py:115} INFO - [2023-05-29 15:32:27,418] {dagbag.py:508} INFO - Filling up the DagBag from /home/airflow/.local/lib/python3.7/site-packages/airflow/example_dags/example_nested_branch_dag.py
[2023-05-29 15:32:27,428] {processor.py:651} INFO - DAG(s) dict_keys(['example_nested_branch_dag']) retrieved from /home/airflow/.local/lib/python3.7/site-packages/airflow/example_dags/example_nested_branch_dag.py
[2023-05-29 15:32:27,450] {logging_mixin.py:115} INFO - [2023-05-29 15:32:27,449] {dag.py:2420} INFO - Sync 1 DAGs
[2023-05-29 15:32:27,468] {logging_mixin.py:115} INFO - [2023-05-29 15:32:27,468] {dag.py:2972} INFO - Setting next_dagrun for example_nested_branch_dag to 2023-05-28T00:00:00+00:00, run_after=2023-05-29T00:00:00+00:00
[2023-05-29 15:32:27,479] {processor.py:161} INFO - Processing /home/airflow/.local/lib/python3.7/site-packages/airflow/example_dags/example_nested_branch_dag.py took 0.071 seconds
[2023-05-29 15:32:57,891] {processor.py:153} INFO - Started process (PID=874) to work on /home/airflow/.local/lib/python3.7/site-packages/airflow/example_dags/example_nested_branch_dag.py
[2023-05-29 15:32:57,895] {processor.py:641} INFO - Processing file /home/airflow/.local/lib/python3.7/site-packages/airflow/example_dags/example_nested_branch_dag.py for tasks to queue
[2023-05-29 15:32:57,896] {logging_mixin.py:115} INFO - [2023-05-29 15:32:57,896] {dagbag.py:508} INFO - Filling up the DagBag from /home/airflow/.local/lib/python3.7/site-packages/airflow/example_dags/example_nested_branch_dag.py
[2023-05-29 15:32:57,903] {processor.py:651} INFO - DAG(s) dict_keys(['example_nested_branch_dag']) retrieved from /home/airflow/.local/lib/python3.7/site-packages/airflow/example_dags/example_nested_branch_dag.py
[2023-05-29 15:32:57,923] {logging_mixin.py:115} INFO - [2023-05-29 15:32:57,923] {dag.py:2420} INFO - Sync 1 DAGs
[2023-05-29 15:32:57,941] {logging_mixin.py:115} INFO - [2023-05-29 15:32:57,941] {dag.py:2972} INFO - Setting next_dagrun for example_nested_branch_dag to 2023-05-28T00:00:00+00:00, run_after=2023-05-29T00:00:00+00:00
[2023-05-29 15:32:57,951] {processor.py:161} INFO - Processing /home/airflow/.local/lib/python3.7/site-packages/airflow/example_dags/example_nested_branch_dag.py took 0.063 seconds
[2023-05-29 15:33:28,320] {processor.py:153} INFO - Started process (PID=933) to work on /home/airflow/.local/lib/python3.7/site-packages/airflow/example_dags/example_nested_branch_dag.py
[2023-05-29 15:33:28,326] {processor.py:641} INFO - Processing file /home/airflow/.local/lib/python3.7/site-packages/airflow/example_dags/example_nested_branch_dag.py for tasks to queue
[2023-05-29 15:33:28,326] {logging_mixin.py:115} INFO - [2023-05-29 15:33:28,326] {dagbag.py:508} INFO - Filling up the DagBag from /home/airflow/.local/lib/python3.7/site-packages/airflow/example_dags/example_nested_branch_dag.py
[2023-05-29 15:33:28,334] {processor.py:651} INFO - DAG(s) dict_keys(['example_nested_branch_dag']) retrieved from /home/airflow/.local/lib/python3.7/site-packages/airflow/example_dags/example_nested_branch_dag.py
[2023-05-29 15:33:28,357] {logging_mixin.py:115} INFO - [2023-05-29 15:33:28,357] {dag.py:2420} INFO - Sync 1 DAGs
[2023-05-29 15:33:28,377] {logging_mixin.py:115} INFO - [2023-05-29 15:33:28,377] {dag.py:2972} INFO - Setting next_dagrun for example_nested_branch_dag to 2023-05-28T00:00:00+00:00, run_after=2023-05-29T00:00:00+00:00
[2023-05-29 15:33:28,388] {processor.py:161} INFO - Processing /home/airflow/.local/lib/python3.7/site-packages/airflow/example_dags/example_nested_branch_dag.py took 0.070 seconds
[2023-05-29 15:33:58,965] {processor.py:153} INFO - Started process (PID=987) to work on /home/airflow/.local/lib/python3.7/site-packages/airflow/example_dags/example_nested_branch_dag.py
[2023-05-29 15:33:58,971] {processor.py:641} INFO - Processing file /home/airflow/.local/lib/python3.7/site-packages/airflow/example_dags/example_nested_branch_dag.py for tasks to queue
[2023-05-29 15:33:58,972] {logging_mixin.py:115} INFO - [2023-05-29 15:33:58,971] {dagbag.py:508} INFO - Filling up the DagBag from /home/airflow/.local/lib/python3.7/site-packages/airflow/example_dags/example_nested_branch_dag.py
[2023-05-29 15:33:58,979] {processor.py:651} INFO - DAG(s) dict_keys(['example_nested_branch_dag']) retrieved from /home/airflow/.local/lib/python3.7/site-packages/airflow/example_dags/example_nested_branch_dag.py
[2023-05-29 15:33:58,999] {logging_mixin.py:115} INFO - [2023-05-29 15:33:58,999] {dag.py:2420} INFO - Sync 1 DAGs
[2023-05-29 15:33:59,017] {logging_mixin.py:115} INFO - [2023-05-29 15:33:59,017] {dag.py:2972} INFO - Setting next_dagrun for example_nested_branch_dag to 2023-05-28T00:00:00+00:00, run_after=2023-05-29T00:00:00+00:00
[2023-05-29 15:33:59,028] {processor.py:161} INFO - Processing /home/airflow/.local/lib/python3.7/site-packages/airflow/example_dags/example_nested_branch_dag.py took 0.065 seconds
[2023-05-29 15:34:29,417] {processor.py:153} INFO - Started process (PID=1048) to work on /home/airflow/.local/lib/python3.7/site-packages/airflow/example_dags/example_nested_branch_dag.py
[2023-05-29 15:34:29,424] {processor.py:641} INFO - Processing file /home/airflow/.local/lib/python3.7/site-packages/airflow/example_dags/example_nested_branch_dag.py for tasks to queue
[2023-05-29 15:34:29,424] {logging_mixin.py:115} INFO - [2023-05-29 15:34:29,424] {dagbag.py:508} INFO - Filling up the DagBag from /home/airflow/.local/lib/python3.7/site-packages/airflow/example_dags/example_nested_branch_dag.py
[2023-05-29 15:34:29,434] {processor.py:651} INFO - DAG(s) dict_keys(['example_nested_branch_dag']) retrieved from /home/airflow/.local/lib/python3.7/site-packages/airflow/example_dags/example_nested_branch_dag.py
[2023-05-29 15:34:29,453] {logging_mixin.py:115} INFO - [2023-05-29 15:34:29,453] {dag.py:2420} INFO - Sync 1 DAGs
[2023-05-29 15:34:29,471] {logging_mixin.py:115} INFO - [2023-05-29 15:34:29,471] {dag.py:2972} INFO - Setting next_dagrun for example_nested_branch_dag to 2023-05-28T00:00:00+00:00, run_after=2023-05-29T00:00:00+00:00
[2023-05-29 15:34:29,481] {processor.py:161} INFO - Processing /home/airflow/.local/lib/python3.7/site-packages/airflow/example_dags/example_nested_branch_dag.py took 0.066 seconds
[2023-05-29 15:34:59,890] {processor.py:153} INFO - Started process (PID=1109) to work on /home/airflow/.local/lib/python3.7/site-packages/airflow/example_dags/example_nested_branch_dag.py
[2023-05-29 15:34:59,896] {processor.py:641} INFO - Processing file /home/airflow/.local/lib/python3.7/site-packages/airflow/example_dags/example_nested_branch_dag.py for tasks to queue
[2023-05-29 15:34:59,897] {logging_mixin.py:115} INFO - [2023-05-29 15:34:59,896] {dagbag.py:508} INFO - Filling up the DagBag from /home/airflow/.local/lib/python3.7/site-packages/airflow/example_dags/example_nested_branch_dag.py
[2023-05-29 15:34:59,904] {processor.py:651} INFO - DAG(s) dict_keys(['example_nested_branch_dag']) retrieved from /home/airflow/.local/lib/python3.7/site-packages/airflow/example_dags/example_nested_branch_dag.py
[2023-05-29 15:34:59,923] {logging_mixin.py:115} INFO - [2023-05-29 15:34:59,923] {dag.py:2420} INFO - Sync 1 DAGs
[2023-05-29 15:34:59,941] {logging_mixin.py:115} INFO - [2023-05-29 15:34:59,941] {dag.py:2972} INFO - Setting next_dagrun for example_nested_branch_dag to 2023-05-28T00:00:00+00:00, run_after=2023-05-29T00:00:00+00:00
[2023-05-29 15:34:59,953] {processor.py:161} INFO - Processing /home/airflow/.local/lib/python3.7/site-packages/airflow/example_dags/example_nested_branch_dag.py took 0.065 seconds
[2023-05-29 15:35:30,340] {processor.py:153} INFO - Started process (PID=1161) to work on /home/airflow/.local/lib/python3.7/site-packages/airflow/example_dags/example_nested_branch_dag.py
[2023-05-29 15:35:30,348] {processor.py:641} INFO - Processing file /home/airflow/.local/lib/python3.7/site-packages/airflow/example_dags/example_nested_branch_dag.py for tasks to queue
[2023-05-29 15:35:30,348] {logging_mixin.py:115} INFO - [2023-05-29 15:35:30,348] {dagbag.py:508} INFO - Filling up the DagBag from /home/airflow/.local/lib/python3.7/site-packages/airflow/example_dags/example_nested_branch_dag.py
[2023-05-29 15:35:30,356] {processor.py:651} INFO - DAG(s) dict_keys(['example_nested_branch_dag']) retrieved from /home/airflow/.local/lib/python3.7/site-packages/airflow/example_dags/example_nested_branch_dag.py
[2023-05-29 15:35:30,378] {logging_mixin.py:115} INFO - [2023-05-29 15:35:30,378] {dag.py:2420} INFO - Sync 1 DAGs
[2023-05-29 15:35:30,398] {logging_mixin.py:115} INFO - [2023-05-29 15:35:30,398] {dag.py:2972} INFO - Setting next_dagrun for example_nested_branch_dag to 2023-05-28T00:00:00+00:00, run_after=2023-05-29T00:00:00+00:00
[2023-05-29 15:35:30,408] {processor.py:161} INFO - Processing /home/airflow/.local/lib/python3.7/site-packages/airflow/example_dags/example_nested_branch_dag.py took 0.070 seconds
[2023-05-29 15:36:01,068] {processor.py:153} INFO - Started process (PID=1223) to work on /home/airflow/.local/lib/python3.7/site-packages/airflow/example_dags/example_nested_branch_dag.py
[2023-05-29 15:36:01,076] {processor.py:641} INFO - Processing file /home/airflow/.local/lib/python3.7/site-packages/airflow/example_dags/example_nested_branch_dag.py for tasks to queue
[2023-05-29 15:36:01,076] {logging_mixin.py:115} INFO - [2023-05-29 15:36:01,076] {dagbag.py:508} INFO - Filling up the DagBag from /home/airflow/.local/lib/python3.7/site-packages/airflow/example_dags/example_nested_branch_dag.py
[2023-05-29 15:36:01,084] {processor.py:651} INFO - DAG(s) dict_keys(['example_nested_branch_dag']) retrieved from /home/airflow/.local/lib/python3.7/site-packages/airflow/example_dags/example_nested_branch_dag.py
[2023-05-29 15:36:01,110] {logging_mixin.py:115} INFO - [2023-05-29 15:36:01,109] {dag.py:2420} INFO - Sync 1 DAGs
[2023-05-29 15:36:01,132] {logging_mixin.py:115} INFO - [2023-05-29 15:36:01,131] {dag.py:2972} INFO - Setting next_dagrun for example_nested_branch_dag to 2023-05-28T00:00:00+00:00, run_after=2023-05-29T00:00:00+00:00
[2023-05-29 15:36:01,143] {processor.py:161} INFO - Processing /home/airflow/.local/lib/python3.7/site-packages/airflow/example_dags/example_nested_branch_dag.py took 0.077 seconds
[2023-05-29 15:36:31,625] {processor.py:153} INFO - Started process (PID=1285) to work on /home/airflow/.local/lib/python3.7/site-packages/airflow/example_dags/example_nested_branch_dag.py
[2023-05-29 15:36:31,625] {processor.py:641} INFO - Processing file /home/airflow/.local/lib/python3.7/site-packages/airflow/example_dags/example_nested_branch_dag.py for tasks to queue
[2023-05-29 15:36:31,626] {logging_mixin.py:115} INFO - [2023-05-29 15:36:31,626] {dagbag.py:508} INFO - Filling up the DagBag from /home/airflow/.local/lib/python3.7/site-packages/airflow/example_dags/example_nested_branch_dag.py
[2023-05-29 15:36:31,632] {processor.py:651} INFO - DAG(s) dict_keys(['example_nested_branch_dag']) retrieved from /home/airflow/.local/lib/python3.7/site-packages/airflow/example_dags/example_nested_branch_dag.py
[2023-05-29 15:36:31,652] {logging_mixin.py:115} INFO - [2023-05-29 15:36:31,652] {dag.py:2420} INFO - Sync 1 DAGs
[2023-05-29 15:36:31,669] {logging_mixin.py:115} INFO - [2023-05-29 15:36:31,669] {dag.py:2972} INFO - Setting next_dagrun for example_nested_branch_dag to 2023-05-28T00:00:00+00:00, run_after=2023-05-29T00:00:00+00:00
[2023-05-29 15:36:31,679] {processor.py:161} INFO - Processing /home/airflow/.local/lib/python3.7/site-packages/airflow/example_dags/example_nested_branch_dag.py took 0.056 seconds
[2023-05-29 15:37:02,214] {processor.py:153} INFO - Started process (PID=1347) to work on /home/airflow/.local/lib/python3.7/site-packages/airflow/example_dags/example_nested_branch_dag.py
[2023-05-29 15:37:02,220] {processor.py:641} INFO - Processing file /home/airflow/.local/lib/python3.7/site-packages/airflow/example_dags/example_nested_branch_dag.py for tasks to queue
[2023-05-29 15:37:02,221] {logging_mixin.py:115} INFO - [2023-05-29 15:37:02,220] {dagbag.py:508} INFO - Filling up the DagBag from /home/airflow/.local/lib/python3.7/site-packages/airflow/example_dags/example_nested_branch_dag.py
[2023-05-29 15:37:02,231] {processor.py:651} INFO - DAG(s) dict_keys(['example_nested_branch_dag']) retrieved from /home/airflow/.local/lib/python3.7/site-packages/airflow/example_dags/example_nested_branch_dag.py
[2023-05-29 15:37:02,251] {logging_mixin.py:115} INFO - [2023-05-29 15:37:02,251] {dag.py:2420} INFO - Sync 1 DAGs
[2023-05-29 15:37:02,270] {logging_mixin.py:115} INFO - [2023-05-29 15:37:02,270] {dag.py:2972} INFO - Setting next_dagrun for example_nested_branch_dag to 2023-05-28T00:00:00+00:00, run_after=2023-05-29T00:00:00+00:00
[2023-05-29 15:37:02,280] {processor.py:161} INFO - Processing /home/airflow/.local/lib/python3.7/site-packages/airflow/example_dags/example_nested_branch_dag.py took 0.068 seconds
[2023-05-29 15:37:32,696] {processor.py:153} INFO - Started process (PID=1400) to work on /home/airflow/.local/lib/python3.7/site-packages/airflow/example_dags/example_nested_branch_dag.py
[2023-05-29 15:37:32,702] {processor.py:641} INFO - Processing file /home/airflow/.local/lib/python3.7/site-packages/airflow/example_dags/example_nested_branch_dag.py for tasks to queue
[2023-05-29 15:37:32,702] {logging_mixin.py:115} INFO - [2023-05-29 15:37:32,702] {dagbag.py:508} INFO - Filling up the DagBag from /home/airflow/.local/lib/python3.7/site-packages/airflow/example_dags/example_nested_branch_dag.py
[2023-05-29 15:37:32,710] {processor.py:651} INFO - DAG(s) dict_keys(['example_nested_branch_dag']) retrieved from /home/airflow/.local/lib/python3.7/site-packages/airflow/example_dags/example_nested_branch_dag.py
[2023-05-29 15:37:32,730] {logging_mixin.py:115} INFO - [2023-05-29 15:37:32,730] {dag.py:2420} INFO - Sync 1 DAGs
[2023-05-29 15:37:32,747] {logging_mixin.py:115} INFO - [2023-05-29 15:37:32,747] {dag.py:2972} INFO - Setting next_dagrun for example_nested_branch_dag to 2023-05-28T00:00:00+00:00, run_after=2023-05-29T00:00:00+00:00
[2023-05-29 15:37:32,757] {processor.py:161} INFO - Processing /home/airflow/.local/lib/python3.7/site-packages/airflow/example_dags/example_nested_branch_dag.py took 0.062 seconds
[2023-05-29 15:38:03,290] {processor.py:153} INFO - Started process (PID=1462) to work on /home/airflow/.local/lib/python3.7/site-packages/airflow/example_dags/example_nested_branch_dag.py
[2023-05-29 15:38:03,291] {processor.py:641} INFO - Processing file /home/airflow/.local/lib/python3.7/site-packages/airflow/example_dags/example_nested_branch_dag.py for tasks to queue
[2023-05-29 15:38:03,291] {logging_mixin.py:115} INFO - [2023-05-29 15:38:03,291] {dagbag.py:508} INFO - Filling up the DagBag from /home/airflow/.local/lib/python3.7/site-packages/airflow/example_dags/example_nested_branch_dag.py
[2023-05-29 15:38:03,298] {processor.py:651} INFO - DAG(s) dict_keys(['example_nested_branch_dag']) retrieved from /home/airflow/.local/lib/python3.7/site-packages/airflow/example_dags/example_nested_branch_dag.py
[2023-05-29 15:38:03,318] {logging_mixin.py:115} INFO - [2023-05-29 15:38:03,318] {dag.py:2420} INFO - Sync 1 DAGs
[2023-05-29 15:38:03,335] {logging_mixin.py:115} INFO - [2023-05-29 15:38:03,335] {dag.py:2972} INFO - Setting next_dagrun for example_nested_branch_dag to 2023-05-28T00:00:00+00:00, run_after=2023-05-29T00:00:00+00:00
[2023-05-29 15:38:03,345] {processor.py:161} INFO - Processing /home/airflow/.local/lib/python3.7/site-packages/airflow/example_dags/example_nested_branch_dag.py took 0.057 seconds
[2023-05-29 15:38:33,645] {processor.py:153} INFO - Started process (PID=1533) to work on /home/airflow/.local/lib/python3.7/site-packages/airflow/example_dags/example_nested_branch_dag.py
[2023-05-29 15:38:33,653] {processor.py:641} INFO - Processing file /home/airflow/.local/lib/python3.7/site-packages/airflow/example_dags/example_nested_branch_dag.py for tasks to queue
[2023-05-29 15:38:33,654] {logging_mixin.py:115} INFO - [2023-05-29 15:38:33,654] {dagbag.py:508} INFO - Filling up the DagBag from /home/airflow/.local/lib/python3.7/site-packages/airflow/example_dags/example_nested_branch_dag.py
[2023-05-29 15:38:33,661] {processor.py:651} INFO - DAG(s) dict_keys(['example_nested_branch_dag']) retrieved from /home/airflow/.local/lib/python3.7/site-packages/airflow/example_dags/example_nested_branch_dag.py
[2023-05-29 15:38:33,681] {logging_mixin.py:115} INFO - [2023-05-29 15:38:33,680] {dag.py:2420} INFO - Sync 1 DAGs
[2023-05-29 15:38:33,699] {logging_mixin.py:115} INFO - [2023-05-29 15:38:33,699] {dag.py:2972} INFO - Setting next_dagrun for example_nested_branch_dag to 2023-05-28T00:00:00+00:00, run_after=2023-05-29T00:00:00+00:00
[2023-05-29 15:38:33,710] {processor.py:161} INFO - Processing /home/airflow/.local/lib/python3.7/site-packages/airflow/example_dags/example_nested_branch_dag.py took 0.067 seconds
[2023-05-29 15:39:04,269] {processor.py:153} INFO - Started process (PID=1599) to work on /home/airflow/.local/lib/python3.7/site-packages/airflow/example_dags/example_nested_branch_dag.py
[2023-05-29 15:39:04,270] {processor.py:641} INFO - Processing file /home/airflow/.local/lib/python3.7/site-packages/airflow/example_dags/example_nested_branch_dag.py for tasks to queue
[2023-05-29 15:39:04,271] {logging_mixin.py:115} INFO - [2023-05-29 15:39:04,270] {dagbag.py:508} INFO - Filling up the DagBag from /home/airflow/.local/lib/python3.7/site-packages/airflow/example_dags/example_nested_branch_dag.py
[2023-05-29 15:39:04,286] {processor.py:651} INFO - DAG(s) dict_keys(['example_nested_branch_dag']) retrieved from /home/airflow/.local/lib/python3.7/site-packages/airflow/example_dags/example_nested_branch_dag.py
[2023-05-29 15:39:04,329] {logging_mixin.py:115} INFO - [2023-05-29 15:39:04,329] {dag.py:2420} INFO - Sync 1 DAGs
[2023-05-29 15:39:04,369] {logging_mixin.py:115} INFO - [2023-05-29 15:39:04,368] {dag.py:2972} INFO - Setting next_dagrun for example_nested_branch_dag to 2023-05-28T00:00:00+00:00, run_after=2023-05-29T00:00:00+00:00
[2023-05-29 15:39:04,392] {processor.py:161} INFO - Processing /home/airflow/.local/lib/python3.7/site-packages/airflow/example_dags/example_nested_branch_dag.py took 0.127 seconds
[2023-05-29 15:39:35,123] {processor.py:153} INFO - Started process (PID=1652) to work on /home/airflow/.local/lib/python3.7/site-packages/airflow/example_dags/example_nested_branch_dag.py
[2023-05-29 15:39:35,129] {processor.py:641} INFO - Processing file /home/airflow/.local/lib/python3.7/site-packages/airflow/example_dags/example_nested_branch_dag.py for tasks to queue
[2023-05-29 15:39:35,130] {logging_mixin.py:115} INFO - [2023-05-29 15:39:35,129] {dagbag.py:508} INFO - Filling up the DagBag from /home/airflow/.local/lib/python3.7/site-packages/airflow/example_dags/example_nested_branch_dag.py
[2023-05-29 15:39:35,139] {processor.py:651} INFO - DAG(s) dict_keys(['example_nested_branch_dag']) retrieved from /home/airflow/.local/lib/python3.7/site-packages/airflow/example_dags/example_nested_branch_dag.py
[2023-05-29 15:39:35,161] {logging_mixin.py:115} INFO - [2023-05-29 15:39:35,161] {dag.py:2420} INFO - Sync 1 DAGs
[2023-05-29 15:39:35,178] {logging_mixin.py:115} INFO - [2023-05-29 15:39:35,178] {dag.py:2972} INFO - Setting next_dagrun for example_nested_branch_dag to 2023-05-28T00:00:00+00:00, run_after=2023-05-29T00:00:00+00:00
[2023-05-29 15:39:35,188] {processor.py:161} INFO - Processing /home/airflow/.local/lib/python3.7/site-packages/airflow/example_dags/example_nested_branch_dag.py took 0.067 seconds
[2023-05-29 15:40:05,538] {processor.py:153} INFO - Started process (PID=1714) to work on /home/airflow/.local/lib/python3.7/site-packages/airflow/example_dags/example_nested_branch_dag.py
[2023-05-29 15:40:05,547] {processor.py:641} INFO - Processing file /home/airflow/.local/lib/python3.7/site-packages/airflow/example_dags/example_nested_branch_dag.py for tasks to queue
[2023-05-29 15:40:05,547] {logging_mixin.py:115} INFO - [2023-05-29 15:40:05,547] {dagbag.py:508} INFO - Filling up the DagBag from /home/airflow/.local/lib/python3.7/site-packages/airflow/example_dags/example_nested_branch_dag.py
[2023-05-29 15:40:05,554] {processor.py:651} INFO - DAG(s) dict_keys(['example_nested_branch_dag']) retrieved from /home/airflow/.local/lib/python3.7/site-packages/airflow/example_dags/example_nested_branch_dag.py
[2023-05-29 15:40:05,574] {logging_mixin.py:115} INFO - [2023-05-29 15:40:05,574] {dag.py:2420} INFO - Sync 1 DAGs
[2023-05-29 15:40:05,591] {logging_mixin.py:115} INFO - [2023-05-29 15:40:05,591] {dag.py:2972} INFO - Setting next_dagrun for example_nested_branch_dag to 2023-05-28T00:00:00+00:00, run_after=2023-05-29T00:00:00+00:00
[2023-05-29 15:40:05,600] {processor.py:161} INFO - Processing /home/airflow/.local/lib/python3.7/site-packages/airflow/example_dags/example_nested_branch_dag.py took 0.064 seconds
[2023-05-29 15:40:35,952] {processor.py:153} INFO - Started process (PID=1776) to work on /home/airflow/.local/lib/python3.7/site-packages/airflow/example_dags/example_nested_branch_dag.py
[2023-05-29 15:40:35,957] {processor.py:641} INFO - Processing file /home/airflow/.local/lib/python3.7/site-packages/airflow/example_dags/example_nested_branch_dag.py for tasks to queue
[2023-05-29 15:40:35,957] {logging_mixin.py:115} INFO - [2023-05-29 15:40:35,957] {dagbag.py:508} INFO - Filling up the DagBag from /home/airflow/.local/lib/python3.7/site-packages/airflow/example_dags/example_nested_branch_dag.py
[2023-05-29 15:40:35,965] {processor.py:651} INFO - DAG(s) dict_keys(['example_nested_branch_dag']) retrieved from /home/airflow/.local/lib/python3.7/site-packages/airflow/example_dags/example_nested_branch_dag.py
[2023-05-29 15:40:35,985] {logging_mixin.py:115} INFO - [2023-05-29 15:40:35,985] {dag.py:2420} INFO - Sync 1 DAGs
[2023-05-29 15:40:36,004] {logging_mixin.py:115} INFO - [2023-05-29 15:40:36,004] {dag.py:2972} INFO - Setting next_dagrun for example_nested_branch_dag to 2023-05-28T00:00:00+00:00, run_after=2023-05-29T00:00:00+00:00
[2023-05-29 15:40:36,015] {processor.py:161} INFO - Processing /home/airflow/.local/lib/python3.7/site-packages/airflow/example_dags/example_nested_branch_dag.py took 0.064 seconds
[2023-05-29 15:41:06,370] {processor.py:153} INFO - Started process (PID=1836) to work on /home/airflow/.local/lib/python3.7/site-packages/airflow/example_dags/example_nested_branch_dag.py
[2023-05-29 15:41:06,371] {processor.py:641} INFO - Processing file /home/airflow/.local/lib/python3.7/site-packages/airflow/example_dags/example_nested_branch_dag.py for tasks to queue
[2023-05-29 15:41:06,371] {logging_mixin.py:115} INFO - [2023-05-29 15:41:06,371] {dagbag.py:508} INFO - Filling up the DagBag from /home/airflow/.local/lib/python3.7/site-packages/airflow/example_dags/example_nested_branch_dag.py
[2023-05-29 15:41:06,379] {processor.py:651} INFO - DAG(s) dict_keys(['example_nested_branch_dag']) retrieved from /home/airflow/.local/lib/python3.7/site-packages/airflow/example_dags/example_nested_branch_dag.py
[2023-05-29 15:41:06,403] {logging_mixin.py:115} INFO - [2023-05-29 15:41:06,403] {dag.py:2420} INFO - Sync 1 DAGs
[2023-05-29 15:41:06,424] {logging_mixin.py:115} INFO - [2023-05-29 15:41:06,424] {dag.py:2972} INFO - Setting next_dagrun for example_nested_branch_dag to 2023-05-28T00:00:00+00:00, run_after=2023-05-29T00:00:00+00:00
[2023-05-29 15:41:06,437] {processor.py:161} INFO - Processing /home/airflow/.local/lib/python3.7/site-packages/airflow/example_dags/example_nested_branch_dag.py took 0.069 seconds
