[2023-05-29 15:18:21,366] {processor.py:153} INFO - Started process (PID=81) to work on /home/airflow/.local/lib/python3.7/site-packages/airflow/example_dags/example_latest_only_with_trigger.py
[2023-05-29 15:18:21,366] {processor.py:641} INFO - Processing file /home/airflow/.local/lib/python3.7/site-packages/airflow/example_dags/example_latest_only_with_trigger.py for tasks to queue
[2023-05-29 15:18:21,367] {logging_mixin.py:115} INFO - [2023-05-29 15:18:21,367] {dagbag.py:508} INFO - Filling up the DagBag from /home/airflow/.local/lib/python3.7/site-packages/airflow/example_dags/example_latest_only_with_trigger.py
[2023-05-29 15:18:21,373] {processor.py:651} INFO - DAG(s) dict_keys(['latest_only_with_trigger']) retrieved from /home/airflow/.local/lib/python3.7/site-packages/airflow/example_dags/example_latest_only_with_trigger.py
[2023-05-29 15:18:21,475] {logging_mixin.py:115} INFO - [2023-05-29 15:18:21,475] {manager.py:508} INFO - Created Permission View: can read on DAG:latest_only_with_trigger
[2023-05-29 15:18:21,497] {logging_mixin.py:115} INFO - [2023-05-29 15:18:21,497] {manager.py:508} INFO - Created Permission View: can delete on DAG:latest_only_with_trigger
[2023-05-29 15:18:21,514] {logging_mixin.py:115} INFO - [2023-05-29 15:18:21,514] {manager.py:508} INFO - Created Permission View: can edit on DAG:latest_only_with_trigger
[2023-05-29 15:18:21,514] {logging_mixin.py:115} INFO - [2023-05-29 15:18:21,514] {dag.py:2420} INFO - Sync 1 DAGs
[2023-05-29 15:18:21,525] {logging_mixin.py:115} INFO - [2023-05-29 15:18:21,524] {dag.py:2439} INFO - Creating ORM DAG for latest_only_with_trigger
[2023-05-29 15:18:21,535] {logging_mixin.py:115} INFO - [2023-05-29 15:18:21,535] {dag.py:2972} INFO - Setting next_dagrun for latest_only_with_trigger to 2023-05-29T11:18:21.535498+00:00, run_after=2023-05-29T15:18:21.535498+00:00
[2023-05-29 15:18:21,551] {processor.py:161} INFO - Processing /home/airflow/.local/lib/python3.7/site-packages/airflow/example_dags/example_latest_only_with_trigger.py took 0.188 seconds
[2023-05-29 15:18:53,706] {processor.py:153} INFO - Started process (PID=140) to work on /home/airflow/.local/lib/python3.7/site-packages/airflow/example_dags/example_latest_only_with_trigger.py
[2023-05-29 15:18:53,707] {processor.py:641} INFO - Processing file /home/airflow/.local/lib/python3.7/site-packages/airflow/example_dags/example_latest_only_with_trigger.py for tasks to queue
[2023-05-29 15:18:53,708] {logging_mixin.py:115} INFO - [2023-05-29 15:18:53,708] {dagbag.py:508} INFO - Filling up the DagBag from /home/airflow/.local/lib/python3.7/site-packages/airflow/example_dags/example_latest_only_with_trigger.py
[2023-05-29 15:18:53,713] {processor.py:651} INFO - DAG(s) dict_keys(['latest_only_with_trigger']) retrieved from /home/airflow/.local/lib/python3.7/site-packages/airflow/example_dags/example_latest_only_with_trigger.py
[2023-05-29 15:18:53,736] {logging_mixin.py:115} INFO - [2023-05-29 15:18:53,736] {dag.py:2420} INFO - Sync 1 DAGs
[2023-05-29 15:18:53,756] {logging_mixin.py:115} INFO - [2023-05-29 15:18:53,755] {dag.py:2972} INFO - Setting next_dagrun for latest_only_with_trigger to 2023-05-29T11:18:53.755766+00:00, run_after=2023-05-29T15:18:53.755766+00:00
[2023-05-29 15:18:53,769] {processor.py:161} INFO - Processing /home/airflow/.local/lib/python3.7/site-packages/airflow/example_dags/example_latest_only_with_trigger.py took 0.065 seconds
[2023-05-29 15:19:24,138] {processor.py:153} INFO - Started process (PID=194) to work on /home/airflow/.local/lib/python3.7/site-packages/airflow/example_dags/example_latest_only_with_trigger.py
[2023-05-29 15:19:24,139] {processor.py:641} INFO - Processing file /home/airflow/.local/lib/python3.7/site-packages/airflow/example_dags/example_latest_only_with_trigger.py for tasks to queue
[2023-05-29 15:19:24,139] {logging_mixin.py:115} INFO - [2023-05-29 15:19:24,139] {dagbag.py:508} INFO - Filling up the DagBag from /home/airflow/.local/lib/python3.7/site-packages/airflow/example_dags/example_latest_only_with_trigger.py
[2023-05-29 15:19:24,143] {processor.py:651} INFO - DAG(s) dict_keys(['latest_only_with_trigger']) retrieved from /home/airflow/.local/lib/python3.7/site-packages/airflow/example_dags/example_latest_only_with_trigger.py
[2023-05-29 15:19:24,163] {logging_mixin.py:115} INFO - [2023-05-29 15:19:24,163] {dag.py:2420} INFO - Sync 1 DAGs
[2023-05-29 15:19:24,181] {logging_mixin.py:115} INFO - [2023-05-29 15:19:24,181] {dag.py:2972} INFO - Setting next_dagrun for latest_only_with_trigger to 2023-05-29T11:19:24.180843+00:00, run_after=2023-05-29T15:19:24.180843+00:00
[2023-05-29 15:19:24,191] {processor.py:161} INFO - Processing /home/airflow/.local/lib/python3.7/site-packages/airflow/example_dags/example_latest_only_with_trigger.py took 0.055 seconds
[2023-05-29 15:19:54,528] {processor.py:153} INFO - Started process (PID=255) to work on /home/airflow/.local/lib/python3.7/site-packages/airflow/example_dags/example_latest_only_with_trigger.py
[2023-05-29 15:19:54,529] {processor.py:641} INFO - Processing file /home/airflow/.local/lib/python3.7/site-packages/airflow/example_dags/example_latest_only_with_trigger.py for tasks to queue
[2023-05-29 15:19:54,529] {logging_mixin.py:115} INFO - [2023-05-29 15:19:54,529] {dagbag.py:508} INFO - Filling up the DagBag from /home/airflow/.local/lib/python3.7/site-packages/airflow/example_dags/example_latest_only_with_trigger.py
[2023-05-29 15:19:54,533] {processor.py:651} INFO - DAG(s) dict_keys(['latest_only_with_trigger']) retrieved from /home/airflow/.local/lib/python3.7/site-packages/airflow/example_dags/example_latest_only_with_trigger.py
[2023-05-29 15:19:54,555] {logging_mixin.py:115} INFO - [2023-05-29 15:19:54,555] {dag.py:2420} INFO - Sync 1 DAGs
[2023-05-29 15:19:54,572] {logging_mixin.py:115} INFO - [2023-05-29 15:19:54,572] {dag.py:2972} INFO - Setting next_dagrun for latest_only_with_trigger to 2023-05-29T11:19:54.572334+00:00, run_after=2023-05-29T15:19:54.572334+00:00
[2023-05-29 15:19:54,583] {processor.py:161} INFO - Processing /home/airflow/.local/lib/python3.7/site-packages/airflow/example_dags/example_latest_only_with_trigger.py took 0.057 seconds
[2023-05-29 15:20:24,942] {processor.py:153} INFO - Started process (PID=316) to work on /home/airflow/.local/lib/python3.7/site-packages/airflow/example_dags/example_latest_only_with_trigger.py
[2023-05-29 15:20:24,942] {processor.py:641} INFO - Processing file /home/airflow/.local/lib/python3.7/site-packages/airflow/example_dags/example_latest_only_with_trigger.py for tasks to queue
[2023-05-29 15:20:24,943] {logging_mixin.py:115} INFO - [2023-05-29 15:20:24,943] {dagbag.py:508} INFO - Filling up the DagBag from /home/airflow/.local/lib/python3.7/site-packages/airflow/example_dags/example_latest_only_with_trigger.py
[2023-05-29 15:20:24,946] {processor.py:651} INFO - DAG(s) dict_keys(['latest_only_with_trigger']) retrieved from /home/airflow/.local/lib/python3.7/site-packages/airflow/example_dags/example_latest_only_with_trigger.py
[2023-05-29 15:20:24,967] {logging_mixin.py:115} INFO - [2023-05-29 15:20:24,966] {dag.py:2420} INFO - Sync 1 DAGs
[2023-05-29 15:20:24,984] {logging_mixin.py:115} INFO - [2023-05-29 15:20:24,984] {dag.py:2972} INFO - Setting next_dagrun for latest_only_with_trigger to 2023-05-29T11:20:24.984576+00:00, run_after=2023-05-29T15:20:24.984576+00:00
[2023-05-29 15:20:24,995] {processor.py:161} INFO - Processing /home/airflow/.local/lib/python3.7/site-packages/airflow/example_dags/example_latest_only_with_trigger.py took 0.055 seconds
[2023-05-29 15:20:55,283] {processor.py:153} INFO - Started process (PID=368) to work on /home/airflow/.local/lib/python3.7/site-packages/airflow/example_dags/example_latest_only_with_trigger.py
[2023-05-29 15:20:55,284] {processor.py:641} INFO - Processing file /home/airflow/.local/lib/python3.7/site-packages/airflow/example_dags/example_latest_only_with_trigger.py for tasks to queue
[2023-05-29 15:20:55,285] {logging_mixin.py:115} INFO - [2023-05-29 15:20:55,285] {dagbag.py:508} INFO - Filling up the DagBag from /home/airflow/.local/lib/python3.7/site-packages/airflow/example_dags/example_latest_only_with_trigger.py
[2023-05-29 15:20:55,291] {processor.py:651} INFO - DAG(s) dict_keys(['latest_only_with_trigger']) retrieved from /home/airflow/.local/lib/python3.7/site-packages/airflow/example_dags/example_latest_only_with_trigger.py
[2023-05-29 15:20:55,315] {logging_mixin.py:115} INFO - [2023-05-29 15:20:55,315] {dag.py:2420} INFO - Sync 1 DAGs
[2023-05-29 15:20:55,333] {logging_mixin.py:115} INFO - [2023-05-29 15:20:55,333] {dag.py:2972} INFO - Setting next_dagrun for latest_only_with_trigger to 2023-05-29T11:20:55.333307+00:00, run_after=2023-05-29T15:20:55.333307+00:00
[2023-05-29 15:20:55,345] {processor.py:161} INFO - Processing /home/airflow/.local/lib/python3.7/site-packages/airflow/example_dags/example_latest_only_with_trigger.py took 0.065 seconds
[2023-05-29 15:21:25,730] {processor.py:153} INFO - Started process (PID=430) to work on /home/airflow/.local/lib/python3.7/site-packages/airflow/example_dags/example_latest_only_with_trigger.py
[2023-05-29 15:21:25,731] {processor.py:641} INFO - Processing file /home/airflow/.local/lib/python3.7/site-packages/airflow/example_dags/example_latest_only_with_trigger.py for tasks to queue
[2023-05-29 15:21:25,731] {logging_mixin.py:115} INFO - [2023-05-29 15:21:25,731] {dagbag.py:508} INFO - Filling up the DagBag from /home/airflow/.local/lib/python3.7/site-packages/airflow/example_dags/example_latest_only_with_trigger.py
[2023-05-29 15:21:25,734] {processor.py:651} INFO - DAG(s) dict_keys(['latest_only_with_trigger']) retrieved from /home/airflow/.local/lib/python3.7/site-packages/airflow/example_dags/example_latest_only_with_trigger.py
[2023-05-29 15:21:25,754] {logging_mixin.py:115} INFO - [2023-05-29 15:21:25,754] {dag.py:2420} INFO - Sync 1 DAGs
[2023-05-29 15:21:25,774] {logging_mixin.py:115} INFO - [2023-05-29 15:21:25,773] {dag.py:2972} INFO - Setting next_dagrun for latest_only_with_trigger to 2023-05-29T11:21:25.773692+00:00, run_after=2023-05-29T15:21:25.773692+00:00
[2023-05-29 15:21:25,787] {processor.py:161} INFO - Processing /home/airflow/.local/lib/python3.7/site-packages/airflow/example_dags/example_latest_only_with_trigger.py took 0.059 seconds
[2023-05-29 15:21:56,255] {processor.py:153} INFO - Started process (PID=491) to work on /home/airflow/.local/lib/python3.7/site-packages/airflow/example_dags/example_latest_only_with_trigger.py
[2023-05-29 15:21:56,256] {processor.py:641} INFO - Processing file /home/airflow/.local/lib/python3.7/site-packages/airflow/example_dags/example_latest_only_with_trigger.py for tasks to queue
[2023-05-29 15:21:56,256] {logging_mixin.py:115} INFO - [2023-05-29 15:21:56,256] {dagbag.py:508} INFO - Filling up the DagBag from /home/airflow/.local/lib/python3.7/site-packages/airflow/example_dags/example_latest_only_with_trigger.py
[2023-05-29 15:21:56,260] {processor.py:651} INFO - DAG(s) dict_keys(['latest_only_with_trigger']) retrieved from /home/airflow/.local/lib/python3.7/site-packages/airflow/example_dags/example_latest_only_with_trigger.py
[2023-05-29 15:21:56,280] {logging_mixin.py:115} INFO - [2023-05-29 15:21:56,279] {dag.py:2420} INFO - Sync 1 DAGs
[2023-05-29 15:21:56,299] {logging_mixin.py:115} INFO - [2023-05-29 15:21:56,299] {dag.py:2972} INFO - Setting next_dagrun for latest_only_with_trigger to 2023-05-29T11:21:56.298947+00:00, run_after=2023-05-29T15:21:56.298947+00:00
[2023-05-29 15:21:56,309] {processor.py:161} INFO - Processing /home/airflow/.local/lib/python3.7/site-packages/airflow/example_dags/example_latest_only_with_trigger.py took 0.056 seconds
[2023-05-29 15:22:26,773] {processor.py:153} INFO - Started process (PID=551) to work on /home/airflow/.local/lib/python3.7/site-packages/airflow/example_dags/example_latest_only_with_trigger.py
[2023-05-29 15:22:26,774] {processor.py:641} INFO - Processing file /home/airflow/.local/lib/python3.7/site-packages/airflow/example_dags/example_latest_only_with_trigger.py for tasks to queue
[2023-05-29 15:22:26,774] {logging_mixin.py:115} INFO - [2023-05-29 15:22:26,774] {dagbag.py:508} INFO - Filling up the DagBag from /home/airflow/.local/lib/python3.7/site-packages/airflow/example_dags/example_latest_only_with_trigger.py
[2023-05-29 15:22:26,778] {processor.py:651} INFO - DAG(s) dict_keys(['latest_only_with_trigger']) retrieved from /home/airflow/.local/lib/python3.7/site-packages/airflow/example_dags/example_latest_only_with_trigger.py
[2023-05-29 15:22:26,799] {logging_mixin.py:115} INFO - [2023-05-29 15:22:26,799] {dag.py:2420} INFO - Sync 1 DAGs
[2023-05-29 15:22:26,820] {logging_mixin.py:115} INFO - [2023-05-29 15:22:26,819] {dag.py:2972} INFO - Setting next_dagrun for latest_only_with_trigger to 2023-05-29T11:22:26.819792+00:00, run_after=2023-05-29T15:22:26.819792+00:00
[2023-05-29 15:22:26,831] {processor.py:161} INFO - Processing /home/airflow/.local/lib/python3.7/site-packages/airflow/example_dags/example_latest_only_with_trigger.py took 0.060 seconds
[2023-05-29 15:23:26,299] {processor.py:153} INFO - Started process (PID=78) to work on /home/airflow/.local/lib/python3.7/site-packages/airflow/example_dags/example_latest_only_with_trigger.py
[2023-05-29 15:23:26,300] {processor.py:641} INFO - Processing file /home/airflow/.local/lib/python3.7/site-packages/airflow/example_dags/example_latest_only_with_trigger.py for tasks to queue
[2023-05-29 15:23:26,301] {logging_mixin.py:115} INFO - [2023-05-29 15:23:26,301] {dagbag.py:508} INFO - Filling up the DagBag from /home/airflow/.local/lib/python3.7/site-packages/airflow/example_dags/example_latest_only_with_trigger.py
[2023-05-29 15:23:26,308] {processor.py:651} INFO - DAG(s) dict_keys(['latest_only_with_trigger']) retrieved from /home/airflow/.local/lib/python3.7/site-packages/airflow/example_dags/example_latest_only_with_trigger.py
[2023-05-29 15:23:26,343] {logging_mixin.py:115} INFO - [2023-05-29 15:23:26,342] {dag.py:2420} INFO - Sync 1 DAGs
[2023-05-29 15:23:26,368] {logging_mixin.py:115} INFO - [2023-05-29 15:23:26,368] {dag.py:2972} INFO - Setting next_dagrun for latest_only_with_trigger to 2023-05-29T11:23:26.368196+00:00, run_after=2023-05-29T15:23:26.368196+00:00
[2023-05-29 15:23:26,385] {processor.py:161} INFO - Processing /home/airflow/.local/lib/python3.7/site-packages/airflow/example_dags/example_latest_only_with_trigger.py took 0.089 seconds
[2023-05-29 15:23:56,948] {processor.py:153} INFO - Started process (PID=132) to work on /home/airflow/.local/lib/python3.7/site-packages/airflow/example_dags/example_latest_only_with_trigger.py
[2023-05-29 15:23:56,948] {processor.py:641} INFO - Processing file /home/airflow/.local/lib/python3.7/site-packages/airflow/example_dags/example_latest_only_with_trigger.py for tasks to queue
[2023-05-29 15:23:56,949] {logging_mixin.py:115} INFO - [2023-05-29 15:23:56,948] {dagbag.py:508} INFO - Filling up the DagBag from /home/airflow/.local/lib/python3.7/site-packages/airflow/example_dags/example_latest_only_with_trigger.py
[2023-05-29 15:23:56,953] {processor.py:651} INFO - DAG(s) dict_keys(['latest_only_with_trigger']) retrieved from /home/airflow/.local/lib/python3.7/site-packages/airflow/example_dags/example_latest_only_with_trigger.py
[2023-05-29 15:23:56,973] {logging_mixin.py:115} INFO - [2023-05-29 15:23:56,973] {dag.py:2420} INFO - Sync 1 DAGs
[2023-05-29 15:23:56,991] {logging_mixin.py:115} INFO - [2023-05-29 15:23:56,991] {dag.py:2972} INFO - Setting next_dagrun for latest_only_with_trigger to 2023-05-29T11:23:56.991287+00:00, run_after=2023-05-29T15:23:56.991287+00:00
[2023-05-29 15:23:57,002] {processor.py:161} INFO - Processing /home/airflow/.local/lib/python3.7/site-packages/airflow/example_dags/example_latest_only_with_trigger.py took 0.056 seconds
[2023-05-29 15:24:27,559] {processor.py:153} INFO - Started process (PID=193) to work on /home/airflow/.local/lib/python3.7/site-packages/airflow/example_dags/example_latest_only_with_trigger.py
[2023-05-29 15:24:27,559] {processor.py:641} INFO - Processing file /home/airflow/.local/lib/python3.7/site-packages/airflow/example_dags/example_latest_only_with_trigger.py for tasks to queue
[2023-05-29 15:24:27,560] {logging_mixin.py:115} INFO - [2023-05-29 15:24:27,560] {dagbag.py:508} INFO - Filling up the DagBag from /home/airflow/.local/lib/python3.7/site-packages/airflow/example_dags/example_latest_only_with_trigger.py
[2023-05-29 15:24:27,564] {processor.py:651} INFO - DAG(s) dict_keys(['latest_only_with_trigger']) retrieved from /home/airflow/.local/lib/python3.7/site-packages/airflow/example_dags/example_latest_only_with_trigger.py
[2023-05-29 15:24:27,584] {logging_mixin.py:115} INFO - [2023-05-29 15:24:27,584] {dag.py:2420} INFO - Sync 1 DAGs
[2023-05-29 15:24:27,602] {logging_mixin.py:115} INFO - [2023-05-29 15:24:27,602] {dag.py:2972} INFO - Setting next_dagrun for latest_only_with_trigger to 2023-05-29T11:24:27.601984+00:00, run_after=2023-05-29T15:24:27.601984+00:00
[2023-05-29 15:24:27,612] {processor.py:161} INFO - Processing /home/airflow/.local/lib/python3.7/site-packages/airflow/example_dags/example_latest_only_with_trigger.py took 0.055 seconds
[2023-05-29 15:24:58,039] {processor.py:153} INFO - Started process (PID=254) to work on /home/airflow/.local/lib/python3.7/site-packages/airflow/example_dags/example_latest_only_with_trigger.py
[2023-05-29 15:24:58,040] {processor.py:641} INFO - Processing file /home/airflow/.local/lib/python3.7/site-packages/airflow/example_dags/example_latest_only_with_trigger.py for tasks to queue
[2023-05-29 15:24:58,040] {logging_mixin.py:115} INFO - [2023-05-29 15:24:58,040] {dagbag.py:508} INFO - Filling up the DagBag from /home/airflow/.local/lib/python3.7/site-packages/airflow/example_dags/example_latest_only_with_trigger.py
[2023-05-29 15:24:58,044] {processor.py:651} INFO - DAG(s) dict_keys(['latest_only_with_trigger']) retrieved from /home/airflow/.local/lib/python3.7/site-packages/airflow/example_dags/example_latest_only_with_trigger.py
[2023-05-29 15:24:58,064] {logging_mixin.py:115} INFO - [2023-05-29 15:24:58,063] {dag.py:2420} INFO - Sync 1 DAGs
[2023-05-29 15:24:58,081] {logging_mixin.py:115} INFO - [2023-05-29 15:24:58,081] {dag.py:2972} INFO - Setting next_dagrun for latest_only_with_trigger to 2023-05-29T11:24:58.081129+00:00, run_after=2023-05-29T15:24:58.081129+00:00
[2023-05-29 15:24:58,092] {processor.py:161} INFO - Processing /home/airflow/.local/lib/python3.7/site-packages/airflow/example_dags/example_latest_only_with_trigger.py took 0.054 seconds
[2023-05-29 15:25:51,426] {processor.py:153} INFO - Started process (PID=79) to work on /home/airflow/.local/lib/python3.7/site-packages/airflow/example_dags/example_latest_only_with_trigger.py
[2023-05-29 15:25:51,427] {processor.py:641} INFO - Processing file /home/airflow/.local/lib/python3.7/site-packages/airflow/example_dags/example_latest_only_with_trigger.py for tasks to queue
[2023-05-29 15:25:51,428] {logging_mixin.py:115} INFO - [2023-05-29 15:25:51,427] {dagbag.py:508} INFO - Filling up the DagBag from /home/airflow/.local/lib/python3.7/site-packages/airflow/example_dags/example_latest_only_with_trigger.py
[2023-05-29 15:25:51,434] {processor.py:651} INFO - DAG(s) dict_keys(['latest_only_with_trigger']) retrieved from /home/airflow/.local/lib/python3.7/site-packages/airflow/example_dags/example_latest_only_with_trigger.py
[2023-05-29 15:25:51,466] {logging_mixin.py:115} INFO - [2023-05-29 15:25:51,466] {dag.py:2420} INFO - Sync 1 DAGs
[2023-05-29 15:25:51,489] {logging_mixin.py:115} INFO - [2023-05-29 15:25:51,489] {dag.py:2972} INFO - Setting next_dagrun for latest_only_with_trigger to 2023-05-29T11:25:51.489008+00:00, run_after=2023-05-29T15:25:51.489008+00:00
[2023-05-29 15:25:51,509] {processor.py:161} INFO - Processing /home/airflow/.local/lib/python3.7/site-packages/airflow/example_dags/example_latest_only_with_trigger.py took 0.086 seconds
[2023-05-29 15:26:22,089] {processor.py:153} INFO - Started process (PID=133) to work on /home/airflow/.local/lib/python3.7/site-packages/airflow/example_dags/example_latest_only_with_trigger.py
[2023-05-29 15:26:22,090] {processor.py:641} INFO - Processing file /home/airflow/.local/lib/python3.7/site-packages/airflow/example_dags/example_latest_only_with_trigger.py for tasks to queue
[2023-05-29 15:26:22,090] {logging_mixin.py:115} INFO - [2023-05-29 15:26:22,090] {dagbag.py:508} INFO - Filling up the DagBag from /home/airflow/.local/lib/python3.7/site-packages/airflow/example_dags/example_latest_only_with_trigger.py
[2023-05-29 15:26:22,094] {processor.py:651} INFO - DAG(s) dict_keys(['latest_only_with_trigger']) retrieved from /home/airflow/.local/lib/python3.7/site-packages/airflow/example_dags/example_latest_only_with_trigger.py
[2023-05-29 15:26:22,116] {logging_mixin.py:115} INFO - [2023-05-29 15:26:22,116] {dag.py:2420} INFO - Sync 1 DAGs
[2023-05-29 15:26:22,135] {logging_mixin.py:115} INFO - [2023-05-29 15:26:22,135] {dag.py:2972} INFO - Setting next_dagrun for latest_only_with_trigger to 2023-05-29T11:26:22.134827+00:00, run_after=2023-05-29T15:26:22.134827+00:00
[2023-05-29 15:26:22,151] {processor.py:161} INFO - Processing /home/airflow/.local/lib/python3.7/site-packages/airflow/example_dags/example_latest_only_with_trigger.py took 0.064 seconds
[2023-05-29 15:26:52,637] {processor.py:153} INFO - Started process (PID=194) to work on /home/airflow/.local/lib/python3.7/site-packages/airflow/example_dags/example_latest_only_with_trigger.py
[2023-05-29 15:26:52,638] {processor.py:641} INFO - Processing file /home/airflow/.local/lib/python3.7/site-packages/airflow/example_dags/example_latest_only_with_trigger.py for tasks to queue
[2023-05-29 15:26:52,638] {logging_mixin.py:115} INFO - [2023-05-29 15:26:52,638] {dagbag.py:508} INFO - Filling up the DagBag from /home/airflow/.local/lib/python3.7/site-packages/airflow/example_dags/example_latest_only_with_trigger.py
[2023-05-29 15:26:52,642] {processor.py:651} INFO - DAG(s) dict_keys(['latest_only_with_trigger']) retrieved from /home/airflow/.local/lib/python3.7/site-packages/airflow/example_dags/example_latest_only_with_trigger.py
[2023-05-29 15:26:52,664] {logging_mixin.py:115} INFO - [2023-05-29 15:26:52,664] {dag.py:2420} INFO - Sync 1 DAGs
[2023-05-29 15:26:52,682] {logging_mixin.py:115} INFO - [2023-05-29 15:26:52,682] {dag.py:2972} INFO - Setting next_dagrun for latest_only_with_trigger to 2023-05-29T11:26:52.682040+00:00, run_after=2023-05-29T15:26:52.682040+00:00
[2023-05-29 15:26:52,693] {processor.py:161} INFO - Processing /home/airflow/.local/lib/python3.7/site-packages/airflow/example_dags/example_latest_only_with_trigger.py took 0.058 seconds
[2023-05-29 15:27:23,250] {processor.py:153} INFO - Started process (PID=255) to work on /home/airflow/.local/lib/python3.7/site-packages/airflow/example_dags/example_latest_only_with_trigger.py
[2023-05-29 15:27:23,251] {processor.py:641} INFO - Processing file /home/airflow/.local/lib/python3.7/site-packages/airflow/example_dags/example_latest_only_with_trigger.py for tasks to queue
[2023-05-29 15:27:23,251] {logging_mixin.py:115} INFO - [2023-05-29 15:27:23,251] {dagbag.py:508} INFO - Filling up the DagBag from /home/airflow/.local/lib/python3.7/site-packages/airflow/example_dags/example_latest_only_with_trigger.py
[2023-05-29 15:27:23,256] {processor.py:651} INFO - DAG(s) dict_keys(['latest_only_with_trigger']) retrieved from /home/airflow/.local/lib/python3.7/site-packages/airflow/example_dags/example_latest_only_with_trigger.py
[2023-05-29 15:27:23,278] {logging_mixin.py:115} INFO - [2023-05-29 15:27:23,277] {dag.py:2420} INFO - Sync 1 DAGs
[2023-05-29 15:27:23,295] {logging_mixin.py:115} INFO - [2023-05-29 15:27:23,295] {dag.py:2972} INFO - Setting next_dagrun for latest_only_with_trigger to 2023-05-29T11:27:23.295250+00:00, run_after=2023-05-29T15:27:23.295250+00:00
[2023-05-29 15:27:23,306] {processor.py:161} INFO - Processing /home/airflow/.local/lib/python3.7/site-packages/airflow/example_dags/example_latest_only_with_trigger.py took 0.057 seconds
[2023-05-29 15:27:53,766] {processor.py:153} INFO - Started process (PID=307) to work on /home/airflow/.local/lib/python3.7/site-packages/airflow/example_dags/example_latest_only_with_trigger.py
[2023-05-29 15:27:53,766] {processor.py:641} INFO - Processing file /home/airflow/.local/lib/python3.7/site-packages/airflow/example_dags/example_latest_only_with_trigger.py for tasks to queue
[2023-05-29 15:27:53,767] {logging_mixin.py:115} INFO - [2023-05-29 15:27:53,767] {dagbag.py:508} INFO - Filling up the DagBag from /home/airflow/.local/lib/python3.7/site-packages/airflow/example_dags/example_latest_only_with_trigger.py
[2023-05-29 15:27:53,770] {processor.py:651} INFO - DAG(s) dict_keys(['latest_only_with_trigger']) retrieved from /home/airflow/.local/lib/python3.7/site-packages/airflow/example_dags/example_latest_only_with_trigger.py
[2023-05-29 15:27:53,789] {logging_mixin.py:115} INFO - [2023-05-29 15:27:53,788] {dag.py:2420} INFO - Sync 1 DAGs
[2023-05-29 15:27:53,806] {logging_mixin.py:115} INFO - [2023-05-29 15:27:53,806] {dag.py:2972} INFO - Setting next_dagrun for latest_only_with_trigger to 2023-05-29T11:27:53.806271+00:00, run_after=2023-05-29T15:27:53.806271+00:00
[2023-05-29 15:27:53,816] {processor.py:161} INFO - Processing /home/airflow/.local/lib/python3.7/site-packages/airflow/example_dags/example_latest_only_with_trigger.py took 0.052 seconds
[2023-05-29 15:28:24,208] {processor.py:153} INFO - Started process (PID=368) to work on /home/airflow/.local/lib/python3.7/site-packages/airflow/example_dags/example_latest_only_with_trigger.py
[2023-05-29 15:28:24,208] {processor.py:641} INFO - Processing file /home/airflow/.local/lib/python3.7/site-packages/airflow/example_dags/example_latest_only_with_trigger.py for tasks to queue
[2023-05-29 15:28:24,208] {logging_mixin.py:115} INFO - [2023-05-29 15:28:24,208] {dagbag.py:508} INFO - Filling up the DagBag from /home/airflow/.local/lib/python3.7/site-packages/airflow/example_dags/example_latest_only_with_trigger.py
[2023-05-29 15:28:24,212] {processor.py:651} INFO - DAG(s) dict_keys(['latest_only_with_trigger']) retrieved from /home/airflow/.local/lib/python3.7/site-packages/airflow/example_dags/example_latest_only_with_trigger.py
[2023-05-29 15:28:24,231] {logging_mixin.py:115} INFO - [2023-05-29 15:28:24,231] {dag.py:2420} INFO - Sync 1 DAGs
[2023-05-29 15:28:24,248] {logging_mixin.py:115} INFO - [2023-05-29 15:28:24,248] {dag.py:2972} INFO - Setting next_dagrun for latest_only_with_trigger to 2023-05-29T11:28:24.248129+00:00, run_after=2023-05-29T15:28:24.248129+00:00
[2023-05-29 15:28:24,258] {processor.py:161} INFO - Processing /home/airflow/.local/lib/python3.7/site-packages/airflow/example_dags/example_latest_only_with_trigger.py took 0.053 seconds
[2023-05-29 15:28:54,743] {processor.py:153} INFO - Started process (PID=429) to work on /home/airflow/.local/lib/python3.7/site-packages/airflow/example_dags/example_latest_only_with_trigger.py
[2023-05-29 15:28:54,744] {processor.py:641} INFO - Processing file /home/airflow/.local/lib/python3.7/site-packages/airflow/example_dags/example_latest_only_with_trigger.py for tasks to queue
[2023-05-29 15:28:54,744] {logging_mixin.py:115} INFO - [2023-05-29 15:28:54,744] {dagbag.py:508} INFO - Filling up the DagBag from /home/airflow/.local/lib/python3.7/site-packages/airflow/example_dags/example_latest_only_with_trigger.py
[2023-05-29 15:28:54,748] {processor.py:651} INFO - DAG(s) dict_keys(['latest_only_with_trigger']) retrieved from /home/airflow/.local/lib/python3.7/site-packages/airflow/example_dags/example_latest_only_with_trigger.py
[2023-05-29 15:28:54,767] {logging_mixin.py:115} INFO - [2023-05-29 15:28:54,767] {dag.py:2420} INFO - Sync 1 DAGs
[2023-05-29 15:28:54,784] {logging_mixin.py:115} INFO - [2023-05-29 15:28:54,784] {dag.py:2972} INFO - Setting next_dagrun for latest_only_with_trigger to 2023-05-29T11:28:54.784452+00:00, run_after=2023-05-29T15:28:54.784452+00:00
[2023-05-29 15:28:54,800] {processor.py:161} INFO - Processing /home/airflow/.local/lib/python3.7/site-packages/airflow/example_dags/example_latest_only_with_trigger.py took 0.058 seconds
[2023-05-29 15:29:25,280] {processor.py:153} INFO - Started process (PID=491) to work on /home/airflow/.local/lib/python3.7/site-packages/airflow/example_dags/example_latest_only_with_trigger.py
[2023-05-29 15:29:25,281] {processor.py:641} INFO - Processing file /home/airflow/.local/lib/python3.7/site-packages/airflow/example_dags/example_latest_only_with_trigger.py for tasks to queue
[2023-05-29 15:29:25,281] {logging_mixin.py:115} INFO - [2023-05-29 15:29:25,281] {dagbag.py:508} INFO - Filling up the DagBag from /home/airflow/.local/lib/python3.7/site-packages/airflow/example_dags/example_latest_only_with_trigger.py
[2023-05-29 15:29:25,285] {processor.py:651} INFO - DAG(s) dict_keys(['latest_only_with_trigger']) retrieved from /home/airflow/.local/lib/python3.7/site-packages/airflow/example_dags/example_latest_only_with_trigger.py
[2023-05-29 15:29:25,303] {logging_mixin.py:115} INFO - [2023-05-29 15:29:25,303] {dag.py:2420} INFO - Sync 1 DAGs
[2023-05-29 15:29:25,319] {logging_mixin.py:115} INFO - [2023-05-29 15:29:25,319] {dag.py:2972} INFO - Setting next_dagrun for latest_only_with_trigger to 2023-05-29T11:29:25.319595+00:00, run_after=2023-05-29T15:29:25.319595+00:00
[2023-05-29 15:29:25,330] {processor.py:161} INFO - Processing /home/airflow/.local/lib/python3.7/site-packages/airflow/example_dags/example_latest_only_with_trigger.py took 0.051 seconds
[2023-05-29 15:29:55,755] {processor.py:153} INFO - Started process (PID=543) to work on /home/airflow/.local/lib/python3.7/site-packages/airflow/example_dags/example_latest_only_with_trigger.py
[2023-05-29 15:29:55,756] {processor.py:641} INFO - Processing file /home/airflow/.local/lib/python3.7/site-packages/airflow/example_dags/example_latest_only_with_trigger.py for tasks to queue
[2023-05-29 15:29:55,756] {logging_mixin.py:115} INFO - [2023-05-29 15:29:55,756] {dagbag.py:508} INFO - Filling up the DagBag from /home/airflow/.local/lib/python3.7/site-packages/airflow/example_dags/example_latest_only_with_trigger.py
[2023-05-29 15:29:55,759] {processor.py:651} INFO - DAG(s) dict_keys(['latest_only_with_trigger']) retrieved from /home/airflow/.local/lib/python3.7/site-packages/airflow/example_dags/example_latest_only_with_trigger.py
[2023-05-29 15:29:55,778] {logging_mixin.py:115} INFO - [2023-05-29 15:29:55,778] {dag.py:2420} INFO - Sync 1 DAGs
[2023-05-29 15:29:55,796] {logging_mixin.py:115} INFO - [2023-05-29 15:29:55,796] {dag.py:2972} INFO - Setting next_dagrun for latest_only_with_trigger to 2023-05-29T11:29:55.796230+00:00, run_after=2023-05-29T15:29:55.796230+00:00
[2023-05-29 15:29:55,807] {processor.py:161} INFO - Processing /home/airflow/.local/lib/python3.7/site-packages/airflow/example_dags/example_latest_only_with_trigger.py took 0.054 seconds
[2023-05-29 15:30:26,493] {processor.py:153} INFO - Started process (PID=604) to work on /home/airflow/.local/lib/python3.7/site-packages/airflow/example_dags/example_latest_only_with_trigger.py
[2023-05-29 15:30:26,506] {processor.py:641} INFO - Processing file /home/airflow/.local/lib/python3.7/site-packages/airflow/example_dags/example_latest_only_with_trigger.py for tasks to queue
[2023-05-29 15:30:26,507] {logging_mixin.py:115} INFO - [2023-05-29 15:30:26,507] {dagbag.py:508} INFO - Filling up the DagBag from /home/airflow/.local/lib/python3.7/site-packages/airflow/example_dags/example_latest_only_with_trigger.py
[2023-05-29 15:30:26,511] {processor.py:651} INFO - DAG(s) dict_keys(['latest_only_with_trigger']) retrieved from /home/airflow/.local/lib/python3.7/site-packages/airflow/example_dags/example_latest_only_with_trigger.py
[2023-05-29 15:30:26,530] {logging_mixin.py:115} INFO - [2023-05-29 15:30:26,530] {dag.py:2420} INFO - Sync 1 DAGs
[2023-05-29 15:30:26,547] {logging_mixin.py:115} INFO - [2023-05-29 15:30:26,547] {dag.py:2972} INFO - Setting next_dagrun for latest_only_with_trigger to 2023-05-29T11:30:26.547341+00:00, run_after=2023-05-29T15:30:26.547341+00:00
[2023-05-29 15:30:26,570] {processor.py:161} INFO - Processing /home/airflow/.local/lib/python3.7/site-packages/airflow/example_dags/example_latest_only_with_trigger.py took 0.079 seconds
[2023-05-29 15:30:57,062] {processor.py:153} INFO - Started process (PID=665) to work on /home/airflow/.local/lib/python3.7/site-packages/airflow/example_dags/example_latest_only_with_trigger.py
[2023-05-29 15:30:57,063] {processor.py:641} INFO - Processing file /home/airflow/.local/lib/python3.7/site-packages/airflow/example_dags/example_latest_only_with_trigger.py for tasks to queue
[2023-05-29 15:30:57,064] {logging_mixin.py:115} INFO - [2023-05-29 15:30:57,064] {dagbag.py:508} INFO - Filling up the DagBag from /home/airflow/.local/lib/python3.7/site-packages/airflow/example_dags/example_latest_only_with_trigger.py
[2023-05-29 15:30:57,068] {processor.py:651} INFO - DAG(s) dict_keys(['latest_only_with_trigger']) retrieved from /home/airflow/.local/lib/python3.7/site-packages/airflow/example_dags/example_latest_only_with_trigger.py
[2023-05-29 15:30:57,096] {logging_mixin.py:115} INFO - [2023-05-29 15:30:57,095] {dag.py:2420} INFO - Sync 1 DAGs
[2023-05-29 15:30:57,118] {logging_mixin.py:115} INFO - [2023-05-29 15:30:57,118] {dag.py:2972} INFO - Setting next_dagrun for latest_only_with_trigger to 2023-05-29T11:30:57.118590+00:00, run_after=2023-05-29T15:30:57.118590+00:00
[2023-05-29 15:30:57,130] {processor.py:161} INFO - Processing /home/airflow/.local/lib/python3.7/site-packages/airflow/example_dags/example_latest_only_with_trigger.py took 0.071 seconds
[2023-05-29 15:31:27,511] {processor.py:153} INFO - Started process (PID=726) to work on /home/airflow/.local/lib/python3.7/site-packages/airflow/example_dags/example_latest_only_with_trigger.py
[2023-05-29 15:31:27,512] {processor.py:641} INFO - Processing file /home/airflow/.local/lib/python3.7/site-packages/airflow/example_dags/example_latest_only_with_trigger.py for tasks to queue
[2023-05-29 15:31:27,512] {logging_mixin.py:115} INFO - [2023-05-29 15:31:27,512] {dagbag.py:508} INFO - Filling up the DagBag from /home/airflow/.local/lib/python3.7/site-packages/airflow/example_dags/example_latest_only_with_trigger.py
[2023-05-29 15:31:27,516] {processor.py:651} INFO - DAG(s) dict_keys(['latest_only_with_trigger']) retrieved from /home/airflow/.local/lib/python3.7/site-packages/airflow/example_dags/example_latest_only_with_trigger.py
[2023-05-29 15:31:27,579] {logging_mixin.py:115} INFO - [2023-05-29 15:31:27,579] {dag.py:2420} INFO - Sync 1 DAGs
[2023-05-29 15:31:27,598] {logging_mixin.py:115} INFO - [2023-05-29 15:31:27,598] {dag.py:2972} INFO - Setting next_dagrun for latest_only_with_trigger to 2023-05-29T11:31:27.598226+00:00, run_after=2023-05-29T15:31:27.598226+00:00
[2023-05-29 15:31:27,609] {processor.py:161} INFO - Processing /home/airflow/.local/lib/python3.7/site-packages/airflow/example_dags/example_latest_only_with_trigger.py took 0.100 seconds
[2023-05-29 15:31:58,055] {processor.py:153} INFO - Started process (PID=777) to work on /home/airflow/.local/lib/python3.7/site-packages/airflow/example_dags/example_latest_only_with_trigger.py
[2023-05-29 15:31:58,055] {processor.py:641} INFO - Processing file /home/airflow/.local/lib/python3.7/site-packages/airflow/example_dags/example_latest_only_with_trigger.py for tasks to queue
[2023-05-29 15:31:58,056] {logging_mixin.py:115} INFO - [2023-05-29 15:31:58,056] {dagbag.py:508} INFO - Filling up the DagBag from /home/airflow/.local/lib/python3.7/site-packages/airflow/example_dags/example_latest_only_with_trigger.py
[2023-05-29 15:31:58,060] {processor.py:651} INFO - DAG(s) dict_keys(['latest_only_with_trigger']) retrieved from /home/airflow/.local/lib/python3.7/site-packages/airflow/example_dags/example_latest_only_with_trigger.py
[2023-05-29 15:31:58,081] {logging_mixin.py:115} INFO - [2023-05-29 15:31:58,080] {dag.py:2420} INFO - Sync 1 DAGs
[2023-05-29 15:31:58,098] {logging_mixin.py:115} INFO - [2023-05-29 15:31:58,098] {dag.py:2972} INFO - Setting next_dagrun for latest_only_with_trigger to 2023-05-29T11:31:58.098038+00:00, run_after=2023-05-29T15:31:58.098038+00:00
[2023-05-29 15:31:58,109] {processor.py:161} INFO - Processing /home/airflow/.local/lib/python3.7/site-packages/airflow/example_dags/example_latest_only_with_trigger.py took 0.057 seconds
[2023-05-29 15:32:28,544] {processor.py:153} INFO - Started process (PID=838) to work on /home/airflow/.local/lib/python3.7/site-packages/airflow/example_dags/example_latest_only_with_trigger.py
[2023-05-29 15:32:28,546] {processor.py:641} INFO - Processing file /home/airflow/.local/lib/python3.7/site-packages/airflow/example_dags/example_latest_only_with_trigger.py for tasks to queue
[2023-05-29 15:32:28,546] {logging_mixin.py:115} INFO - [2023-05-29 15:32:28,546] {dagbag.py:508} INFO - Filling up the DagBag from /home/airflow/.local/lib/python3.7/site-packages/airflow/example_dags/example_latest_only_with_trigger.py
[2023-05-29 15:32:28,550] {processor.py:651} INFO - DAG(s) dict_keys(['latest_only_with_trigger']) retrieved from /home/airflow/.local/lib/python3.7/site-packages/airflow/example_dags/example_latest_only_with_trigger.py
[2023-05-29 15:32:28,573] {logging_mixin.py:115} INFO - [2023-05-29 15:32:28,572] {dag.py:2420} INFO - Sync 1 DAGs
[2023-05-29 15:32:28,591] {logging_mixin.py:115} INFO - [2023-05-29 15:32:28,591] {dag.py:2972} INFO - Setting next_dagrun for latest_only_with_trigger to 2023-05-29T11:32:28.591520+00:00, run_after=2023-05-29T15:32:28.591520+00:00
[2023-05-29 15:32:28,602] {processor.py:161} INFO - Processing /home/airflow/.local/lib/python3.7/site-packages/airflow/example_dags/example_latest_only_with_trigger.py took 0.061 seconds
[2023-05-29 15:32:58,913] {processor.py:153} INFO - Started process (PID=899) to work on /home/airflow/.local/lib/python3.7/site-packages/airflow/example_dags/example_latest_only_with_trigger.py
[2023-05-29 15:32:58,913] {processor.py:641} INFO - Processing file /home/airflow/.local/lib/python3.7/site-packages/airflow/example_dags/example_latest_only_with_trigger.py for tasks to queue
[2023-05-29 15:32:58,914] {logging_mixin.py:115} INFO - [2023-05-29 15:32:58,914] {dagbag.py:508} INFO - Filling up the DagBag from /home/airflow/.local/lib/python3.7/site-packages/airflow/example_dags/example_latest_only_with_trigger.py
[2023-05-29 15:32:58,917] {processor.py:651} INFO - DAG(s) dict_keys(['latest_only_with_trigger']) retrieved from /home/airflow/.local/lib/python3.7/site-packages/airflow/example_dags/example_latest_only_with_trigger.py
[2023-05-29 15:32:58,937] {logging_mixin.py:115} INFO - [2023-05-29 15:32:58,936] {dag.py:2420} INFO - Sync 1 DAGs
[2023-05-29 15:32:58,953] {logging_mixin.py:115} INFO - [2023-05-29 15:32:58,953] {dag.py:2972} INFO - Setting next_dagrun for latest_only_with_trigger to 2023-05-29T11:32:58.953180+00:00, run_after=2023-05-29T15:32:58.953180+00:00
[2023-05-29 15:32:58,963] {processor.py:161} INFO - Processing /home/airflow/.local/lib/python3.7/site-packages/airflow/example_dags/example_latest_only_with_trigger.py took 0.052 seconds
[2023-05-29 15:33:29,570] {processor.py:153} INFO - Started process (PID=960) to work on /home/airflow/.local/lib/python3.7/site-packages/airflow/example_dags/example_latest_only_with_trigger.py
[2023-05-29 15:33:29,570] {processor.py:641} INFO - Processing file /home/airflow/.local/lib/python3.7/site-packages/airflow/example_dags/example_latest_only_with_trigger.py for tasks to queue
[2023-05-29 15:33:29,571] {logging_mixin.py:115} INFO - [2023-05-29 15:33:29,571] {dagbag.py:508} INFO - Filling up the DagBag from /home/airflow/.local/lib/python3.7/site-packages/airflow/example_dags/example_latest_only_with_trigger.py
[2023-05-29 15:33:29,574] {processor.py:651} INFO - DAG(s) dict_keys(['latest_only_with_trigger']) retrieved from /home/airflow/.local/lib/python3.7/site-packages/airflow/example_dags/example_latest_only_with_trigger.py
[2023-05-29 15:33:29,594] {logging_mixin.py:115} INFO - [2023-05-29 15:33:29,594] {dag.py:2420} INFO - Sync 1 DAGs
[2023-05-29 15:33:29,614] {logging_mixin.py:115} INFO - [2023-05-29 15:33:29,614] {dag.py:2972} INFO - Setting next_dagrun for latest_only_with_trigger to 2023-05-29T11:33:29.613978+00:00, run_after=2023-05-29T15:33:29.613978+00:00
[2023-05-29 15:33:29,624] {processor.py:161} INFO - Processing /home/airflow/.local/lib/python3.7/site-packages/airflow/example_dags/example_latest_only_with_trigger.py took 0.056 seconds
[2023-05-29 15:34:00,067] {processor.py:153} INFO - Started process (PID=1012) to work on /home/airflow/.local/lib/python3.7/site-packages/airflow/example_dags/example_latest_only_with_trigger.py
[2023-05-29 15:34:00,068] {processor.py:641} INFO - Processing file /home/airflow/.local/lib/python3.7/site-packages/airflow/example_dags/example_latest_only_with_trigger.py for tasks to queue
[2023-05-29 15:34:00,068] {logging_mixin.py:115} INFO - [2023-05-29 15:34:00,068] {dagbag.py:508} INFO - Filling up the DagBag from /home/airflow/.local/lib/python3.7/site-packages/airflow/example_dags/example_latest_only_with_trigger.py
[2023-05-29 15:34:00,072] {processor.py:651} INFO - DAG(s) dict_keys(['latest_only_with_trigger']) retrieved from /home/airflow/.local/lib/python3.7/site-packages/airflow/example_dags/example_latest_only_with_trigger.py
[2023-05-29 15:34:00,094] {logging_mixin.py:115} INFO - [2023-05-29 15:34:00,094] {dag.py:2420} INFO - Sync 1 DAGs
[2023-05-29 15:34:00,113] {logging_mixin.py:115} INFO - [2023-05-29 15:34:00,113] {dag.py:2972} INFO - Setting next_dagrun for latest_only_with_trigger to 2023-05-29T11:34:00.113171+00:00, run_after=2023-05-29T15:34:00.113171+00:00
[2023-05-29 15:34:00,123] {processor.py:161} INFO - Processing /home/airflow/.local/lib/python3.7/site-packages/airflow/example_dags/example_latest_only_with_trigger.py took 0.058 seconds
[2023-05-29 15:34:30,460] {processor.py:153} INFO - Started process (PID=1073) to work on /home/airflow/.local/lib/python3.7/site-packages/airflow/example_dags/example_latest_only_with_trigger.py
[2023-05-29 15:34:30,461] {processor.py:641} INFO - Processing file /home/airflow/.local/lib/python3.7/site-packages/airflow/example_dags/example_latest_only_with_trigger.py for tasks to queue
[2023-05-29 15:34:30,461] {logging_mixin.py:115} INFO - [2023-05-29 15:34:30,461] {dagbag.py:508} INFO - Filling up the DagBag from /home/airflow/.local/lib/python3.7/site-packages/airflow/example_dags/example_latest_only_with_trigger.py
[2023-05-29 15:34:30,464] {processor.py:651} INFO - DAG(s) dict_keys(['latest_only_with_trigger']) retrieved from /home/airflow/.local/lib/python3.7/site-packages/airflow/example_dags/example_latest_only_with_trigger.py
[2023-05-29 15:34:30,485] {logging_mixin.py:115} INFO - [2023-05-29 15:34:30,485] {dag.py:2420} INFO - Sync 1 DAGs
[2023-05-29 15:34:30,502] {logging_mixin.py:115} INFO - [2023-05-29 15:34:30,502] {dag.py:2972} INFO - Setting next_dagrun for latest_only_with_trigger to 2023-05-29T11:34:30.502652+00:00, run_after=2023-05-29T15:34:30.502652+00:00
[2023-05-29 15:34:30,513] {processor.py:161} INFO - Processing /home/airflow/.local/lib/python3.7/site-packages/airflow/example_dags/example_latest_only_with_trigger.py took 0.055 seconds
[2023-05-29 15:35:00,949] {processor.py:153} INFO - Started process (PID=1134) to work on /home/airflow/.local/lib/python3.7/site-packages/airflow/example_dags/example_latest_only_with_trigger.py
[2023-05-29 15:35:00,950] {processor.py:641} INFO - Processing file /home/airflow/.local/lib/python3.7/site-packages/airflow/example_dags/example_latest_only_with_trigger.py for tasks to queue
[2023-05-29 15:35:00,950] {logging_mixin.py:115} INFO - [2023-05-29 15:35:00,950] {dagbag.py:508} INFO - Filling up the DagBag from /home/airflow/.local/lib/python3.7/site-packages/airflow/example_dags/example_latest_only_with_trigger.py
[2023-05-29 15:35:00,954] {processor.py:651} INFO - DAG(s) dict_keys(['latest_only_with_trigger']) retrieved from /home/airflow/.local/lib/python3.7/site-packages/airflow/example_dags/example_latest_only_with_trigger.py
[2023-05-29 15:35:00,975] {logging_mixin.py:115} INFO - [2023-05-29 15:35:00,975] {dag.py:2420} INFO - Sync 1 DAGs
[2023-05-29 15:35:00,993] {logging_mixin.py:115} INFO - [2023-05-29 15:35:00,993] {dag.py:2972} INFO - Setting next_dagrun for latest_only_with_trigger to 2023-05-29T11:35:00.993045+00:00, run_after=2023-05-29T15:35:00.993045+00:00
[2023-05-29 15:35:01,003] {processor.py:161} INFO - Processing /home/airflow/.local/lib/python3.7/site-packages/airflow/example_dags/example_latest_only_with_trigger.py took 0.056 seconds
[2023-05-29 15:35:31,619] {processor.py:153} INFO - Started process (PID=1195) to work on /home/airflow/.local/lib/python3.7/site-packages/airflow/example_dags/example_latest_only_with_trigger.py
[2023-05-29 15:35:31,619] {processor.py:641} INFO - Processing file /home/airflow/.local/lib/python3.7/site-packages/airflow/example_dags/example_latest_only_with_trigger.py for tasks to queue
[2023-05-29 15:35:31,620] {logging_mixin.py:115} INFO - [2023-05-29 15:35:31,619] {dagbag.py:508} INFO - Filling up the DagBag from /home/airflow/.local/lib/python3.7/site-packages/airflow/example_dags/example_latest_only_with_trigger.py
[2023-05-29 15:35:31,623] {processor.py:651} INFO - DAG(s) dict_keys(['latest_only_with_trigger']) retrieved from /home/airflow/.local/lib/python3.7/site-packages/airflow/example_dags/example_latest_only_with_trigger.py
[2023-05-29 15:35:31,646] {logging_mixin.py:115} INFO - [2023-05-29 15:35:31,646] {dag.py:2420} INFO - Sync 1 DAGs
[2023-05-29 15:35:31,666] {logging_mixin.py:115} INFO - [2023-05-29 15:35:31,666] {dag.py:2972} INFO - Setting next_dagrun for latest_only_with_trigger to 2023-05-29T11:35:31.665925+00:00, run_after=2023-05-29T15:35:31.665925+00:00
[2023-05-29 15:35:31,677] {processor.py:161} INFO - Processing /home/airflow/.local/lib/python3.7/site-packages/airflow/example_dags/example_latest_only_with_trigger.py took 0.061 seconds
[2023-05-29 15:36:02,229] {processor.py:153} INFO - Started process (PID=1248) to work on /home/airflow/.local/lib/python3.7/site-packages/airflow/example_dags/example_latest_only_with_trigger.py
[2023-05-29 15:36:02,230] {processor.py:641} INFO - Processing file /home/airflow/.local/lib/python3.7/site-packages/airflow/example_dags/example_latest_only_with_trigger.py for tasks to queue
[2023-05-29 15:36:02,230] {logging_mixin.py:115} INFO - [2023-05-29 15:36:02,230] {dagbag.py:508} INFO - Filling up the DagBag from /home/airflow/.local/lib/python3.7/site-packages/airflow/example_dags/example_latest_only_with_trigger.py
[2023-05-29 15:36:02,234] {processor.py:651} INFO - DAG(s) dict_keys(['latest_only_with_trigger']) retrieved from /home/airflow/.local/lib/python3.7/site-packages/airflow/example_dags/example_latest_only_with_trigger.py
[2023-05-29 15:36:02,256] {logging_mixin.py:115} INFO - [2023-05-29 15:36:02,256] {dag.py:2420} INFO - Sync 1 DAGs
[2023-05-29 15:36:02,278] {logging_mixin.py:115} INFO - [2023-05-29 15:36:02,278] {dag.py:2972} INFO - Setting next_dagrun for latest_only_with_trigger to 2023-05-29T11:36:02.278106+00:00, run_after=2023-05-29T15:36:02.278106+00:00
[2023-05-29 15:36:02,288] {processor.py:161} INFO - Processing /home/airflow/.local/lib/python3.7/site-packages/airflow/example_dags/example_latest_only_with_trigger.py took 0.061 seconds
[2023-05-29 15:36:32,786] {processor.py:153} INFO - Started process (PID=1310) to work on /home/airflow/.local/lib/python3.7/site-packages/airflow/example_dags/example_latest_only_with_trigger.py
[2023-05-29 15:36:32,786] {processor.py:641} INFO - Processing file /home/airflow/.local/lib/python3.7/site-packages/airflow/example_dags/example_latest_only_with_trigger.py for tasks to queue
[2023-05-29 15:36:32,786] {logging_mixin.py:115} INFO - [2023-05-29 15:36:32,786] {dagbag.py:508} INFO - Filling up the DagBag from /home/airflow/.local/lib/python3.7/site-packages/airflow/example_dags/example_latest_only_with_trigger.py
[2023-05-29 15:36:32,790] {processor.py:651} INFO - DAG(s) dict_keys(['latest_only_with_trigger']) retrieved from /home/airflow/.local/lib/python3.7/site-packages/airflow/example_dags/example_latest_only_with_trigger.py
[2023-05-29 15:36:32,811] {logging_mixin.py:115} INFO - [2023-05-29 15:36:32,811] {dag.py:2420} INFO - Sync 1 DAGs
[2023-05-29 15:36:32,827] {logging_mixin.py:115} INFO - [2023-05-29 15:36:32,827] {dag.py:2972} INFO - Setting next_dagrun for latest_only_with_trigger to 2023-05-29T11:36:32.827631+00:00, run_after=2023-05-29T15:36:32.827631+00:00
[2023-05-29 15:36:32,837] {processor.py:161} INFO - Processing /home/airflow/.local/lib/python3.7/site-packages/airflow/example_dags/example_latest_only_with_trigger.py took 0.054 seconds
[2023-05-29 15:37:03,275] {processor.py:153} INFO - Started process (PID=1372) to work on /home/airflow/.local/lib/python3.7/site-packages/airflow/example_dags/example_latest_only_with_trigger.py
[2023-05-29 15:37:03,275] {processor.py:641} INFO - Processing file /home/airflow/.local/lib/python3.7/site-packages/airflow/example_dags/example_latest_only_with_trigger.py for tasks to queue
[2023-05-29 15:37:03,276] {logging_mixin.py:115} INFO - [2023-05-29 15:37:03,276] {dagbag.py:508} INFO - Filling up the DagBag from /home/airflow/.local/lib/python3.7/site-packages/airflow/example_dags/example_latest_only_with_trigger.py
[2023-05-29 15:37:03,279] {processor.py:651} INFO - DAG(s) dict_keys(['latest_only_with_trigger']) retrieved from /home/airflow/.local/lib/python3.7/site-packages/airflow/example_dags/example_latest_only_with_trigger.py
[2023-05-29 15:37:03,298] {logging_mixin.py:115} INFO - [2023-05-29 15:37:03,298] {dag.py:2420} INFO - Sync 1 DAGs
[2023-05-29 15:37:03,315] {logging_mixin.py:115} INFO - [2023-05-29 15:37:03,315] {dag.py:2972} INFO - Setting next_dagrun for latest_only_with_trigger to 2023-05-29T11:37:03.315268+00:00, run_after=2023-05-29T15:37:03.315268+00:00
[2023-05-29 15:37:03,324] {processor.py:161} INFO - Processing /home/airflow/.local/lib/python3.7/site-packages/airflow/example_dags/example_latest_only_with_trigger.py took 0.051 seconds
[2023-05-29 15:37:33,830] {processor.py:153} INFO - Started process (PID=1434) to work on /home/airflow/.local/lib/python3.7/site-packages/airflow/example_dags/example_latest_only_with_trigger.py
[2023-05-29 15:37:33,830] {processor.py:641} INFO - Processing file /home/airflow/.local/lib/python3.7/site-packages/airflow/example_dags/example_latest_only_with_trigger.py for tasks to queue
[2023-05-29 15:37:33,831] {logging_mixin.py:115} INFO - [2023-05-29 15:37:33,831] {dagbag.py:508} INFO - Filling up the DagBag from /home/airflow/.local/lib/python3.7/site-packages/airflow/example_dags/example_latest_only_with_trigger.py
[2023-05-29 15:37:33,835] {processor.py:651} INFO - DAG(s) dict_keys(['latest_only_with_trigger']) retrieved from /home/airflow/.local/lib/python3.7/site-packages/airflow/example_dags/example_latest_only_with_trigger.py
[2023-05-29 15:37:33,861] {logging_mixin.py:115} INFO - [2023-05-29 15:37:33,861] {dag.py:2420} INFO - Sync 1 DAGs
[2023-05-29 15:37:33,880] {logging_mixin.py:115} INFO - [2023-05-29 15:37:33,880] {dag.py:2972} INFO - Setting next_dagrun for latest_only_with_trigger to 2023-05-29T11:37:33.880605+00:00, run_after=2023-05-29T15:37:33.880605+00:00
[2023-05-29 15:37:33,892] {processor.py:161} INFO - Processing /home/airflow/.local/lib/python3.7/site-packages/airflow/example_dags/example_latest_only_with_trigger.py took 0.065 seconds
[2023-05-29 15:38:04,306] {processor.py:153} INFO - Started process (PID=1487) to work on /home/airflow/.local/lib/python3.7/site-packages/airflow/example_dags/example_latest_only_with_trigger.py
[2023-05-29 15:38:04,306] {processor.py:641} INFO - Processing file /home/airflow/.local/lib/python3.7/site-packages/airflow/example_dags/example_latest_only_with_trigger.py for tasks to queue
[2023-05-29 15:38:04,306] {logging_mixin.py:115} INFO - [2023-05-29 15:38:04,306] {dagbag.py:508} INFO - Filling up the DagBag from /home/airflow/.local/lib/python3.7/site-packages/airflow/example_dags/example_latest_only_with_trigger.py
[2023-05-29 15:38:04,310] {processor.py:651} INFO - DAG(s) dict_keys(['latest_only_with_trigger']) retrieved from /home/airflow/.local/lib/python3.7/site-packages/airflow/example_dags/example_latest_only_with_trigger.py
[2023-05-29 15:38:04,330] {logging_mixin.py:115} INFO - [2023-05-29 15:38:04,330] {dag.py:2420} INFO - Sync 1 DAGs
[2023-05-29 15:38:04,348] {logging_mixin.py:115} INFO - [2023-05-29 15:38:04,348] {dag.py:2972} INFO - Setting next_dagrun for latest_only_with_trigger to 2023-05-29T11:38:04.348379+00:00, run_after=2023-05-29T15:38:04.348379+00:00
[2023-05-29 15:38:04,359] {processor.py:161} INFO - Processing /home/airflow/.local/lib/python3.7/site-packages/airflow/example_dags/example_latest_only_with_trigger.py took 0.056 seconds
[2023-05-29 15:38:34,862] {processor.py:153} INFO - Started process (PID=1558) to work on /home/airflow/.local/lib/python3.7/site-packages/airflow/example_dags/example_latest_only_with_trigger.py
[2023-05-29 15:38:34,863] {processor.py:641} INFO - Processing file /home/airflow/.local/lib/python3.7/site-packages/airflow/example_dags/example_latest_only_with_trigger.py for tasks to queue
[2023-05-29 15:38:34,864] {logging_mixin.py:115} INFO - [2023-05-29 15:38:34,863] {dagbag.py:508} INFO - Filling up the DagBag from /home/airflow/.local/lib/python3.7/site-packages/airflow/example_dags/example_latest_only_with_trigger.py
[2023-05-29 15:38:34,867] {processor.py:651} INFO - DAG(s) dict_keys(['latest_only_with_trigger']) retrieved from /home/airflow/.local/lib/python3.7/site-packages/airflow/example_dags/example_latest_only_with_trigger.py
[2023-05-29 15:38:34,887] {logging_mixin.py:115} INFO - [2023-05-29 15:38:34,887] {dag.py:2420} INFO - Sync 1 DAGs
[2023-05-29 15:38:34,905] {logging_mixin.py:115} INFO - [2023-05-29 15:38:34,905] {dag.py:2972} INFO - Setting next_dagrun for latest_only_with_trigger to 2023-05-29T11:38:34.905233+00:00, run_after=2023-05-29T15:38:34.905233+00:00
[2023-05-29 15:38:34,916] {processor.py:161} INFO - Processing /home/airflow/.local/lib/python3.7/site-packages/airflow/example_dags/example_latest_only_with_trigger.py took 0.056 seconds
[2023-05-29 15:39:05,662] {processor.py:153} INFO - Started process (PID=1624) to work on /home/airflow/.local/lib/python3.7/site-packages/airflow/example_dags/example_latest_only_with_trigger.py
[2023-05-29 15:39:05,662] {processor.py:641} INFO - Processing file /home/airflow/.local/lib/python3.7/site-packages/airflow/example_dags/example_latest_only_with_trigger.py for tasks to queue
[2023-05-29 15:39:05,663] {logging_mixin.py:115} INFO - [2023-05-29 15:39:05,663] {dagbag.py:508} INFO - Filling up the DagBag from /home/airflow/.local/lib/python3.7/site-packages/airflow/example_dags/example_latest_only_with_trigger.py
[2023-05-29 15:39:05,666] {processor.py:651} INFO - DAG(s) dict_keys(['latest_only_with_trigger']) retrieved from /home/airflow/.local/lib/python3.7/site-packages/airflow/example_dags/example_latest_only_with_trigger.py
[2023-05-29 15:39:05,687] {logging_mixin.py:115} INFO - [2023-05-29 15:39:05,687] {dag.py:2420} INFO - Sync 1 DAGs
[2023-05-29 15:39:05,703] {logging_mixin.py:115} INFO - [2023-05-29 15:39:05,703] {dag.py:2972} INFO - Setting next_dagrun for latest_only_with_trigger to 2023-05-29T11:39:05.703547+00:00, run_after=2023-05-29T15:39:05.703547+00:00
[2023-05-29 15:39:05,713] {processor.py:161} INFO - Processing /home/airflow/.local/lib/python3.7/site-packages/airflow/example_dags/example_latest_only_with_trigger.py took 0.054 seconds
[2023-05-29 15:39:36,167] {processor.py:153} INFO - Started process (PID=1677) to work on /home/airflow/.local/lib/python3.7/site-packages/airflow/example_dags/example_latest_only_with_trigger.py
[2023-05-29 15:39:36,168] {processor.py:641} INFO - Processing file /home/airflow/.local/lib/python3.7/site-packages/airflow/example_dags/example_latest_only_with_trigger.py for tasks to queue
[2023-05-29 15:39:36,168] {logging_mixin.py:115} INFO - [2023-05-29 15:39:36,168] {dagbag.py:508} INFO - Filling up the DagBag from /home/airflow/.local/lib/python3.7/site-packages/airflow/example_dags/example_latest_only_with_trigger.py
[2023-05-29 15:39:36,172] {processor.py:651} INFO - DAG(s) dict_keys(['latest_only_with_trigger']) retrieved from /home/airflow/.local/lib/python3.7/site-packages/airflow/example_dags/example_latest_only_with_trigger.py
[2023-05-29 15:39:36,194] {logging_mixin.py:115} INFO - [2023-05-29 15:39:36,194] {dag.py:2420} INFO - Sync 1 DAGs
[2023-05-29 15:39:36,213] {logging_mixin.py:115} INFO - [2023-05-29 15:39:36,212] {dag.py:2972} INFO - Setting next_dagrun for latest_only_with_trigger to 2023-05-29T11:39:36.212763+00:00, run_after=2023-05-29T15:39:36.212763+00:00
[2023-05-29 15:39:36,224] {processor.py:161} INFO - Processing /home/airflow/.local/lib/python3.7/site-packages/airflow/example_dags/example_latest_only_with_trigger.py took 0.059 seconds
[2023-05-29 15:40:06,554] {processor.py:153} INFO - Started process (PID=1739) to work on /home/airflow/.local/lib/python3.7/site-packages/airflow/example_dags/example_latest_only_with_trigger.py
[2023-05-29 15:40:06,555] {processor.py:641} INFO - Processing file /home/airflow/.local/lib/python3.7/site-packages/airflow/example_dags/example_latest_only_with_trigger.py for tasks to queue
[2023-05-29 15:40:06,555] {logging_mixin.py:115} INFO - [2023-05-29 15:40:06,555] {dagbag.py:508} INFO - Filling up the DagBag from /home/airflow/.local/lib/python3.7/site-packages/airflow/example_dags/example_latest_only_with_trigger.py
[2023-05-29 15:40:06,558] {processor.py:651} INFO - DAG(s) dict_keys(['latest_only_with_trigger']) retrieved from /home/airflow/.local/lib/python3.7/site-packages/airflow/example_dags/example_latest_only_with_trigger.py
[2023-05-29 15:40:06,579] {logging_mixin.py:115} INFO - [2023-05-29 15:40:06,579] {dag.py:2420} INFO - Sync 1 DAGs
[2023-05-29 15:40:06,595] {logging_mixin.py:115} INFO - [2023-05-29 15:40:06,595] {dag.py:2972} INFO - Setting next_dagrun for latest_only_with_trigger to 2023-05-29T11:40:06.595376+00:00, run_after=2023-05-29T15:40:06.595376+00:00
[2023-05-29 15:40:06,605] {processor.py:161} INFO - Processing /home/airflow/.local/lib/python3.7/site-packages/airflow/example_dags/example_latest_only_with_trigger.py took 0.052 seconds
[2023-05-29 15:40:36,926] {processor.py:153} INFO - Started process (PID=1801) to work on /home/airflow/.local/lib/python3.7/site-packages/airflow/example_dags/example_latest_only_with_trigger.py
[2023-05-29 15:40:36,926] {processor.py:641} INFO - Processing file /home/airflow/.local/lib/python3.7/site-packages/airflow/example_dags/example_latest_only_with_trigger.py for tasks to queue
[2023-05-29 15:40:36,926] {logging_mixin.py:115} INFO - [2023-05-29 15:40:36,926] {dagbag.py:508} INFO - Filling up the DagBag from /home/airflow/.local/lib/python3.7/site-packages/airflow/example_dags/example_latest_only_with_trigger.py
[2023-05-29 15:40:36,930] {processor.py:651} INFO - DAG(s) dict_keys(['latest_only_with_trigger']) retrieved from /home/airflow/.local/lib/python3.7/site-packages/airflow/example_dags/example_latest_only_with_trigger.py
[2023-05-29 15:40:36,949] {logging_mixin.py:115} INFO - [2023-05-29 15:40:36,949] {dag.py:2420} INFO - Sync 1 DAGs
[2023-05-29 15:40:36,965] {logging_mixin.py:115} INFO - [2023-05-29 15:40:36,965] {dag.py:2972} INFO - Setting next_dagrun for latest_only_with_trigger to 2023-05-29T11:40:36.965659+00:00, run_after=2023-05-29T15:40:36.965659+00:00
[2023-05-29 15:40:36,976] {processor.py:161} INFO - Processing /home/airflow/.local/lib/python3.7/site-packages/airflow/example_dags/example_latest_only_with_trigger.py took 0.052 seconds
[2023-05-29 15:41:07,648] {processor.py:153} INFO - Started process (PID=1863) to work on /home/airflow/.local/lib/python3.7/site-packages/airflow/example_dags/example_latest_only_with_trigger.py
[2023-05-29 15:41:07,649] {processor.py:641} INFO - Processing file /home/airflow/.local/lib/python3.7/site-packages/airflow/example_dags/example_latest_only_with_trigger.py for tasks to queue
[2023-05-29 15:41:07,649] {logging_mixin.py:115} INFO - [2023-05-29 15:41:07,649] {dagbag.py:508} INFO - Filling up the DagBag from /home/airflow/.local/lib/python3.7/site-packages/airflow/example_dags/example_latest_only_with_trigger.py
[2023-05-29 15:41:07,654] {processor.py:651} INFO - DAG(s) dict_keys(['latest_only_with_trigger']) retrieved from /home/airflow/.local/lib/python3.7/site-packages/airflow/example_dags/example_latest_only_with_trigger.py
[2023-05-29 15:41:07,676] {logging_mixin.py:115} INFO - [2023-05-29 15:41:07,676] {dag.py:2420} INFO - Sync 1 DAGs
[2023-05-29 15:41:07,697] {logging_mixin.py:115} INFO - [2023-05-29 15:41:07,697] {dag.py:2972} INFO - Setting next_dagrun for latest_only_with_trigger to 2023-05-29T11:41:07.696854+00:00, run_after=2023-05-29T15:41:07.696854+00:00
[2023-05-29 15:41:07,711] {processor.py:161} INFO - Processing /home/airflow/.local/lib/python3.7/site-packages/airflow/example_dags/example_latest_only_with_trigger.py took 0.065 seconds
