[2023-05-29 15:18:18,473] {processor.py:153} INFO - Started process (PID=49) to work on /home/airflow/.local/lib/python3.7/site-packages/airflow/example_dags/tutorial_etl_dag.py
[2023-05-29 15:18:18,474] {processor.py:641} INFO - Processing file /home/airflow/.local/lib/python3.7/site-packages/airflow/example_dags/tutorial_etl_dag.py for tasks to queue
[2023-05-29 15:18:18,474] {logging_mixin.py:115} INFO - [2023-05-29 15:18:18,474] {dagbag.py:508} INFO - Filling up the DagBag from /home/airflow/.local/lib/python3.7/site-packages/airflow/example_dags/tutorial_etl_dag.py
[2023-05-29 15:18:18,480] {processor.py:651} INFO - DAG(s) dict_keys(['tutorial_etl_dag']) retrieved from /home/airflow/.local/lib/python3.7/site-packages/airflow/example_dags/tutorial_etl_dag.py
[2023-05-29 15:18:18,553] {logging_mixin.py:115} INFO - [2023-05-29 15:18:18,553] {manager.py:508} INFO - Created Permission View: can read on DAG:tutorial_etl_dag
[2023-05-29 15:18:18,565] {logging_mixin.py:115} INFO - [2023-05-29 15:18:18,565] {manager.py:508} INFO - Created Permission View: can delete on DAG:tutorial_etl_dag
[2023-05-29 15:18:18,573] {logging_mixin.py:115} INFO - [2023-05-29 15:18:18,573] {manager.py:508} INFO - Created Permission View: can edit on DAG:tutorial_etl_dag
[2023-05-29 15:18:18,573] {logging_mixin.py:115} INFO - [2023-05-29 15:18:18,573] {dag.py:2420} INFO - Sync 1 DAGs
[2023-05-29 15:18:18,581] {logging_mixin.py:115} INFO - [2023-05-29 15:18:18,581] {dag.py:2439} INFO - Creating ORM DAG for tutorial_etl_dag
[2023-05-29 15:18:18,591] {logging_mixin.py:115} INFO - [2023-05-29 15:18:18,591] {dag.py:2972} INFO - Setting next_dagrun for tutorial_etl_dag to None, run_after=None
[2023-05-29 15:18:18,608] {processor.py:161} INFO - Processing /home/airflow/.local/lib/python3.7/site-packages/airflow/example_dags/tutorial_etl_dag.py took 0.138 seconds
[2023-05-29 15:18:49,306] {processor.py:153} INFO - Started process (PID=110) to work on /home/airflow/.local/lib/python3.7/site-packages/airflow/example_dags/tutorial_etl_dag.py
[2023-05-29 15:18:49,314] {processor.py:641} INFO - Processing file /home/airflow/.local/lib/python3.7/site-packages/airflow/example_dags/tutorial_etl_dag.py for tasks to queue
[2023-05-29 15:18:49,314] {logging_mixin.py:115} INFO - [2023-05-29 15:18:49,314] {dagbag.py:508} INFO - Filling up the DagBag from /home/airflow/.local/lib/python3.7/site-packages/airflow/example_dags/tutorial_etl_dag.py
[2023-05-29 15:18:49,375] {processor.py:651} INFO - DAG(s) dict_keys(['tutorial_etl_dag']) retrieved from /home/airflow/.local/lib/python3.7/site-packages/airflow/example_dags/tutorial_etl_dag.py
[2023-05-29 15:18:49,394] {logging_mixin.py:115} INFO - [2023-05-29 15:18:49,394] {dag.py:2420} INFO - Sync 1 DAGs
[2023-05-29 15:18:49,413] {logging_mixin.py:115} INFO - [2023-05-29 15:18:49,413] {dag.py:2972} INFO - Setting next_dagrun for tutorial_etl_dag to None, run_after=None
[2023-05-29 15:18:49,430] {processor.py:161} INFO - Processing /home/airflow/.local/lib/python3.7/site-packages/airflow/example_dags/tutorial_etl_dag.py took 0.125 seconds
[2023-05-29 15:19:20,220] {processor.py:153} INFO - Started process (PID=171) to work on /home/airflow/.local/lib/python3.7/site-packages/airflow/example_dags/tutorial_etl_dag.py
[2023-05-29 15:19:20,221] {processor.py:641} INFO - Processing file /home/airflow/.local/lib/python3.7/site-packages/airflow/example_dags/tutorial_etl_dag.py for tasks to queue
[2023-05-29 15:19:20,221] {logging_mixin.py:115} INFO - [2023-05-29 15:19:20,221] {dagbag.py:508} INFO - Filling up the DagBag from /home/airflow/.local/lib/python3.7/site-packages/airflow/example_dags/tutorial_etl_dag.py
[2023-05-29 15:19:20,225] {processor.py:651} INFO - DAG(s) dict_keys(['tutorial_etl_dag']) retrieved from /home/airflow/.local/lib/python3.7/site-packages/airflow/example_dags/tutorial_etl_dag.py
[2023-05-29 15:19:20,247] {logging_mixin.py:115} INFO - [2023-05-29 15:19:20,246] {dag.py:2420} INFO - Sync 1 DAGs
[2023-05-29 15:19:20,265] {logging_mixin.py:115} INFO - [2023-05-29 15:19:20,265] {dag.py:2972} INFO - Setting next_dagrun for tutorial_etl_dag to None, run_after=None
[2023-05-29 15:19:20,275] {processor.py:161} INFO - Processing /home/airflow/.local/lib/python3.7/site-packages/airflow/example_dags/tutorial_etl_dag.py took 0.057 seconds
[2023-05-29 15:19:50,610] {processor.py:153} INFO - Started process (PID=232) to work on /home/airflow/.local/lib/python3.7/site-packages/airflow/example_dags/tutorial_etl_dag.py
[2023-05-29 15:19:50,611] {processor.py:641} INFO - Processing file /home/airflow/.local/lib/python3.7/site-packages/airflow/example_dags/tutorial_etl_dag.py for tasks to queue
[2023-05-29 15:19:50,611] {logging_mixin.py:115} INFO - [2023-05-29 15:19:50,611] {dagbag.py:508} INFO - Filling up the DagBag from /home/airflow/.local/lib/python3.7/site-packages/airflow/example_dags/tutorial_etl_dag.py
[2023-05-29 15:19:50,616] {processor.py:651} INFO - DAG(s) dict_keys(['tutorial_etl_dag']) retrieved from /home/airflow/.local/lib/python3.7/site-packages/airflow/example_dags/tutorial_etl_dag.py
[2023-05-29 15:19:50,634] {logging_mixin.py:115} INFO - [2023-05-29 15:19:50,634] {dag.py:2420} INFO - Sync 1 DAGs
[2023-05-29 15:19:50,652] {logging_mixin.py:115} INFO - [2023-05-29 15:19:50,652] {dag.py:2972} INFO - Setting next_dagrun for tutorial_etl_dag to None, run_after=None
[2023-05-29 15:19:50,663] {processor.py:161} INFO - Processing /home/airflow/.local/lib/python3.7/site-packages/airflow/example_dags/tutorial_etl_dag.py took 0.054 seconds
[2023-05-29 15:20:21,003] {processor.py:153} INFO - Started process (PID=284) to work on /home/airflow/.local/lib/python3.7/site-packages/airflow/example_dags/tutorial_etl_dag.py
[2023-05-29 15:20:21,003] {processor.py:641} INFO - Processing file /home/airflow/.local/lib/python3.7/site-packages/airflow/example_dags/tutorial_etl_dag.py for tasks to queue
[2023-05-29 15:20:21,004] {logging_mixin.py:115} INFO - [2023-05-29 15:20:21,004] {dagbag.py:508} INFO - Filling up the DagBag from /home/airflow/.local/lib/python3.7/site-packages/airflow/example_dags/tutorial_etl_dag.py
[2023-05-29 15:20:21,008] {processor.py:651} INFO - DAG(s) dict_keys(['tutorial_etl_dag']) retrieved from /home/airflow/.local/lib/python3.7/site-packages/airflow/example_dags/tutorial_etl_dag.py
[2023-05-29 15:20:21,026] {logging_mixin.py:115} INFO - [2023-05-29 15:20:21,026] {dag.py:2420} INFO - Sync 1 DAGs
[2023-05-29 15:20:21,046] {logging_mixin.py:115} INFO - [2023-05-29 15:20:21,046] {dag.py:2972} INFO - Setting next_dagrun for tutorial_etl_dag to None, run_after=None
[2023-05-29 15:20:21,056] {processor.py:161} INFO - Processing /home/airflow/.local/lib/python3.7/site-packages/airflow/example_dags/tutorial_etl_dag.py took 0.055 seconds
[2023-05-29 15:20:51,411] {processor.py:153} INFO - Started process (PID=345) to work on /home/airflow/.local/lib/python3.7/site-packages/airflow/example_dags/tutorial_etl_dag.py
[2023-05-29 15:20:51,412] {processor.py:641} INFO - Processing file /home/airflow/.local/lib/python3.7/site-packages/airflow/example_dags/tutorial_etl_dag.py for tasks to queue
[2023-05-29 15:20:51,412] {logging_mixin.py:115} INFO - [2023-05-29 15:20:51,412] {dagbag.py:508} INFO - Filling up the DagBag from /home/airflow/.local/lib/python3.7/site-packages/airflow/example_dags/tutorial_etl_dag.py
[2023-05-29 15:20:51,416] {processor.py:651} INFO - DAG(s) dict_keys(['tutorial_etl_dag']) retrieved from /home/airflow/.local/lib/python3.7/site-packages/airflow/example_dags/tutorial_etl_dag.py
[2023-05-29 15:20:51,435] {logging_mixin.py:115} INFO - [2023-05-29 15:20:51,435] {dag.py:2420} INFO - Sync 1 DAGs
[2023-05-29 15:20:51,454] {logging_mixin.py:115} INFO - [2023-05-29 15:20:51,454] {dag.py:2972} INFO - Setting next_dagrun for tutorial_etl_dag to None, run_after=None
[2023-05-29 15:20:51,464] {processor.py:161} INFO - Processing /home/airflow/.local/lib/python3.7/site-packages/airflow/example_dags/tutorial_etl_dag.py took 0.055 seconds
[2023-05-29 15:21:21,804] {processor.py:153} INFO - Started process (PID=407) to work on /home/airflow/.local/lib/python3.7/site-packages/airflow/example_dags/tutorial_etl_dag.py
[2023-05-29 15:21:21,804] {processor.py:641} INFO - Processing file /home/airflow/.local/lib/python3.7/site-packages/airflow/example_dags/tutorial_etl_dag.py for tasks to queue
[2023-05-29 15:21:21,804] {logging_mixin.py:115} INFO - [2023-05-29 15:21:21,804] {dagbag.py:508} INFO - Filling up the DagBag from /home/airflow/.local/lib/python3.7/site-packages/airflow/example_dags/tutorial_etl_dag.py
[2023-05-29 15:21:21,809] {processor.py:651} INFO - DAG(s) dict_keys(['tutorial_etl_dag']) retrieved from /home/airflow/.local/lib/python3.7/site-packages/airflow/example_dags/tutorial_etl_dag.py
[2023-05-29 15:21:21,828] {logging_mixin.py:115} INFO - [2023-05-29 15:21:21,828] {dag.py:2420} INFO - Sync 1 DAGs
[2023-05-29 15:21:21,849] {logging_mixin.py:115} INFO - [2023-05-29 15:21:21,849] {dag.py:2972} INFO - Setting next_dagrun for tutorial_etl_dag to None, run_after=None
[2023-05-29 15:21:21,861] {processor.py:161} INFO - Processing /home/airflow/.local/lib/python3.7/site-packages/airflow/example_dags/tutorial_etl_dag.py took 0.060 seconds
[2023-05-29 15:21:52,246] {processor.py:153} INFO - Started process (PID=468) to work on /home/airflow/.local/lib/python3.7/site-packages/airflow/example_dags/tutorial_etl_dag.py
[2023-05-29 15:21:52,247] {processor.py:641} INFO - Processing file /home/airflow/.local/lib/python3.7/site-packages/airflow/example_dags/tutorial_etl_dag.py for tasks to queue
[2023-05-29 15:21:52,247] {logging_mixin.py:115} INFO - [2023-05-29 15:21:52,247] {dagbag.py:508} INFO - Filling up the DagBag from /home/airflow/.local/lib/python3.7/site-packages/airflow/example_dags/tutorial_etl_dag.py
[2023-05-29 15:21:52,252] {processor.py:651} INFO - DAG(s) dict_keys(['tutorial_etl_dag']) retrieved from /home/airflow/.local/lib/python3.7/site-packages/airflow/example_dags/tutorial_etl_dag.py
[2023-05-29 15:21:52,277] {logging_mixin.py:115} INFO - [2023-05-29 15:21:52,277] {dag.py:2420} INFO - Sync 1 DAGs
[2023-05-29 15:21:52,303] {logging_mixin.py:115} INFO - [2023-05-29 15:21:52,303] {dag.py:2972} INFO - Setting next_dagrun for tutorial_etl_dag to None, run_after=None
[2023-05-29 15:21:52,316] {processor.py:161} INFO - Processing /home/airflow/.local/lib/python3.7/site-packages/airflow/example_dags/tutorial_etl_dag.py took 0.074 seconds
[2023-05-29 15:22:22,748] {processor.py:153} INFO - Started process (PID=519) to work on /home/airflow/.local/lib/python3.7/site-packages/airflow/example_dags/tutorial_etl_dag.py
[2023-05-29 15:22:22,748] {processor.py:641} INFO - Processing file /home/airflow/.local/lib/python3.7/site-packages/airflow/example_dags/tutorial_etl_dag.py for tasks to queue
[2023-05-29 15:22:22,749] {logging_mixin.py:115} INFO - [2023-05-29 15:22:22,749] {dagbag.py:508} INFO - Filling up the DagBag from /home/airflow/.local/lib/python3.7/site-packages/airflow/example_dags/tutorial_etl_dag.py
[2023-05-29 15:22:22,754] {processor.py:651} INFO - DAG(s) dict_keys(['tutorial_etl_dag']) retrieved from /home/airflow/.local/lib/python3.7/site-packages/airflow/example_dags/tutorial_etl_dag.py
[2023-05-29 15:22:22,774] {logging_mixin.py:115} INFO - [2023-05-29 15:22:22,774] {dag.py:2420} INFO - Sync 1 DAGs
[2023-05-29 15:22:22,793] {logging_mixin.py:115} INFO - [2023-05-29 15:22:22,793] {dag.py:2972} INFO - Setting next_dagrun for tutorial_etl_dag to None, run_after=None
[2023-05-29 15:22:22,805] {processor.py:161} INFO - Processing /home/airflow/.local/lib/python3.7/site-packages/airflow/example_dags/tutorial_etl_dag.py took 0.059 seconds
[2023-05-29 15:23:24,931] {processor.py:153} INFO - Started process (PID=48) to work on /home/airflow/.local/lib/python3.7/site-packages/airflow/example_dags/tutorial_etl_dag.py
[2023-05-29 15:23:24,931] {processor.py:641} INFO - Processing file /home/airflow/.local/lib/python3.7/site-packages/airflow/example_dags/tutorial_etl_dag.py for tasks to queue
[2023-05-29 15:23:24,932] {logging_mixin.py:115} INFO - [2023-05-29 15:23:24,931] {dagbag.py:508} INFO - Filling up the DagBag from /home/airflow/.local/lib/python3.7/site-packages/airflow/example_dags/tutorial_etl_dag.py
[2023-05-29 15:23:24,938] {processor.py:651} INFO - DAG(s) dict_keys(['tutorial_etl_dag']) retrieved from /home/airflow/.local/lib/python3.7/site-packages/airflow/example_dags/tutorial_etl_dag.py
[2023-05-29 15:23:24,961] {logging_mixin.py:115} INFO - [2023-05-29 15:23:24,961] {dag.py:2420} INFO - Sync 1 DAGs
[2023-05-29 15:23:24,986] {logging_mixin.py:115} INFO - [2023-05-29 15:23:24,986] {dag.py:2972} INFO - Setting next_dagrun for tutorial_etl_dag to None, run_after=None
[2023-05-29 15:23:24,999] {processor.py:161} INFO - Processing /home/airflow/.local/lib/python3.7/site-packages/airflow/example_dags/tutorial_etl_dag.py took 0.071 seconds
[2023-05-29 15:23:55,922] {processor.py:153} INFO - Started process (PID=109) to work on /home/airflow/.local/lib/python3.7/site-packages/airflow/example_dags/tutorial_etl_dag.py
[2023-05-29 15:23:55,923] {processor.py:641} INFO - Processing file /home/airflow/.local/lib/python3.7/site-packages/airflow/example_dags/tutorial_etl_dag.py for tasks to queue
[2023-05-29 15:23:55,923] {logging_mixin.py:115} INFO - [2023-05-29 15:23:55,923] {dagbag.py:508} INFO - Filling up the DagBag from /home/airflow/.local/lib/python3.7/site-packages/airflow/example_dags/tutorial_etl_dag.py
[2023-05-29 15:23:55,927] {processor.py:651} INFO - DAG(s) dict_keys(['tutorial_etl_dag']) retrieved from /home/airflow/.local/lib/python3.7/site-packages/airflow/example_dags/tutorial_etl_dag.py
[2023-05-29 15:23:55,945] {logging_mixin.py:115} INFO - [2023-05-29 15:23:55,945] {dag.py:2420} INFO - Sync 1 DAGs
[2023-05-29 15:23:55,962] {logging_mixin.py:115} INFO - [2023-05-29 15:23:55,962] {dag.py:2972} INFO - Setting next_dagrun for tutorial_etl_dag to None, run_after=None
[2023-05-29 15:23:55,973] {processor.py:161} INFO - Processing /home/airflow/.local/lib/python3.7/site-packages/airflow/example_dags/tutorial_etl_dag.py took 0.053 seconds
[2023-05-29 15:24:26,479] {processor.py:153} INFO - Started process (PID=170) to work on /home/airflow/.local/lib/python3.7/site-packages/airflow/example_dags/tutorial_etl_dag.py
[2023-05-29 15:24:26,480] {processor.py:641} INFO - Processing file /home/airflow/.local/lib/python3.7/site-packages/airflow/example_dags/tutorial_etl_dag.py for tasks to queue
[2023-05-29 15:24:26,480] {logging_mixin.py:115} INFO - [2023-05-29 15:24:26,480] {dagbag.py:508} INFO - Filling up the DagBag from /home/airflow/.local/lib/python3.7/site-packages/airflow/example_dags/tutorial_etl_dag.py
[2023-05-29 15:24:26,485] {processor.py:651} INFO - DAG(s) dict_keys(['tutorial_etl_dag']) retrieved from /home/airflow/.local/lib/python3.7/site-packages/airflow/example_dags/tutorial_etl_dag.py
[2023-05-29 15:24:26,508] {logging_mixin.py:115} INFO - [2023-05-29 15:24:26,508] {dag.py:2420} INFO - Sync 1 DAGs
[2023-05-29 15:24:26,527] {logging_mixin.py:115} INFO - [2023-05-29 15:24:26,527] {dag.py:2972} INFO - Setting next_dagrun for tutorial_etl_dag to None, run_after=None
[2023-05-29 15:24:26,538] {processor.py:161} INFO - Processing /home/airflow/.local/lib/python3.7/site-packages/airflow/example_dags/tutorial_etl_dag.py took 0.062 seconds
[2023-05-29 15:24:57,079] {processor.py:153} INFO - Started process (PID=231) to work on /home/airflow/.local/lib/python3.7/site-packages/airflow/example_dags/tutorial_etl_dag.py
[2023-05-29 15:24:57,079] {processor.py:641} INFO - Processing file /home/airflow/.local/lib/python3.7/site-packages/airflow/example_dags/tutorial_etl_dag.py for tasks to queue
[2023-05-29 15:24:57,080] {logging_mixin.py:115} INFO - [2023-05-29 15:24:57,080] {dagbag.py:508} INFO - Filling up the DagBag from /home/airflow/.local/lib/python3.7/site-packages/airflow/example_dags/tutorial_etl_dag.py
[2023-05-29 15:24:57,085] {processor.py:651} INFO - DAG(s) dict_keys(['tutorial_etl_dag']) retrieved from /home/airflow/.local/lib/python3.7/site-packages/airflow/example_dags/tutorial_etl_dag.py
[2023-05-29 15:24:57,105] {logging_mixin.py:115} INFO - [2023-05-29 15:24:57,105] {dag.py:2420} INFO - Sync 1 DAGs
[2023-05-29 15:24:57,123] {logging_mixin.py:115} INFO - [2023-05-29 15:24:57,123] {dag.py:2972} INFO - Setting next_dagrun for tutorial_etl_dag to None, run_after=None
[2023-05-29 15:24:57,134] {processor.py:161} INFO - Processing /home/airflow/.local/lib/python3.7/site-packages/airflow/example_dags/tutorial_etl_dag.py took 0.058 seconds
[2023-05-29 15:25:50,069] {processor.py:153} INFO - Started process (PID=49) to work on /home/airflow/.local/lib/python3.7/site-packages/airflow/example_dags/tutorial_etl_dag.py
[2023-05-29 15:25:50,070] {processor.py:641} INFO - Processing file /home/airflow/.local/lib/python3.7/site-packages/airflow/example_dags/tutorial_etl_dag.py for tasks to queue
[2023-05-29 15:25:50,070] {logging_mixin.py:115} INFO - [2023-05-29 15:25:50,070] {dagbag.py:508} INFO - Filling up the DagBag from /home/airflow/.local/lib/python3.7/site-packages/airflow/example_dags/tutorial_etl_dag.py
[2023-05-29 15:25:50,076] {processor.py:651} INFO - DAG(s) dict_keys(['tutorial_etl_dag']) retrieved from /home/airflow/.local/lib/python3.7/site-packages/airflow/example_dags/tutorial_etl_dag.py
[2023-05-29 15:25:50,099] {logging_mixin.py:115} INFO - [2023-05-29 15:25:50,099] {dag.py:2420} INFO - Sync 1 DAGs
[2023-05-29 15:25:50,123] {logging_mixin.py:115} INFO - [2023-05-29 15:25:50,123] {dag.py:2972} INFO - Setting next_dagrun for tutorial_etl_dag to None, run_after=None
[2023-05-29 15:25:50,136] {processor.py:161} INFO - Processing /home/airflow/.local/lib/python3.7/site-packages/airflow/example_dags/tutorial_etl_dag.py took 0.069 seconds
[2023-05-29 15:26:21,068] {processor.py:153} INFO - Started process (PID=110) to work on /home/airflow/.local/lib/python3.7/site-packages/airflow/example_dags/tutorial_etl_dag.py
[2023-05-29 15:26:21,068] {processor.py:641} INFO - Processing file /home/airflow/.local/lib/python3.7/site-packages/airflow/example_dags/tutorial_etl_dag.py for tasks to queue
[2023-05-29 15:26:21,069] {logging_mixin.py:115} INFO - [2023-05-29 15:26:21,069] {dagbag.py:508} INFO - Filling up the DagBag from /home/airflow/.local/lib/python3.7/site-packages/airflow/example_dags/tutorial_etl_dag.py
[2023-05-29 15:26:21,074] {processor.py:651} INFO - DAG(s) dict_keys(['tutorial_etl_dag']) retrieved from /home/airflow/.local/lib/python3.7/site-packages/airflow/example_dags/tutorial_etl_dag.py
[2023-05-29 15:26:21,092] {logging_mixin.py:115} INFO - [2023-05-29 15:26:21,092] {dag.py:2420} INFO - Sync 1 DAGs
[2023-05-29 15:26:21,119] {logging_mixin.py:115} INFO - [2023-05-29 15:26:21,119] {dag.py:2972} INFO - Setting next_dagrun for tutorial_etl_dag to None, run_after=None
[2023-05-29 15:26:21,136] {processor.py:161} INFO - Processing /home/airflow/.local/lib/python3.7/site-packages/airflow/example_dags/tutorial_etl_dag.py took 0.070 seconds
[2023-05-29 15:26:51,595] {processor.py:153} INFO - Started process (PID=171) to work on /home/airflow/.local/lib/python3.7/site-packages/airflow/example_dags/tutorial_etl_dag.py
[2023-05-29 15:26:51,596] {processor.py:641} INFO - Processing file /home/airflow/.local/lib/python3.7/site-packages/airflow/example_dags/tutorial_etl_dag.py for tasks to queue
[2023-05-29 15:26:51,596] {logging_mixin.py:115} INFO - [2023-05-29 15:26:51,596] {dagbag.py:508} INFO - Filling up the DagBag from /home/airflow/.local/lib/python3.7/site-packages/airflow/example_dags/tutorial_etl_dag.py
[2023-05-29 15:26:51,601] {processor.py:651} INFO - DAG(s) dict_keys(['tutorial_etl_dag']) retrieved from /home/airflow/.local/lib/python3.7/site-packages/airflow/example_dags/tutorial_etl_dag.py
[2023-05-29 15:26:51,619] {logging_mixin.py:115} INFO - [2023-05-29 15:26:51,619] {dag.py:2420} INFO - Sync 1 DAGs
[2023-05-29 15:26:51,637] {logging_mixin.py:115} INFO - [2023-05-29 15:26:51,637] {dag.py:2972} INFO - Setting next_dagrun for tutorial_etl_dag to None, run_after=None
[2023-05-29 15:26:51,647] {processor.py:161} INFO - Processing /home/airflow/.local/lib/python3.7/site-packages/airflow/example_dags/tutorial_etl_dag.py took 0.054 seconds
[2023-05-29 15:27:22,162] {processor.py:153} INFO - Started process (PID=232) to work on /home/airflow/.local/lib/python3.7/site-packages/airflow/example_dags/tutorial_etl_dag.py
[2023-05-29 15:27:22,163] {processor.py:641} INFO - Processing file /home/airflow/.local/lib/python3.7/site-packages/airflow/example_dags/tutorial_etl_dag.py for tasks to queue
[2023-05-29 15:27:22,163] {logging_mixin.py:115} INFO - [2023-05-29 15:27:22,163] {dagbag.py:508} INFO - Filling up the DagBag from /home/airflow/.local/lib/python3.7/site-packages/airflow/example_dags/tutorial_etl_dag.py
[2023-05-29 15:27:22,168] {processor.py:651} INFO - DAG(s) dict_keys(['tutorial_etl_dag']) retrieved from /home/airflow/.local/lib/python3.7/site-packages/airflow/example_dags/tutorial_etl_dag.py
[2023-05-29 15:27:22,191] {logging_mixin.py:115} INFO - [2023-05-29 15:27:22,191] {dag.py:2420} INFO - Sync 1 DAGs
[2023-05-29 15:27:22,211] {logging_mixin.py:115} INFO - [2023-05-29 15:27:22,211] {dag.py:2972} INFO - Setting next_dagrun for tutorial_etl_dag to None, run_after=None
[2023-05-29 15:27:22,223] {processor.py:161} INFO - Processing /home/airflow/.local/lib/python3.7/site-packages/airflow/example_dags/tutorial_etl_dag.py took 0.063 seconds
[2023-05-29 15:27:52,759] {processor.py:153} INFO - Started process (PID=284) to work on /home/airflow/.local/lib/python3.7/site-packages/airflow/example_dags/tutorial_etl_dag.py
[2023-05-29 15:27:52,760] {processor.py:641} INFO - Processing file /home/airflow/.local/lib/python3.7/site-packages/airflow/example_dags/tutorial_etl_dag.py for tasks to queue
[2023-05-29 15:27:52,760] {logging_mixin.py:115} INFO - [2023-05-29 15:27:52,760] {dagbag.py:508} INFO - Filling up the DagBag from /home/airflow/.local/lib/python3.7/site-packages/airflow/example_dags/tutorial_etl_dag.py
[2023-05-29 15:27:52,764] {processor.py:651} INFO - DAG(s) dict_keys(['tutorial_etl_dag']) retrieved from /home/airflow/.local/lib/python3.7/site-packages/airflow/example_dags/tutorial_etl_dag.py
[2023-05-29 15:27:52,784] {logging_mixin.py:115} INFO - [2023-05-29 15:27:52,784] {dag.py:2420} INFO - Sync 1 DAGs
[2023-05-29 15:27:52,803] {logging_mixin.py:115} INFO - [2023-05-29 15:27:52,803] {dag.py:2972} INFO - Setting next_dagrun for tutorial_etl_dag to None, run_after=None
[2023-05-29 15:27:52,814] {processor.py:161} INFO - Processing /home/airflow/.local/lib/python3.7/site-packages/airflow/example_dags/tutorial_etl_dag.py took 0.057 seconds
[2023-05-29 15:28:23,265] {processor.py:153} INFO - Started process (PID=345) to work on /home/airflow/.local/lib/python3.7/site-packages/airflow/example_dags/tutorial_etl_dag.py
[2023-05-29 15:28:23,266] {processor.py:641} INFO - Processing file /home/airflow/.local/lib/python3.7/site-packages/airflow/example_dags/tutorial_etl_dag.py for tasks to queue
[2023-05-29 15:28:23,266] {logging_mixin.py:115} INFO - [2023-05-29 15:28:23,266] {dagbag.py:508} INFO - Filling up the DagBag from /home/airflow/.local/lib/python3.7/site-packages/airflow/example_dags/tutorial_etl_dag.py
[2023-05-29 15:28:23,271] {processor.py:651} INFO - DAG(s) dict_keys(['tutorial_etl_dag']) retrieved from /home/airflow/.local/lib/python3.7/site-packages/airflow/example_dags/tutorial_etl_dag.py
[2023-05-29 15:28:23,289] {logging_mixin.py:115} INFO - [2023-05-29 15:28:23,289] {dag.py:2420} INFO - Sync 1 DAGs
[2023-05-29 15:28:23,306] {logging_mixin.py:115} INFO - [2023-05-29 15:28:23,306] {dag.py:2972} INFO - Setting next_dagrun for tutorial_etl_dag to None, run_after=None
[2023-05-29 15:28:23,316] {processor.py:161} INFO - Processing /home/airflow/.local/lib/python3.7/site-packages/airflow/example_dags/tutorial_etl_dag.py took 0.053 seconds
[2023-05-29 15:28:53,725] {processor.py:153} INFO - Started process (PID=406) to work on /home/airflow/.local/lib/python3.7/site-packages/airflow/example_dags/tutorial_etl_dag.py
[2023-05-29 15:28:53,726] {processor.py:641} INFO - Processing file /home/airflow/.local/lib/python3.7/site-packages/airflow/example_dags/tutorial_etl_dag.py for tasks to queue
[2023-05-29 15:28:53,726] {logging_mixin.py:115} INFO - [2023-05-29 15:28:53,726] {dagbag.py:508} INFO - Filling up the DagBag from /home/airflow/.local/lib/python3.7/site-packages/airflow/example_dags/tutorial_etl_dag.py
[2023-05-29 15:28:53,730] {processor.py:651} INFO - DAG(s) dict_keys(['tutorial_etl_dag']) retrieved from /home/airflow/.local/lib/python3.7/site-packages/airflow/example_dags/tutorial_etl_dag.py
[2023-05-29 15:28:53,749] {logging_mixin.py:115} INFO - [2023-05-29 15:28:53,749] {dag.py:2420} INFO - Sync 1 DAGs
[2023-05-29 15:28:53,767] {logging_mixin.py:115} INFO - [2023-05-29 15:28:53,767] {dag.py:2972} INFO - Setting next_dagrun for tutorial_etl_dag to None, run_after=None
[2023-05-29 15:28:53,779] {processor.py:161} INFO - Processing /home/airflow/.local/lib/python3.7/site-packages/airflow/example_dags/tutorial_etl_dag.py took 0.056 seconds
[2023-05-29 15:29:24,284] {processor.py:153} INFO - Started process (PID=468) to work on /home/airflow/.local/lib/python3.7/site-packages/airflow/example_dags/tutorial_etl_dag.py
[2023-05-29 15:29:24,285] {processor.py:641} INFO - Processing file /home/airflow/.local/lib/python3.7/site-packages/airflow/example_dags/tutorial_etl_dag.py for tasks to queue
[2023-05-29 15:29:24,285] {logging_mixin.py:115} INFO - [2023-05-29 15:29:24,285] {dagbag.py:508} INFO - Filling up the DagBag from /home/airflow/.local/lib/python3.7/site-packages/airflow/example_dags/tutorial_etl_dag.py
[2023-05-29 15:29:24,290] {processor.py:651} INFO - DAG(s) dict_keys(['tutorial_etl_dag']) retrieved from /home/airflow/.local/lib/python3.7/site-packages/airflow/example_dags/tutorial_etl_dag.py
[2023-05-29 15:29:24,312] {logging_mixin.py:115} INFO - [2023-05-29 15:29:24,312] {dag.py:2420} INFO - Sync 1 DAGs
[2023-05-29 15:29:24,333] {logging_mixin.py:115} INFO - [2023-05-29 15:29:24,333] {dag.py:2972} INFO - Setting next_dagrun for tutorial_etl_dag to None, run_after=None
[2023-05-29 15:29:24,347] {processor.py:161} INFO - Processing /home/airflow/.local/lib/python3.7/site-packages/airflow/example_dags/tutorial_etl_dag.py took 0.065 seconds
[2023-05-29 15:29:54,798] {processor.py:153} INFO - Started process (PID=520) to work on /home/airflow/.local/lib/python3.7/site-packages/airflow/example_dags/tutorial_etl_dag.py
[2023-05-29 15:29:54,798] {processor.py:641} INFO - Processing file /home/airflow/.local/lib/python3.7/site-packages/airflow/example_dags/tutorial_etl_dag.py for tasks to queue
[2023-05-29 15:29:54,798] {logging_mixin.py:115} INFO - [2023-05-29 15:29:54,798] {dagbag.py:508} INFO - Filling up the DagBag from /home/airflow/.local/lib/python3.7/site-packages/airflow/example_dags/tutorial_etl_dag.py
[2023-05-29 15:29:54,803] {processor.py:651} INFO - DAG(s) dict_keys(['tutorial_etl_dag']) retrieved from /home/airflow/.local/lib/python3.7/site-packages/airflow/example_dags/tutorial_etl_dag.py
[2023-05-29 15:29:54,821] {logging_mixin.py:115} INFO - [2023-05-29 15:29:54,821] {dag.py:2420} INFO - Sync 1 DAGs
[2023-05-29 15:29:54,837] {logging_mixin.py:115} INFO - [2023-05-29 15:29:54,837] {dag.py:2972} INFO - Setting next_dagrun for tutorial_etl_dag to None, run_after=None
[2023-05-29 15:29:54,847] {processor.py:161} INFO - Processing /home/airflow/.local/lib/python3.7/site-packages/airflow/example_dags/tutorial_etl_dag.py took 0.052 seconds
[2023-05-29 15:30:25,240] {processor.py:153} INFO - Started process (PID=581) to work on /home/airflow/.local/lib/python3.7/site-packages/airflow/example_dags/tutorial_etl_dag.py
[2023-05-29 15:30:25,248] {processor.py:641} INFO - Processing file /home/airflow/.local/lib/python3.7/site-packages/airflow/example_dags/tutorial_etl_dag.py for tasks to queue
[2023-05-29 15:30:25,249] {logging_mixin.py:115} INFO - [2023-05-29 15:30:25,249] {dagbag.py:508} INFO - Filling up the DagBag from /home/airflow/.local/lib/python3.7/site-packages/airflow/example_dags/tutorial_etl_dag.py
[2023-05-29 15:30:25,254] {processor.py:651} INFO - DAG(s) dict_keys(['tutorial_etl_dag']) retrieved from /home/airflow/.local/lib/python3.7/site-packages/airflow/example_dags/tutorial_etl_dag.py
[2023-05-29 15:30:25,271] {logging_mixin.py:115} INFO - [2023-05-29 15:30:25,271] {dag.py:2420} INFO - Sync 1 DAGs
[2023-05-29 15:30:25,288] {logging_mixin.py:115} INFO - [2023-05-29 15:30:25,288] {dag.py:2972} INFO - Setting next_dagrun for tutorial_etl_dag to None, run_after=None
[2023-05-29 15:30:25,313] {processor.py:161} INFO - Processing /home/airflow/.local/lib/python3.7/site-packages/airflow/example_dags/tutorial_etl_dag.py took 0.076 seconds
[2023-05-29 15:30:56,133] {processor.py:153} INFO - Started process (PID=642) to work on /home/airflow/.local/lib/python3.7/site-packages/airflow/example_dags/tutorial_etl_dag.py
[2023-05-29 15:30:56,133] {processor.py:641} INFO - Processing file /home/airflow/.local/lib/python3.7/site-packages/airflow/example_dags/tutorial_etl_dag.py for tasks to queue
[2023-05-29 15:30:56,133] {logging_mixin.py:115} INFO - [2023-05-29 15:30:56,133] {dagbag.py:508} INFO - Filling up the DagBag from /home/airflow/.local/lib/python3.7/site-packages/airflow/example_dags/tutorial_etl_dag.py
[2023-05-29 15:30:56,138] {processor.py:651} INFO - DAG(s) dict_keys(['tutorial_etl_dag']) retrieved from /home/airflow/.local/lib/python3.7/site-packages/airflow/example_dags/tutorial_etl_dag.py
[2023-05-29 15:30:56,157] {logging_mixin.py:115} INFO - [2023-05-29 15:30:56,157] {dag.py:2420} INFO - Sync 1 DAGs
[2023-05-29 15:30:56,176] {logging_mixin.py:115} INFO - [2023-05-29 15:30:56,176] {dag.py:2972} INFO - Setting next_dagrun for tutorial_etl_dag to None, run_after=None
[2023-05-29 15:30:56,186] {processor.py:161} INFO - Processing /home/airflow/.local/lib/python3.7/site-packages/airflow/example_dags/tutorial_etl_dag.py took 0.055 seconds
[2023-05-29 15:31:26,586] {processor.py:153} INFO - Started process (PID=703) to work on /home/airflow/.local/lib/python3.7/site-packages/airflow/example_dags/tutorial_etl_dag.py
[2023-05-29 15:31:26,586] {processor.py:641} INFO - Processing file /home/airflow/.local/lib/python3.7/site-packages/airflow/example_dags/tutorial_etl_dag.py for tasks to queue
[2023-05-29 15:31:26,586] {logging_mixin.py:115} INFO - [2023-05-29 15:31:26,586] {dagbag.py:508} INFO - Filling up the DagBag from /home/airflow/.local/lib/python3.7/site-packages/airflow/example_dags/tutorial_etl_dag.py
[2023-05-29 15:31:26,591] {processor.py:651} INFO - DAG(s) dict_keys(['tutorial_etl_dag']) retrieved from /home/airflow/.local/lib/python3.7/site-packages/airflow/example_dags/tutorial_etl_dag.py
[2023-05-29 15:31:26,613] {logging_mixin.py:115} INFO - [2023-05-29 15:31:26,612] {dag.py:2420} INFO - Sync 1 DAGs
[2023-05-29 15:31:26,634] {logging_mixin.py:115} INFO - [2023-05-29 15:31:26,634] {dag.py:2972} INFO - Setting next_dagrun for tutorial_etl_dag to None, run_after=None
[2023-05-29 15:31:26,647] {processor.py:161} INFO - Processing /home/airflow/.local/lib/python3.7/site-packages/airflow/example_dags/tutorial_etl_dag.py took 0.063 seconds
[2023-05-29 15:31:56,996] {processor.py:153} INFO - Started process (PID=754) to work on /home/airflow/.local/lib/python3.7/site-packages/airflow/example_dags/tutorial_etl_dag.py
[2023-05-29 15:31:56,997] {processor.py:641} INFO - Processing file /home/airflow/.local/lib/python3.7/site-packages/airflow/example_dags/tutorial_etl_dag.py for tasks to queue
[2023-05-29 15:31:56,997] {logging_mixin.py:115} INFO - [2023-05-29 15:31:56,997] {dagbag.py:508} INFO - Filling up the DagBag from /home/airflow/.local/lib/python3.7/site-packages/airflow/example_dags/tutorial_etl_dag.py
[2023-05-29 15:31:57,003] {processor.py:651} INFO - DAG(s) dict_keys(['tutorial_etl_dag']) retrieved from /home/airflow/.local/lib/python3.7/site-packages/airflow/example_dags/tutorial_etl_dag.py
[2023-05-29 15:31:57,022] {logging_mixin.py:115} INFO - [2023-05-29 15:31:57,021] {dag.py:2420} INFO - Sync 1 DAGs
[2023-05-29 15:31:57,038] {logging_mixin.py:115} INFO - [2023-05-29 15:31:57,038] {dag.py:2972} INFO - Setting next_dagrun for tutorial_etl_dag to None, run_after=None
[2023-05-29 15:31:57,049] {processor.py:161} INFO - Processing /home/airflow/.local/lib/python3.7/site-packages/airflow/example_dags/tutorial_etl_dag.py took 0.055 seconds
[2023-05-29 15:32:27,505] {processor.py:153} INFO - Started process (PID=815) to work on /home/airflow/.local/lib/python3.7/site-packages/airflow/example_dags/tutorial_etl_dag.py
[2023-05-29 15:32:27,505] {processor.py:641} INFO - Processing file /home/airflow/.local/lib/python3.7/site-packages/airflow/example_dags/tutorial_etl_dag.py for tasks to queue
[2023-05-29 15:32:27,506] {logging_mixin.py:115} INFO - [2023-05-29 15:32:27,505] {dagbag.py:508} INFO - Filling up the DagBag from /home/airflow/.local/lib/python3.7/site-packages/airflow/example_dags/tutorial_etl_dag.py
[2023-05-29 15:32:27,511] {processor.py:651} INFO - DAG(s) dict_keys(['tutorial_etl_dag']) retrieved from /home/airflow/.local/lib/python3.7/site-packages/airflow/example_dags/tutorial_etl_dag.py
[2023-05-29 15:32:27,532] {logging_mixin.py:115} INFO - [2023-05-29 15:32:27,532] {dag.py:2420} INFO - Sync 1 DAGs
[2023-05-29 15:32:27,550] {logging_mixin.py:115} INFO - [2023-05-29 15:32:27,550] {dag.py:2972} INFO - Setting next_dagrun for tutorial_etl_dag to None, run_after=None
[2023-05-29 15:32:27,562] {processor.py:161} INFO - Processing /home/airflow/.local/lib/python3.7/site-packages/airflow/example_dags/tutorial_etl_dag.py took 0.060 seconds
[2023-05-29 15:32:58,008] {processor.py:153} INFO - Started process (PID=876) to work on /home/airflow/.local/lib/python3.7/site-packages/airflow/example_dags/tutorial_etl_dag.py
[2023-05-29 15:32:58,008] {processor.py:641} INFO - Processing file /home/airflow/.local/lib/python3.7/site-packages/airflow/example_dags/tutorial_etl_dag.py for tasks to queue
[2023-05-29 15:32:58,008] {logging_mixin.py:115} INFO - [2023-05-29 15:32:58,008] {dagbag.py:508} INFO - Filling up the DagBag from /home/airflow/.local/lib/python3.7/site-packages/airflow/example_dags/tutorial_etl_dag.py
[2023-05-29 15:32:58,013] {processor.py:651} INFO - DAG(s) dict_keys(['tutorial_etl_dag']) retrieved from /home/airflow/.local/lib/python3.7/site-packages/airflow/example_dags/tutorial_etl_dag.py
[2023-05-29 15:32:58,033] {logging_mixin.py:115} INFO - [2023-05-29 15:32:58,033] {dag.py:2420} INFO - Sync 1 DAGs
[2023-05-29 15:32:58,049] {logging_mixin.py:115} INFO - [2023-05-29 15:32:58,049] {dag.py:2972} INFO - Setting next_dagrun for tutorial_etl_dag to None, run_after=None
[2023-05-29 15:32:58,060] {processor.py:161} INFO - Processing /home/airflow/.local/lib/python3.7/site-packages/airflow/example_dags/tutorial_etl_dag.py took 0.054 seconds
[2023-05-29 15:33:28,455] {processor.py:153} INFO - Started process (PID=937) to work on /home/airflow/.local/lib/python3.7/site-packages/airflow/example_dags/tutorial_etl_dag.py
[2023-05-29 15:33:28,456] {processor.py:641} INFO - Processing file /home/airflow/.local/lib/python3.7/site-packages/airflow/example_dags/tutorial_etl_dag.py for tasks to queue
[2023-05-29 15:33:28,456] {logging_mixin.py:115} INFO - [2023-05-29 15:33:28,456] {dagbag.py:508} INFO - Filling up the DagBag from /home/airflow/.local/lib/python3.7/site-packages/airflow/example_dags/tutorial_etl_dag.py
[2023-05-29 15:33:28,461] {processor.py:651} INFO - DAG(s) dict_keys(['tutorial_etl_dag']) retrieved from /home/airflow/.local/lib/python3.7/site-packages/airflow/example_dags/tutorial_etl_dag.py
[2023-05-29 15:33:28,483] {logging_mixin.py:115} INFO - [2023-05-29 15:33:28,483] {dag.py:2420} INFO - Sync 1 DAGs
[2023-05-29 15:33:28,504] {logging_mixin.py:115} INFO - [2023-05-29 15:33:28,504] {dag.py:2972} INFO - Setting next_dagrun for tutorial_etl_dag to None, run_after=None
[2023-05-29 15:33:28,517] {processor.py:161} INFO - Processing /home/airflow/.local/lib/python3.7/site-packages/airflow/example_dags/tutorial_etl_dag.py took 0.064 seconds
[2023-05-29 15:33:59,082] {processor.py:153} INFO - Started process (PID=989) to work on /home/airflow/.local/lib/python3.7/site-packages/airflow/example_dags/tutorial_etl_dag.py
[2023-05-29 15:33:59,082] {processor.py:641} INFO - Processing file /home/airflow/.local/lib/python3.7/site-packages/airflow/example_dags/tutorial_etl_dag.py for tasks to queue
[2023-05-29 15:33:59,083] {logging_mixin.py:115} INFO - [2023-05-29 15:33:59,083] {dagbag.py:508} INFO - Filling up the DagBag from /home/airflow/.local/lib/python3.7/site-packages/airflow/example_dags/tutorial_etl_dag.py
[2023-05-29 15:33:59,087] {processor.py:651} INFO - DAG(s) dict_keys(['tutorial_etl_dag']) retrieved from /home/airflow/.local/lib/python3.7/site-packages/airflow/example_dags/tutorial_etl_dag.py
[2023-05-29 15:33:59,104] {logging_mixin.py:115} INFO - [2023-05-29 15:33:59,104] {dag.py:2420} INFO - Sync 1 DAGs
[2023-05-29 15:33:59,123] {logging_mixin.py:115} INFO - [2023-05-29 15:33:59,123] {dag.py:2972} INFO - Setting next_dagrun for tutorial_etl_dag to None, run_after=None
[2023-05-29 15:33:59,134] {processor.py:161} INFO - Processing /home/airflow/.local/lib/python3.7/site-packages/airflow/example_dags/tutorial_etl_dag.py took 0.054 seconds
[2023-05-29 15:34:29,535] {processor.py:153} INFO - Started process (PID=1050) to work on /home/airflow/.local/lib/python3.7/site-packages/airflow/example_dags/tutorial_etl_dag.py
[2023-05-29 15:34:29,536] {processor.py:641} INFO - Processing file /home/airflow/.local/lib/python3.7/site-packages/airflow/example_dags/tutorial_etl_dag.py for tasks to queue
[2023-05-29 15:34:29,536] {logging_mixin.py:115} INFO - [2023-05-29 15:34:29,536] {dagbag.py:508} INFO - Filling up the DagBag from /home/airflow/.local/lib/python3.7/site-packages/airflow/example_dags/tutorial_etl_dag.py
[2023-05-29 15:34:29,540] {processor.py:651} INFO - DAG(s) dict_keys(['tutorial_etl_dag']) retrieved from /home/airflow/.local/lib/python3.7/site-packages/airflow/example_dags/tutorial_etl_dag.py
[2023-05-29 15:34:29,560] {logging_mixin.py:115} INFO - [2023-05-29 15:34:29,559] {dag.py:2420} INFO - Sync 1 DAGs
[2023-05-29 15:34:29,577] {logging_mixin.py:115} INFO - [2023-05-29 15:34:29,577] {dag.py:2972} INFO - Setting next_dagrun for tutorial_etl_dag to None, run_after=None
[2023-05-29 15:34:29,588] {processor.py:161} INFO - Processing /home/airflow/.local/lib/python3.7/site-packages/airflow/example_dags/tutorial_etl_dag.py took 0.054 seconds
[2023-05-29 15:35:00,008] {processor.py:153} INFO - Started process (PID=1111) to work on /home/airflow/.local/lib/python3.7/site-packages/airflow/example_dags/tutorial_etl_dag.py
[2023-05-29 15:35:00,009] {processor.py:641} INFO - Processing file /home/airflow/.local/lib/python3.7/site-packages/airflow/example_dags/tutorial_etl_dag.py for tasks to queue
[2023-05-29 15:35:00,009] {logging_mixin.py:115} INFO - [2023-05-29 15:35:00,009] {dagbag.py:508} INFO - Filling up the DagBag from /home/airflow/.local/lib/python3.7/site-packages/airflow/example_dags/tutorial_etl_dag.py
[2023-05-29 15:35:00,014] {processor.py:651} INFO - DAG(s) dict_keys(['tutorial_etl_dag']) retrieved from /home/airflow/.local/lib/python3.7/site-packages/airflow/example_dags/tutorial_etl_dag.py
[2023-05-29 15:35:00,032] {logging_mixin.py:115} INFO - [2023-05-29 15:35:00,032] {dag.py:2420} INFO - Sync 1 DAGs
[2023-05-29 15:35:00,051] {logging_mixin.py:115} INFO - [2023-05-29 15:35:00,051] {dag.py:2972} INFO - Setting next_dagrun for tutorial_etl_dag to None, run_after=None
[2023-05-29 15:35:00,061] {processor.py:161} INFO - Processing /home/airflow/.local/lib/python3.7/site-packages/airflow/example_dags/tutorial_etl_dag.py took 0.055 seconds
[2023-05-29 15:35:30,430] {processor.py:153} INFO - Started process (PID=1163) to work on /home/airflow/.local/lib/python3.7/site-packages/airflow/example_dags/tutorial_etl_dag.py
[2023-05-29 15:35:30,430] {processor.py:641} INFO - Processing file /home/airflow/.local/lib/python3.7/site-packages/airflow/example_dags/tutorial_etl_dag.py for tasks to queue
[2023-05-29 15:35:30,431] {logging_mixin.py:115} INFO - [2023-05-29 15:35:30,431] {dagbag.py:508} INFO - Filling up the DagBag from /home/airflow/.local/lib/python3.7/site-packages/airflow/example_dags/tutorial_etl_dag.py
[2023-05-29 15:35:30,435] {processor.py:651} INFO - DAG(s) dict_keys(['tutorial_etl_dag']) retrieved from /home/airflow/.local/lib/python3.7/site-packages/airflow/example_dags/tutorial_etl_dag.py
[2023-05-29 15:35:30,454] {logging_mixin.py:115} INFO - [2023-05-29 15:35:30,454] {dag.py:2420} INFO - Sync 1 DAGs
[2023-05-29 15:35:30,470] {logging_mixin.py:115} INFO - [2023-05-29 15:35:30,470] {dag.py:2972} INFO - Setting next_dagrun for tutorial_etl_dag to None, run_after=None
[2023-05-29 15:35:30,480] {processor.py:161} INFO - Processing /home/airflow/.local/lib/python3.7/site-packages/airflow/example_dags/tutorial_etl_dag.py took 0.052 seconds
[2023-05-29 15:36:01,193] {processor.py:153} INFO - Started process (PID=1225) to work on /home/airflow/.local/lib/python3.7/site-packages/airflow/example_dags/tutorial_etl_dag.py
[2023-05-29 15:36:01,194] {processor.py:641} INFO - Processing file /home/airflow/.local/lib/python3.7/site-packages/airflow/example_dags/tutorial_etl_dag.py for tasks to queue
[2023-05-29 15:36:01,194] {logging_mixin.py:115} INFO - [2023-05-29 15:36:01,194] {dagbag.py:508} INFO - Filling up the DagBag from /home/airflow/.local/lib/python3.7/site-packages/airflow/example_dags/tutorial_etl_dag.py
[2023-05-29 15:36:01,199] {processor.py:651} INFO - DAG(s) dict_keys(['tutorial_etl_dag']) retrieved from /home/airflow/.local/lib/python3.7/site-packages/airflow/example_dags/tutorial_etl_dag.py
[2023-05-29 15:36:01,220] {logging_mixin.py:115} INFO - [2023-05-29 15:36:01,219] {dag.py:2420} INFO - Sync 1 DAGs
[2023-05-29 15:36:01,243] {logging_mixin.py:115} INFO - [2023-05-29 15:36:01,243] {dag.py:2972} INFO - Setting next_dagrun for tutorial_etl_dag to None, run_after=None
[2023-05-29 15:36:01,256] {processor.py:161} INFO - Processing /home/airflow/.local/lib/python3.7/site-packages/airflow/example_dags/tutorial_etl_dag.py took 0.065 seconds
[2023-05-29 15:36:31,732] {processor.py:153} INFO - Started process (PID=1287) to work on /home/airflow/.local/lib/python3.7/site-packages/airflow/example_dags/tutorial_etl_dag.py
[2023-05-29 15:36:31,732] {processor.py:641} INFO - Processing file /home/airflow/.local/lib/python3.7/site-packages/airflow/example_dags/tutorial_etl_dag.py for tasks to queue
[2023-05-29 15:36:31,733] {logging_mixin.py:115} INFO - [2023-05-29 15:36:31,732] {dagbag.py:508} INFO - Filling up the DagBag from /home/airflow/.local/lib/python3.7/site-packages/airflow/example_dags/tutorial_etl_dag.py
[2023-05-29 15:36:31,737] {processor.py:651} INFO - DAG(s) dict_keys(['tutorial_etl_dag']) retrieved from /home/airflow/.local/lib/python3.7/site-packages/airflow/example_dags/tutorial_etl_dag.py
[2023-05-29 15:36:31,757] {logging_mixin.py:115} INFO - [2023-05-29 15:36:31,756] {dag.py:2420} INFO - Sync 1 DAGs
[2023-05-29 15:36:31,775] {logging_mixin.py:115} INFO - [2023-05-29 15:36:31,775] {dag.py:2972} INFO - Setting next_dagrun for tutorial_etl_dag to None, run_after=None
[2023-05-29 15:36:31,785] {processor.py:161} INFO - Processing /home/airflow/.local/lib/python3.7/site-packages/airflow/example_dags/tutorial_etl_dag.py took 0.055 seconds
[2023-05-29 15:37:02,337] {processor.py:153} INFO - Started process (PID=1349) to work on /home/airflow/.local/lib/python3.7/site-packages/airflow/example_dags/tutorial_etl_dag.py
[2023-05-29 15:37:02,337] {processor.py:641} INFO - Processing file /home/airflow/.local/lib/python3.7/site-packages/airflow/example_dags/tutorial_etl_dag.py for tasks to queue
[2023-05-29 15:37:02,338] {logging_mixin.py:115} INFO - [2023-05-29 15:37:02,337] {dagbag.py:508} INFO - Filling up the DagBag from /home/airflow/.local/lib/python3.7/site-packages/airflow/example_dags/tutorial_etl_dag.py
[2023-05-29 15:37:02,342] {processor.py:651} INFO - DAG(s) dict_keys(['tutorial_etl_dag']) retrieved from /home/airflow/.local/lib/python3.7/site-packages/airflow/example_dags/tutorial_etl_dag.py
[2023-05-29 15:37:02,360] {logging_mixin.py:115} INFO - [2023-05-29 15:37:02,360] {dag.py:2420} INFO - Sync 1 DAGs
[2023-05-29 15:37:02,378] {logging_mixin.py:115} INFO - [2023-05-29 15:37:02,378] {dag.py:2972} INFO - Setting next_dagrun for tutorial_etl_dag to None, run_after=None
[2023-05-29 15:37:02,388] {processor.py:161} INFO - Processing /home/airflow/.local/lib/python3.7/site-packages/airflow/example_dags/tutorial_etl_dag.py took 0.054 seconds
[2023-05-29 15:37:32,785] {processor.py:153} INFO - Started process (PID=1402) to work on /home/airflow/.local/lib/python3.7/site-packages/airflow/example_dags/tutorial_etl_dag.py
[2023-05-29 15:37:32,786] {processor.py:641} INFO - Processing file /home/airflow/.local/lib/python3.7/site-packages/airflow/example_dags/tutorial_etl_dag.py for tasks to queue
[2023-05-29 15:37:32,786] {logging_mixin.py:115} INFO - [2023-05-29 15:37:32,786] {dagbag.py:508} INFO - Filling up the DagBag from /home/airflow/.local/lib/python3.7/site-packages/airflow/example_dags/tutorial_etl_dag.py
[2023-05-29 15:37:32,790] {processor.py:651} INFO - DAG(s) dict_keys(['tutorial_etl_dag']) retrieved from /home/airflow/.local/lib/python3.7/site-packages/airflow/example_dags/tutorial_etl_dag.py
[2023-05-29 15:37:32,809] {logging_mixin.py:115} INFO - [2023-05-29 15:37:32,808] {dag.py:2420} INFO - Sync 1 DAGs
[2023-05-29 15:37:32,824] {logging_mixin.py:115} INFO - [2023-05-29 15:37:32,824] {dag.py:2972} INFO - Setting next_dagrun for tutorial_etl_dag to None, run_after=None
[2023-05-29 15:37:32,834] {processor.py:161} INFO - Processing /home/airflow/.local/lib/python3.7/site-packages/airflow/example_dags/tutorial_etl_dag.py took 0.051 seconds
[2023-05-29 15:38:03,372] {processor.py:153} INFO - Started process (PID=1464) to work on /home/airflow/.local/lib/python3.7/site-packages/airflow/example_dags/tutorial_etl_dag.py
[2023-05-29 15:38:03,373] {processor.py:641} INFO - Processing file /home/airflow/.local/lib/python3.7/site-packages/airflow/example_dags/tutorial_etl_dag.py for tasks to queue
[2023-05-29 15:38:03,374] {logging_mixin.py:115} INFO - [2023-05-29 15:38:03,373] {dagbag.py:508} INFO - Filling up the DagBag from /home/airflow/.local/lib/python3.7/site-packages/airflow/example_dags/tutorial_etl_dag.py
[2023-05-29 15:38:03,378] {processor.py:651} INFO - DAG(s) dict_keys(['tutorial_etl_dag']) retrieved from /home/airflow/.local/lib/python3.7/site-packages/airflow/example_dags/tutorial_etl_dag.py
[2023-05-29 15:38:03,422] {logging_mixin.py:115} INFO - [2023-05-29 15:38:03,422] {dag.py:2420} INFO - Sync 1 DAGs
[2023-05-29 15:38:03,440] {logging_mixin.py:115} INFO - [2023-05-29 15:38:03,440] {dag.py:2972} INFO - Setting next_dagrun for tutorial_etl_dag to None, run_after=None
[2023-05-29 15:38:03,451] {processor.py:161} INFO - Processing /home/airflow/.local/lib/python3.7/site-packages/airflow/example_dags/tutorial_etl_dag.py took 0.081 seconds
[2023-05-29 15:38:33,767] {processor.py:153} INFO - Started process (PID=1535) to work on /home/airflow/.local/lib/python3.7/site-packages/airflow/example_dags/tutorial_etl_dag.py
[2023-05-29 15:38:33,767] {processor.py:641} INFO - Processing file /home/airflow/.local/lib/python3.7/site-packages/airflow/example_dags/tutorial_etl_dag.py for tasks to queue
[2023-05-29 15:38:33,768] {logging_mixin.py:115} INFO - [2023-05-29 15:38:33,768] {dagbag.py:508} INFO - Filling up the DagBag from /home/airflow/.local/lib/python3.7/site-packages/airflow/example_dags/tutorial_etl_dag.py
[2023-05-29 15:38:33,772] {processor.py:651} INFO - DAG(s) dict_keys(['tutorial_etl_dag']) retrieved from /home/airflow/.local/lib/python3.7/site-packages/airflow/example_dags/tutorial_etl_dag.py
[2023-05-29 15:38:33,791] {logging_mixin.py:115} INFO - [2023-05-29 15:38:33,791] {dag.py:2420} INFO - Sync 1 DAGs
[2023-05-29 15:38:33,810] {logging_mixin.py:115} INFO - [2023-05-29 15:38:33,809] {dag.py:2972} INFO - Setting next_dagrun for tutorial_etl_dag to None, run_after=None
[2023-05-29 15:38:33,820] {processor.py:161} INFO - Processing /home/airflow/.local/lib/python3.7/site-packages/airflow/example_dags/tutorial_etl_dag.py took 0.055 seconds
[2023-05-29 15:39:04,503] {processor.py:153} INFO - Started process (PID=1601) to work on /home/airflow/.local/lib/python3.7/site-packages/airflow/example_dags/tutorial_etl_dag.py
[2023-05-29 15:39:04,504] {processor.py:641} INFO - Processing file /home/airflow/.local/lib/python3.7/site-packages/airflow/example_dags/tutorial_etl_dag.py for tasks to queue
[2023-05-29 15:39:04,504] {logging_mixin.py:115} INFO - [2023-05-29 15:39:04,504] {dagbag.py:508} INFO - Filling up the DagBag from /home/airflow/.local/lib/python3.7/site-packages/airflow/example_dags/tutorial_etl_dag.py
[2023-05-29 15:39:04,514] {processor.py:651} INFO - DAG(s) dict_keys(['tutorial_etl_dag']) retrieved from /home/airflow/.local/lib/python3.7/site-packages/airflow/example_dags/tutorial_etl_dag.py
[2023-05-29 15:39:04,549] {logging_mixin.py:115} INFO - [2023-05-29 15:39:04,549] {dag.py:2420} INFO - Sync 1 DAGs
[2023-05-29 15:39:04,580] {logging_mixin.py:115} INFO - [2023-05-29 15:39:04,580] {dag.py:2972} INFO - Setting next_dagrun for tutorial_etl_dag to None, run_after=None
[2023-05-29 15:39:04,597] {processor.py:161} INFO - Processing /home/airflow/.local/lib/python3.7/site-packages/airflow/example_dags/tutorial_etl_dag.py took 0.098 seconds
[2023-05-29 15:39:35,245] {processor.py:153} INFO - Started process (PID=1654) to work on /home/airflow/.local/lib/python3.7/site-packages/airflow/example_dags/tutorial_etl_dag.py
[2023-05-29 15:39:35,246] {processor.py:641} INFO - Processing file /home/airflow/.local/lib/python3.7/site-packages/airflow/example_dags/tutorial_etl_dag.py for tasks to queue
[2023-05-29 15:39:35,246] {logging_mixin.py:115} INFO - [2023-05-29 15:39:35,246] {dagbag.py:508} INFO - Filling up the DagBag from /home/airflow/.local/lib/python3.7/site-packages/airflow/example_dags/tutorial_etl_dag.py
[2023-05-29 15:39:35,250] {processor.py:651} INFO - DAG(s) dict_keys(['tutorial_etl_dag']) retrieved from /home/airflow/.local/lib/python3.7/site-packages/airflow/example_dags/tutorial_etl_dag.py
[2023-05-29 15:39:35,269] {logging_mixin.py:115} INFO - [2023-05-29 15:39:35,269] {dag.py:2420} INFO - Sync 1 DAGs
[2023-05-29 15:39:35,286] {logging_mixin.py:115} INFO - [2023-05-29 15:39:35,286] {dag.py:2972} INFO - Setting next_dagrun for tutorial_etl_dag to None, run_after=None
[2023-05-29 15:39:35,296] {processor.py:161} INFO - Processing /home/airflow/.local/lib/python3.7/site-packages/airflow/example_dags/tutorial_etl_dag.py took 0.053 seconds
[2023-05-29 15:40:05,653] {processor.py:153} INFO - Started process (PID=1716) to work on /home/airflow/.local/lib/python3.7/site-packages/airflow/example_dags/tutorial_etl_dag.py
[2023-05-29 15:40:05,653] {processor.py:641} INFO - Processing file /home/airflow/.local/lib/python3.7/site-packages/airflow/example_dags/tutorial_etl_dag.py for tasks to queue
[2023-05-29 15:40:05,654] {logging_mixin.py:115} INFO - [2023-05-29 15:40:05,653] {dagbag.py:508} INFO - Filling up the DagBag from /home/airflow/.local/lib/python3.7/site-packages/airflow/example_dags/tutorial_etl_dag.py
[2023-05-29 15:40:05,658] {processor.py:651} INFO - DAG(s) dict_keys(['tutorial_etl_dag']) retrieved from /home/airflow/.local/lib/python3.7/site-packages/airflow/example_dags/tutorial_etl_dag.py
[2023-05-29 15:40:05,675] {logging_mixin.py:115} INFO - [2023-05-29 15:40:05,675] {dag.py:2420} INFO - Sync 1 DAGs
[2023-05-29 15:40:05,693] {logging_mixin.py:115} INFO - [2023-05-29 15:40:05,693] {dag.py:2972} INFO - Setting next_dagrun for tutorial_etl_dag to None, run_after=None
[2023-05-29 15:40:05,704] {processor.py:161} INFO - Processing /home/airflow/.local/lib/python3.7/site-packages/airflow/example_dags/tutorial_etl_dag.py took 0.053 seconds
[2023-05-29 15:40:36,072] {processor.py:153} INFO - Started process (PID=1778) to work on /home/airflow/.local/lib/python3.7/site-packages/airflow/example_dags/tutorial_etl_dag.py
[2023-05-29 15:40:36,072] {processor.py:641} INFO - Processing file /home/airflow/.local/lib/python3.7/site-packages/airflow/example_dags/tutorial_etl_dag.py for tasks to queue
[2023-05-29 15:40:36,073] {logging_mixin.py:115} INFO - [2023-05-29 15:40:36,073] {dagbag.py:508} INFO - Filling up the DagBag from /home/airflow/.local/lib/python3.7/site-packages/airflow/example_dags/tutorial_etl_dag.py
[2023-05-29 15:40:36,077] {processor.py:651} INFO - DAG(s) dict_keys(['tutorial_etl_dag']) retrieved from /home/airflow/.local/lib/python3.7/site-packages/airflow/example_dags/tutorial_etl_dag.py
[2023-05-29 15:40:36,095] {logging_mixin.py:115} INFO - [2023-05-29 15:40:36,095] {dag.py:2420} INFO - Sync 1 DAGs
[2023-05-29 15:40:36,112] {logging_mixin.py:115} INFO - [2023-05-29 15:40:36,112] {dag.py:2972} INFO - Setting next_dagrun for tutorial_etl_dag to None, run_after=None
[2023-05-29 15:40:36,122] {processor.py:161} INFO - Processing /home/airflow/.local/lib/python3.7/site-packages/airflow/example_dags/tutorial_etl_dag.py took 0.052 seconds
[2023-05-29 15:41:06,507] {processor.py:153} INFO - Started process (PID=1838) to work on /home/airflow/.local/lib/python3.7/site-packages/airflow/example_dags/tutorial_etl_dag.py
[2023-05-29 15:41:06,507] {processor.py:641} INFO - Processing file /home/airflow/.local/lib/python3.7/site-packages/airflow/example_dags/tutorial_etl_dag.py for tasks to queue
[2023-05-29 15:41:06,508] {logging_mixin.py:115} INFO - [2023-05-29 15:41:06,507] {dagbag.py:508} INFO - Filling up the DagBag from /home/airflow/.local/lib/python3.7/site-packages/airflow/example_dags/tutorial_etl_dag.py
[2023-05-29 15:41:06,513] {processor.py:651} INFO - DAG(s) dict_keys(['tutorial_etl_dag']) retrieved from /home/airflow/.local/lib/python3.7/site-packages/airflow/example_dags/tutorial_etl_dag.py
[2023-05-29 15:41:06,538] {logging_mixin.py:115} INFO - [2023-05-29 15:41:06,538] {dag.py:2420} INFO - Sync 1 DAGs
[2023-05-29 15:41:06,566] {logging_mixin.py:115} INFO - [2023-05-29 15:41:06,566] {dag.py:2972} INFO - Setting next_dagrun for tutorial_etl_dag to None, run_after=None
[2023-05-29 15:41:06,582] {processor.py:161} INFO - Processing /home/airflow/.local/lib/python3.7/site-packages/airflow/example_dags/tutorial_etl_dag.py took 0.077 seconds
