2023.06.22 15:20:50 INFO  Started: Metals version 0.11.12 in workspace '/home/canada/DATN_CND/DATN' for client Visual Studio Code 1.78.0.
Jun 22, 2023 3:20:50 PM org.flywaydb.core.internal.license.VersionPrinter printVersionOnly
INFO: Flyway Community Edition 9.16.3 by Redgate
Jun 22, 2023 3:20:50 PM org.flywaydb.core.internal.license.VersionPrinter printVersion
INFO: See release notes here: https://rd.gt/416ObMi
Jun 22, 2023 3:20:50 PM org.flywaydb.core.internal.license.VersionPrinter printVersion
INFO: 
Jun 22, 2023 3:20:50 PM org.flywaydb.core.internal.database.base.BaseDatabaseType createDatabase
INFO: Database: jdbc:h2:file:/home/canada/DATN_CND/DATN/.metals/metals (H2 2.1)
Jun 22, 2023 3:20:50 PM org.flywaydb.core.internal.schemahistory.JdbcTableSchemaHistory allAppliedMigrations
INFO: Schema history table "PUBLIC"."flyway_schema_history" does not exist yet
Jun 22, 2023 3:20:50 PM org.flywaydb.core.internal.command.DbValidate validate
INFO: Successfully validated 4 migrations (execution time 00:00.018s)
Jun 22, 2023 3:20:50 PM org.flywaydb.core.internal.schemahistory.JdbcTableSchemaHistory create
INFO: Creating Schema History table "PUBLIC"."flyway_schema_history" ...
Jun 22, 2023 3:20:50 PM org.flywaydb.core.internal.command.DbMigrate migrateGroup
INFO: Current version of schema "PUBLIC": << Empty Schema >>
Jun 22, 2023 3:20:50 PM org.flywaydb.core.internal.command.DbMigrate doMigrateGroup
INFO: Migrating schema "PUBLIC" to version "1 - Create tables"
Jun 22, 2023 3:20:50 PM org.flywaydb.core.internal.command.DbMigrate doMigrateGroup
INFO: Migrating schema "PUBLIC" to version "2 - Server discovery"
Jun 22, 2023 3:20:50 PM org.flywaydb.core.internal.command.DbMigrate doMigrateGroup
INFO: Migrating schema "PUBLIC" to version "3 - Jar symbols"
Jun 22, 2023 3:20:50 PM org.flywaydb.core.internal.command.DbMigrate doMigrateGroup
INFO: Migrating schema "PUBLIC" to version "4 - Fingerprints"
Jun 22, 2023 3:20:50 PM org.flywaydb.core.internal.command.DbMigrate logSummary
INFO: Successfully applied 4 migrations to schema "PUBLIC", now at version v4 (execution time 00:00.069s)
2023.06.22 15:20:50 INFO  time: initialize in 0.62s
2023.06.22 15:20:51 WARN  Build server is not auto-connectable.
2023.06.22 15:20:51 WARN  no build tool detected in workspace '/home/canada/DATN_CND/DATN'. The most common cause for this problem is that the editor was opened in the wrong working directory, for example if you use sbt then the workspace directory should contain build.sbt. 
2023.06.22 15:20:50 WARN  no build target for: /home/canada/DATN_CND/DATN/crawler/abc.scala
2023.06.22 15:20:54 INFO  no build target found for /home/canada/DATN_CND/DATN/crawler/abc.scala. Using presentation compiler with project's scala-library version: 3.2.2
Jun 22, 2023 3:20:55 PM org.eclipse.lsp4j.jsonrpc.RemoteEndpoint handleCancellation
WARNING: Unmatched cancel notification for request id 2
Jun 22, 2023 3:20:55 PM org.eclipse.lsp4j.jsonrpc.RemoteEndpoint handleCancellation
WARNING: Unmatched cancel notification for request id 6
Jun 22, 2023 3:20:55 PM org.eclipse.lsp4j.jsonrpc.RemoteEndpoint handleCancellation
WARNING: Unmatched cancel notification for request id 9
2023.06.22 15:21:04 WARN  no build target for: /home/canada/DATN_CND/DATN/crawler/abc.scala
2023.06.22 15:27:05 WARN  no build target for: /home/canada/DATN_CND/DATN/crawler/abc.scala
2023.06.22 15:27:11 WARN  no build target for: /home/canada/DATN_CND/DATN/crawler/abc.scala
2023.06.22 15:27:12 WARN  no build target for: /home/canada/DATN_CND/DATN/crawler/abc.scala
2023.06.22 15:27:14 WARN  no build target for: /home/canada/DATN_CND/DATN/crawler/abc.scala
2023.06.22 15:27:16 WARN  no build target for: /home/canada/DATN_CND/DATN/crawler/abc.scala
2023.06.22 15:27:18 WARN  no build target for: /home/canada/DATN_CND/DATN/crawler/abc.scala
2023.06.22 15:27:20 WARN  no build target for: /home/canada/DATN_CND/DATN/crawler/abc.scala
2023.06.22 15:29:40 WARN  no build target for: /home/canada/DATN_CND/DATN/crawler/abc.scala
2023.06.22 15:29:42 WARN  no build target for: /home/canada/DATN_CND/DATN/crawler/abc.scala
2023.06.22 15:36:50 WARN  no build target for: /home/canada/DATN_CND/DATN/crawler/abc.scala
Jun 24, 2023 9:13:57 AM org.eclipse.lsp4j.jsonrpc.services.GenericEndpoint notify
INFO: Unsupported notification method: $/setTrace
2023.06.24 09:25:38 INFO  Shutting down server
2023.06.24 09:25:38 INFO  shutting down Metals
2023.06.24 09:25:38 INFO  Exiting server
